[0.029s] Invoking command in '/home/jetson/Senior_Design_Project/camera_ros_node/build/multisense_msgs': /usr/bin/cmake --build /home/jetson/Senior_Design_Project/camera_ros_node/build/multisense_msgs -- -j6 -l6
[0.529s] [  0%] Built target multisense_msgs__cpp
[0.530s] [ 12%] Built target multisense_msgs__rosidl_generator_c
[0.530s] [ 12%] Built target ament_cmake_python_copy_multisense_msgs
[0.530s] [ 24%] Built target multisense_msgs__rosidl_typesupport_cpp
[0.531s] [ 35%] Built target multisense_msgs__rosidl_typesupport_fastrtps_cpp
[0.532s] [ 48%] Built target multisense_msgs__rosidl_typesupport_introspection_cpp
[0.533s] [ 60%] Built target multisense_msgs__rosidl_typesupport_c
[0.533s] [ 71%] Built target multisense_msgs__rosidl_typesupport_introspection_c
[0.535s] [ 83%] Built target multisense_msgs__rosidl_typesupport_fastrtps_c
[0.535s] [ 83%] Built target multisense_msgs
[0.535s] [ 84%] Built target multisense_msgs__py
[0.535s] [ 95%] Built target multisense_msgs__rosidl_generator_py
[0.535s] [ 98%] Built target multisense_msgs__rosidl_typesupport_c__pyext
[0.536s] [ 98%] Built target multisense_msgs__rosidl_typesupport_fastrtps_c__pyext
[0.536s] [100%] Built target multisense_msgs__rosidl_typesupport_introspection_c__pyext
[0.688s] running egg_info
[0.688s] writing multisense_msgs.egg-info/PKG-INFO
[0.688s] writing dependency_links to multisense_msgs.egg-info/dependency_links.txt
[0.689s] writing top-level names to multisense_msgs.egg-info/top_level.txt
[0.689s] reading manifest file 'multisense_msgs.egg-info/SOURCES.txt'
[0.691s] writing manifest file 'multisense_msgs.egg-info/SOURCES.txt'
[0.739s] [100%] Built target ament_cmake_python_build_multisense_msgs_egg
[0.775s] Invoked command in '/home/jetson/Senior_Design_Project/camera_ros_node/build/multisense_msgs' returned '0': /usr/bin/cmake --build /home/jetson/Senior_Design_Project/camera_ros_node/build/multisense_msgs -- -j6 -l6
[1.111s] Invoking command in '/home/jetson/Senior_Design_Project/camera_ros_node/build/multisense_msgs': /usr/bin/cmake --install /home/jetson/Senior_Design_Project/camera_ros_node/build/multisense_msgs
[1.129s] -- Install configuration: "Release"
[1.130s] -- Up-to-date: /home/jetson/Senior_Design_Project/camera_ros_node/install/multisense_msgs/share/ament_index/resource_index/rosidl_interfaces/multisense_msgs
[1.130s] -- Up-to-date: /home/jetson/Senior_Design_Project/camera_ros_node/install/multisense_msgs/include/multisense_msgs/multisense_msgs
[1.130s] -- Up-to-date: /home/jetson/Senior_Design_Project/camera_ros_node/install/multisense_msgs/include/multisense_msgs/multisense_msgs/msg
[1.130s] -- Up-to-date: /home/jetson/Senior_Design_Project/camera_ros_node/install/multisense_msgs/include/multisense_msgs/multisense_msgs/msg/stamped_pps.h
[1.131s] -- Up-to-date: /home/jetson/Senior_Design_Project/camera_ros_node/install/multisense_msgs/include/multisense_msgs/multisense_msgs/msg/raw_cam_cal.h
[1.131s] -- Up-to-date: /home/jetson/Senior_Design_Project/camera_ros_node/install/multisense_msgs/include/multisense_msgs/multisense_msgs/msg/device_status.h
[1.131s] -- Up-to-date: /home/jetson/Senior_Design_Project/camera_ros_node/install/multisense_msgs/include/multisense_msgs/multisense_msgs/msg/rosidl_generator_c__visibility_control.h
[1.131s] -- Up-to-date: /home/jetson/Senior_Design_Project/camera_ros_node/install/multisense_msgs/include/multisense_msgs/multisense_msgs/msg/raw_lidar_cal.h
[1.132s] -- Up-to-date: /home/jetson/Senior_Design_Project/camera_ros_node/install/multisense_msgs/include/multisense_msgs/multisense_msgs/msg/raw_cam_data.h
[1.132s] -- Up-to-date: /home/jetson/Senior_Design_Project/camera_ros_node/install/multisense_msgs/include/multisense_msgs/multisense_msgs/msg/raw_cam_config.h
[1.132s] -- Up-to-date: /home/jetson/Senior_Design_Project/camera_ros_node/install/multisense_msgs/include/multisense_msgs/multisense_msgs/msg/histogram.h
[1.132s] -- Up-to-date: /home/jetson/Senior_Design_Project/camera_ros_node/install/multisense_msgs/include/multisense_msgs/multisense_msgs/msg/raw_lidar_data.h
[1.133s] -- Up-to-date: /home/jetson/Senior_Design_Project/camera_ros_node/install/multisense_msgs/include/multisense_msgs/multisense_msgs/msg/detail
[1.133s] -- Up-to-date: /home/jetson/Senior_Design_Project/camera_ros_node/install/multisense_msgs/include/multisense_msgs/multisense_msgs/msg/detail/device_status__functions.h
[1.133s] -- Up-to-date: /home/jetson/Senior_Design_Project/camera_ros_node/install/multisense_msgs/include/multisense_msgs/multisense_msgs/msg/detail/raw_imu_data__type_support.h
[1.133s] -- Up-to-date: /home/jetson/Senior_Design_Project/camera_ros_node/install/multisense_msgs/include/multisense_msgs/multisense_msgs/msg/detail/ptp_status__functions.h
[1.133s] -- Up-to-date: /home/jetson/Senior_Design_Project/camera_ros_node/install/multisense_msgs/include/multisense_msgs/multisense_msgs/msg/detail/raw_cam_config__type_support.h
[1.133s] -- Up-to-date: /home/jetson/Senior_Design_Project/camera_ros_node/install/multisense_msgs/include/multisense_msgs/multisense_msgs/msg/detail/device_info__struct.h
[1.134s] -- Up-to-date: /home/jetson/Senior_Design_Project/camera_ros_node/install/multisense_msgs/include/multisense_msgs/multisense_msgs/msg/detail/device_status__type_support.h
[1.134s] -- Up-to-date: /home/jetson/Senior_Design_Project/camera_ros_node/install/multisense_msgs/include/multisense_msgs/multisense_msgs/msg/detail/ptp_status__struct.h
[1.134s] -- Up-to-date: /home/jetson/Senior_Design_Project/camera_ros_node/install/multisense_msgs/include/multisense_msgs/multisense_msgs/msg/detail/raw_cam_config__functions.h
[1.134s] -- Up-to-date: /home/jetson/Senior_Design_Project/camera_ros_node/install/multisense_msgs/include/multisense_msgs/multisense_msgs/msg/detail/raw_cam_data__functions.h
[1.135s] -- Up-to-date: /home/jetson/Senior_Design_Project/camera_ros_node/install/multisense_msgs/include/multisense_msgs/multisense_msgs/msg/detail/raw_cam_cal__struct.h
[1.135s] -- Up-to-date: /home/jetson/Senior_Design_Project/camera_ros_node/install/multisense_msgs/include/multisense_msgs/multisense_msgs/msg/detail/raw_lidar_cal__struct.h
[1.135s] -- Up-to-date: /home/jetson/Senior_Design_Project/camera_ros_node/install/multisense_msgs/include/multisense_msgs/multisense_msgs/msg/detail/histogram__functions.h
[1.135s] -- Up-to-date: /home/jetson/Senior_Design_Project/camera_ros_node/install/multisense_msgs/include/multisense_msgs/multisense_msgs/msg/detail/ptp_status__type_support.h
[1.135s] -- Up-to-date: /home/jetson/Senior_Design_Project/camera_ros_node/install/multisense_msgs/include/multisense_msgs/multisense_msgs/msg/detail/histogram__functions.c
[1.136s] -- Up-to-date: /home/jetson/Senior_Design_Project/camera_ros_node/install/multisense_msgs/include/multisense_msgs/multisense_msgs/msg/detail/raw_lidar_cal__functions.h
[1.136s] -- Up-to-date: /home/jetson/Senior_Design_Project/camera_ros_node/install/multisense_msgs/include/multisense_msgs/multisense_msgs/msg/detail/raw_imu_data__functions.h
[1.136s] -- Up-to-date: /home/jetson/Senior_Design_Project/camera_ros_node/install/multisense_msgs/include/multisense_msgs/multisense_msgs/msg/detail/raw_cam_cal__functions.c
[1.136s] -- Up-to-date: /home/jetson/Senior_Design_Project/camera_ros_node/install/multisense_msgs/include/multisense_msgs/multisense_msgs/msg/detail/raw_lidar_data__type_support.h
[1.137s] -- Up-to-date: /home/jetson/Senior_Design_Project/camera_ros_node/install/multisense_msgs/include/multisense_msgs/multisense_msgs/msg/detail/raw_cam_data__type_support.h
[1.137s] -- Up-to-date: /home/jetson/Senior_Design_Project/camera_ros_node/install/multisense_msgs/include/multisense_msgs/multisense_msgs/msg/detail/raw_cam_cal__type_support.h
[1.137s] -- Up-to-date: /home/jetson/Senior_Design_Project/camera_ros_node/install/multisense_msgs/include/multisense_msgs/multisense_msgs/msg/detail/stamped_pps__struct.h
[1.137s] -- Up-to-date: /home/jetson/Senior_Design_Project/camera_ros_node/install/multisense_msgs/include/multisense_msgs/multisense_msgs/msg/detail/device_status__functions.c
[1.137s] -- Up-to-date: /home/jetson/Senior_Design_Project/camera_ros_node/install/multisense_msgs/include/multisense_msgs/multisense_msgs/msg/detail/raw_cam_data__functions.c
[1.138s] -- Up-to-date: /home/jetson/Senior_Design_Project/camera_ros_node/install/multisense_msgs/include/multisense_msgs/multisense_msgs/msg/detail/stamped_pps__functions.h
[1.138s] -- Up-to-date: /home/jetson/Senior_Design_Project/camera_ros_node/install/multisense_msgs/include/multisense_msgs/multisense_msgs/msg/detail/raw_lidar_data__functions.h
[1.138s] -- Up-to-date: /home/jetson/Senior_Design_Project/camera_ros_node/install/multisense_msgs/include/multisense_msgs/multisense_msgs/msg/detail/stamped_pps__type_support.h
[1.138s] -- Up-to-date: /home/jetson/Senior_Design_Project/camera_ros_node/install/multisense_msgs/include/multisense_msgs/multisense_msgs/msg/detail/device_info__functions.c
[1.138s] -- Up-to-date: /home/jetson/Senior_Design_Project/camera_ros_node/install/multisense_msgs/include/multisense_msgs/multisense_msgs/msg/detail/raw_lidar_cal__functions.c
[1.139s] -- Up-to-date: /home/jetson/Senior_Design_Project/camera_ros_node/install/multisense_msgs/include/multisense_msgs/multisense_msgs/msg/detail/raw_cam_data__struct.h
[1.139s] -- Up-to-date: /home/jetson/Senior_Design_Project/camera_ros_node/install/multisense_msgs/include/multisense_msgs/multisense_msgs/msg/detail/device_status__struct.h
[1.139s] -- Up-to-date: /home/jetson/Senior_Design_Project/camera_ros_node/install/multisense_msgs/include/multisense_msgs/multisense_msgs/msg/detail/raw_imu_data__struct.h
[1.139s] -- Up-to-date: /home/jetson/Senior_Design_Project/camera_ros_node/install/multisense_msgs/include/multisense_msgs/multisense_msgs/msg/detail/histogram__type_support.h
[1.139s] -- Up-to-date: /home/jetson/Senior_Design_Project/camera_ros_node/install/multisense_msgs/include/multisense_msgs/multisense_msgs/msg/detail/raw_imu_data__functions.c
[1.140s] -- Up-to-date: /home/jetson/Senior_Design_Project/camera_ros_node/install/multisense_msgs/include/multisense_msgs/multisense_msgs/msg/detail/raw_lidar_data__functions.c
[1.140s] -- Up-to-date: /home/jetson/Senior_Design_Project/camera_ros_node/install/multisense_msgs/include/multisense_msgs/multisense_msgs/msg/detail/stamped_pps__functions.c
[1.140s] -- Up-to-date: /home/jetson/Senior_Design_Project/camera_ros_node/install/multisense_msgs/include/multisense_msgs/multisense_msgs/msg/detail/raw_cam_config__functions.c
[1.140s] -- Up-to-date: /home/jetson/Senior_Design_Project/camera_ros_node/install/multisense_msgs/include/multisense_msgs/multisense_msgs/msg/detail/raw_cam_config__struct.h
[1.140s] -- Up-to-date: /home/jetson/Senior_Design_Project/camera_ros_node/install/multisense_msgs/include/multisense_msgs/multisense_msgs/msg/detail/device_info__functions.h
[1.141s] -- Up-to-date: /home/jetson/Senior_Design_Project/camera_ros_node/install/multisense_msgs/include/multisense_msgs/multisense_msgs/msg/detail/raw_lidar_data__struct.h
[1.141s] -- Up-to-date: /home/jetson/Senior_Design_Project/camera_ros_node/install/multisense_msgs/include/multisense_msgs/multisense_msgs/msg/detail/histogram__struct.h
[1.141s] -- Up-to-date: /home/jetson/Senior_Design_Project/camera_ros_node/install/multisense_msgs/include/multisense_msgs/multisense_msgs/msg/detail/ptp_status__functions.c
[1.141s] -- Up-to-date: /home/jetson/Senior_Design_Project/camera_ros_node/install/multisense_msgs/include/multisense_msgs/multisense_msgs/msg/detail/raw_lidar_cal__type_support.h
[1.141s] -- Up-to-date: /home/jetson/Senior_Design_Project/camera_ros_node/install/multisense_msgs/include/multisense_msgs/multisense_msgs/msg/detail/device_info__type_support.h
[1.141s] -- Up-to-date: /home/jetson/Senior_Design_Project/camera_ros_node/install/multisense_msgs/include/multisense_msgs/multisense_msgs/msg/detail/raw_cam_cal__functions.h
[1.141s] -- Up-to-date: /home/jetson/Senior_Design_Project/camera_ros_node/install/multisense_msgs/include/multisense_msgs/multisense_msgs/msg/ptp_status.h
[1.142s] -- Up-to-date: /home/jetson/Senior_Design_Project/camera_ros_node/install/multisense_msgs/include/multisense_msgs/multisense_msgs/msg/raw_imu_data.h
[1.142s] -- Up-to-date: /home/jetson/Senior_Design_Project/camera_ros_node/install/multisense_msgs/include/multisense_msgs/multisense_msgs/msg/device_info.h
[1.143s] -- Up-to-date: /home/jetson/Senior_Design_Project/camera_ros_node/install/multisense_msgs/share/multisense_msgs/environment/library_path.sh
[1.143s] -- Up-to-date: /home/jetson/Senior_Design_Project/camera_ros_node/install/multisense_msgs/share/multisense_msgs/environment/library_path.dsv
[1.143s] -- Up-to-date: /home/jetson/Senior_Design_Project/camera_ros_node/install/multisense_msgs/lib/libmultisense_msgs__rosidl_generator_c.so
[1.143s] -- Up-to-date: /home/jetson/Senior_Design_Project/camera_ros_node/install/multisense_msgs/include/multisense_msgs/multisense_msgs
[1.143s] -- Up-to-date: /home/jetson/Senior_Design_Project/camera_ros_node/install/multisense_msgs/include/multisense_msgs/multisense_msgs/msg
[1.143s] -- Up-to-date: /home/jetson/Senior_Design_Project/camera_ros_node/install/multisense_msgs/include/multisense_msgs/multisense_msgs/msg/detail
[1.144s] -- Up-to-date: /home/jetson/Senior_Design_Project/camera_ros_node/install/multisense_msgs/include/multisense_msgs/multisense_msgs/msg/detail/raw_imu_data__rosidl_typesupport_fastrtps_c.h
[1.144s] -- Up-to-date: /home/jetson/Senior_Design_Project/camera_ros_node/install/multisense_msgs/include/multisense_msgs/multisense_msgs/msg/detail/device_info__rosidl_typesupport_fastrtps_c.h
[1.144s] -- Up-to-date: /home/jetson/Senior_Design_Project/camera_ros_node/install/multisense_msgs/include/multisense_msgs/multisense_msgs/msg/detail/histogram__rosidl_typesupport_fastrtps_c.h
[1.144s] -- Up-to-date: /home/jetson/Senior_Design_Project/camera_ros_node/install/multisense_msgs/include/multisense_msgs/multisense_msgs/msg/detail/ptp_status__rosidl_typesupport_fastrtps_c.h
[1.144s] -- Up-to-date: /home/jetson/Senior_Design_Project/camera_ros_node/install/multisense_msgs/include/multisense_msgs/multisense_msgs/msg/detail/raw_lidar_cal__rosidl_typesupport_fastrtps_c.h
[1.144s] -- Up-to-date: /home/jetson/Senior_Design_Project/camera_ros_node/install/multisense_msgs/include/multisense_msgs/multisense_msgs/msg/detail/raw_cam_cal__rosidl_typesupport_fastrtps_c.h
[1.145s] -- Up-to-date: /home/jetson/Senior_Design_Project/camera_ros_node/install/multisense_msgs/include/multisense_msgs/multisense_msgs/msg/detail/device_status__rosidl_typesupport_fastrtps_c.h
[1.145s] -- Up-to-date: /home/jetson/Senior_Design_Project/camera_ros_node/install/multisense_msgs/include/multisense_msgs/multisense_msgs/msg/detail/stamped_pps__rosidl_typesupport_fastrtps_c.h
[1.145s] -- Up-to-date: /home/jetson/Senior_Design_Project/camera_ros_node/install/multisense_msgs/include/multisense_msgs/multisense_msgs/msg/detail/raw_lidar_data__rosidl_typesupport_fastrtps_c.h
[1.145s] -- Up-to-date: /home/jetson/Senior_Design_Project/camera_ros_node/install/multisense_msgs/include/multisense_msgs/multisense_msgs/msg/detail/raw_cam_config__rosidl_typesupport_fastrtps_c.h
[1.145s] -- Up-to-date: /home/jetson/Senior_Design_Project/camera_ros_node/install/multisense_msgs/include/multisense_msgs/multisense_msgs/msg/detail/raw_cam_data__rosidl_typesupport_fastrtps_c.h
[1.145s] -- Up-to-date: /home/jetson/Senior_Design_Project/camera_ros_node/install/multisense_msgs/include/multisense_msgs/multisense_msgs/msg/rosidl_typesupport_fastrtps_c__visibility_control.h
[1.145s] -- Up-to-date: /home/jetson/Senior_Design_Project/camera_ros_node/install/multisense_msgs/lib/libmultisense_msgs__rosidl_typesupport_fastrtps_c.so
[1.146s] -- Up-to-date: /home/jetson/Senior_Design_Project/camera_ros_node/install/multisense_msgs/include/multisense_msgs/multisense_msgs
[1.146s] -- Up-to-date: /home/jetson/Senior_Design_Project/camera_ros_node/install/multisense_msgs/include/multisense_msgs/multisense_msgs/msg
[1.146s] -- Up-to-date: /home/jetson/Senior_Design_Project/camera_ros_node/install/multisense_msgs/include/multisense_msgs/multisense_msgs/msg/raw_lidar_cal.hpp
[1.146s] -- Up-to-date: /home/jetson/Senior_Design_Project/camera_ros_node/install/multisense_msgs/include/multisense_msgs/multisense_msgs/msg/histogram.hpp
[1.147s] -- Up-to-date: /home/jetson/Senior_Design_Project/camera_ros_node/install/multisense_msgs/include/multisense_msgs/multisense_msgs/msg/stamped_pps.hpp
[1.147s] -- Up-to-date: /home/jetson/Senior_Design_Project/camera_ros_node/install/multisense_msgs/include/multisense_msgs/multisense_msgs/msg/ptp_status.hpp
[1.147s] -- Up-to-date: /home/jetson/Senior_Design_Project/camera_ros_node/install/multisense_msgs/include/multisense_msgs/multisense_msgs/msg/raw_cam_config.hpp
[1.147s] -- Up-to-date: /home/jetson/Senior_Design_Project/camera_ros_node/install/multisense_msgs/include/multisense_msgs/multisense_msgs/msg/device_info.hpp
[1.147s] -- Up-to-date: /home/jetson/Senior_Design_Project/camera_ros_node/install/multisense_msgs/include/multisense_msgs/multisense_msgs/msg/raw_imu_data.hpp
[1.147s] -- Up-to-date: /home/jetson/Senior_Design_Project/camera_ros_node/install/multisense_msgs/include/multisense_msgs/multisense_msgs/msg/detail
[1.148s] -- Up-to-date: /home/jetson/Senior_Design_Project/camera_ros_node/install/multisense_msgs/include/multisense_msgs/multisense_msgs/msg/detail/stamped_pps__builder.hpp
[1.148s] -- Up-to-date: /home/jetson/Senior_Design_Project/camera_ros_node/install/multisense_msgs/include/multisense_msgs/multisense_msgs/msg/detail/raw_cam_cal__struct.hpp
[1.148s] -- Up-to-date: /home/jetson/Senior_Design_Project/camera_ros_node/install/multisense_msgs/include/multisense_msgs/multisense_msgs/msg/detail/histogram__traits.hpp
[1.148s] -- Up-to-date: /home/jetson/Senior_Design_Project/camera_ros_node/install/multisense_msgs/include/multisense_msgs/multisense_msgs/msg/detail/stamped_pps__traits.hpp
[1.148s] -- Up-to-date: /home/jetson/Senior_Design_Project/camera_ros_node/install/multisense_msgs/include/multisense_msgs/multisense_msgs/msg/detail/histogram__struct.hpp
[1.148s] -- Up-to-date: /home/jetson/Senior_Design_Project/camera_ros_node/install/multisense_msgs/include/multisense_msgs/multisense_msgs/msg/detail/raw_cam_data__traits.hpp
[1.148s] -- Up-to-date: /home/jetson/Senior_Design_Project/camera_ros_node/install/multisense_msgs/include/multisense_msgs/multisense_msgs/msg/detail/ptp_status__traits.hpp
[1.149s] -- Up-to-date: /home/jetson/Senior_Design_Project/camera_ros_node/install/multisense_msgs/include/multisense_msgs/multisense_msgs/msg/detail/raw_lidar_cal__struct.hpp
[1.149s] -- Up-to-date: /home/jetson/Senior_Design_Project/camera_ros_node/install/multisense_msgs/include/multisense_msgs/multisense_msgs/msg/detail/raw_cam_data__struct.hpp
[1.150s] -- Up-to-date: /home/jetson/Senior_Design_Project/camera_ros_node/install/multisense_msgs/include/multisense_msgs/multisense_msgs/msg/detail/raw_cam_config__builder.hpp
[1.150s] -- Up-to-date: /home/jetson/Senior_Design_Project/camera_ros_node/install/multisense_msgs/include/multisense_msgs/multisense_msgs/msg/detail/ptp_status__struct.hpp
[1.151s] -- Up-to-date: /home/jetson/Senior_Design_Project/camera_ros_node/install/multisense_msgs/include/multisense_msgs/multisense_msgs/msg/detail/raw_imu_data__builder.hpp
[1.151s] -- Up-to-date: /home/jetson/Senior_Design_Project/camera_ros_node/install/multisense_msgs/include/multisense_msgs/multisense_msgs/msg/detail/device_info__traits.hpp
[1.152s] -- Up-to-date: /home/jetson/Senior_Design_Project/camera_ros_node/install/multisense_msgs/include/multisense_msgs/multisense_msgs/msg/detail/stamped_pps__struct.hpp
[1.154s] -- Up-to-date: /home/jetson/Senior_Design_Project/camera_ros_node/install/multisense_msgs/include/multisense_msgs/multisense_msgs/msg/detail/raw_lidar_cal__builder.hpp
[1.155s] -- Up-to-date: /home/jetson/Senior_Design_Project/camera_ros_node/install/multisense_msgs/include/multisense_msgs/multisense_msgs/msg/detail/raw_imu_data__traits.hpp
[1.156s] -- Up-to-date: /home/jetson/Senior_Design_Project/camera_ros_node/install/multisense_msgs/include/multisense_msgs/multisense_msgs/msg/detail/raw_cam_config__struct.hpp
[1.156s] -- Up-to-date: /home/jetson/Senior_Design_Project/camera_ros_node/install/multisense_msgs/include/multisense_msgs/multisense_msgs/msg/detail/raw_cam_cal__builder.hpp
[1.156s] -- Up-to-date: /home/jetson/Senior_Design_Project/camera_ros_node/install/multisense_msgs/include/multisense_msgs/multisense_msgs/msg/detail/device_status__traits.hpp
[1.156s] -- Up-to-date: /home/jetson/Senior_Design_Project/camera_ros_node/install/multisense_msgs/include/multisense_msgs/multisense_msgs/msg/detail/raw_cam_data__builder.hpp
[1.156s] -- Up-to-date: /home/jetson/Senior_Design_Project/camera_ros_node/install/multisense_msgs/include/multisense_msgs/multisense_msgs/msg/detail/raw_cam_config__traits.hpp
[1.157s] -- Up-to-date: /home/jetson/Senior_Design_Project/camera_ros_node/install/multisense_msgs/include/multisense_msgs/multisense_msgs/msg/detail/device_status__builder.hpp
[1.157s] -- Up-to-date: /home/jetson/Senior_Design_Project/camera_ros_node/install/multisense_msgs/include/multisense_msgs/multisense_msgs/msg/detail/device_info__struct.hpp
[1.157s] -- Up-to-date: /home/jetson/Senior_Design_Project/camera_ros_node/install/multisense_msgs/include/multisense_msgs/multisense_msgs/msg/detail/raw_cam_cal__traits.hpp
[1.157s] -- Up-to-date: /home/jetson/Senior_Design_Project/camera_ros_node/install/multisense_msgs/include/multisense_msgs/multisense_msgs/msg/detail/device_status__struct.hpp
[1.157s] -- Up-to-date: /home/jetson/Senior_Design_Project/camera_ros_node/install/multisense_msgs/include/multisense_msgs/multisense_msgs/msg/detail/device_info__builder.hpp
[1.157s] -- Up-to-date: /home/jetson/Senior_Design_Project/camera_ros_node/install/multisense_msgs/include/multisense_msgs/multisense_msgs/msg/detail/raw_lidar_cal__traits.hpp
[1.157s] -- Up-to-date: /home/jetson/Senior_Design_Project/camera_ros_node/install/multisense_msgs/include/multisense_msgs/multisense_msgs/msg/detail/raw_lidar_data__traits.hpp
[1.157s] -- Up-to-date: /home/jetson/Senior_Design_Project/camera_ros_node/install/multisense_msgs/include/multisense_msgs/multisense_msgs/msg/detail/raw_lidar_data__struct.hpp
[1.158s] -- Up-to-date: /home/jetson/Senior_Design_Project/camera_ros_node/install/multisense_msgs/include/multisense_msgs/multisense_msgs/msg/detail/raw_imu_data__struct.hpp
[1.158s] -- Up-to-date: /home/jetson/Senior_Design_Project/camera_ros_node/install/multisense_msgs/include/multisense_msgs/multisense_msgs/msg/detail/ptp_status__builder.hpp
[1.158s] -- Up-to-date: /home/jetson/Senior_Design_Project/camera_ros_node/install/multisense_msgs/include/multisense_msgs/multisense_msgs/msg/detail/raw_lidar_data__builder.hpp
[1.158s] -- Up-to-date: /home/jetson/Senior_Design_Project/camera_ros_node/install/multisense_msgs/include/multisense_msgs/multisense_msgs/msg/detail/histogram__builder.hpp
[1.158s] -- Up-to-date: /home/jetson/Senior_Design_Project/camera_ros_node/install/multisense_msgs/include/multisense_msgs/multisense_msgs/msg/device_status.hpp
[1.158s] -- Up-to-date: /home/jetson/Senior_Design_Project/camera_ros_node/install/multisense_msgs/include/multisense_msgs/multisense_msgs/msg/raw_cam_data.hpp
[1.158s] -- Up-to-date: /home/jetson/Senior_Design_Project/camera_ros_node/install/multisense_msgs/include/multisense_msgs/multisense_msgs/msg/raw_lidar_data.hpp
[1.159s] -- Up-to-date: /home/jetson/Senior_Design_Project/camera_ros_node/install/multisense_msgs/include/multisense_msgs/multisense_msgs/msg/raw_cam_cal.hpp
[1.159s] -- Up-to-date: /home/jetson/Senior_Design_Project/camera_ros_node/install/multisense_msgs/include/multisense_msgs/multisense_msgs
[1.159s] -- Up-to-date: /home/jetson/Senior_Design_Project/camera_ros_node/install/multisense_msgs/include/multisense_msgs/multisense_msgs/msg
[1.159s] -- Up-to-date: /home/jetson/Senior_Design_Project/camera_ros_node/install/multisense_msgs/include/multisense_msgs/multisense_msgs/msg/detail
[1.159s] -- Up-to-date: /home/jetson/Senior_Design_Project/camera_ros_node/install/multisense_msgs/include/multisense_msgs/multisense_msgs/msg/detail/stamped_pps__rosidl_typesupport_fastrtps_cpp.hpp
[1.159s] -- Up-to-date: /home/jetson/Senior_Design_Project/camera_ros_node/install/multisense_msgs/include/multisense_msgs/multisense_msgs/msg/detail/raw_lidar_data__rosidl_typesupport_fastrtps_cpp.hpp
[1.159s] -- Up-to-date: /home/jetson/Senior_Design_Project/camera_ros_node/install/multisense_msgs/include/multisense_msgs/multisense_msgs/msg/detail/raw_cam_data__rosidl_typesupport_fastrtps_cpp.hpp
[1.159s] -- Up-to-date: /home/jetson/Senior_Design_Project/camera_ros_node/install/multisense_msgs/include/multisense_msgs/multisense_msgs/msg/detail/raw_imu_data__rosidl_typesupport_fastrtps_cpp.hpp
[1.160s] -- Up-to-date: /home/jetson/Senior_Design_Project/camera_ros_node/install/multisense_msgs/include/multisense_msgs/multisense_msgs/msg/detail/dds_fastrtps
[1.160s] -- Up-to-date: /home/jetson/Senior_Design_Project/camera_ros_node/install/multisense_msgs/include/multisense_msgs/multisense_msgs/msg/detail/raw_lidar_cal__rosidl_typesupport_fastrtps_cpp.hpp
[1.160s] -- Up-to-date: /home/jetson/Senior_Design_Project/camera_ros_node/install/multisense_msgs/include/multisense_msgs/multisense_msgs/msg/detail/raw_cam_config__rosidl_typesupport_fastrtps_cpp.hpp
[1.160s] -- Up-to-date: /home/jetson/Senior_Design_Project/camera_ros_node/install/multisense_msgs/include/multisense_msgs/multisense_msgs/msg/detail/device_info__rosidl_typesupport_fastrtps_cpp.hpp
[1.160s] -- Up-to-date: /home/jetson/Senior_Design_Project/camera_ros_node/install/multisense_msgs/include/multisense_msgs/multisense_msgs/msg/detail/raw_cam_cal__rosidl_typesupport_fastrtps_cpp.hpp
[1.160s] -- Up-to-date: /home/jetson/Senior_Design_Project/camera_ros_node/install/multisense_msgs/include/multisense_msgs/multisense_msgs/msg/detail/ptp_status__rosidl_typesupport_fastrtps_cpp.hpp
[1.160s] -- Up-to-date: /home/jetson/Senior_Design_Project/camera_ros_node/install/multisense_msgs/include/multisense_msgs/multisense_msgs/msg/detail/device_status__rosidl_typesupport_fastrtps_cpp.hpp
[1.160s] -- Up-to-date: /home/jetson/Senior_Design_Project/camera_ros_node/install/multisense_msgs/include/multisense_msgs/multisense_msgs/msg/detail/histogram__rosidl_typesupport_fastrtps_cpp.hpp
[1.160s] -- Up-to-date: /home/jetson/Senior_Design_Project/camera_ros_node/install/multisense_msgs/include/multisense_msgs/multisense_msgs/msg/rosidl_typesupport_fastrtps_cpp__visibility_control.h
[1.161s] -- Up-to-date: /home/jetson/Senior_Design_Project/camera_ros_node/install/multisense_msgs/lib/libmultisense_msgs__rosidl_typesupport_fastrtps_cpp.so
[1.161s] -- Up-to-date: /home/jetson/Senior_Design_Project/camera_ros_node/install/multisense_msgs/include/multisense_msgs/multisense_msgs
[1.161s] -- Up-to-date: /home/jetson/Senior_Design_Project/camera_ros_node/install/multisense_msgs/include/multisense_msgs/multisense_msgs/msg
[1.161s] -- Up-to-date: /home/jetson/Senior_Design_Project/camera_ros_node/install/multisense_msgs/include/multisense_msgs/multisense_msgs/msg/detail
[1.161s] -- Up-to-date: /home/jetson/Senior_Design_Project/camera_ros_node/install/multisense_msgs/include/multisense_msgs/multisense_msgs/msg/detail/device_status__rosidl_typesupport_introspection_c.h
[1.161s] -- Up-to-date: /home/jetson/Senior_Design_Project/camera_ros_node/install/multisense_msgs/include/multisense_msgs/multisense_msgs/msg/detail/histogram__type_support.c
[1.161s] -- Up-to-date: /home/jetson/Senior_Design_Project/camera_ros_node/install/multisense_msgs/include/multisense_msgs/multisense_msgs/msg/detail/raw_cam_cal__type_support.c
[1.161s] -- Up-to-date: /home/jetson/Senior_Design_Project/camera_ros_node/install/multisense_msgs/include/multisense_msgs/multisense_msgs/msg/detail/ptp_status__type_support.c
[1.162s] -- Up-to-date: /home/jetson/Senior_Design_Project/camera_ros_node/install/multisense_msgs/include/multisense_msgs/multisense_msgs/msg/detail/raw_imu_data__rosidl_typesupport_introspection_c.h
[1.162s] -- Up-to-date: /home/jetson/Senior_Design_Project/camera_ros_node/install/multisense_msgs/include/multisense_msgs/multisense_msgs/msg/detail/device_info__type_support.c
[1.162s] -- Up-to-date: /home/jetson/Senior_Design_Project/camera_ros_node/install/multisense_msgs/include/multisense_msgs/multisense_msgs/msg/detail/raw_cam_data__rosidl_typesupport_introspection_c.h
[1.162s] -- Up-to-date: /home/jetson/Senior_Design_Project/camera_ros_node/install/multisense_msgs/include/multisense_msgs/multisense_msgs/msg/detail/raw_cam_config__type_support.c
[1.162s] -- Up-to-date: /home/jetson/Senior_Design_Project/camera_ros_node/install/multisense_msgs/include/multisense_msgs/multisense_msgs/msg/detail/device_status__type_support.c
[1.162s] -- Up-to-date: /home/jetson/Senior_Design_Project/camera_ros_node/install/multisense_msgs/include/multisense_msgs/multisense_msgs/msg/detail/stamped_pps__type_support.c
[1.162s] -- Up-to-date: /home/jetson/Senior_Design_Project/camera_ros_node/install/multisense_msgs/include/multisense_msgs/multisense_msgs/msg/detail/raw_lidar_data__rosidl_typesupport_introspection_c.h
[1.162s] -- Up-to-date: /home/jetson/Senior_Design_Project/camera_ros_node/install/multisense_msgs/include/multisense_msgs/multisense_msgs/msg/detail/raw_cam_data__type_support.c
[1.163s] -- Up-to-date: /home/jetson/Senior_Design_Project/camera_ros_node/install/multisense_msgs/include/multisense_msgs/multisense_msgs/msg/detail/raw_lidar_cal__rosidl_typesupport_introspection_c.h
[1.163s] -- Up-to-date: /home/jetson/Senior_Design_Project/camera_ros_node/install/multisense_msgs/include/multisense_msgs/multisense_msgs/msg/detail/histogram__rosidl_typesupport_introspection_c.h
[1.163s] -- Up-to-date: /home/jetson/Senior_Design_Project/camera_ros_node/install/multisense_msgs/include/multisense_msgs/multisense_msgs/msg/detail/stamped_pps__rosidl_typesupport_introspection_c.h
[1.163s] -- Up-to-date: /home/jetson/Senior_Design_Project/camera_ros_node/install/multisense_msgs/include/multisense_msgs/multisense_msgs/msg/detail/device_info__rosidl_typesupport_introspection_c.h
[1.163s] -- Up-to-date: /home/jetson/Senior_Design_Project/camera_ros_node/install/multisense_msgs/include/multisense_msgs/multisense_msgs/msg/detail/raw_lidar_data__type_support.c
[1.163s] -- Up-to-date: /home/jetson/Senior_Design_Project/camera_ros_node/install/multisense_msgs/include/multisense_msgs/multisense_msgs/msg/detail/raw_cam_config__rosidl_typesupport_introspection_c.h
[1.163s] -- Up-to-date: /home/jetson/Senior_Design_Project/camera_ros_node/install/multisense_msgs/include/multisense_msgs/multisense_msgs/msg/detail/raw_cam_cal__rosidl_typesupport_introspection_c.h
[1.163s] -- Up-to-date: /home/jetson/Senior_Design_Project/camera_ros_node/install/multisense_msgs/include/multisense_msgs/multisense_msgs/msg/detail/ptp_status__rosidl_typesupport_introspection_c.h
[1.164s] -- Up-to-date: /home/jetson/Senior_Design_Project/camera_ros_node/install/multisense_msgs/include/multisense_msgs/multisense_msgs/msg/detail/raw_imu_data__type_support.c
[1.164s] -- Up-to-date: /home/jetson/Senior_Design_Project/camera_ros_node/install/multisense_msgs/include/multisense_msgs/multisense_msgs/msg/detail/raw_lidar_cal__type_support.c
[1.164s] -- Up-to-date: /home/jetson/Senior_Design_Project/camera_ros_node/install/multisense_msgs/include/multisense_msgs/multisense_msgs/msg/rosidl_typesupport_introspection_c__visibility_control.h
[1.164s] -- Up-to-date: /home/jetson/Senior_Design_Project/camera_ros_node/install/multisense_msgs/lib/libmultisense_msgs__rosidl_typesupport_introspection_c.so
[1.164s] -- Up-to-date: /home/jetson/Senior_Design_Project/camera_ros_node/install/multisense_msgs/lib/libmultisense_msgs__rosidl_typesupport_c.so
[1.164s] -- Up-to-date: /home/jetson/Senior_Design_Project/camera_ros_node/install/multisense_msgs/include/multisense_msgs/multisense_msgs
[1.164s] -- Up-to-date: /home/jetson/Senior_Design_Project/camera_ros_node/install/multisense_msgs/include/multisense_msgs/multisense_msgs/msg
[1.164s] -- Up-to-date: /home/jetson/Senior_Design_Project/camera_ros_node/install/multisense_msgs/include/multisense_msgs/multisense_msgs/msg/detail
[1.165s] -- Up-to-date: /home/jetson/Senior_Design_Project/camera_ros_node/install/multisense_msgs/include/multisense_msgs/multisense_msgs/msg/detail/raw_lidar_data__type_support.cpp
[1.165s] -- Up-to-date: /home/jetson/Senior_Design_Project/camera_ros_node/install/multisense_msgs/include/multisense_msgs/multisense_msgs/msg/detail/raw_imu_data__rosidl_typesupport_introspection_cpp.hpp
[1.165s] -- Up-to-date: /home/jetson/Senior_Design_Project/camera_ros_node/install/multisense_msgs/include/multisense_msgs/multisense_msgs/msg/detail/raw_imu_data__type_support.cpp
[1.165s] -- Up-to-date: /home/jetson/Senior_Design_Project/camera_ros_node/install/multisense_msgs/include/multisense_msgs/multisense_msgs/msg/detail/device_status__type_support.cpp
[1.165s] -- Up-to-date: /home/jetson/Senior_Design_Project/camera_ros_node/install/multisense_msgs/include/multisense_msgs/multisense_msgs/msg/detail/raw_cam_config__type_support.cpp
[1.165s] -- Up-to-date: /home/jetson/Senior_Design_Project/camera_ros_node/install/multisense_msgs/include/multisense_msgs/multisense_msgs/msg/detail/ptp_status__rosidl_typesupport_introspection_cpp.hpp
[1.165s] -- Up-to-date: /home/jetson/Senior_Design_Project/camera_ros_node/install/multisense_msgs/include/multisense_msgs/multisense_msgs/msg/detail/histogram__type_support.cpp
[1.165s] -- Up-to-date: /home/jetson/Senior_Design_Project/camera_ros_node/install/multisense_msgs/include/multisense_msgs/multisense_msgs/msg/detail/raw_lidar_cal__rosidl_typesupport_introspection_cpp.hpp
[1.165s] -- Up-to-date: /home/jetson/Senior_Design_Project/camera_ros_node/install/multisense_msgs/include/multisense_msgs/multisense_msgs/msg/detail/raw_lidar_data__rosidl_typesupport_introspection_cpp.hpp
[1.166s] -- Up-to-date: /home/jetson/Senior_Design_Project/camera_ros_node/install/multisense_msgs/include/multisense_msgs/multisense_msgs/msg/detail/device_status__rosidl_typesupport_introspection_cpp.hpp
[1.166s] -- Up-to-date: /home/jetson/Senior_Design_Project/camera_ros_node/install/multisense_msgs/include/multisense_msgs/multisense_msgs/msg/detail/device_info__type_support.cpp
[1.166s] -- Up-to-date: /home/jetson/Senior_Design_Project/camera_ros_node/install/multisense_msgs/include/multisense_msgs/multisense_msgs/msg/detail/histogram__rosidl_typesupport_introspection_cpp.hpp
[1.166s] -- Up-to-date: /home/jetson/Senior_Design_Project/camera_ros_node/install/multisense_msgs/include/multisense_msgs/multisense_msgs/msg/detail/raw_lidar_cal__type_support.cpp
[1.166s] -- Up-to-date: /home/jetson/Senior_Design_Project/camera_ros_node/install/multisense_msgs/include/multisense_msgs/multisense_msgs/msg/detail/raw_cam_data__type_support.cpp
[1.166s] -- Up-to-date: /home/jetson/Senior_Design_Project/camera_ros_node/install/multisense_msgs/include/multisense_msgs/multisense_msgs/msg/detail/stamped_pps__type_support.cpp
[1.166s] -- Up-to-date: /home/jetson/Senior_Design_Project/camera_ros_node/install/multisense_msgs/include/multisense_msgs/multisense_msgs/msg/detail/raw_cam_cal__type_support.cpp
[1.167s] -- Up-to-date: /home/jetson/Senior_Design_Project/camera_ros_node/install/multisense_msgs/include/multisense_msgs/multisense_msgs/msg/detail/raw_cam_cal__rosidl_typesupport_introspection_cpp.hpp
[1.167s] -- Up-to-date: /home/jetson/Senior_Design_Project/camera_ros_node/install/multisense_msgs/include/multisense_msgs/multisense_msgs/msg/detail/raw_cam_config__rosidl_typesupport_introspection_cpp.hpp
[1.167s] -- Up-to-date: /home/jetson/Senior_Design_Project/camera_ros_node/install/multisense_msgs/include/multisense_msgs/multisense_msgs/msg/detail/raw_cam_data__rosidl_typesupport_introspection_cpp.hpp
[1.167s] -- Up-to-date: /home/jetson/Senior_Design_Project/camera_ros_node/install/multisense_msgs/include/multisense_msgs/multisense_msgs/msg/detail/ptp_status__type_support.cpp
[1.167s] -- Up-to-date: /home/jetson/Senior_Design_Project/camera_ros_node/install/multisense_msgs/include/multisense_msgs/multisense_msgs/msg/detail/stamped_pps__rosidl_typesupport_introspection_cpp.hpp
[1.167s] -- Up-to-date: /home/jetson/Senior_Design_Project/camera_ros_node/install/multisense_msgs/include/multisense_msgs/multisense_msgs/msg/detail/device_info__rosidl_typesupport_introspection_cpp.hpp
[1.167s] -- Up-to-date: /home/jetson/Senior_Design_Project/camera_ros_node/install/multisense_msgs/lib/libmultisense_msgs__rosidl_typesupport_introspection_cpp.so
[1.167s] -- Up-to-date: /home/jetson/Senior_Design_Project/camera_ros_node/install/multisense_msgs/lib/libmultisense_msgs__rosidl_typesupport_cpp.so
[1.167s] -- Up-to-date: /home/jetson/Senior_Design_Project/camera_ros_node/install/multisense_msgs/share/multisense_msgs/environment/pythonpath.sh
[1.168s] -- Up-to-date: /home/jetson/Senior_Design_Project/camera_ros_node/install/multisense_msgs/share/multisense_msgs/environment/pythonpath.dsv
[1.168s] -- Up-to-date: /home/jetson/Senior_Design_Project/camera_ros_node/install/multisense_msgs/local/lib/python3.10/dist-packages/multisense_msgs-1.0.0-py3.10.egg-info
[1.168s] -- Installing: /home/jetson/Senior_Design_Project/camera_ros_node/install/multisense_msgs/local/lib/python3.10/dist-packages/multisense_msgs-1.0.0-py3.10.egg-info/dependency_links.txt
[1.168s] -- Installing: /home/jetson/Senior_Design_Project/camera_ros_node/install/multisense_msgs/local/lib/python3.10/dist-packages/multisense_msgs-1.0.0-py3.10.egg-info/PKG-INFO
[1.168s] -- Installing: /home/jetson/Senior_Design_Project/camera_ros_node/install/multisense_msgs/local/lib/python3.10/dist-packages/multisense_msgs-1.0.0-py3.10.egg-info/SOURCES.txt
[1.168s] -- Installing: /home/jetson/Senior_Design_Project/camera_ros_node/install/multisense_msgs/local/lib/python3.10/dist-packages/multisense_msgs-1.0.0-py3.10.egg-info/top_level.txt
[1.168s] -- Up-to-date: /home/jetson/Senior_Design_Project/camera_ros_node/install/multisense_msgs/local/lib/python3.10/dist-packages/multisense_msgs
[1.168s] -- Up-to-date: /home/jetson/Senior_Design_Project/camera_ros_node/install/multisense_msgs/local/lib/python3.10/dist-packages/multisense_msgs/_multisense_msgs_s.ep.rosidl_typesupport_introspection_c.c
[1.169s] -- Up-to-date: /home/jetson/Senior_Design_Project/camera_ros_node/install/multisense_msgs/local/lib/python3.10/dist-packages/multisense_msgs/multisense_msgs_s__rosidl_typesupport_c.cpython-310-aarch64-linux-gnu.so
[1.169s] -- Up-to-date: /home/jetson/Senior_Design_Project/camera_ros_node/install/multisense_msgs/local/lib/python3.10/dist-packages/multisense_msgs/_multisense_msgs_s.ep.rosidl_typesupport_fastrtps_c.c
[1.169s] -- Up-to-date: /home/jetson/Senior_Design_Project/camera_ros_node/install/multisense_msgs/local/lib/python3.10/dist-packages/multisense_msgs/msg
[1.169s] -- Up-to-date: /home/jetson/Senior_Design_Project/camera_ros_node/install/multisense_msgs/local/lib/python3.10/dist-packages/multisense_msgs/msg/_ptp_status_s.c
[1.169s] -- Up-to-date: /home/jetson/Senior_Design_Project/camera_ros_node/install/multisense_msgs/local/lib/python3.10/dist-packages/multisense_msgs/msg/_device_info.py
[1.169s] -- Up-to-date: /home/jetson/Senior_Design_Project/camera_ros_node/install/multisense_msgs/local/lib/python3.10/dist-packages/multisense_msgs/msg/_raw_cam_cal_s.c
[1.169s] -- Up-to-date: /home/jetson/Senior_Design_Project/camera_ros_node/install/multisense_msgs/local/lib/python3.10/dist-packages/multisense_msgs/msg/_raw_cam_data_s.c
[1.169s] -- Up-to-date: /home/jetson/Senior_Design_Project/camera_ros_node/install/multisense_msgs/local/lib/python3.10/dist-packages/multisense_msgs/msg/_raw_cam_config.py
[1.170s] -- Up-to-date: /home/jetson/Senior_Design_Project/camera_ros_node/install/multisense_msgs/local/lib/python3.10/dist-packages/multisense_msgs/msg/_ptp_status.py
[1.170s] -- Up-to-date: /home/jetson/Senior_Design_Project/camera_ros_node/install/multisense_msgs/local/lib/python3.10/dist-packages/multisense_msgs/msg/_raw_cam_config_s.c
[1.170s] -- Up-to-date: /home/jetson/Senior_Design_Project/camera_ros_node/install/multisense_msgs/local/lib/python3.10/dist-packages/multisense_msgs/msg/_device_status_s.c
[1.170s] -- Up-to-date: /home/jetson/Senior_Design_Project/camera_ros_node/install/multisense_msgs/local/lib/python3.10/dist-packages/multisense_msgs/msg/_histogram.py
[1.170s] -- Up-to-date: /home/jetson/Senior_Design_Project/camera_ros_node/install/multisense_msgs/local/lib/python3.10/dist-packages/multisense_msgs/msg/_device_status.py
[1.170s] -- Up-to-date: /home/jetson/Senior_Design_Project/camera_ros_node/install/multisense_msgs/local/lib/python3.10/dist-packages/multisense_msgs/msg/_stamped_pps_s.c
[1.170s] -- Up-to-date: /home/jetson/Senior_Design_Project/camera_ros_node/install/multisense_msgs/local/lib/python3.10/dist-packages/multisense_msgs/msg/_raw_lidar_data.py
[1.170s] -- Up-to-date: /home/jetson/Senior_Design_Project/camera_ros_node/install/multisense_msgs/local/lib/python3.10/dist-packages/multisense_msgs/msg/_raw_cam_data.py
[1.171s] -- Up-to-date: /home/jetson/Senior_Design_Project/camera_ros_node/install/multisense_msgs/local/lib/python3.10/dist-packages/multisense_msgs/msg/_raw_imu_data.py
[1.171s] -- Up-to-date: /home/jetson/Senior_Design_Project/camera_ros_node/install/multisense_msgs/local/lib/python3.10/dist-packages/multisense_msgs/msg/__init__.py
[1.171s] -- Up-to-date: /home/jetson/Senior_Design_Project/camera_ros_node/install/multisense_msgs/local/lib/python3.10/dist-packages/multisense_msgs/msg/_histogram_s.c
[1.171s] -- Up-to-date: /home/jetson/Senior_Design_Project/camera_ros_node/install/multisense_msgs/local/lib/python3.10/dist-packages/multisense_msgs/msg/_raw_imu_data_s.c
[1.171s] -- Up-to-date: /home/jetson/Senior_Design_Project/camera_ros_node/install/multisense_msgs/local/lib/python3.10/dist-packages/multisense_msgs/msg/_raw_lidar_data_s.c
[1.171s] -- Up-to-date: /home/jetson/Senior_Design_Project/camera_ros_node/install/multisense_msgs/local/lib/python3.10/dist-packages/multisense_msgs/msg/_raw_cam_cal.py
[1.171s] -- Up-to-date: /home/jetson/Senior_Design_Project/camera_ros_node/install/multisense_msgs/local/lib/python3.10/dist-packages/multisense_msgs/msg/_raw_lidar_cal.py
[1.171s] -- Up-to-date: /home/jetson/Senior_Design_Project/camera_ros_node/install/multisense_msgs/local/lib/python3.10/dist-packages/multisense_msgs/msg/_raw_lidar_cal_s.c
[1.172s] -- Up-to-date: /home/jetson/Senior_Design_Project/camera_ros_node/install/multisense_msgs/local/lib/python3.10/dist-packages/multisense_msgs/msg/_stamped_pps.py
[1.172s] -- Up-to-date: /home/jetson/Senior_Design_Project/camera_ros_node/install/multisense_msgs/local/lib/python3.10/dist-packages/multisense_msgs/msg/_device_info_s.c
[1.172s] -- Up-to-date: /home/jetson/Senior_Design_Project/camera_ros_node/install/multisense_msgs/local/lib/python3.10/dist-packages/multisense_msgs/__init__.py
[1.172s] -- Up-to-date: /home/jetson/Senior_Design_Project/camera_ros_node/install/multisense_msgs/local/lib/python3.10/dist-packages/multisense_msgs/multisense_msgs_s__rosidl_typesupport_introspection_c.cpython-310-aarch64-linux-gnu.so
[1.172s] -- Up-to-date: /home/jetson/Senior_Design_Project/camera_ros_node/install/multisense_msgs/local/lib/python3.10/dist-packages/multisense_msgs/libmultisense_msgs__rosidl_generator_py.so
[1.172s] -- Up-to-date: /home/jetson/Senior_Design_Project/camera_ros_node/install/multisense_msgs/local/lib/python3.10/dist-packages/multisense_msgs/_multisense_msgs_s.ep.rosidl_typesupport_c.c
[1.172s] -- Up-to-date: /home/jetson/Senior_Design_Project/camera_ros_node/install/multisense_msgs/local/lib/python3.10/dist-packages/multisense_msgs/multisense_msgs_s__rosidl_typesupport_fastrtps_c.cpython-310-aarch64-linux-gnu.so
[1.208s] Listing '/home/jetson/Senior_Design_Project/camera_ros_node/install/multisense_msgs/local/lib/python3.10/dist-packages/multisense_msgs'...
[1.208s] Listing '/home/jetson/Senior_Design_Project/camera_ros_node/install/multisense_msgs/local/lib/python3.10/dist-packages/multisense_msgs/msg'...
[1.220s] -- Up-to-date: /home/jetson/Senior_Design_Project/camera_ros_node/install/multisense_msgs/local/lib/python3.10/dist-packages/multisense_msgs/multisense_msgs_s__rosidl_typesupport_fastrtps_c.cpython-310-aarch64-linux-gnu.so
[1.221s] -- Up-to-date: /home/jetson/Senior_Design_Project/camera_ros_node/install/multisense_msgs/local/lib/python3.10/dist-packages/multisense_msgs/multisense_msgs_s__rosidl_typesupport_introspection_c.cpython-310-aarch64-linux-gnu.so
[1.221s] -- Up-to-date: /home/jetson/Senior_Design_Project/camera_ros_node/install/multisense_msgs/local/lib/python3.10/dist-packages/multisense_msgs/multisense_msgs_s__rosidl_typesupport_c.cpython-310-aarch64-linux-gnu.so
[1.221s] -- Up-to-date: /home/jetson/Senior_Design_Project/camera_ros_node/install/multisense_msgs/lib/libmultisense_msgs__rosidl_generator_py.so
[1.222s] -- Up-to-date: /home/jetson/Senior_Design_Project/camera_ros_node/install/multisense_msgs/share/multisense_msgs/msg/DeviceInfo.idl
[1.222s] -- Up-to-date: /home/jetson/Senior_Design_Project/camera_ros_node/install/multisense_msgs/share/multisense_msgs/msg/RawCamConfig.idl
[1.222s] -- Up-to-date: /home/jetson/Senior_Design_Project/camera_ros_node/install/multisense_msgs/share/multisense_msgs/msg/RawImuData.idl
[1.222s] -- Up-to-date: /home/jetson/Senior_Design_Project/camera_ros_node/install/multisense_msgs/share/multisense_msgs/msg/RawLidarData.idl
[1.222s] -- Up-to-date: /home/jetson/Senior_Design_Project/camera_ros_node/install/multisense_msgs/share/multisense_msgs/msg/RawCamCal.idl
[1.222s] -- Up-to-date: /home/jetson/Senior_Design_Project/camera_ros_node/install/multisense_msgs/share/multisense_msgs/msg/RawCamData.idl
[1.223s] -- Up-to-date: /home/jetson/Senior_Design_Project/camera_ros_node/install/multisense_msgs/share/multisense_msgs/msg/RawLidarCal.idl
[1.223s] -- Up-to-date: /home/jetson/Senior_Design_Project/camera_ros_node/install/multisense_msgs/share/multisense_msgs/msg/Histogram.idl
[1.223s] -- Up-to-date: /home/jetson/Senior_Design_Project/camera_ros_node/install/multisense_msgs/share/multisense_msgs/msg/DeviceStatus.idl
[1.224s] -- Up-to-date: /home/jetson/Senior_Design_Project/camera_ros_node/install/multisense_msgs/share/multisense_msgs/msg/PtpStatus.idl
[1.224s] -- Up-to-date: /home/jetson/Senior_Design_Project/camera_ros_node/install/multisense_msgs/share/multisense_msgs/msg/StampedPps.idl
[1.224s] -- Up-to-date: /home/jetson/Senior_Design_Project/camera_ros_node/install/multisense_msgs/share/multisense_msgs/msg/DeviceInfo.msg
[1.224s] -- Up-to-date: /home/jetson/Senior_Design_Project/camera_ros_node/install/multisense_msgs/share/multisense_msgs/msg/RawCamConfig.msg
[1.225s] -- Up-to-date: /home/jetson/Senior_Design_Project/camera_ros_node/install/multisense_msgs/share/multisense_msgs/msg/RawImuData.msg
[1.225s] -- Up-to-date: /home/jetson/Senior_Design_Project/camera_ros_node/install/multisense_msgs/share/multisense_msgs/msg/RawLidarData.msg
[1.225s] -- Up-to-date: /home/jetson/Senior_Design_Project/camera_ros_node/install/multisense_msgs/share/multisense_msgs/msg/RawCamCal.msg
[1.225s] -- Up-to-date: /home/jetson/Senior_Design_Project/camera_ros_node/install/multisense_msgs/share/multisense_msgs/msg/RawCamData.msg
[1.225s] -- Up-to-date: /home/jetson/Senior_Design_Project/camera_ros_node/install/multisense_msgs/share/multisense_msgs/msg/RawLidarCal.msg
[1.226s] -- Up-to-date: /home/jetson/Senior_Design_Project/camera_ros_node/install/multisense_msgs/share/multisense_msgs/msg/Histogram.msg
[1.226s] -- Up-to-date: /home/jetson/Senior_Design_Project/camera_ros_node/install/multisense_msgs/share/multisense_msgs/msg/DeviceStatus.msg
[1.226s] -- Up-to-date: /home/jetson/Senior_Design_Project/camera_ros_node/install/multisense_msgs/share/multisense_msgs/msg/PtpStatus.msg
[1.226s] -- Up-to-date: /home/jetson/Senior_Design_Project/camera_ros_node/install/multisense_msgs/share/multisense_msgs/msg/StampedPps.msg
[1.226s] -- Up-to-date: /home/jetson/Senior_Design_Project/camera_ros_node/install/multisense_msgs/share/ament_index/resource_index/package_run_dependencies/multisense_msgs
[1.226s] -- Up-to-date: /home/jetson/Senior_Design_Project/camera_ros_node/install/multisense_msgs/share/ament_index/resource_index/parent_prefix_path/multisense_msgs
[1.227s] -- Up-to-date: /home/jetson/Senior_Design_Project/camera_ros_node/install/multisense_msgs/share/multisense_msgs/environment/ament_prefix_path.sh
[1.227s] -- Up-to-date: /home/jetson/Senior_Design_Project/camera_ros_node/install/multisense_msgs/share/multisense_msgs/environment/ament_prefix_path.dsv
[1.227s] -- Up-to-date: /home/jetson/Senior_Design_Project/camera_ros_node/install/multisense_msgs/share/multisense_msgs/environment/path.sh
[1.227s] -- Up-to-date: /home/jetson/Senior_Design_Project/camera_ros_node/install/multisense_msgs/share/multisense_msgs/environment/path.dsv
[1.227s] -- Up-to-date: /home/jetson/Senior_Design_Project/camera_ros_node/install/multisense_msgs/share/multisense_msgs/local_setup.bash
[1.227s] -- Up-to-date: /home/jetson/Senior_Design_Project/camera_ros_node/install/multisense_msgs/share/multisense_msgs/local_setup.sh
[1.228s] -- Up-to-date: /home/jetson/Senior_Design_Project/camera_ros_node/install/multisense_msgs/share/multisense_msgs/local_setup.zsh
[1.228s] -- Up-to-date: /home/jetson/Senior_Design_Project/camera_ros_node/install/multisense_msgs/share/multisense_msgs/local_setup.dsv
[1.228s] -- Installing: /home/jetson/Senior_Design_Project/camera_ros_node/install/multisense_msgs/share/multisense_msgs/package.dsv
[1.228s] -- Up-to-date: /home/jetson/Senior_Design_Project/camera_ros_node/install/multisense_msgs/share/ament_index/resource_index/packages/multisense_msgs
[1.228s] -- Up-to-date: /home/jetson/Senior_Design_Project/camera_ros_node/install/multisense_msgs/share/multisense_msgs/cmake/export_multisense_msgs__rosidl_generator_cExport.cmake
[1.228s] -- Up-to-date: /home/jetson/Senior_Design_Project/camera_ros_node/install/multisense_msgs/share/multisense_msgs/cmake/export_multisense_msgs__rosidl_generator_cExport-release.cmake
[1.228s] -- Up-to-date: /home/jetson/Senior_Design_Project/camera_ros_node/install/multisense_msgs/share/multisense_msgs/cmake/export_multisense_msgs__rosidl_typesupport_fastrtps_cExport.cmake
[1.229s] -- Up-to-date: /home/jetson/Senior_Design_Project/camera_ros_node/install/multisense_msgs/share/multisense_msgs/cmake/export_multisense_msgs__rosidl_typesupport_fastrtps_cExport-release.cmake
[1.229s] -- Up-to-date: /home/jetson/Senior_Design_Project/camera_ros_node/install/multisense_msgs/share/multisense_msgs/cmake/export_multisense_msgs__rosidl_generator_cppExport.cmake
[1.229s] -- Up-to-date: /home/jetson/Senior_Design_Project/camera_ros_node/install/multisense_msgs/share/multisense_msgs/cmake/export_multisense_msgs__rosidl_typesupport_fastrtps_cppExport.cmake
[1.230s] -- Up-to-date: /home/jetson/Senior_Design_Project/camera_ros_node/install/multisense_msgs/share/multisense_msgs/cmake/export_multisense_msgs__rosidl_typesupport_fastrtps_cppExport-release.cmake
[1.230s] -- Up-to-date: /home/jetson/Senior_Design_Project/camera_ros_node/install/multisense_msgs/share/multisense_msgs/cmake/multisense_msgs__rosidl_typesupport_introspection_cExport.cmake
[1.230s] -- Up-to-date: /home/jetson/Senior_Design_Project/camera_ros_node/install/multisense_msgs/share/multisense_msgs/cmake/multisense_msgs__rosidl_typesupport_introspection_cExport-release.cmake
[1.230s] -- Up-to-date: /home/jetson/Senior_Design_Project/camera_ros_node/install/multisense_msgs/share/multisense_msgs/cmake/multisense_msgs__rosidl_typesupport_cExport.cmake
[1.230s] -- Up-to-date: /home/jetson/Senior_Design_Project/camera_ros_node/install/multisense_msgs/share/multisense_msgs/cmake/multisense_msgs__rosidl_typesupport_cExport-release.cmake
[1.231s] -- Up-to-date: /home/jetson/Senior_Design_Project/camera_ros_node/install/multisense_msgs/share/multisense_msgs/cmake/multisense_msgs__rosidl_typesupport_introspection_cppExport.cmake
[1.231s] -- Up-to-date: /home/jetson/Senior_Design_Project/camera_ros_node/install/multisense_msgs/share/multisense_msgs/cmake/multisense_msgs__rosidl_typesupport_introspection_cppExport-release.cmake
[1.231s] -- Up-to-date: /home/jetson/Senior_Design_Project/camera_ros_node/install/multisense_msgs/share/multisense_msgs/cmake/multisense_msgs__rosidl_typesupport_cppExport.cmake
[1.231s] -- Up-to-date: /home/jetson/Senior_Design_Project/camera_ros_node/install/multisense_msgs/share/multisense_msgs/cmake/multisense_msgs__rosidl_typesupport_cppExport-release.cmake
[1.231s] -- Up-to-date: /home/jetson/Senior_Design_Project/camera_ros_node/install/multisense_msgs/share/multisense_msgs/cmake/export_multisense_msgs__rosidl_generator_pyExport.cmake
[1.232s] -- Up-to-date: /home/jetson/Senior_Design_Project/camera_ros_node/install/multisense_msgs/share/multisense_msgs/cmake/export_multisense_msgs__rosidl_generator_pyExport-release.cmake
[1.232s] -- Up-to-date: /home/jetson/Senior_Design_Project/camera_ros_node/install/multisense_msgs/share/multisense_msgs/cmake/rosidl_cmake-extras.cmake
[1.232s] -- Up-to-date: /home/jetson/Senior_Design_Project/camera_ros_node/install/multisense_msgs/share/multisense_msgs/cmake/ament_cmake_export_dependencies-extras.cmake
[1.232s] -- Up-to-date: /home/jetson/Senior_Design_Project/camera_ros_node/install/multisense_msgs/share/multisense_msgs/cmake/ament_cmake_export_include_directories-extras.cmake
[1.232s] -- Up-to-date: /home/jetson/Senior_Design_Project/camera_ros_node/install/multisense_msgs/share/multisense_msgs/cmake/ament_cmake_export_libraries-extras.cmake
[1.232s] -- Up-to-date: /home/jetson/Senior_Design_Project/camera_ros_node/install/multisense_msgs/share/multisense_msgs/cmake/ament_cmake_export_targets-extras.cmake
[1.232s] -- Up-to-date: /home/jetson/Senior_Design_Project/camera_ros_node/install/multisense_msgs/share/multisense_msgs/cmake/rosidl_cmake_export_typesupport_targets-extras.cmake
[1.233s] -- Up-to-date: /home/jetson/Senior_Design_Project/camera_ros_node/install/multisense_msgs/share/multisense_msgs/cmake/rosidl_cmake_export_typesupport_libraries-extras.cmake
[1.233s] -- Up-to-date: /home/jetson/Senior_Design_Project/camera_ros_node/install/multisense_msgs/share/multisense_msgs/cmake/multisense_msgsConfig.cmake
[1.233s] -- Up-to-date: /home/jetson/Senior_Design_Project/camera_ros_node/install/multisense_msgs/share/multisense_msgs/cmake/multisense_msgsConfig-version.cmake
[1.233s] -- Up-to-date: /home/jetson/Senior_Design_Project/camera_ros_node/install/multisense_msgs/share/multisense_msgs/package.xml
[1.238s] Invoked command in '/home/jetson/Senior_Design_Project/camera_ros_node/build/multisense_msgs' returned '0': /usr/bin/cmake --install /home/jetson/Senior_Design_Project/camera_ros_node/build/multisense_msgs
