[1.258s] Invoking command in '/home/jetson/Senior_Design_Project/camera_ros_node/src/sd_proj': PYTHONPATH=/home/jetson/Senior_Design_Project/camera_ros_node/build/sd_proj/prefix_override:/usr/lib/python3/dist-packages/colcon_core/task/python/colcon_distutils_commands:/home/jetson/Senior_Design_Project/camera_ros_node/install/sd_proj/lib/python3.10/site-packages: /usr/bin/python3 -W ignore:setup.py install is deprecated setup.py egg_info --egg-base ../../build/sd_proj build --build-base /home/jetson/Senior_Design_Project/camera_ros_node/build/sd_proj/build install --record /home/jetson/Senior_Design_Project/camera_ros_node/build/sd_proj/install.log --single-version-externally-managed install_data
[1.641s] running egg_info
[1.641s] writing ../../build/sd_proj/sd_proj.egg-info/PKG-INFO
[1.642s] writing dependency_links to ../../build/sd_proj/sd_proj.egg-info/dependency_links.txt
[1.643s] writing entry points to ../../build/sd_proj/sd_proj.egg-info/entry_points.txt
[1.643s] writing requirements to ../../build/sd_proj/sd_proj.egg-info/requires.txt
[1.643s] writing top-level names to ../../build/sd_proj/sd_proj.egg-info/top_level.txt
[1.647s] reading manifest file '../../build/sd_proj/sd_proj.egg-info/SOURCES.txt'
[1.648s] writing manifest file '../../build/sd_proj/sd_proj.egg-info/SOURCES.txt'
[1.649s] running build
[1.649s] running build_py
[1.649s] running install
[1.650s] running install_lib
[1.652s] running install_data
[1.653s] running install_egg_info
[1.656s] removing '/home/jetson/Senior_Design_Project/camera_ros_node/install/sd_proj/lib/python3.10/site-packages/sd_proj-0.0.0-py3.10.egg-info' (and everything under it)
[1.657s] Copying ../../build/sd_proj/sd_proj.egg-info to /home/jetson/Senior_Design_Project/camera_ros_node/install/sd_proj/lib/python3.10/site-packages/sd_proj-0.0.0-py3.10.egg-info
[1.659s] running install_scripts
[1.702s] writing list of installed files to '/home/jetson/Senior_Design_Project/camera_ros_node/build/sd_proj/install.log'
[1.766s] Invoked command in '/home/jetson/Senior_Design_Project/camera_ros_node/src/sd_proj' returned '0': PYTHONPATH=/home/jetson/Senior_Design_Project/camera_ros_node/build/sd_proj/prefix_override:/usr/lib/python3/dist-packages/colcon_core/task/python/colcon_distutils_commands:/home/jetson/Senior_Design_Project/camera_ros_node/install/sd_proj/lib/python3.10/site-packages: /usr/bin/python3 -W ignore:setup.py install is deprecated setup.py egg_info --egg-base ../../build/sd_proj build --build-base /home/jetson/Senior_Design_Project/camera_ros_node/build/sd_proj/build install --record /home/jetson/Senior_Design_Project/camera_ros_node/build/sd_proj/install.log --single-version-externally-managed install_data
