[  0%] Built target multisense_msgs__cpp
[ 12%] Built target multisense_msgs__rosidl_generator_c
[ 12%] Built target ament_cmake_python_copy_multisense_msgs
[ 24%] Built target multisense_msgs__rosidl_typesupport_cpp
[ 35%] Built target multisense_msgs__rosidl_typesupport_fastrtps_cpp
[ 47%] Built target multisense_msgs__rosidl_typesupport_introspection_cpp
[ 59%] Built target multisense_msgs__rosidl_typesupport_introspection_c
[ 71%] Built target multisense_msgs__rosidl_typesupport_c
[ 83%] Built target multisense_msgs__rosidl_typesupport_fastrtps_c
[ 83%] Built target multisense_msgs
[ 84%] Built target multisense_msgs__py
[ 95%] Built target multisense_msgs__rosidl_generator_py
[ 97%] Built target multisense_msgs__rosidl_typesupport_introspection_c__pyext
[ 99%] Built target multisense_msgs__rosidl_typesupport_fastrtps_c__pyext
[100%] Built target multisense_msgs__rosidl_typesupport_c__pyext
running egg_info
writing multisense_msgs.egg-info/PKG-INFO
writing dependency_links to multisense_msgs.egg-info/dependency_links.txt
writing top-level names to multisense_msgs.egg-info/top_level.txt
reading manifest file 'multisense_msgs.egg-info/SOURCES.txt'
writing manifest file 'multisense_msgs.egg-info/SOURCES.txt'
[100%] Built target ament_cmake_python_build_multisense_msgs_egg
-- Install configuration: "Release"
-- Up-to-date: /home/jetson/Senior_Design_Project/camera_ros_node/install/multisense_msgs/share/ament_index/resource_index/rosidl_interfaces/multisense_msgs
-- Up-to-date: /home/jetson/Senior_Design_Project/camera_ros_node/install/multisense_msgs/include/multisense_msgs/multisense_msgs
-- Up-to-date: /home/jetson/Senior_Design_Project/camera_ros_node/install/multisense_msgs/include/multisense_msgs/multisense_msgs/msg
-- Up-to-date: /home/jetson/Senior_Design_Project/camera_ros_node/install/multisense_msgs/include/multisense_msgs/multisense_msgs/msg/stamped_pps.h
-- Up-to-date: /home/jetson/Senior_Design_Project/camera_ros_node/install/multisense_msgs/include/multisense_msgs/multisense_msgs/msg/raw_cam_cal.h
-- Up-to-date: /home/jetson/Senior_Design_Project/camera_ros_node/install/multisense_msgs/include/multisense_msgs/multisense_msgs/msg/device_status.h
-- Up-to-date: /home/jetson/Senior_Design_Project/camera_ros_node/install/multisense_msgs/include/multisense_msgs/multisense_msgs/msg/rosidl_generator_c__visibility_control.h
-- Up-to-date: /home/jetson/Senior_Design_Project/camera_ros_node/install/multisense_msgs/include/multisense_msgs/multisense_msgs/msg/raw_lidar_cal.h
-- Up-to-date: /home/jetson/Senior_Design_Project/camera_ros_node/install/multisense_msgs/include/multisense_msgs/multisense_msgs/msg/raw_cam_data.h
-- Up-to-date: /home/jetson/Senior_Design_Project/camera_ros_node/install/multisense_msgs/include/multisense_msgs/multisense_msgs/msg/raw_cam_config.h
-- Up-to-date: /home/jetson/Senior_Design_Project/camera_ros_node/install/multisense_msgs/include/multisense_msgs/multisense_msgs/msg/histogram.h
-- Up-to-date: /home/jetson/Senior_Design_Project/camera_ros_node/install/multisense_msgs/include/multisense_msgs/multisense_msgs/msg/raw_lidar_data.h
-- Up-to-date: /home/jetson/Senior_Design_Project/camera_ros_node/install/multisense_msgs/include/multisense_msgs/multisense_msgs/msg/detail
-- Up-to-date: /home/jetson/Senior_Design_Project/camera_ros_node/install/multisense_msgs/include/multisense_msgs/multisense_msgs/msg/detail/device_status__functions.h
-- Up-to-date: /home/jetson/Senior_Design_Project/camera_ros_node/install/multisense_msgs/include/multisense_msgs/multisense_msgs/msg/detail/raw_imu_data__type_support.h
-- Up-to-date: /home/jetson/Senior_Design_Project/camera_ros_node/install/multisense_msgs/include/multisense_msgs/multisense_msgs/msg/detail/ptp_status__functions.h
-- Up-to-date: /home/jetson/Senior_Design_Project/camera_ros_node/install/multisense_msgs/include/multisense_msgs/multisense_msgs/msg/detail/raw_cam_config__type_support.h
-- Up-to-date: /home/jetson/Senior_Design_Project/camera_ros_node/install/multisense_msgs/include/multisense_msgs/multisense_msgs/msg/detail/device_info__struct.h
-- Up-to-date: /home/jetson/Senior_Design_Project/camera_ros_node/install/multisense_msgs/include/multisense_msgs/multisense_msgs/msg/detail/device_status__type_support.h
-- Up-to-date: /home/jetson/Senior_Design_Project/camera_ros_node/install/multisense_msgs/include/multisense_msgs/multisense_msgs/msg/detail/ptp_status__struct.h
-- Up-to-date: /home/jetson/Senior_Design_Project/camera_ros_node/install/multisense_msgs/include/multisense_msgs/multisense_msgs/msg/detail/raw_cam_config__functions.h
-- Up-to-date: /home/jetson/Senior_Design_Project/camera_ros_node/install/multisense_msgs/include/multisense_msgs/multisense_msgs/msg/detail/raw_cam_data__functions.h
-- Up-to-date: /home/jetson/Senior_Design_Project/camera_ros_node/install/multisense_msgs/include/multisense_msgs/multisense_msgs/msg/detail/raw_cam_cal__struct.h
-- Up-to-date: /home/jetson/Senior_Design_Project/camera_ros_node/install/multisense_msgs/include/multisense_msgs/multisense_msgs/msg/detail/raw_lidar_cal__struct.h
-- Up-to-date: /home/jetson/Senior_Design_Project/camera_ros_node/install/multisense_msgs/include/multisense_msgs/multisense_msgs/msg/detail/histogram__functions.h
-- Up-to-date: /home/jetson/Senior_Design_Project/camera_ros_node/install/multisense_msgs/include/multisense_msgs/multisense_msgs/msg/detail/ptp_status__type_support.h
-- Up-to-date: /home/jetson/Senior_Design_Project/camera_ros_node/install/multisense_msgs/include/multisense_msgs/multisense_msgs/msg/detail/histogram__functions.c
-- Up-to-date: /home/jetson/Senior_Design_Project/camera_ros_node/install/multisense_msgs/include/multisense_msgs/multisense_msgs/msg/detail/raw_lidar_cal__functions.h
-- Up-to-date: /home/jetson/Senior_Design_Project/camera_ros_node/install/multisense_msgs/include/multisense_msgs/multisense_msgs/msg/detail/raw_imu_data__functions.h
-- Up-to-date: /home/jetson/Senior_Design_Project/camera_ros_node/install/multisense_msgs/include/multisense_msgs/multisense_msgs/msg/detail/raw_cam_cal__functions.c
-- Up-to-date: /home/jetson/Senior_Design_Project/camera_ros_node/install/multisense_msgs/include/multisense_msgs/multisense_msgs/msg/detail/raw_lidar_data__type_support.h
-- Up-to-date: /home/jetson/Senior_Design_Project/camera_ros_node/install/multisense_msgs/include/multisense_msgs/multisense_msgs/msg/detail/raw_cam_data__type_support.h
-- Up-to-date: /home/jetson/Senior_Design_Project/camera_ros_node/install/multisense_msgs/include/multisense_msgs/multisense_msgs/msg/detail/raw_cam_cal__type_support.h
-- Up-to-date: /home/jetson/Senior_Design_Project/camera_ros_node/install/multisense_msgs/include/multisense_msgs/multisense_msgs/msg/detail/stamped_pps__struct.h
-- Up-to-date: /home/jetson/Senior_Design_Project/camera_ros_node/install/multisense_msgs/include/multisense_msgs/multisense_msgs/msg/detail/device_status__functions.c
-- Up-to-date: /home/jetson/Senior_Design_Project/camera_ros_node/install/multisense_msgs/include/multisense_msgs/multisense_msgs/msg/detail/raw_cam_data__functions.c
-- Up-to-date: /home/jetson/Senior_Design_Project/camera_ros_node/install/multisense_msgs/include/multisense_msgs/multisense_msgs/msg/detail/stamped_pps__functions.h
-- Up-to-date: /home/jetson/Senior_Design_Project/camera_ros_node/install/multisense_msgs/include/multisense_msgs/multisense_msgs/msg/detail/raw_lidar_data__functions.h
-- Up-to-date: /home/jetson/Senior_Design_Project/camera_ros_node/install/multisense_msgs/include/multisense_msgs/multisense_msgs/msg/detail/stamped_pps__type_support.h
-- Up-to-date: /home/jetson/Senior_Design_Project/camera_ros_node/install/multisense_msgs/include/multisense_msgs/multisense_msgs/msg/detail/device_info__functions.c
-- Up-to-date: /home/jetson/Senior_Design_Project/camera_ros_node/install/multisense_msgs/include/multisense_msgs/multisense_msgs/msg/detail/raw_lidar_cal__functions.c
-- Up-to-date: /home/jetson/Senior_Design_Project/camera_ros_node/install/multisense_msgs/include/multisense_msgs/multisense_msgs/msg/detail/raw_cam_data__struct.h
-- Up-to-date: /home/jetson/Senior_Design_Project/camera_ros_node/install/multisense_msgs/include/multisense_msgs/multisense_msgs/msg/detail/device_status__struct.h
-- Up-to-date: /home/jetson/Senior_Design_Project/camera_ros_node/install/multisense_msgs/include/multisense_msgs/multisense_msgs/msg/detail/raw_imu_data__struct.h
-- Up-to-date: /home/jetson/Senior_Design_Project/camera_ros_node/install/multisense_msgs/include/multisense_msgs/multisense_msgs/msg/detail/histogram__type_support.h
-- Up-to-date: /home/jetson/Senior_Design_Project/camera_ros_node/install/multisense_msgs/include/multisense_msgs/multisense_msgs/msg/detail/raw_imu_data__functions.c
-- Up-to-date: /home/jetson/Senior_Design_Project/camera_ros_node/install/multisense_msgs/include/multisense_msgs/multisense_msgs/msg/detail/raw_lidar_data__functions.c
-- Up-to-date: /home/jetson/Senior_Design_Project/camera_ros_node/install/multisense_msgs/include/multisense_msgs/multisense_msgs/msg/detail/stamped_pps__functions.c
-- Up-to-date: /home/jetson/Senior_Design_Project/camera_ros_node/install/multisense_msgs/include/multisense_msgs/multisense_msgs/msg/detail/raw_cam_config__functions.c
-- Up-to-date: /home/jetson/Senior_Design_Project/camera_ros_node/install/multisense_msgs/include/multisense_msgs/multisense_msgs/msg/detail/raw_cam_config__struct.h
-- Up-to-date: /home/jetson/Senior_Design_Project/camera_ros_node/install/multisense_msgs/include/multisense_msgs/multisense_msgs/msg/detail/device_info__functions.h
-- Up-to-date: /home/jetson/Senior_Design_Project/camera_ros_node/install/multisense_msgs/include/multisense_msgs/multisense_msgs/msg/detail/raw_lidar_data__struct.h
-- Up-to-date: /home/jetson/Senior_Design_Project/camera_ros_node/install/multisense_msgs/include/multisense_msgs/multisense_msgs/msg/detail/histogram__struct.h
-- Up-to-date: /home/jetson/Senior_Design_Project/camera_ros_node/install/multisense_msgs/include/multisense_msgs/multisense_msgs/msg/detail/ptp_status__functions.c
-- Up-to-date: /home/jetson/Senior_Design_Project/camera_ros_node/install/multisense_msgs/include/multisense_msgs/multisense_msgs/msg/detail/raw_lidar_cal__type_support.h
-- Up-to-date: /home/jetson/Senior_Design_Project/camera_ros_node/install/multisense_msgs/include/multisense_msgs/multisense_msgs/msg/detail/device_info__type_support.h
-- Up-to-date: /home/jetson/Senior_Design_Project/camera_ros_node/install/multisense_msgs/include/multisense_msgs/multisense_msgs/msg/detail/raw_cam_cal__functions.h
-- Up-to-date: /home/jetson/Senior_Design_Project/camera_ros_node/install/multisense_msgs/include/multisense_msgs/multisense_msgs/msg/ptp_status.h
-- Up-to-date: /home/jetson/Senior_Design_Project/camera_ros_node/install/multisense_msgs/include/multisense_msgs/multisense_msgs/msg/raw_imu_data.h
-- Up-to-date: /home/jetson/Senior_Design_Project/camera_ros_node/install/multisense_msgs/include/multisense_msgs/multisense_msgs/msg/device_info.h
-- Up-to-date: /home/jetson/Senior_Design_Project/camera_ros_node/install/multisense_msgs/share/multisense_msgs/environment/library_path.sh
-- Up-to-date: /home/jetson/Senior_Design_Project/camera_ros_node/install/multisense_msgs/share/multisense_msgs/environment/library_path.dsv
-- Up-to-date: /home/jetson/Senior_Design_Project/camera_ros_node/install/multisense_msgs/lib/libmultisense_msgs__rosidl_generator_c.so
-- Up-to-date: /home/jetson/Senior_Design_Project/camera_ros_node/install/multisense_msgs/include/multisense_msgs/multisense_msgs
-- Up-to-date: /home/jetson/Senior_Design_Project/camera_ros_node/install/multisense_msgs/include/multisense_msgs/multisense_msgs/msg
-- Up-to-date: /home/jetson/Senior_Design_Project/camera_ros_node/install/multisense_msgs/include/multisense_msgs/multisense_msgs/msg/detail
-- Up-to-date: /home/jetson/Senior_Design_Project/camera_ros_node/install/multisense_msgs/include/multisense_msgs/multisense_msgs/msg/detail/raw_imu_data__rosidl_typesupport_fastrtps_c.h
-- Up-to-date: /home/jetson/Senior_Design_Project/camera_ros_node/install/multisense_msgs/include/multisense_msgs/multisense_msgs/msg/detail/device_info__rosidl_typesupport_fastrtps_c.h
-- Up-to-date: /home/jetson/Senior_Design_Project/camera_ros_node/install/multisense_msgs/include/multisense_msgs/multisense_msgs/msg/detail/histogram__rosidl_typesupport_fastrtps_c.h
-- Up-to-date: /home/jetson/Senior_Design_Project/camera_ros_node/install/multisense_msgs/include/multisense_msgs/multisense_msgs/msg/detail/ptp_status__rosidl_typesupport_fastrtps_c.h
-- Up-to-date: /home/jetson/Senior_Design_Project/camera_ros_node/install/multisense_msgs/include/multisense_msgs/multisense_msgs/msg/detail/raw_lidar_cal__rosidl_typesupport_fastrtps_c.h
-- Up-to-date: /home/jetson/Senior_Design_Project/camera_ros_node/install/multisense_msgs/include/multisense_msgs/multisense_msgs/msg/detail/raw_cam_cal__rosidl_typesupport_fastrtps_c.h
-- Up-to-date: /home/jetson/Senior_Design_Project/camera_ros_node/install/multisense_msgs/include/multisense_msgs/multisense_msgs/msg/detail/device_status__rosidl_typesupport_fastrtps_c.h
-- Up-to-date: /home/jetson/Senior_Design_Project/camera_ros_node/install/multisense_msgs/include/multisense_msgs/multisense_msgs/msg/detail/stamped_pps__rosidl_typesupport_fastrtps_c.h
-- Up-to-date: /home/jetson/Senior_Design_Project/camera_ros_node/install/multisense_msgs/include/multisense_msgs/multisense_msgs/msg/detail/raw_lidar_data__rosidl_typesupport_fastrtps_c.h
-- Up-to-date: /home/jetson/Senior_Design_Project/camera_ros_node/install/multisense_msgs/include/multisense_msgs/multisense_msgs/msg/detail/raw_cam_config__rosidl_typesupport_fastrtps_c.h
-- Up-to-date: /home/jetson/Senior_Design_Project/camera_ros_node/install/multisense_msgs/include/multisense_msgs/multisense_msgs/msg/detail/raw_cam_data__rosidl_typesupport_fastrtps_c.h
-- Up-to-date: /home/jetson/Senior_Design_Project/camera_ros_node/install/multisense_msgs/include/multisense_msgs/multisense_msgs/msg/rosidl_typesupport_fastrtps_c__visibility_control.h
-- Up-to-date: /home/jetson/Senior_Design_Project/camera_ros_node/install/multisense_msgs/lib/libmultisense_msgs__rosidl_typesupport_fastrtps_c.so
-- Up-to-date: /home/jetson/Senior_Design_Project/camera_ros_node/install/multisense_msgs/include/multisense_msgs/multisense_msgs
-- Up-to-date: /home/jetson/Senior_Design_Project/camera_ros_node/install/multisense_msgs/include/multisense_msgs/multisense_msgs/msg
-- Up-to-date: /home/jetson/Senior_Design_Project/camera_ros_node/install/multisense_msgs/include/multisense_msgs/multisense_msgs/msg/raw_lidar_cal.hpp
-- Up-to-date: /home/jetson/Senior_Design_Project/camera_ros_node/install/multisense_msgs/include/multisense_msgs/multisense_msgs/msg/histogram.hpp
-- Up-to-date: /home/jetson/Senior_Design_Project/camera_ros_node/install/multisense_msgs/include/multisense_msgs/multisense_msgs/msg/stamped_pps.hpp
-- Up-to-date: /home/jetson/Senior_Design_Project/camera_ros_node/install/multisense_msgs/include/multisense_msgs/multisense_msgs/msg/ptp_status.hpp
-- Up-to-date: /home/jetson/Senior_Design_Project/camera_ros_node/install/multisense_msgs/include/multisense_msgs/multisense_msgs/msg/raw_cam_config.hpp
-- Up-to-date: /home/jetson/Senior_Design_Project/camera_ros_node/install/multisense_msgs/include/multisense_msgs/multisense_msgs/msg/device_info.hpp
-- Up-to-date: /home/jetson/Senior_Design_Project/camera_ros_node/install/multisense_msgs/include/multisense_msgs/multisense_msgs/msg/raw_imu_data.hpp
-- Up-to-date: /home/jetson/Senior_Design_Project/camera_ros_node/install/multisense_msgs/include/multisense_msgs/multisense_msgs/msg/detail
-- Up-to-date: /home/jetson/Senior_Design_Project/camera_ros_node/install/multisense_msgs/include/multisense_msgs/multisense_msgs/msg/detail/stamped_pps__builder.hpp
-- Up-to-date: /home/jetson/Senior_Design_Project/camera_ros_node/install/multisense_msgs/include/multisense_msgs/multisense_msgs/msg/detail/raw_cam_cal__struct.hpp
-- Up-to-date: /home/jetson/Senior_Design_Project/camera_ros_node/install/multisense_msgs/include/multisense_msgs/multisense_msgs/msg/detail/histogram__traits.hpp
-- Up-to-date: /home/jetson/Senior_Design_Project/camera_ros_node/install/multisense_msgs/include/multisense_msgs/multisense_msgs/msg/detail/stamped_pps__traits.hpp
-- Up-to-date: /home/jetson/Senior_Design_Project/camera_ros_node/install/multisense_msgs/include/multisense_msgs/multisense_msgs/msg/detail/histogram__struct.hpp
-- Up-to-date: /home/jetson/Senior_Design_Project/camera_ros_node/install/multisense_msgs/include/multisense_msgs/multisense_msgs/msg/detail/raw_cam_data__traits.hpp
-- Up-to-date: /home/jetson/Senior_Design_Project/camera_ros_node/install/multisense_msgs/include/multisense_msgs/multisense_msgs/msg/detail/ptp_status__traits.hpp
-- Up-to-date: /home/jetson/Senior_Design_Project/camera_ros_node/install/multisense_msgs/include/multisense_msgs/multisense_msgs/msg/detail/raw_lidar_cal__struct.hpp
-- Up-to-date: /home/jetson/Senior_Design_Project/camera_ros_node/install/multisense_msgs/include/multisense_msgs/multisense_msgs/msg/detail/raw_cam_data__struct.hpp
-- Up-to-date: /home/jetson/Senior_Design_Project/camera_ros_node/install/multisense_msgs/include/multisense_msgs/multisense_msgs/msg/detail/raw_cam_config__builder.hpp
-- Up-to-date: /home/jetson/Senior_Design_Project/camera_ros_node/install/multisense_msgs/include/multisense_msgs/multisense_msgs/msg/detail/ptp_status__struct.hpp
-- Up-to-date: /home/jetson/Senior_Design_Project/camera_ros_node/install/multisense_msgs/include/multisense_msgs/multisense_msgs/msg/detail/raw_imu_data__builder.hpp
-- Up-to-date: /home/jetson/Senior_Design_Project/camera_ros_node/install/multisense_msgs/include/multisense_msgs/multisense_msgs/msg/detail/device_info__traits.hpp
-- Up-to-date: /home/jetson/Senior_Design_Project/camera_ros_node/install/multisense_msgs/include/multisense_msgs/multisense_msgs/msg/detail/stamped_pps__struct.hpp
-- Up-to-date: /home/jetson/Senior_Design_Project/camera_ros_node/install/multisense_msgs/include/multisense_msgs/multisense_msgs/msg/detail/raw_lidar_cal__builder.hpp
-- Up-to-date: /home/jetson/Senior_Design_Project/camera_ros_node/install/multisense_msgs/include/multisense_msgs/multisense_msgs/msg/detail/raw_imu_data__traits.hpp
-- Up-to-date: /home/jetson/Senior_Design_Project/camera_ros_node/install/multisense_msgs/include/multisense_msgs/multisense_msgs/msg/detail/raw_cam_config__struct.hpp
-- Up-to-date: /home/jetson/Senior_Design_Project/camera_ros_node/install/multisense_msgs/include/multisense_msgs/multisense_msgs/msg/detail/raw_cam_cal__builder.hpp
-- Up-to-date: /home/jetson/Senior_Design_Project/camera_ros_node/install/multisense_msgs/include/multisense_msgs/multisense_msgs/msg/detail/device_status__traits.hpp
-- Up-to-date: /home/jetson/Senior_Design_Project/camera_ros_node/install/multisense_msgs/include/multisense_msgs/multisense_msgs/msg/detail/raw_cam_data__builder.hpp
-- Up-to-date: /home/jetson/Senior_Design_Project/camera_ros_node/install/multisense_msgs/include/multisense_msgs/multisense_msgs/msg/detail/raw_cam_config__traits.hpp
-- Up-to-date: /home/jetson/Senior_Design_Project/camera_ros_node/install/multisense_msgs/include/multisense_msgs/multisense_msgs/msg/detail/device_status__builder.hpp
-- Up-to-date: /home/jetson/Senior_Design_Project/camera_ros_node/install/multisense_msgs/include/multisense_msgs/multisense_msgs/msg/detail/device_info__struct.hpp
-- Up-to-date: /home/jetson/Senior_Design_Project/camera_ros_node/install/multisense_msgs/include/multisense_msgs/multisense_msgs/msg/detail/raw_cam_cal__traits.hpp
-- Up-to-date: /home/jetson/Senior_Design_Project/camera_ros_node/install/multisense_msgs/include/multisense_msgs/multisense_msgs/msg/detail/device_status__struct.hpp
-- Up-to-date: /home/jetson/Senior_Design_Project/camera_ros_node/install/multisense_msgs/include/multisense_msgs/multisense_msgs/msg/detail/device_info__builder.hpp
-- Up-to-date: /home/jetson/Senior_Design_Project/camera_ros_node/install/multisense_msgs/include/multisense_msgs/multisense_msgs/msg/detail/raw_lidar_cal__traits.hpp
-- Up-to-date: /home/jetson/Senior_Design_Project/camera_ros_node/install/multisense_msgs/include/multisense_msgs/multisense_msgs/msg/detail/raw_lidar_data__traits.hpp
-- Up-to-date: /home/jetson/Senior_Design_Project/camera_ros_node/install/multisense_msgs/include/multisense_msgs/multisense_msgs/msg/detail/raw_lidar_data__struct.hpp
-- Up-to-date: /home/jetson/Senior_Design_Project/camera_ros_node/install/multisense_msgs/include/multisense_msgs/multisense_msgs/msg/detail/raw_imu_data__struct.hpp
-- Up-to-date: /home/jetson/Senior_Design_Project/camera_ros_node/install/multisense_msgs/include/multisense_msgs/multisense_msgs/msg/detail/ptp_status__builder.hpp
-- Up-to-date: /home/jetson/Senior_Design_Project/camera_ros_node/install/multisense_msgs/include/multisense_msgs/multisense_msgs/msg/detail/raw_lidar_data__builder.hpp
-- Up-to-date: /home/jetson/Senior_Design_Project/camera_ros_node/install/multisense_msgs/include/multisense_msgs/multisense_msgs/msg/detail/histogram__builder.hpp
-- Up-to-date: /home/jetson/Senior_Design_Project/camera_ros_node/install/multisense_msgs/include/multisense_msgs/multisense_msgs/msg/device_status.hpp
-- Up-to-date: /home/jetson/Senior_Design_Project/camera_ros_node/install/multisense_msgs/include/multisense_msgs/multisense_msgs/msg/raw_cam_data.hpp
-- Up-to-date: /home/jetson/Senior_Design_Project/camera_ros_node/install/multisense_msgs/include/multisense_msgs/multisense_msgs/msg/raw_lidar_data.hpp
-- Up-to-date: /home/jetson/Senior_Design_Project/camera_ros_node/install/multisense_msgs/include/multisense_msgs/multisense_msgs/msg/raw_cam_cal.hpp
-- Up-to-date: /home/jetson/Senior_Design_Project/camera_ros_node/install/multisense_msgs/include/multisense_msgs/multisense_msgs
-- Up-to-date: /home/jetson/Senior_Design_Project/camera_ros_node/install/multisense_msgs/include/multisense_msgs/multisense_msgs/msg
-- Up-to-date: /home/jetson/Senior_Design_Project/camera_ros_node/install/multisense_msgs/include/multisense_msgs/multisense_msgs/msg/detail
-- Up-to-date: /home/jetson/Senior_Design_Project/camera_ros_node/install/multisense_msgs/include/multisense_msgs/multisense_msgs/msg/detail/stamped_pps__rosidl_typesupport_fastrtps_cpp.hpp
-- Up-to-date: /home/jetson/Senior_Design_Project/camera_ros_node/install/multisense_msgs/include/multisense_msgs/multisense_msgs/msg/detail/raw_lidar_data__rosidl_typesupport_fastrtps_cpp.hpp
-- Up-to-date: /home/jetson/Senior_Design_Project/camera_ros_node/install/multisense_msgs/include/multisense_msgs/multisense_msgs/msg/detail/raw_cam_data__rosidl_typesupport_fastrtps_cpp.hpp
-- Up-to-date: /home/jetson/Senior_Design_Project/camera_ros_node/install/multisense_msgs/include/multisense_msgs/multisense_msgs/msg/detail/raw_imu_data__rosidl_typesupport_fastrtps_cpp.hpp
-- Up-to-date: /home/jetson/Senior_Design_Project/camera_ros_node/install/multisense_msgs/include/multisense_msgs/multisense_msgs/msg/detail/dds_fastrtps
-- Up-to-date: /home/jetson/Senior_Design_Project/camera_ros_node/install/multisense_msgs/include/multisense_msgs/multisense_msgs/msg/detail/raw_lidar_cal__rosidl_typesupport_fastrtps_cpp.hpp
-- Up-to-date: /home/jetson/Senior_Design_Project/camera_ros_node/install/multisense_msgs/include/multisense_msgs/multisense_msgs/msg/detail/raw_cam_config__rosidl_typesupport_fastrtps_cpp.hpp
-- Up-to-date: /home/jetson/Senior_Design_Project/camera_ros_node/install/multisense_msgs/include/multisense_msgs/multisense_msgs/msg/detail/device_info__rosidl_typesupport_fastrtps_cpp.hpp
-- Up-to-date: /home/jetson/Senior_Design_Project/camera_ros_node/install/multisense_msgs/include/multisense_msgs/multisense_msgs/msg/detail/raw_cam_cal__rosidl_typesupport_fastrtps_cpp.hpp
-- Up-to-date: /home/jetson/Senior_Design_Project/camera_ros_node/install/multisense_msgs/include/multisense_msgs/multisense_msgs/msg/detail/ptp_status__rosidl_typesupport_fastrtps_cpp.hpp
-- Up-to-date: /home/jetson/Senior_Design_Project/camera_ros_node/install/multisense_msgs/include/multisense_msgs/multisense_msgs/msg/detail/device_status__rosidl_typesupport_fastrtps_cpp.hpp
-- Up-to-date: /home/jetson/Senior_Design_Project/camera_ros_node/install/multisense_msgs/include/multisense_msgs/multisense_msgs/msg/detail/histogram__rosidl_typesupport_fastrtps_cpp.hpp
-- Up-to-date: /home/jetson/Senior_Design_Project/camera_ros_node/install/multisense_msgs/include/multisense_msgs/multisense_msgs/msg/rosidl_typesupport_fastrtps_cpp__visibility_control.h
-- Up-to-date: /home/jetson/Senior_Design_Project/camera_ros_node/install/multisense_msgs/lib/libmultisense_msgs__rosidl_typesupport_fastrtps_cpp.so
-- Up-to-date: /home/jetson/Senior_Design_Project/camera_ros_node/install/multisense_msgs/include/multisense_msgs/multisense_msgs
-- Up-to-date: /home/jetson/Senior_Design_Project/camera_ros_node/install/multisense_msgs/include/multisense_msgs/multisense_msgs/msg
-- Up-to-date: /home/jetson/Senior_Design_Project/camera_ros_node/install/multisense_msgs/include/multisense_msgs/multisense_msgs/msg/detail
-- Up-to-date: /home/jetson/Senior_Design_Project/camera_ros_node/install/multisense_msgs/include/multisense_msgs/multisense_msgs/msg/detail/device_status__rosidl_typesupport_introspection_c.h
-- Up-to-date: /home/jetson/Senior_Design_Project/camera_ros_node/install/multisense_msgs/include/multisense_msgs/multisense_msgs/msg/detail/histogram__type_support.c
-- Up-to-date: /home/jetson/Senior_Design_Project/camera_ros_node/install/multisense_msgs/include/multisense_msgs/multisense_msgs/msg/detail/raw_cam_cal__type_support.c
-- Up-to-date: /home/jetson/Senior_Design_Project/camera_ros_node/install/multisense_msgs/include/multisense_msgs/multisense_msgs/msg/detail/ptp_status__type_support.c
-- Up-to-date: /home/jetson/Senior_Design_Project/camera_ros_node/install/multisense_msgs/include/multisense_msgs/multisense_msgs/msg/detail/raw_imu_data__rosidl_typesupport_introspection_c.h
-- Up-to-date: /home/jetson/Senior_Design_Project/camera_ros_node/install/multisense_msgs/include/multisense_msgs/multisense_msgs/msg/detail/device_info__type_support.c
-- Up-to-date: /home/jetson/Senior_Design_Project/camera_ros_node/install/multisense_msgs/include/multisense_msgs/multisense_msgs/msg/detail/raw_cam_data__rosidl_typesupport_introspection_c.h
-- Up-to-date: /home/jetson/Senior_Design_Project/camera_ros_node/install/multisense_msgs/include/multisense_msgs/multisense_msgs/msg/detail/raw_cam_config__type_support.c
-- Up-to-date: /home/jetson/Senior_Design_Project/camera_ros_node/install/multisense_msgs/include/multisense_msgs/multisense_msgs/msg/detail/device_status__type_support.c
-- Up-to-date: /home/jetson/Senior_Design_Project/camera_ros_node/install/multisense_msgs/include/multisense_msgs/multisense_msgs/msg/detail/stamped_pps__type_support.c
-- Up-to-date: /home/jetson/Senior_Design_Project/camera_ros_node/install/multisense_msgs/include/multisense_msgs/multisense_msgs/msg/detail/raw_lidar_data__rosidl_typesupport_introspection_c.h
-- Up-to-date: /home/jetson/Senior_Design_Project/camera_ros_node/install/multisense_msgs/include/multisense_msgs/multisense_msgs/msg/detail/raw_cam_data__type_support.c
-- Up-to-date: /home/jetson/Senior_Design_Project/camera_ros_node/install/multisense_msgs/include/multisense_msgs/multisense_msgs/msg/detail/raw_lidar_cal__rosidl_typesupport_introspection_c.h
-- Up-to-date: /home/jetson/Senior_Design_Project/camera_ros_node/install/multisense_msgs/include/multisense_msgs/multisense_msgs/msg/detail/histogram__rosidl_typesupport_introspection_c.h
-- Up-to-date: /home/jetson/Senior_Design_Project/camera_ros_node/install/multisense_msgs/include/multisense_msgs/multisense_msgs/msg/detail/stamped_pps__rosidl_typesupport_introspection_c.h
-- Up-to-date: /home/jetson/Senior_Design_Project/camera_ros_node/install/multisense_msgs/include/multisense_msgs/multisense_msgs/msg/detail/device_info__rosidl_typesupport_introspection_c.h
-- Up-to-date: /home/jetson/Senior_Design_Project/camera_ros_node/install/multisense_msgs/include/multisense_msgs/multisense_msgs/msg/detail/raw_lidar_data__type_support.c
-- Up-to-date: /home/jetson/Senior_Design_Project/camera_ros_node/install/multisense_msgs/include/multisense_msgs/multisense_msgs/msg/detail/raw_cam_config__rosidl_typesupport_introspection_c.h
-- Up-to-date: /home/jetson/Senior_Design_Project/camera_ros_node/install/multisense_msgs/include/multisense_msgs/multisense_msgs/msg/detail/raw_cam_cal__rosidl_typesupport_introspection_c.h
-- Up-to-date: /home/jetson/Senior_Design_Project/camera_ros_node/install/multisense_msgs/include/multisense_msgs/multisense_msgs/msg/detail/ptp_status__rosidl_typesupport_introspection_c.h
-- Up-to-date: /home/jetson/Senior_Design_Project/camera_ros_node/install/multisense_msgs/include/multisense_msgs/multisense_msgs/msg/detail/raw_imu_data__type_support.c
-- Up-to-date: /home/jetson/Senior_Design_Project/camera_ros_node/install/multisense_msgs/include/multisense_msgs/multisense_msgs/msg/detail/raw_lidar_cal__type_support.c
-- Up-to-date: /home/jetson/Senior_Design_Project/camera_ros_node/install/multisense_msgs/include/multisense_msgs/multisense_msgs/msg/rosidl_typesupport_introspection_c__visibility_control.h
-- Up-to-date: /home/jetson/Senior_Design_Project/camera_ros_node/install/multisense_msgs/lib/libmultisense_msgs__rosidl_typesupport_introspection_c.so
-- Up-to-date: /home/jetson/Senior_Design_Project/camera_ros_node/install/multisense_msgs/lib/libmultisense_msgs__rosidl_typesupport_c.so
-- Up-to-date: /home/jetson/Senior_Design_Project/camera_ros_node/install/multisense_msgs/include/multisense_msgs/multisense_msgs
-- Up-to-date: /home/jetson/Senior_Design_Project/camera_ros_node/install/multisense_msgs/include/multisense_msgs/multisense_msgs/msg
-- Up-to-date: /home/jetson/Senior_Design_Project/camera_ros_node/install/multisense_msgs/include/multisense_msgs/multisense_msgs/msg/detail
-- Up-to-date: /home/jetson/Senior_Design_Project/camera_ros_node/install/multisense_msgs/include/multisense_msgs/multisense_msgs/msg/detail/raw_lidar_data__type_support.cpp
-- Up-to-date: /home/jetson/Senior_Design_Project/camera_ros_node/install/multisense_msgs/include/multisense_msgs/multisense_msgs/msg/detail/raw_imu_data__rosidl_typesupport_introspection_cpp.hpp
-- Up-to-date: /home/jetson/Senior_Design_Project/camera_ros_node/install/multisense_msgs/include/multisense_msgs/multisense_msgs/msg/detail/raw_imu_data__type_support.cpp
-- Up-to-date: /home/jetson/Senior_Design_Project/camera_ros_node/install/multisense_msgs/include/multisense_msgs/multisense_msgs/msg/detail/device_status__type_support.cpp
-- Up-to-date: /home/jetson/Senior_Design_Project/camera_ros_node/install/multisense_msgs/include/multisense_msgs/multisense_msgs/msg/detail/raw_cam_config__type_support.cpp
-- Up-to-date: /home/jetson/Senior_Design_Project/camera_ros_node/install/multisense_msgs/include/multisense_msgs/multisense_msgs/msg/detail/ptp_status__rosidl_typesupport_introspection_cpp.hpp
-- Up-to-date: /home/jetson/Senior_Design_Project/camera_ros_node/install/multisense_msgs/include/multisense_msgs/multisense_msgs/msg/detail/histogram__type_support.cpp
-- Up-to-date: /home/jetson/Senior_Design_Project/camera_ros_node/install/multisense_msgs/include/multisense_msgs/multisense_msgs/msg/detail/raw_lidar_cal__rosidl_typesupport_introspection_cpp.hpp
-- Up-to-date: /home/jetson/Senior_Design_Project/camera_ros_node/install/multisense_msgs/include/multisense_msgs/multisense_msgs/msg/detail/raw_lidar_data__rosidl_typesupport_introspection_cpp.hpp
-- Up-to-date: /home/jetson/Senior_Design_Project/camera_ros_node/install/multisense_msgs/include/multisense_msgs/multisense_msgs/msg/detail/device_status__rosidl_typesupport_introspection_cpp.hpp
-- Up-to-date: /home/jetson/Senior_Design_Project/camera_ros_node/install/multisense_msgs/include/multisense_msgs/multisense_msgs/msg/detail/device_info__type_support.cpp
-- Up-to-date: /home/jetson/Senior_Design_Project/camera_ros_node/install/multisense_msgs/include/multisense_msgs/multisense_msgs/msg/detail/histogram__rosidl_typesupport_introspection_cpp.hpp
-- Up-to-date: /home/jetson/Senior_Design_Project/camera_ros_node/install/multisense_msgs/include/multisense_msgs/multisense_msgs/msg/detail/raw_lidar_cal__type_support.cpp
-- Up-to-date: /home/jetson/Senior_Design_Project/camera_ros_node/install/multisense_msgs/include/multisense_msgs/multisense_msgs/msg/detail/raw_cam_data__type_support.cpp
-- Up-to-date: /home/jetson/Senior_Design_Project/camera_ros_node/install/multisense_msgs/include/multisense_msgs/multisense_msgs/msg/detail/stamped_pps__type_support.cpp
-- Up-to-date: /home/jetson/Senior_Design_Project/camera_ros_node/install/multisense_msgs/include/multisense_msgs/multisense_msgs/msg/detail/raw_cam_cal__type_support.cpp
-- Up-to-date: /home/jetson/Senior_Design_Project/camera_ros_node/install/multisense_msgs/include/multisense_msgs/multisense_msgs/msg/detail/raw_cam_cal__rosidl_typesupport_introspection_cpp.hpp
-- Up-to-date: /home/jetson/Senior_Design_Project/camera_ros_node/install/multisense_msgs/include/multisense_msgs/multisense_msgs/msg/detail/raw_cam_config__rosidl_typesupport_introspection_cpp.hpp
-- Up-to-date: /home/jetson/Senior_Design_Project/camera_ros_node/install/multisense_msgs/include/multisense_msgs/multisense_msgs/msg/detail/raw_cam_data__rosidl_typesupport_introspection_cpp.hpp
-- Up-to-date: /home/jetson/Senior_Design_Project/camera_ros_node/install/multisense_msgs/include/multisense_msgs/multisense_msgs/msg/detail/ptp_status__type_support.cpp
-- Up-to-date: /home/jetson/Senior_Design_Project/camera_ros_node/install/multisense_msgs/include/multisense_msgs/multisense_msgs/msg/detail/stamped_pps__rosidl_typesupport_introspection_cpp.hpp
-- Up-to-date: /home/jetson/Senior_Design_Project/camera_ros_node/install/multisense_msgs/include/multisense_msgs/multisense_msgs/msg/detail/device_info__rosidl_typesupport_introspection_cpp.hpp
-- Up-to-date: /home/jetson/Senior_Design_Project/camera_ros_node/install/multisense_msgs/lib/libmultisense_msgs__rosidl_typesupport_introspection_cpp.so
-- Up-to-date: /home/jetson/Senior_Design_Project/camera_ros_node/install/multisense_msgs/lib/libmultisense_msgs__rosidl_typesupport_cpp.so
-- Up-to-date: /home/jetson/Senior_Design_Project/camera_ros_node/install/multisense_msgs/share/multisense_msgs/environment/pythonpath.sh
-- Up-to-date: /home/jetson/Senior_Design_Project/camera_ros_node/install/multisense_msgs/share/multisense_msgs/environment/pythonpath.dsv
-- Up-to-date: /home/jetson/Senior_Design_Project/camera_ros_node/install/multisense_msgs/local/lib/python3.10/dist-packages/multisense_msgs-1.0.0-py3.10.egg-info
-- Installing: /home/jetson/Senior_Design_Project/camera_ros_node/install/multisense_msgs/local/lib/python3.10/dist-packages/multisense_msgs-1.0.0-py3.10.egg-info/dependency_links.txt
-- Installing: /home/jetson/Senior_Design_Project/camera_ros_node/install/multisense_msgs/local/lib/python3.10/dist-packages/multisense_msgs-1.0.0-py3.10.egg-info/PKG-INFO
-- Installing: /home/jetson/Senior_Design_Project/camera_ros_node/install/multisense_msgs/local/lib/python3.10/dist-packages/multisense_msgs-1.0.0-py3.10.egg-info/SOURCES.txt
-- Installing: /home/jetson/Senior_Design_Project/camera_ros_node/install/multisense_msgs/local/lib/python3.10/dist-packages/multisense_msgs-1.0.0-py3.10.egg-info/top_level.txt
-- Up-to-date: /home/jetson/Senior_Design_Project/camera_ros_node/install/multisense_msgs/local/lib/python3.10/dist-packages/multisense_msgs
-- Up-to-date: /home/jetson/Senior_Design_Project/camera_ros_node/install/multisense_msgs/local/lib/python3.10/dist-packages/multisense_msgs/_multisense_msgs_s.ep.rosidl_typesupport_introspection_c.c
-- Up-to-date: /home/jetson/Senior_Design_Project/camera_ros_node/install/multisense_msgs/local/lib/python3.10/dist-packages/multisense_msgs/multisense_msgs_s__rosidl_typesupport_c.cpython-310-aarch64-linux-gnu.so
-- Up-to-date: /home/jetson/Senior_Design_Project/camera_ros_node/install/multisense_msgs/local/lib/python3.10/dist-packages/multisense_msgs/_multisense_msgs_s.ep.rosidl_typesupport_fastrtps_c.c
-- Up-to-date: /home/jetson/Senior_Design_Project/camera_ros_node/install/multisense_msgs/local/lib/python3.10/dist-packages/multisense_msgs/msg
-- Up-to-date: /home/jetson/Senior_Design_Project/camera_ros_node/install/multisense_msgs/local/lib/python3.10/dist-packages/multisense_msgs/msg/_ptp_status_s.c
-- Up-to-date: /home/jetson/Senior_Design_Project/camera_ros_node/install/multisense_msgs/local/lib/python3.10/dist-packages/multisense_msgs/msg/_device_info.py
-- Up-to-date: /home/jetson/Senior_Design_Project/camera_ros_node/install/multisense_msgs/local/lib/python3.10/dist-packages/multisense_msgs/msg/_raw_cam_cal_s.c
-- Up-to-date: /home/jetson/Senior_Design_Project/camera_ros_node/install/multisense_msgs/local/lib/python3.10/dist-packages/multisense_msgs/msg/_raw_cam_data_s.c
-- Up-to-date: /home/jetson/Senior_Design_Project/camera_ros_node/install/multisense_msgs/local/lib/python3.10/dist-packages/multisense_msgs/msg/_raw_cam_config.py
-- Up-to-date: /home/jetson/Senior_Design_Project/camera_ros_node/install/multisense_msgs/local/lib/python3.10/dist-packages/multisense_msgs/msg/_ptp_status.py
-- Up-to-date: /home/jetson/Senior_Design_Project/camera_ros_node/install/multisense_msgs/local/lib/python3.10/dist-packages/multisense_msgs/msg/_raw_cam_config_s.c
-- Up-to-date: /home/jetson/Senior_Design_Project/camera_ros_node/install/multisense_msgs/local/lib/python3.10/dist-packages/multisense_msgs/msg/_device_status_s.c
-- Up-to-date: /home/jetson/Senior_Design_Project/camera_ros_node/install/multisense_msgs/local/lib/python3.10/dist-packages/multisense_msgs/msg/_histogram.py
-- Up-to-date: /home/jetson/Senior_Design_Project/camera_ros_node/install/multisense_msgs/local/lib/python3.10/dist-packages/multisense_msgs/msg/_device_status.py
-- Up-to-date: /home/jetson/Senior_Design_Project/camera_ros_node/install/multisense_msgs/local/lib/python3.10/dist-packages/multisense_msgs/msg/_stamped_pps_s.c
-- Up-to-date: /home/jetson/Senior_Design_Project/camera_ros_node/install/multisense_msgs/local/lib/python3.10/dist-packages/multisense_msgs/msg/_raw_lidar_data.py
-- Up-to-date: /home/jetson/Senior_Design_Project/camera_ros_node/install/multisense_msgs/local/lib/python3.10/dist-packages/multisense_msgs/msg/_raw_cam_data.py
-- Up-to-date: /home/jetson/Senior_Design_Project/camera_ros_node/install/multisense_msgs/local/lib/python3.10/dist-packages/multisense_msgs/msg/_raw_imu_data.py
-- Up-to-date: /home/jetson/Senior_Design_Project/camera_ros_node/install/multisense_msgs/local/lib/python3.10/dist-packages/multisense_msgs/msg/__init__.py
-- Up-to-date: /home/jetson/Senior_Design_Project/camera_ros_node/install/multisense_msgs/local/lib/python3.10/dist-packages/multisense_msgs/msg/_histogram_s.c
-- Up-to-date: /home/jetson/Senior_Design_Project/camera_ros_node/install/multisense_msgs/local/lib/python3.10/dist-packages/multisense_msgs/msg/_raw_imu_data_s.c
-- Up-to-date: /home/jetson/Senior_Design_Project/camera_ros_node/install/multisense_msgs/local/lib/python3.10/dist-packages/multisense_msgs/msg/_raw_lidar_data_s.c
-- Up-to-date: /home/jetson/Senior_Design_Project/camera_ros_node/install/multisense_msgs/local/lib/python3.10/dist-packages/multisense_msgs/msg/_raw_cam_cal.py
-- Up-to-date: /home/jetson/Senior_Design_Project/camera_ros_node/install/multisense_msgs/local/lib/python3.10/dist-packages/multisense_msgs/msg/_raw_lidar_cal.py
-- Up-to-date: /home/jetson/Senior_Design_Project/camera_ros_node/install/multisense_msgs/local/lib/python3.10/dist-packages/multisense_msgs/msg/_raw_lidar_cal_s.c
-- Up-to-date: /home/jetson/Senior_Design_Project/camera_ros_node/install/multisense_msgs/local/lib/python3.10/dist-packages/multisense_msgs/msg/_stamped_pps.py
-- Up-to-date: /home/jetson/Senior_Design_Project/camera_ros_node/install/multisense_msgs/local/lib/python3.10/dist-packages/multisense_msgs/msg/_device_info_s.c
-- Up-to-date: /home/jetson/Senior_Design_Project/camera_ros_node/install/multisense_msgs/local/lib/python3.10/dist-packages/multisense_msgs/__init__.py
-- Up-to-date: /home/jetson/Senior_Design_Project/camera_ros_node/install/multisense_msgs/local/lib/python3.10/dist-packages/multisense_msgs/multisense_msgs_s__rosidl_typesupport_introspection_c.cpython-310-aarch64-linux-gnu.so
-- Up-to-date: /home/jetson/Senior_Design_Project/camera_ros_node/install/multisense_msgs/local/lib/python3.10/dist-packages/multisense_msgs/libmultisense_msgs__rosidl_generator_py.so
-- Up-to-date: /home/jetson/Senior_Design_Project/camera_ros_node/install/multisense_msgs/local/lib/python3.10/dist-packages/multisense_msgs/_multisense_msgs_s.ep.rosidl_typesupport_c.c
-- Up-to-date: /home/jetson/Senior_Design_Project/camera_ros_node/install/multisense_msgs/local/lib/python3.10/dist-packages/multisense_msgs/multisense_msgs_s__rosidl_typesupport_fastrtps_c.cpython-310-aarch64-linux-gnu.so
Listing '/home/jetson/Senior_Design_Project/camera_ros_node/install/multisense_msgs/local/lib/python3.10/dist-packages/multisense_msgs'...
Listing '/home/jetson/Senior_Design_Project/camera_ros_node/install/multisense_msgs/local/lib/python3.10/dist-packages/multisense_msgs/msg'...
-- Up-to-date: /home/jetson/Senior_Design_Project/camera_ros_node/install/multisense_msgs/local/lib/python3.10/dist-packages/multisense_msgs/multisense_msgs_s__rosidl_typesupport_fastrtps_c.cpython-310-aarch64-linux-gnu.so
-- Up-to-date: /home/jetson/Senior_Design_Project/camera_ros_node/install/multisense_msgs/local/lib/python3.10/dist-packages/multisense_msgs/multisense_msgs_s__rosidl_typesupport_introspection_c.cpython-310-aarch64-linux-gnu.so
-- Up-to-date: /home/jetson/Senior_Design_Project/camera_ros_node/install/multisense_msgs/local/lib/python3.10/dist-packages/multisense_msgs/multisense_msgs_s__rosidl_typesupport_c.cpython-310-aarch64-linux-gnu.so
-- Up-to-date: /home/jetson/Senior_Design_Project/camera_ros_node/install/multisense_msgs/lib/libmultisense_msgs__rosidl_generator_py.so
-- Up-to-date: /home/jetson/Senior_Design_Project/camera_ros_node/install/multisense_msgs/share/multisense_msgs/msg/DeviceInfo.idl
-- Up-to-date: /home/jetson/Senior_Design_Project/camera_ros_node/install/multisense_msgs/share/multisense_msgs/msg/RawCamConfig.idl
-- Up-to-date: /home/jetson/Senior_Design_Project/camera_ros_node/install/multisense_msgs/share/multisense_msgs/msg/RawImuData.idl
-- Up-to-date: /home/jetson/Senior_Design_Project/camera_ros_node/install/multisense_msgs/share/multisense_msgs/msg/RawLidarData.idl
-- Up-to-date: /home/jetson/Senior_Design_Project/camera_ros_node/install/multisense_msgs/share/multisense_msgs/msg/RawCamCal.idl
-- Up-to-date: /home/jetson/Senior_Design_Project/camera_ros_node/install/multisense_msgs/share/multisense_msgs/msg/RawCamData.idl
-- Up-to-date: /home/jetson/Senior_Design_Project/camera_ros_node/install/multisense_msgs/share/multisense_msgs/msg/RawLidarCal.idl
-- Up-to-date: /home/jetson/Senior_Design_Project/camera_ros_node/install/multisense_msgs/share/multisense_msgs/msg/Histogram.idl
-- Up-to-date: /home/jetson/Senior_Design_Project/camera_ros_node/install/multisense_msgs/share/multisense_msgs/msg/DeviceStatus.idl
-- Up-to-date: /home/jetson/Senior_Design_Project/camera_ros_node/install/multisense_msgs/share/multisense_msgs/msg/PtpStatus.idl
-- Up-to-date: /home/jetson/Senior_Design_Project/camera_ros_node/install/multisense_msgs/share/multisense_msgs/msg/StampedPps.idl
-- Up-to-date: /home/jetson/Senior_Design_Project/camera_ros_node/install/multisense_msgs/share/multisense_msgs/msg/DeviceInfo.msg
-- Up-to-date: /home/jetson/Senior_Design_Project/camera_ros_node/install/multisense_msgs/share/multisense_msgs/msg/RawCamConfig.msg
-- Up-to-date: /home/jetson/Senior_Design_Project/camera_ros_node/install/multisense_msgs/share/multisense_msgs/msg/RawImuData.msg
-- Up-to-date: /home/jetson/Senior_Design_Project/camera_ros_node/install/multisense_msgs/share/multisense_msgs/msg/RawLidarData.msg
-- Up-to-date: /home/jetson/Senior_Design_Project/camera_ros_node/install/multisense_msgs/share/multisense_msgs/msg/RawCamCal.msg
-- Up-to-date: /home/jetson/Senior_Design_Project/camera_ros_node/install/multisense_msgs/share/multisense_msgs/msg/RawCamData.msg
-- Up-to-date: /home/jetson/Senior_Design_Project/camera_ros_node/install/multisense_msgs/share/multisense_msgs/msg/RawLidarCal.msg
-- Up-to-date: /home/jetson/Senior_Design_Project/camera_ros_node/install/multisense_msgs/share/multisense_msgs/msg/Histogram.msg
-- Up-to-date: /home/jetson/Senior_Design_Project/camera_ros_node/install/multisense_msgs/share/multisense_msgs/msg/DeviceStatus.msg
-- Up-to-date: /home/jetson/Senior_Design_Project/camera_ros_node/install/multisense_msgs/share/multisense_msgs/msg/PtpStatus.msg
-- Up-to-date: /home/jetson/Senior_Design_Project/camera_ros_node/install/multisense_msgs/share/multisense_msgs/msg/StampedPps.msg
-- Up-to-date: /home/jetson/Senior_Design_Project/camera_ros_node/install/multisense_msgs/share/ament_index/resource_index/package_run_dependencies/multisense_msgs
-- Up-to-date: /home/jetson/Senior_Design_Project/camera_ros_node/install/multisense_msgs/share/ament_index/resource_index/parent_prefix_path/multisense_msgs
-- Up-to-date: /home/jetson/Senior_Design_Project/camera_ros_node/install/multisense_msgs/share/multisense_msgs/environment/ament_prefix_path.sh
-- Up-to-date: /home/jetson/Senior_Design_Project/camera_ros_node/install/multisense_msgs/share/multisense_msgs/environment/ament_prefix_path.dsv
-- Up-to-date: /home/jetson/Senior_Design_Project/camera_ros_node/install/multisense_msgs/share/multisense_msgs/environment/path.sh
-- Up-to-date: /home/jetson/Senior_Design_Project/camera_ros_node/install/multisense_msgs/share/multisense_msgs/environment/path.dsv
-- Up-to-date: /home/jetson/Senior_Design_Project/camera_ros_node/install/multisense_msgs/share/multisense_msgs/local_setup.bash
-- Up-to-date: /home/jetson/Senior_Design_Project/camera_ros_node/install/multisense_msgs/share/multisense_msgs/local_setup.sh
-- Up-to-date: /home/jetson/Senior_Design_Project/camera_ros_node/install/multisense_msgs/share/multisense_msgs/local_setup.zsh
-- Up-to-date: /home/jetson/Senior_Design_Project/camera_ros_node/install/multisense_msgs/share/multisense_msgs/local_setup.dsv
-- Installing: /home/jetson/Senior_Design_Project/camera_ros_node/install/multisense_msgs/share/multisense_msgs/package.dsv
-- Up-to-date: /home/jetson/Senior_Design_Project/camera_ros_node/install/multisense_msgs/share/ament_index/resource_index/packages/multisense_msgs
-- Up-to-date: /home/jetson/Senior_Design_Project/camera_ros_node/install/multisense_msgs/share/multisense_msgs/cmake/export_multisense_msgs__rosidl_generator_cExport.cmake
-- Up-to-date: /home/jetson/Senior_Design_Project/camera_ros_node/install/multisense_msgs/share/multisense_msgs/cmake/export_multisense_msgs__rosidl_generator_cExport-release.cmake
-- Up-to-date: /home/jetson/Senior_Design_Project/camera_ros_node/install/multisense_msgs/share/multisense_msgs/cmake/export_multisense_msgs__rosidl_typesupport_fastrtps_cExport.cmake
-- Up-to-date: /home/jetson/Senior_Design_Project/camera_ros_node/install/multisense_msgs/share/multisense_msgs/cmake/export_multisense_msgs__rosidl_typesupport_fastrtps_cExport-release.cmake
-- Up-to-date: /home/jetson/Senior_Design_Project/camera_ros_node/install/multisense_msgs/share/multisense_msgs/cmake/export_multisense_msgs__rosidl_generator_cppExport.cmake
-- Up-to-date: /home/jetson/Senior_Design_Project/camera_ros_node/install/multisense_msgs/share/multisense_msgs/cmake/export_multisense_msgs__rosidl_typesupport_fastrtps_cppExport.cmake
-- Up-to-date: /home/jetson/Senior_Design_Project/camera_ros_node/install/multisense_msgs/share/multisense_msgs/cmake/export_multisense_msgs__rosidl_typesupport_fastrtps_cppExport-release.cmake
-- Up-to-date: /home/jetson/Senior_Design_Project/camera_ros_node/install/multisense_msgs/share/multisense_msgs/cmake/multisense_msgs__rosidl_typesupport_introspection_cExport.cmake
-- Up-to-date: /home/jetson/Senior_Design_Project/camera_ros_node/install/multisense_msgs/share/multisense_msgs/cmake/multisense_msgs__rosidl_typesupport_introspection_cExport-release.cmake
-- Up-to-date: /home/jetson/Senior_Design_Project/camera_ros_node/install/multisense_msgs/share/multisense_msgs/cmake/multisense_msgs__rosidl_typesupport_cExport.cmake
-- Up-to-date: /home/jetson/Senior_Design_Project/camera_ros_node/install/multisense_msgs/share/multisense_msgs/cmake/multisense_msgs__rosidl_typesupport_cExport-release.cmake
-- Up-to-date: /home/jetson/Senior_Design_Project/camera_ros_node/install/multisense_msgs/share/multisense_msgs/cmake/multisense_msgs__rosidl_typesupport_introspection_cppExport.cmake
-- Up-to-date: /home/jetson/Senior_Design_Project/camera_ros_node/install/multisense_msgs/share/multisense_msgs/cmake/multisense_msgs__rosidl_typesupport_introspection_cppExport-release.cmake
-- Up-to-date: /home/jetson/Senior_Design_Project/camera_ros_node/install/multisense_msgs/share/multisense_msgs/cmake/multisense_msgs__rosidl_typesupport_cppExport.cmake
-- Up-to-date: /home/jetson/Senior_Design_Project/camera_ros_node/install/multisense_msgs/share/multisense_msgs/cmake/multisense_msgs__rosidl_typesupport_cppExport-release.cmake
-- Up-to-date: /home/jetson/Senior_Design_Project/camera_ros_node/install/multisense_msgs/share/multisense_msgs/cmake/export_multisense_msgs__rosidl_generator_pyExport.cmake
-- Up-to-date: /home/jetson/Senior_Design_Project/camera_ros_node/install/multisense_msgs/share/multisense_msgs/cmake/export_multisense_msgs__rosidl_generator_pyExport-release.cmake
-- Up-to-date: /home/jetson/Senior_Design_Project/camera_ros_node/install/multisense_msgs/share/multisense_msgs/cmake/rosidl_cmake-extras.cmake
-- Up-to-date: /home/jetson/Senior_Design_Project/camera_ros_node/install/multisense_msgs/share/multisense_msgs/cmake/ament_cmake_export_dependencies-extras.cmake
-- Up-to-date: /home/jetson/Senior_Design_Project/camera_ros_node/install/multisense_msgs/share/multisense_msgs/cmake/ament_cmake_export_include_directories-extras.cmake
-- Up-to-date: /home/jetson/Senior_Design_Project/camera_ros_node/install/multisense_msgs/share/multisense_msgs/cmake/ament_cmake_export_libraries-extras.cmake
-- Up-to-date: /home/jetson/Senior_Design_Project/camera_ros_node/install/multisense_msgs/share/multisense_msgs/cmake/ament_cmake_export_targets-extras.cmake
-- Up-to-date: /home/jetson/Senior_Design_Project/camera_ros_node/install/multisense_msgs/share/multisense_msgs/cmake/rosidl_cmake_export_typesupport_targets-extras.cmake
-- Up-to-date: /home/jetson/Senior_Design_Project/camera_ros_node/install/multisense_msgs/share/multisense_msgs/cmake/rosidl_cmake_export_typesupport_libraries-extras.cmake
-- Up-to-date: /home/jetson/Senior_Design_Project/camera_ros_node/install/multisense_msgs/share/multisense_msgs/cmake/multisense_msgsConfig.cmake
-- Up-to-date: /home/jetson/Senior_Design_Project/camera_ros_node/install/multisense_msgs/share/multisense_msgs/cmake/multisense_msgsConfig-version.cmake
-- Up-to-date: /home/jetson/Senior_Design_Project/camera_ros_node/install/multisense_msgs/share/multisense_msgs/package.xml
