[0.043s] Invoking command in '/home/jetson/Senior_Design_Project/camera_ros_node/build/multisense_msgs': CMAKE_PREFIX_PATH=/opt/ros/humble /usr/bin/cmake --build /home/jetson/Senior_Design_Project/camera_ros_node/build/multisense_msgs -- -j6 -l6
[0.226s] [  0%] Built target multisense_msgs__cpp
[0.264s] [ 12%] Built target multisense_msgs__rosidl_generator_c
[0.274s] [ 12%] Built target ament_cmake_python_copy_multisense_msgs
[0.301s] [ 24%] Built target multisense_msgs__rosidl_typesupport_cpp
[0.324s] [ 35%] Built target multisense_msgs__rosidl_typesupport_fastrtps_cpp
[0.333s] [ 47%] Built target multisense_msgs__rosidl_typesupport_introspection_cpp
[0.362s] [ 59%] Built target multisense_msgs__rosidl_typesupport_introspection_c
[0.374s] [ 71%] Built target multisense_msgs__rosidl_typesupport_c
[0.380s] [ 83%] Built target multisense_msgs__rosidl_typesupport_fastrtps_c
[0.459s] [ 83%] Built target multisense_msgs
[0.511s] [ 84%] Built target multisense_msgs__py
[0.593s] [ 95%] Built target multisense_msgs__rosidl_generator_py
[0.641s] [ 97%] Built target multisense_msgs__rosidl_typesupport_introspection_c__pyext
[0.643s] [ 99%] Built target multisense_msgs__rosidl_typesupport_fastrtps_c__pyext
[0.650s] [100%] Built target multisense_msgs__rosidl_typesupport_c__pyext
[0.893s] running egg_info
[0.895s] writing multisense_msgs.egg-info/PKG-INFO
[0.896s] writing dependency_links to multisense_msgs.egg-info/dependency_links.txt
[0.896s] writing top-level names to multisense_msgs.egg-info/top_level.txt
[0.903s] reading manifest file 'multisense_msgs.egg-info/SOURCES.txt'
[0.905s] writing manifest file 'multisense_msgs.egg-info/SOURCES.txt'
[0.979s] [100%] Built target ament_cmake_python_build_multisense_msgs_egg
[1.007s] Invoked command in '/home/jetson/Senior_Design_Project/camera_ros_node/build/multisense_msgs' returned '0': CMAKE_PREFIX_PATH=/opt/ros/humble /usr/bin/cmake --build /home/jetson/Senior_Design_Project/camera_ros_node/build/multisense_msgs -- -j6 -l6
[1.411s] Invoking command in '/home/jetson/Senior_Design_Project/camera_ros_node/build/multisense_msgs': CMAKE_PREFIX_PATH=/opt/ros/humble /usr/bin/cmake --install /home/jetson/Senior_Design_Project/camera_ros_node/build/multisense_msgs
[1.430s] -- Install configuration: "Release"
[1.431s] -- Up-to-date: /home/jetson/Senior_Design_Project/camera_ros_node/install/multisense_msgs/share/ament_index/resource_index/rosidl_interfaces/multisense_msgs
[1.431s] -- Up-to-date: /home/jetson/Senior_Design_Project/camera_ros_node/install/multisense_msgs/include/multisense_msgs/multisense_msgs
[1.431s] -- Up-to-date: /home/jetson/Senior_Design_Project/camera_ros_node/install/multisense_msgs/include/multisense_msgs/multisense_msgs/msg
[1.432s] -- Up-to-date: /home/jetson/Senior_Design_Project/camera_ros_node/install/multisense_msgs/include/multisense_msgs/multisense_msgs/msg/stamped_pps.h
[1.432s] -- Up-to-date: /home/jetson/Senior_Design_Project/camera_ros_node/install/multisense_msgs/include/multisense_msgs/multisense_msgs/msg/raw_cam_cal.h
[1.432s] -- Up-to-date: /home/jetson/Senior_Design_Project/camera_ros_node/install/multisense_msgs/include/multisense_msgs/multisense_msgs/msg/device_status.h
[1.432s] -- Up-to-date: /home/jetson/Senior_Design_Project/camera_ros_node/install/multisense_msgs/include/multisense_msgs/multisense_msgs/msg/rosidl_generator_c__visibility_control.h
[1.433s] -- Up-to-date: /home/jetson/Senior_Design_Project/camera_ros_node/install/multisense_msgs/include/multisense_msgs/multisense_msgs/msg/raw_lidar_cal.h
[1.433s] -- Up-to-date: /home/jetson/Senior_Design_Project/camera_ros_node/install/multisense_msgs/include/multisense_msgs/multisense_msgs/msg/raw_cam_data.h
[1.433s] -- Up-to-date: /home/jetson/Senior_Design_Project/camera_ros_node/install/multisense_msgs/include/multisense_msgs/multisense_msgs/msg/raw_cam_config.h
[1.433s] -- Up-to-date: /home/jetson/Senior_Design_Project/camera_ros_node/install/multisense_msgs/include/multisense_msgs/multisense_msgs/msg/histogram.h
[1.434s] -- Up-to-date: /home/jetson/Senior_Design_Project/camera_ros_node/install/multisense_msgs/include/multisense_msgs/multisense_msgs/msg/raw_lidar_data.h
[1.434s] -- Up-to-date: /home/jetson/Senior_Design_Project/camera_ros_node/install/multisense_msgs/include/multisense_msgs/multisense_msgs/msg/detail
[1.434s] -- Up-to-date: /home/jetson/Senior_Design_Project/camera_ros_node/install/multisense_msgs/include/multisense_msgs/multisense_msgs/msg/detail/device_status__functions.h
[1.434s] -- Up-to-date: /home/jetson/Senior_Design_Project/camera_ros_node/install/multisense_msgs/include/multisense_msgs/multisense_msgs/msg/detail/raw_imu_data__type_support.h
[1.434s] -- Up-to-date: /home/jetson/Senior_Design_Project/camera_ros_node/install/multisense_msgs/include/multisense_msgs/multisense_msgs/msg/detail/ptp_status__functions.h
[1.435s] -- Up-to-date: /home/jetson/Senior_Design_Project/camera_ros_node/install/multisense_msgs/include/multisense_msgs/multisense_msgs/msg/detail/raw_cam_config__type_support.h
[1.435s] -- Up-to-date: /home/jetson/Senior_Design_Project/camera_ros_node/install/multisense_msgs/include/multisense_msgs/multisense_msgs/msg/detail/device_info__struct.h
[1.435s] -- Up-to-date: /home/jetson/Senior_Design_Project/camera_ros_node/install/multisense_msgs/include/multisense_msgs/multisense_msgs/msg/detail/device_status__type_support.h
[1.435s] -- Up-to-date: /home/jetson/Senior_Design_Project/camera_ros_node/install/multisense_msgs/include/multisense_msgs/multisense_msgs/msg/detail/ptp_status__struct.h
[1.435s] -- Up-to-date: /home/jetson/Senior_Design_Project/camera_ros_node/install/multisense_msgs/include/multisense_msgs/multisense_msgs/msg/detail/raw_cam_config__functions.h
[1.436s] -- Up-to-date: /home/jetson/Senior_Design_Project/camera_ros_node/install/multisense_msgs/include/multisense_msgs/multisense_msgs/msg/detail/raw_cam_data__functions.h
[1.436s] -- Up-to-date: /home/jetson/Senior_Design_Project/camera_ros_node/install/multisense_msgs/include/multisense_msgs/multisense_msgs/msg/detail/raw_cam_cal__struct.h
[1.436s] -- Up-to-date: /home/jetson/Senior_Design_Project/camera_ros_node/install/multisense_msgs/include/multisense_msgs/multisense_msgs/msg/detail/raw_lidar_cal__struct.h
[1.436s] -- Up-to-date: /home/jetson/Senior_Design_Project/camera_ros_node/install/multisense_msgs/include/multisense_msgs/multisense_msgs/msg/detail/histogram__functions.h
[1.436s] -- Up-to-date: /home/jetson/Senior_Design_Project/camera_ros_node/install/multisense_msgs/include/multisense_msgs/multisense_msgs/msg/detail/ptp_status__type_support.h
[1.436s] -- Up-to-date: /home/jetson/Senior_Design_Project/camera_ros_node/install/multisense_msgs/include/multisense_msgs/multisense_msgs/msg/detail/histogram__functions.c
[1.436s] -- Up-to-date: /home/jetson/Senior_Design_Project/camera_ros_node/install/multisense_msgs/include/multisense_msgs/multisense_msgs/msg/detail/raw_lidar_cal__functions.h
[1.437s] -- Up-to-date: /home/jetson/Senior_Design_Project/camera_ros_node/install/multisense_msgs/include/multisense_msgs/multisense_msgs/msg/detail/raw_imu_data__functions.h
[1.437s] -- Up-to-date: /home/jetson/Senior_Design_Project/camera_ros_node/install/multisense_msgs/include/multisense_msgs/multisense_msgs/msg/detail/raw_cam_cal__functions.c
[1.437s] -- Up-to-date: /home/jetson/Senior_Design_Project/camera_ros_node/install/multisense_msgs/include/multisense_msgs/multisense_msgs/msg/detail/raw_lidar_data__type_support.h
[1.437s] -- Up-to-date: /home/jetson/Senior_Design_Project/camera_ros_node/install/multisense_msgs/include/multisense_msgs/multisense_msgs/msg/detail/raw_cam_data__type_support.h
[1.437s] -- Up-to-date: /home/jetson/Senior_Design_Project/camera_ros_node/install/multisense_msgs/include/multisense_msgs/multisense_msgs/msg/detail/raw_cam_cal__type_support.h
[1.437s] -- Up-to-date: /home/jetson/Senior_Design_Project/camera_ros_node/install/multisense_msgs/include/multisense_msgs/multisense_msgs/msg/detail/stamped_pps__struct.h
[1.437s] -- Up-to-date: /home/jetson/Senior_Design_Project/camera_ros_node/install/multisense_msgs/include/multisense_msgs/multisense_msgs/msg/detail/device_status__functions.c
[1.437s] -- Up-to-date: /home/jetson/Senior_Design_Project/camera_ros_node/install/multisense_msgs/include/multisense_msgs/multisense_msgs/msg/detail/raw_cam_data__functions.c
[1.437s] -- Up-to-date: /home/jetson/Senior_Design_Project/camera_ros_node/install/multisense_msgs/include/multisense_msgs/multisense_msgs/msg/detail/stamped_pps__functions.h
[1.438s] -- Up-to-date: /home/jetson/Senior_Design_Project/camera_ros_node/install/multisense_msgs/include/multisense_msgs/multisense_msgs/msg/detail/raw_lidar_data__functions.h
[1.438s] -- Up-to-date: /home/jetson/Senior_Design_Project/camera_ros_node/install/multisense_msgs/include/multisense_msgs/multisense_msgs/msg/detail/stamped_pps__type_support.h
[1.438s] -- Up-to-date: /home/jetson/Senior_Design_Project/camera_ros_node/install/multisense_msgs/include/multisense_msgs/multisense_msgs/msg/detail/device_info__functions.c
[1.438s] -- Up-to-date: /home/jetson/Senior_Design_Project/camera_ros_node/install/multisense_msgs/include/multisense_msgs/multisense_msgs/msg/detail/raw_lidar_cal__functions.c
[1.438s] -- Up-to-date: /home/jetson/Senior_Design_Project/camera_ros_node/install/multisense_msgs/include/multisense_msgs/multisense_msgs/msg/detail/raw_cam_data__struct.h
[1.438s] -- Up-to-date: /home/jetson/Senior_Design_Project/camera_ros_node/install/multisense_msgs/include/multisense_msgs/multisense_msgs/msg/detail/device_status__struct.h
[1.438s] -- Up-to-date: /home/jetson/Senior_Design_Project/camera_ros_node/install/multisense_msgs/include/multisense_msgs/multisense_msgs/msg/detail/raw_imu_data__struct.h
[1.439s] -- Up-to-date: /home/jetson/Senior_Design_Project/camera_ros_node/install/multisense_msgs/include/multisense_msgs/multisense_msgs/msg/detail/histogram__type_support.h
[1.439s] -- Up-to-date: /home/jetson/Senior_Design_Project/camera_ros_node/install/multisense_msgs/include/multisense_msgs/multisense_msgs/msg/detail/raw_imu_data__functions.c
[1.439s] -- Up-to-date: /home/jetson/Senior_Design_Project/camera_ros_node/install/multisense_msgs/include/multisense_msgs/multisense_msgs/msg/detail/raw_lidar_data__functions.c
[1.439s] -- Up-to-date: /home/jetson/Senior_Design_Project/camera_ros_node/install/multisense_msgs/include/multisense_msgs/multisense_msgs/msg/detail/stamped_pps__functions.c
[1.440s] -- Up-to-date: /home/jetson/Senior_Design_Project/camera_ros_node/install/multisense_msgs/include/multisense_msgs/multisense_msgs/msg/detail/raw_cam_config__functions.c
[1.440s] -- Up-to-date: /home/jetson/Senior_Design_Project/camera_ros_node/install/multisense_msgs/include/multisense_msgs/multisense_msgs/msg/detail/raw_cam_config__struct.h
[1.440s] -- Up-to-date: /home/jetson/Senior_Design_Project/camera_ros_node/install/multisense_msgs/include/multisense_msgs/multisense_msgs/msg/detail/device_info__functions.h
[1.440s] -- Up-to-date: /home/jetson/Senior_Design_Project/camera_ros_node/install/multisense_msgs/include/multisense_msgs/multisense_msgs/msg/detail/raw_lidar_data__struct.h
[1.440s] -- Up-to-date: /home/jetson/Senior_Design_Project/camera_ros_node/install/multisense_msgs/include/multisense_msgs/multisense_msgs/msg/detail/histogram__struct.h
[1.440s] -- Up-to-date: /home/jetson/Senior_Design_Project/camera_ros_node/install/multisense_msgs/include/multisense_msgs/multisense_msgs/msg/detail/ptp_status__functions.c
[1.440s] -- Up-to-date: /home/jetson/Senior_Design_Project/camera_ros_node/install/multisense_msgs/include/multisense_msgs/multisense_msgs/msg/detail/raw_lidar_cal__type_support.h
[1.440s] -- Up-to-date: /home/jetson/Senior_Design_Project/camera_ros_node/install/multisense_msgs/include/multisense_msgs/multisense_msgs/msg/detail/device_info__type_support.h
[1.440s] -- Up-to-date: /home/jetson/Senior_Design_Project/camera_ros_node/install/multisense_msgs/include/multisense_msgs/multisense_msgs/msg/detail/raw_cam_cal__functions.h
[1.441s] -- Up-to-date: /home/jetson/Senior_Design_Project/camera_ros_node/install/multisense_msgs/include/multisense_msgs/multisense_msgs/msg/ptp_status.h
[1.441s] -- Up-to-date: /home/jetson/Senior_Design_Project/camera_ros_node/install/multisense_msgs/include/multisense_msgs/multisense_msgs/msg/raw_imu_data.h
[1.441s] -- Up-to-date: /home/jetson/Senior_Design_Project/camera_ros_node/install/multisense_msgs/include/multisense_msgs/multisense_msgs/msg/device_info.h
[1.441s] -- Up-to-date: /home/jetson/Senior_Design_Project/camera_ros_node/install/multisense_msgs/share/multisense_msgs/environment/library_path.sh
[1.441s] -- Up-to-date: /home/jetson/Senior_Design_Project/camera_ros_node/install/multisense_msgs/share/multisense_msgs/environment/library_path.dsv
[1.441s] -- Up-to-date: /home/jetson/Senior_Design_Project/camera_ros_node/install/multisense_msgs/lib/libmultisense_msgs__rosidl_generator_c.so
[1.441s] -- Up-to-date: /home/jetson/Senior_Design_Project/camera_ros_node/install/multisense_msgs/include/multisense_msgs/multisense_msgs
[1.442s] -- Up-to-date: /home/jetson/Senior_Design_Project/camera_ros_node/install/multisense_msgs/include/multisense_msgs/multisense_msgs/msg
[1.442s] -- Up-to-date: /home/jetson/Senior_Design_Project/camera_ros_node/install/multisense_msgs/include/multisense_msgs/multisense_msgs/msg/detail
[1.442s] -- Up-to-date: /home/jetson/Senior_Design_Project/camera_ros_node/install/multisense_msgs/include/multisense_msgs/multisense_msgs/msg/detail/raw_imu_data__rosidl_typesupport_fastrtps_c.h
[1.442s] -- Up-to-date: /home/jetson/Senior_Design_Project/camera_ros_node/install/multisense_msgs/include/multisense_msgs/multisense_msgs/msg/detail/device_info__rosidl_typesupport_fastrtps_c.h
[1.443s] -- Up-to-date: /home/jetson/Senior_Design_Project/camera_ros_node/install/multisense_msgs/include/multisense_msgs/multisense_msgs/msg/detail/histogram__rosidl_typesupport_fastrtps_c.h
[1.443s] -- Up-to-date: /home/jetson/Senior_Design_Project/camera_ros_node/install/multisense_msgs/include/multisense_msgs/multisense_msgs/msg/detail/ptp_status__rosidl_typesupport_fastrtps_c.h
[1.443s] -- Up-to-date: /home/jetson/Senior_Design_Project/camera_ros_node/install/multisense_msgs/include/multisense_msgs/multisense_msgs/msg/detail/raw_lidar_cal__rosidl_typesupport_fastrtps_c.h
[1.443s] -- Up-to-date: /home/jetson/Senior_Design_Project/camera_ros_node/install/multisense_msgs/include/multisense_msgs/multisense_msgs/msg/detail/raw_cam_cal__rosidl_typesupport_fastrtps_c.h
[1.444s] -- Up-to-date: /home/jetson/Senior_Design_Project/camera_ros_node/install/multisense_msgs/include/multisense_msgs/multisense_msgs/msg/detail/device_status__rosidl_typesupport_fastrtps_c.h
[1.444s] -- Up-to-date: /home/jetson/Senior_Design_Project/camera_ros_node/install/multisense_msgs/include/multisense_msgs/multisense_msgs/msg/detail/stamped_pps__rosidl_typesupport_fastrtps_c.h
[1.444s] -- Up-to-date: /home/jetson/Senior_Design_Project/camera_ros_node/install/multisense_msgs/include/multisense_msgs/multisense_msgs/msg/detail/raw_lidar_data__rosidl_typesupport_fastrtps_c.h
[1.444s] -- Up-to-date: /home/jetson/Senior_Design_Project/camera_ros_node/install/multisense_msgs/include/multisense_msgs/multisense_msgs/msg/detail/raw_cam_config__rosidl_typesupport_fastrtps_c.h
[1.445s] -- Up-to-date: /home/jetson/Senior_Design_Project/camera_ros_node/install/multisense_msgs/include/multisense_msgs/multisense_msgs/msg/detail/raw_cam_data__rosidl_typesupport_fastrtps_c.h
[1.445s] -- Up-to-date: /home/jetson/Senior_Design_Project/camera_ros_node/install/multisense_msgs/include/multisense_msgs/multisense_msgs/msg/rosidl_typesupport_fastrtps_c__visibility_control.h
[1.445s] -- Up-to-date: /home/jetson/Senior_Design_Project/camera_ros_node/install/multisense_msgs/lib/libmultisense_msgs__rosidl_typesupport_fastrtps_c.so
[1.445s] -- Up-to-date: /home/jetson/Senior_Design_Project/camera_ros_node/install/multisense_msgs/include/multisense_msgs/multisense_msgs
[1.445s] -- Up-to-date: /home/jetson/Senior_Design_Project/camera_ros_node/install/multisense_msgs/include/multisense_msgs/multisense_msgs/msg
[1.446s] -- Up-to-date: /home/jetson/Senior_Design_Project/camera_ros_node/install/multisense_msgs/include/multisense_msgs/multisense_msgs/msg/raw_lidar_cal.hpp
[1.446s] -- Up-to-date: /home/jetson/Senior_Design_Project/camera_ros_node/install/multisense_msgs/include/multisense_msgs/multisense_msgs/msg/histogram.hpp
[1.446s] -- Up-to-date: /home/jetson/Senior_Design_Project/camera_ros_node/install/multisense_msgs/include/multisense_msgs/multisense_msgs/msg/stamped_pps.hpp
[1.446s] -- Up-to-date: /home/jetson/Senior_Design_Project/camera_ros_node/install/multisense_msgs/include/multisense_msgs/multisense_msgs/msg/ptp_status.hpp
[1.446s] -- Up-to-date: /home/jetson/Senior_Design_Project/camera_ros_node/install/multisense_msgs/include/multisense_msgs/multisense_msgs/msg/raw_cam_config.hpp
[1.446s] -- Up-to-date: /home/jetson/Senior_Design_Project/camera_ros_node/install/multisense_msgs/include/multisense_msgs/multisense_msgs/msg/device_info.hpp
[1.446s] -- Up-to-date: /home/jetson/Senior_Design_Project/camera_ros_node/install/multisense_msgs/include/multisense_msgs/multisense_msgs/msg/raw_imu_data.hpp
[1.447s] -- Up-to-date: /home/jetson/Senior_Design_Project/camera_ros_node/install/multisense_msgs/include/multisense_msgs/multisense_msgs/msg/detail
[1.447s] -- Up-to-date: /home/jetson/Senior_Design_Project/camera_ros_node/install/multisense_msgs/include/multisense_msgs/multisense_msgs/msg/detail/stamped_pps__builder.hpp
[1.447s] -- Up-to-date: /home/jetson/Senior_Design_Project/camera_ros_node/install/multisense_msgs/include/multisense_msgs/multisense_msgs/msg/detail/raw_cam_cal__struct.hpp
[1.447s] -- Up-to-date: /home/jetson/Senior_Design_Project/camera_ros_node/install/multisense_msgs/include/multisense_msgs/multisense_msgs/msg/detail/histogram__traits.hpp
[1.447s] -- Up-to-date: /home/jetson/Senior_Design_Project/camera_ros_node/install/multisense_msgs/include/multisense_msgs/multisense_msgs/msg/detail/stamped_pps__traits.hpp
[1.447s] -- Up-to-date: /home/jetson/Senior_Design_Project/camera_ros_node/install/multisense_msgs/include/multisense_msgs/multisense_msgs/msg/detail/histogram__struct.hpp
[1.447s] -- Up-to-date: /home/jetson/Senior_Design_Project/camera_ros_node/install/multisense_msgs/include/multisense_msgs/multisense_msgs/msg/detail/raw_cam_data__traits.hpp
[1.448s] -- Up-to-date: /home/jetson/Senior_Design_Project/camera_ros_node/install/multisense_msgs/include/multisense_msgs/multisense_msgs/msg/detail/ptp_status__traits.hpp
[1.448s] -- Up-to-date: /home/jetson/Senior_Design_Project/camera_ros_node/install/multisense_msgs/include/multisense_msgs/multisense_msgs/msg/detail/raw_lidar_cal__struct.hpp
[1.448s] -- Up-to-date: /home/jetson/Senior_Design_Project/camera_ros_node/install/multisense_msgs/include/multisense_msgs/multisense_msgs/msg/detail/raw_cam_data__struct.hpp
[1.448s] -- Up-to-date: /home/jetson/Senior_Design_Project/camera_ros_node/install/multisense_msgs/include/multisense_msgs/multisense_msgs/msg/detail/raw_cam_config__builder.hpp
[1.448s] -- Up-to-date: /home/jetson/Senior_Design_Project/camera_ros_node/install/multisense_msgs/include/multisense_msgs/multisense_msgs/msg/detail/ptp_status__struct.hpp
[1.449s] -- Up-to-date: /home/jetson/Senior_Design_Project/camera_ros_node/install/multisense_msgs/include/multisense_msgs/multisense_msgs/msg/detail/raw_imu_data__builder.hpp
[1.449s] -- Up-to-date: /home/jetson/Senior_Design_Project/camera_ros_node/install/multisense_msgs/include/multisense_msgs/multisense_msgs/msg/detail/device_info__traits.hpp
[1.449s] -- Up-to-date: /home/jetson/Senior_Design_Project/camera_ros_node/install/multisense_msgs/include/multisense_msgs/multisense_msgs/msg/detail/stamped_pps__struct.hpp
[1.449s] -- Up-to-date: /home/jetson/Senior_Design_Project/camera_ros_node/install/multisense_msgs/include/multisense_msgs/multisense_msgs/msg/detail/raw_lidar_cal__builder.hpp
[1.450s] -- Up-to-date: /home/jetson/Senior_Design_Project/camera_ros_node/install/multisense_msgs/include/multisense_msgs/multisense_msgs/msg/detail/raw_imu_data__traits.hpp
[1.450s] -- Up-to-date: /home/jetson/Senior_Design_Project/camera_ros_node/install/multisense_msgs/include/multisense_msgs/multisense_msgs/msg/detail/raw_cam_config__struct.hpp
[1.450s] -- Up-to-date: /home/jetson/Senior_Design_Project/camera_ros_node/install/multisense_msgs/include/multisense_msgs/multisense_msgs/msg/detail/raw_cam_cal__builder.hpp
[1.450s] -- Up-to-date: /home/jetson/Senior_Design_Project/camera_ros_node/install/multisense_msgs/include/multisense_msgs/multisense_msgs/msg/detail/device_status__traits.hpp
[1.450s] -- Up-to-date: /home/jetson/Senior_Design_Project/camera_ros_node/install/multisense_msgs/include/multisense_msgs/multisense_msgs/msg/detail/raw_cam_data__builder.hpp
[1.450s] -- Up-to-date: /home/jetson/Senior_Design_Project/camera_ros_node/install/multisense_msgs/include/multisense_msgs/multisense_msgs/msg/detail/raw_cam_config__traits.hpp
[1.450s] -- Up-to-date: /home/jetson/Senior_Design_Project/camera_ros_node/install/multisense_msgs/include/multisense_msgs/multisense_msgs/msg/detail/device_status__builder.hpp
[1.450s] -- Up-to-date: /home/jetson/Senior_Design_Project/camera_ros_node/install/multisense_msgs/include/multisense_msgs/multisense_msgs/msg/detail/device_info__struct.hpp
[1.451s] -- Up-to-date: /home/jetson/Senior_Design_Project/camera_ros_node/install/multisense_msgs/include/multisense_msgs/multisense_msgs/msg/detail/raw_cam_cal__traits.hpp
[1.451s] -- Up-to-date: /home/jetson/Senior_Design_Project/camera_ros_node/install/multisense_msgs/include/multisense_msgs/multisense_msgs/msg/detail/device_status__struct.hpp
[1.451s] -- Up-to-date: /home/jetson/Senior_Design_Project/camera_ros_node/install/multisense_msgs/include/multisense_msgs/multisense_msgs/msg/detail/device_info__builder.hpp
[1.451s] -- Up-to-date: /home/jetson/Senior_Design_Project/camera_ros_node/install/multisense_msgs/include/multisense_msgs/multisense_msgs/msg/detail/raw_lidar_cal__traits.hpp
[1.451s] -- Up-to-date: /home/jetson/Senior_Design_Project/camera_ros_node/install/multisense_msgs/include/multisense_msgs/multisense_msgs/msg/detail/raw_lidar_data__traits.hpp
[1.451s] -- Up-to-date: /home/jetson/Senior_Design_Project/camera_ros_node/install/multisense_msgs/include/multisense_msgs/multisense_msgs/msg/detail/raw_lidar_data__struct.hpp
[1.451s] -- Up-to-date: /home/jetson/Senior_Design_Project/camera_ros_node/install/multisense_msgs/include/multisense_msgs/multisense_msgs/msg/detail/raw_imu_data__struct.hpp
[1.452s] -- Up-to-date: /home/jetson/Senior_Design_Project/camera_ros_node/install/multisense_msgs/include/multisense_msgs/multisense_msgs/msg/detail/ptp_status__builder.hpp
[1.452s] -- Up-to-date: /home/jetson/Senior_Design_Project/camera_ros_node/install/multisense_msgs/include/multisense_msgs/multisense_msgs/msg/detail/raw_lidar_data__builder.hpp
[1.452s] -- Up-to-date: /home/jetson/Senior_Design_Project/camera_ros_node/install/multisense_msgs/include/multisense_msgs/multisense_msgs/msg/detail/histogram__builder.hpp
[1.452s] -- Up-to-date: /home/jetson/Senior_Design_Project/camera_ros_node/install/multisense_msgs/include/multisense_msgs/multisense_msgs/msg/device_status.hpp
[1.452s] -- Up-to-date: /home/jetson/Senior_Design_Project/camera_ros_node/install/multisense_msgs/include/multisense_msgs/multisense_msgs/msg/raw_cam_data.hpp
[1.452s] -- Up-to-date: /home/jetson/Senior_Design_Project/camera_ros_node/install/multisense_msgs/include/multisense_msgs/multisense_msgs/msg/raw_lidar_data.hpp
[1.452s] -- Up-to-date: /home/jetson/Senior_Design_Project/camera_ros_node/install/multisense_msgs/include/multisense_msgs/multisense_msgs/msg/raw_cam_cal.hpp
[1.452s] -- Up-to-date: /home/jetson/Senior_Design_Project/camera_ros_node/install/multisense_msgs/include/multisense_msgs/multisense_msgs
[1.453s] -- Up-to-date: /home/jetson/Senior_Design_Project/camera_ros_node/install/multisense_msgs/include/multisense_msgs/multisense_msgs/msg
[1.453s] -- Up-to-date: /home/jetson/Senior_Design_Project/camera_ros_node/install/multisense_msgs/include/multisense_msgs/multisense_msgs/msg/detail
[1.453s] -- Up-to-date: /home/jetson/Senior_Design_Project/camera_ros_node/install/multisense_msgs/include/multisense_msgs/multisense_msgs/msg/detail/stamped_pps__rosidl_typesupport_fastrtps_cpp.hpp
[1.453s] -- Up-to-date: /home/jetson/Senior_Design_Project/camera_ros_node/install/multisense_msgs/include/multisense_msgs/multisense_msgs/msg/detail/raw_lidar_data__rosidl_typesupport_fastrtps_cpp.hpp
[1.454s] -- Up-to-date: /home/jetson/Senior_Design_Project/camera_ros_node/install/multisense_msgs/include/multisense_msgs/multisense_msgs/msg/detail/raw_cam_data__rosidl_typesupport_fastrtps_cpp.hpp
[1.454s] -- Up-to-date: /home/jetson/Senior_Design_Project/camera_ros_node/install/multisense_msgs/include/multisense_msgs/multisense_msgs/msg/detail/raw_imu_data__rosidl_typesupport_fastrtps_cpp.hpp
[1.454s] -- Up-to-date: /home/jetson/Senior_Design_Project/camera_ros_node/install/multisense_msgs/include/multisense_msgs/multisense_msgs/msg/detail/dds_fastrtps
[1.454s] -- Up-to-date: /home/jetson/Senior_Design_Project/camera_ros_node/install/multisense_msgs/include/multisense_msgs/multisense_msgs/msg/detail/raw_lidar_cal__rosidl_typesupport_fastrtps_cpp.hpp
[1.454s] -- Up-to-date: /home/jetson/Senior_Design_Project/camera_ros_node/install/multisense_msgs/include/multisense_msgs/multisense_msgs/msg/detail/raw_cam_config__rosidl_typesupport_fastrtps_cpp.hpp
[1.454s] -- Up-to-date: /home/jetson/Senior_Design_Project/camera_ros_node/install/multisense_msgs/include/multisense_msgs/multisense_msgs/msg/detail/device_info__rosidl_typesupport_fastrtps_cpp.hpp
[1.455s] -- Up-to-date: /home/jetson/Senior_Design_Project/camera_ros_node/install/multisense_msgs/include/multisense_msgs/multisense_msgs/msg/detail/raw_cam_cal__rosidl_typesupport_fastrtps_cpp.hpp
[1.455s] -- Up-to-date: /home/jetson/Senior_Design_Project/camera_ros_node/install/multisense_msgs/include/multisense_msgs/multisense_msgs/msg/detail/ptp_status__rosidl_typesupport_fastrtps_cpp.hpp
[1.455s] -- Up-to-date: /home/jetson/Senior_Design_Project/camera_ros_node/install/multisense_msgs/include/multisense_msgs/multisense_msgs/msg/detail/device_status__rosidl_typesupport_fastrtps_cpp.hpp
[1.455s] -- Up-to-date: /home/jetson/Senior_Design_Project/camera_ros_node/install/multisense_msgs/include/multisense_msgs/multisense_msgs/msg/detail/histogram__rosidl_typesupport_fastrtps_cpp.hpp
[1.455s] -- Up-to-date: /home/jetson/Senior_Design_Project/camera_ros_node/install/multisense_msgs/include/multisense_msgs/multisense_msgs/msg/rosidl_typesupport_fastrtps_cpp__visibility_control.h
[1.455s] -- Up-to-date: /home/jetson/Senior_Design_Project/camera_ros_node/install/multisense_msgs/lib/libmultisense_msgs__rosidl_typesupport_fastrtps_cpp.so
[1.455s] -- Up-to-date: /home/jetson/Senior_Design_Project/camera_ros_node/install/multisense_msgs/include/multisense_msgs/multisense_msgs
[1.456s] -- Up-to-date: /home/jetson/Senior_Design_Project/camera_ros_node/install/multisense_msgs/include/multisense_msgs/multisense_msgs/msg
[1.456s] -- Up-to-date: /home/jetson/Senior_Design_Project/camera_ros_node/install/multisense_msgs/include/multisense_msgs/multisense_msgs/msg/detail
[1.456s] -- Up-to-date: /home/jetson/Senior_Design_Project/camera_ros_node/install/multisense_msgs/include/multisense_msgs/multisense_msgs/msg/detail/device_status__rosidl_typesupport_introspection_c.h
[1.456s] -- Up-to-date: /home/jetson/Senior_Design_Project/camera_ros_node/install/multisense_msgs/include/multisense_msgs/multisense_msgs/msg/detail/histogram__type_support.c
[1.456s] -- Up-to-date: /home/jetson/Senior_Design_Project/camera_ros_node/install/multisense_msgs/include/multisense_msgs/multisense_msgs/msg/detail/raw_cam_cal__type_support.c
[1.456s] -- Up-to-date: /home/jetson/Senior_Design_Project/camera_ros_node/install/multisense_msgs/include/multisense_msgs/multisense_msgs/msg/detail/ptp_status__type_support.c
[1.456s] -- Up-to-date: /home/jetson/Senior_Design_Project/camera_ros_node/install/multisense_msgs/include/multisense_msgs/multisense_msgs/msg/detail/raw_imu_data__rosidl_typesupport_introspection_c.h
[1.456s] -- Up-to-date: /home/jetson/Senior_Design_Project/camera_ros_node/install/multisense_msgs/include/multisense_msgs/multisense_msgs/msg/detail/device_info__type_support.c
[1.457s] -- Up-to-date: /home/jetson/Senior_Design_Project/camera_ros_node/install/multisense_msgs/include/multisense_msgs/multisense_msgs/msg/detail/raw_cam_data__rosidl_typesupport_introspection_c.h
[1.457s] -- Up-to-date: /home/jetson/Senior_Design_Project/camera_ros_node/install/multisense_msgs/include/multisense_msgs/multisense_msgs/msg/detail/raw_cam_config__type_support.c
[1.457s] -- Up-to-date: /home/jetson/Senior_Design_Project/camera_ros_node/install/multisense_msgs/include/multisense_msgs/multisense_msgs/msg/detail/device_status__type_support.c
[1.457s] -- Up-to-date: /home/jetson/Senior_Design_Project/camera_ros_node/install/multisense_msgs/include/multisense_msgs/multisense_msgs/msg/detail/stamped_pps__type_support.c
[1.457s] -- Up-to-date: /home/jetson/Senior_Design_Project/camera_ros_node/install/multisense_msgs/include/multisense_msgs/multisense_msgs/msg/detail/raw_lidar_data__rosidl_typesupport_introspection_c.h
[1.457s] -- Up-to-date: /home/jetson/Senior_Design_Project/camera_ros_node/install/multisense_msgs/include/multisense_msgs/multisense_msgs/msg/detail/raw_cam_data__type_support.c
[1.457s] -- Up-to-date: /home/jetson/Senior_Design_Project/camera_ros_node/install/multisense_msgs/include/multisense_msgs/multisense_msgs/msg/detail/raw_lidar_cal__rosidl_typesupport_introspection_c.h
[1.457s] -- Up-to-date: /home/jetson/Senior_Design_Project/camera_ros_node/install/multisense_msgs/include/multisense_msgs/multisense_msgs/msg/detail/histogram__rosidl_typesupport_introspection_c.h
[1.458s] -- Up-to-date: /home/jetson/Senior_Design_Project/camera_ros_node/install/multisense_msgs/include/multisense_msgs/multisense_msgs/msg/detail/stamped_pps__rosidl_typesupport_introspection_c.h
[1.458s] -- Up-to-date: /home/jetson/Senior_Design_Project/camera_ros_node/install/multisense_msgs/include/multisense_msgs/multisense_msgs/msg/detail/device_info__rosidl_typesupport_introspection_c.h
[1.458s] -- Up-to-date: /home/jetson/Senior_Design_Project/camera_ros_node/install/multisense_msgs/include/multisense_msgs/multisense_msgs/msg/detail/raw_lidar_data__type_support.c
[1.458s] -- Up-to-date: /home/jetson/Senior_Design_Project/camera_ros_node/install/multisense_msgs/include/multisense_msgs/multisense_msgs/msg/detail/raw_cam_config__rosidl_typesupport_introspection_c.h
[1.458s] -- Up-to-date: /home/jetson/Senior_Design_Project/camera_ros_node/install/multisense_msgs/include/multisense_msgs/multisense_msgs/msg/detail/raw_cam_cal__rosidl_typesupport_introspection_c.h
[1.458s] -- Up-to-date: /home/jetson/Senior_Design_Project/camera_ros_node/install/multisense_msgs/include/multisense_msgs/multisense_msgs/msg/detail/ptp_status__rosidl_typesupport_introspection_c.h
[1.458s] -- Up-to-date: /home/jetson/Senior_Design_Project/camera_ros_node/install/multisense_msgs/include/multisense_msgs/multisense_msgs/msg/detail/raw_imu_data__type_support.c
[1.459s] -- Up-to-date: /home/jetson/Senior_Design_Project/camera_ros_node/install/multisense_msgs/include/multisense_msgs/multisense_msgs/msg/detail/raw_lidar_cal__type_support.c
[1.459s] -- Up-to-date: /home/jetson/Senior_Design_Project/camera_ros_node/install/multisense_msgs/include/multisense_msgs/multisense_msgs/msg/rosidl_typesupport_introspection_c__visibility_control.h
[1.459s] -- Up-to-date: /home/jetson/Senior_Design_Project/camera_ros_node/install/multisense_msgs/lib/libmultisense_msgs__rosidl_typesupport_introspection_c.so
[1.459s] -- Up-to-date: /home/jetson/Senior_Design_Project/camera_ros_node/install/multisense_msgs/lib/libmultisense_msgs__rosidl_typesupport_c.so
[1.459s] -- Up-to-date: /home/jetson/Senior_Design_Project/camera_ros_node/install/multisense_msgs/include/multisense_msgs/multisense_msgs
[1.459s] -- Up-to-date: /home/jetson/Senior_Design_Project/camera_ros_node/install/multisense_msgs/include/multisense_msgs/multisense_msgs/msg
[1.459s] -- Up-to-date: /home/jetson/Senior_Design_Project/camera_ros_node/install/multisense_msgs/include/multisense_msgs/multisense_msgs/msg/detail
[1.460s] -- Up-to-date: /home/jetson/Senior_Design_Project/camera_ros_node/install/multisense_msgs/include/multisense_msgs/multisense_msgs/msg/detail/raw_lidar_data__type_support.cpp
[1.460s] -- Up-to-date: /home/jetson/Senior_Design_Project/camera_ros_node/install/multisense_msgs/include/multisense_msgs/multisense_msgs/msg/detail/raw_imu_data__rosidl_typesupport_introspection_cpp.hpp
[1.460s] -- Up-to-date: /home/jetson/Senior_Design_Project/camera_ros_node/install/multisense_msgs/include/multisense_msgs/multisense_msgs/msg/detail/raw_imu_data__type_support.cpp
[1.460s] -- Up-to-date: /home/jetson/Senior_Design_Project/camera_ros_node/install/multisense_msgs/include/multisense_msgs/multisense_msgs/msg/detail/device_status__type_support.cpp
[1.460s] -- Up-to-date: /home/jetson/Senior_Design_Project/camera_ros_node/install/multisense_msgs/include/multisense_msgs/multisense_msgs/msg/detail/raw_cam_config__type_support.cpp
[1.460s] -- Up-to-date: /home/jetson/Senior_Design_Project/camera_ros_node/install/multisense_msgs/include/multisense_msgs/multisense_msgs/msg/detail/ptp_status__rosidl_typesupport_introspection_cpp.hpp
[1.460s] -- Up-to-date: /home/jetson/Senior_Design_Project/camera_ros_node/install/multisense_msgs/include/multisense_msgs/multisense_msgs/msg/detail/histogram__type_support.cpp
[1.461s] -- Up-to-date: /home/jetson/Senior_Design_Project/camera_ros_node/install/multisense_msgs/include/multisense_msgs/multisense_msgs/msg/detail/raw_lidar_cal__rosidl_typesupport_introspection_cpp.hpp
[1.461s] -- Up-to-date: /home/jetson/Senior_Design_Project/camera_ros_node/install/multisense_msgs/include/multisense_msgs/multisense_msgs/msg/detail/raw_lidar_data__rosidl_typesupport_introspection_cpp.hpp
[1.461s] -- Up-to-date: /home/jetson/Senior_Design_Project/camera_ros_node/install/multisense_msgs/include/multisense_msgs/multisense_msgs/msg/detail/device_status__rosidl_typesupport_introspection_cpp.hpp
[1.461s] -- Up-to-date: /home/jetson/Senior_Design_Project/camera_ros_node/install/multisense_msgs/include/multisense_msgs/multisense_msgs/msg/detail/device_info__type_support.cpp
[1.461s] -- Up-to-date: /home/jetson/Senior_Design_Project/camera_ros_node/install/multisense_msgs/include/multisense_msgs/multisense_msgs/msg/detail/histogram__rosidl_typesupport_introspection_cpp.hpp
[1.462s] -- Up-to-date: /home/jetson/Senior_Design_Project/camera_ros_node/install/multisense_msgs/include/multisense_msgs/multisense_msgs/msg/detail/raw_lidar_cal__type_support.cpp
[1.462s] -- Up-to-date: /home/jetson/Senior_Design_Project/camera_ros_node/install/multisense_msgs/include/multisense_msgs/multisense_msgs/msg/detail/raw_cam_data__type_support.cpp
[1.462s] -- Up-to-date: /home/jetson/Senior_Design_Project/camera_ros_node/install/multisense_msgs/include/multisense_msgs/multisense_msgs/msg/detail/stamped_pps__type_support.cpp
[1.462s] -- Up-to-date: /home/jetson/Senior_Design_Project/camera_ros_node/install/multisense_msgs/include/multisense_msgs/multisense_msgs/msg/detail/raw_cam_cal__type_support.cpp
[1.463s] -- Up-to-date: /home/jetson/Senior_Design_Project/camera_ros_node/install/multisense_msgs/include/multisense_msgs/multisense_msgs/msg/detail/raw_cam_cal__rosidl_typesupport_introspection_cpp.hpp
[1.463s] -- Up-to-date: /home/jetson/Senior_Design_Project/camera_ros_node/install/multisense_msgs/include/multisense_msgs/multisense_msgs/msg/detail/raw_cam_config__rosidl_typesupport_introspection_cpp.hpp
[1.463s] -- Up-to-date: /home/jetson/Senior_Design_Project/camera_ros_node/install/multisense_msgs/include/multisense_msgs/multisense_msgs/msg/detail/raw_cam_data__rosidl_typesupport_introspection_cpp.hpp
[1.463s] -- Up-to-date: /home/jetson/Senior_Design_Project/camera_ros_node/install/multisense_msgs/include/multisense_msgs/multisense_msgs/msg/detail/ptp_status__type_support.cpp
[1.463s] -- Up-to-date: /home/jetson/Senior_Design_Project/camera_ros_node/install/multisense_msgs/include/multisense_msgs/multisense_msgs/msg/detail/stamped_pps__rosidl_typesupport_introspection_cpp.hpp
[1.463s] -- Up-to-date: /home/jetson/Senior_Design_Project/camera_ros_node/install/multisense_msgs/include/multisense_msgs/multisense_msgs/msg/detail/device_info__rosidl_typesupport_introspection_cpp.hpp
[1.464s] -- Up-to-date: /home/jetson/Senior_Design_Project/camera_ros_node/install/multisense_msgs/lib/libmultisense_msgs__rosidl_typesupport_introspection_cpp.so
[1.464s] -- Up-to-date: /home/jetson/Senior_Design_Project/camera_ros_node/install/multisense_msgs/lib/libmultisense_msgs__rosidl_typesupport_cpp.so
[1.464s] -- Up-to-date: /home/jetson/Senior_Design_Project/camera_ros_node/install/multisense_msgs/share/multisense_msgs/environment/pythonpath.sh
[1.464s] -- Up-to-date: /home/jetson/Senior_Design_Project/camera_ros_node/install/multisense_msgs/share/multisense_msgs/environment/pythonpath.dsv
[1.464s] -- Up-to-date: /home/jetson/Senior_Design_Project/camera_ros_node/install/multisense_msgs/local/lib/python3.10/dist-packages/multisense_msgs-1.0.0-py3.10.egg-info
[1.464s] -- Installing: /home/jetson/Senior_Design_Project/camera_ros_node/install/multisense_msgs/local/lib/python3.10/dist-packages/multisense_msgs-1.0.0-py3.10.egg-info/dependency_links.txt
[1.464s] -- Installing: /home/jetson/Senior_Design_Project/camera_ros_node/install/multisense_msgs/local/lib/python3.10/dist-packages/multisense_msgs-1.0.0-py3.10.egg-info/PKG-INFO
[1.464s] -- Installing: /home/jetson/Senior_Design_Project/camera_ros_node/install/multisense_msgs/local/lib/python3.10/dist-packages/multisense_msgs-1.0.0-py3.10.egg-info/SOURCES.txt
[1.464s] -- Installing: /home/jetson/Senior_Design_Project/camera_ros_node/install/multisense_msgs/local/lib/python3.10/dist-packages/multisense_msgs-1.0.0-py3.10.egg-info/top_level.txt
[1.465s] -- Up-to-date: /home/jetson/Senior_Design_Project/camera_ros_node/install/multisense_msgs/local/lib/python3.10/dist-packages/multisense_msgs
[1.465s] -- Up-to-date: /home/jetson/Senior_Design_Project/camera_ros_node/install/multisense_msgs/local/lib/python3.10/dist-packages/multisense_msgs/_multisense_msgs_s.ep.rosidl_typesupport_introspection_c.c
[1.465s] -- Up-to-date: /home/jetson/Senior_Design_Project/camera_ros_node/install/multisense_msgs/local/lib/python3.10/dist-packages/multisense_msgs/multisense_msgs_s__rosidl_typesupport_c.cpython-310-aarch64-linux-gnu.so
[1.465s] -- Up-to-date: /home/jetson/Senior_Design_Project/camera_ros_node/install/multisense_msgs/local/lib/python3.10/dist-packages/multisense_msgs/_multisense_msgs_s.ep.rosidl_typesupport_fastrtps_c.c
[1.465s] -- Up-to-date: /home/jetson/Senior_Design_Project/camera_ros_node/install/multisense_msgs/local/lib/python3.10/dist-packages/multisense_msgs/msg
[1.465s] -- Up-to-date: /home/jetson/Senior_Design_Project/camera_ros_node/install/multisense_msgs/local/lib/python3.10/dist-packages/multisense_msgs/msg/_ptp_status_s.c
[1.465s] -- Up-to-date: /home/jetson/Senior_Design_Project/camera_ros_node/install/multisense_msgs/local/lib/python3.10/dist-packages/multisense_msgs/msg/_device_info.py
[1.465s] -- Up-to-date: /home/jetson/Senior_Design_Project/camera_ros_node/install/multisense_msgs/local/lib/python3.10/dist-packages/multisense_msgs/msg/_raw_cam_cal_s.c
[1.466s] -- Up-to-date: /home/jetson/Senior_Design_Project/camera_ros_node/install/multisense_msgs/local/lib/python3.10/dist-packages/multisense_msgs/msg/_raw_cam_data_s.c
[1.466s] -- Up-to-date: /home/jetson/Senior_Design_Project/camera_ros_node/install/multisense_msgs/local/lib/python3.10/dist-packages/multisense_msgs/msg/_raw_cam_config.py
[1.466s] -- Up-to-date: /home/jetson/Senior_Design_Project/camera_ros_node/install/multisense_msgs/local/lib/python3.10/dist-packages/multisense_msgs/msg/_ptp_status.py
[1.466s] -- Up-to-date: /home/jetson/Senior_Design_Project/camera_ros_node/install/multisense_msgs/local/lib/python3.10/dist-packages/multisense_msgs/msg/_raw_cam_config_s.c
[1.466s] -- Up-to-date: /home/jetson/Senior_Design_Project/camera_ros_node/install/multisense_msgs/local/lib/python3.10/dist-packages/multisense_msgs/msg/_device_status_s.c
[1.466s] -- Up-to-date: /home/jetson/Senior_Design_Project/camera_ros_node/install/multisense_msgs/local/lib/python3.10/dist-packages/multisense_msgs/msg/_histogram.py
[1.466s] -- Up-to-date: /home/jetson/Senior_Design_Project/camera_ros_node/install/multisense_msgs/local/lib/python3.10/dist-packages/multisense_msgs/msg/_device_status.py
[1.466s] -- Up-to-date: /home/jetson/Senior_Design_Project/camera_ros_node/install/multisense_msgs/local/lib/python3.10/dist-packages/multisense_msgs/msg/_stamped_pps_s.c
[1.467s] -- Up-to-date: /home/jetson/Senior_Design_Project/camera_ros_node/install/multisense_msgs/local/lib/python3.10/dist-packages/multisense_msgs/msg/_raw_lidar_data.py
[1.467s] -- Up-to-date: /home/jetson/Senior_Design_Project/camera_ros_node/install/multisense_msgs/local/lib/python3.10/dist-packages/multisense_msgs/msg/_raw_cam_data.py
[1.467s] -- Up-to-date: /home/jetson/Senior_Design_Project/camera_ros_node/install/multisense_msgs/local/lib/python3.10/dist-packages/multisense_msgs/msg/_raw_imu_data.py
[1.467s] -- Up-to-date: /home/jetson/Senior_Design_Project/camera_ros_node/install/multisense_msgs/local/lib/python3.10/dist-packages/multisense_msgs/msg/__init__.py
[1.467s] -- Up-to-date: /home/jetson/Senior_Design_Project/camera_ros_node/install/multisense_msgs/local/lib/python3.10/dist-packages/multisense_msgs/msg/_histogram_s.c
[1.467s] -- Up-to-date: /home/jetson/Senior_Design_Project/camera_ros_node/install/multisense_msgs/local/lib/python3.10/dist-packages/multisense_msgs/msg/_raw_imu_data_s.c
[1.467s] -- Up-to-date: /home/jetson/Senior_Design_Project/camera_ros_node/install/multisense_msgs/local/lib/python3.10/dist-packages/multisense_msgs/msg/_raw_lidar_data_s.c
[1.467s] -- Up-to-date: /home/jetson/Senior_Design_Project/camera_ros_node/install/multisense_msgs/local/lib/python3.10/dist-packages/multisense_msgs/msg/_raw_cam_cal.py
[1.467s] -- Up-to-date: /home/jetson/Senior_Design_Project/camera_ros_node/install/multisense_msgs/local/lib/python3.10/dist-packages/multisense_msgs/msg/_raw_lidar_cal.py
[1.468s] -- Up-to-date: /home/jetson/Senior_Design_Project/camera_ros_node/install/multisense_msgs/local/lib/python3.10/dist-packages/multisense_msgs/msg/_raw_lidar_cal_s.c
[1.468s] -- Up-to-date: /home/jetson/Senior_Design_Project/camera_ros_node/install/multisense_msgs/local/lib/python3.10/dist-packages/multisense_msgs/msg/_stamped_pps.py
[1.468s] -- Up-to-date: /home/jetson/Senior_Design_Project/camera_ros_node/install/multisense_msgs/local/lib/python3.10/dist-packages/multisense_msgs/msg/_device_info_s.c
[1.468s] -- Up-to-date: /home/jetson/Senior_Design_Project/camera_ros_node/install/multisense_msgs/local/lib/python3.10/dist-packages/multisense_msgs/__init__.py
[1.468s] -- Up-to-date: /home/jetson/Senior_Design_Project/camera_ros_node/install/multisense_msgs/local/lib/python3.10/dist-packages/multisense_msgs/multisense_msgs_s__rosidl_typesupport_introspection_c.cpython-310-aarch64-linux-gnu.so
[1.468s] -- Up-to-date: /home/jetson/Senior_Design_Project/camera_ros_node/install/multisense_msgs/local/lib/python3.10/dist-packages/multisense_msgs/libmultisense_msgs__rosidl_generator_py.so
[1.468s] -- Up-to-date: /home/jetson/Senior_Design_Project/camera_ros_node/install/multisense_msgs/local/lib/python3.10/dist-packages/multisense_msgs/_multisense_msgs_s.ep.rosidl_typesupport_c.c
[1.468s] -- Up-to-date: /home/jetson/Senior_Design_Project/camera_ros_node/install/multisense_msgs/local/lib/python3.10/dist-packages/multisense_msgs/multisense_msgs_s__rosidl_typesupport_fastrtps_c.cpython-310-aarch64-linux-gnu.so
[1.537s] Listing '/home/jetson/Senior_Design_Project/camera_ros_node/install/multisense_msgs/local/lib/python3.10/dist-packages/multisense_msgs'...
[1.537s] Listing '/home/jetson/Senior_Design_Project/camera_ros_node/install/multisense_msgs/local/lib/python3.10/dist-packages/multisense_msgs/msg'...
[1.550s] -- Up-to-date: /home/jetson/Senior_Design_Project/camera_ros_node/install/multisense_msgs/local/lib/python3.10/dist-packages/multisense_msgs/multisense_msgs_s__rosidl_typesupport_fastrtps_c.cpython-310-aarch64-linux-gnu.so
[1.551s] -- Up-to-date: /home/jetson/Senior_Design_Project/camera_ros_node/install/multisense_msgs/local/lib/python3.10/dist-packages/multisense_msgs/multisense_msgs_s__rosidl_typesupport_introspection_c.cpython-310-aarch64-linux-gnu.so
[1.552s] -- Up-to-date: /home/jetson/Senior_Design_Project/camera_ros_node/install/multisense_msgs/local/lib/python3.10/dist-packages/multisense_msgs/multisense_msgs_s__rosidl_typesupport_c.cpython-310-aarch64-linux-gnu.so
[1.553s] -- Up-to-date: /home/jetson/Senior_Design_Project/camera_ros_node/install/multisense_msgs/lib/libmultisense_msgs__rosidl_generator_py.so
[1.554s] -- Up-to-date: /home/jetson/Senior_Design_Project/camera_ros_node/install/multisense_msgs/share/multisense_msgs/msg/DeviceInfo.idl
[1.554s] -- Up-to-date: /home/jetson/Senior_Design_Project/camera_ros_node/install/multisense_msgs/share/multisense_msgs/msg/RawCamConfig.idl
[1.554s] -- Up-to-date: /home/jetson/Senior_Design_Project/camera_ros_node/install/multisense_msgs/share/multisense_msgs/msg/RawImuData.idl
[1.555s] -- Up-to-date: /home/jetson/Senior_Design_Project/camera_ros_node/install/multisense_msgs/share/multisense_msgs/msg/RawLidarData.idl
[1.555s] -- Up-to-date: /home/jetson/Senior_Design_Project/camera_ros_node/install/multisense_msgs/share/multisense_msgs/msg/RawCamCal.idl
[1.555s] -- Up-to-date: /home/jetson/Senior_Design_Project/camera_ros_node/install/multisense_msgs/share/multisense_msgs/msg/RawCamData.idl
[1.555s] -- Up-to-date: /home/jetson/Senior_Design_Project/camera_ros_node/install/multisense_msgs/share/multisense_msgs/msg/RawLidarCal.idl
[1.555s] -- Up-to-date: /home/jetson/Senior_Design_Project/camera_ros_node/install/multisense_msgs/share/multisense_msgs/msg/Histogram.idl
[1.555s] -- Up-to-date: /home/jetson/Senior_Design_Project/camera_ros_node/install/multisense_msgs/share/multisense_msgs/msg/DeviceStatus.idl
[1.556s] -- Up-to-date: /home/jetson/Senior_Design_Project/camera_ros_node/install/multisense_msgs/share/multisense_msgs/msg/PtpStatus.idl
[1.556s] -- Up-to-date: /home/jetson/Senior_Design_Project/camera_ros_node/install/multisense_msgs/share/multisense_msgs/msg/StampedPps.idl
[1.556s] -- Up-to-date: /home/jetson/Senior_Design_Project/camera_ros_node/install/multisense_msgs/share/multisense_msgs/msg/DeviceInfo.msg
[1.556s] -- Up-to-date: /home/jetson/Senior_Design_Project/camera_ros_node/install/multisense_msgs/share/multisense_msgs/msg/RawCamConfig.msg
[1.556s] -- Up-to-date: /home/jetson/Senior_Design_Project/camera_ros_node/install/multisense_msgs/share/multisense_msgs/msg/RawImuData.msg
[1.556s] -- Up-to-date: /home/jetson/Senior_Design_Project/camera_ros_node/install/multisense_msgs/share/multisense_msgs/msg/RawLidarData.msg
[1.557s] -- Up-to-date: /home/jetson/Senior_Design_Project/camera_ros_node/install/multisense_msgs/share/multisense_msgs/msg/RawCamCal.msg
[1.557s] -- Up-to-date: /home/jetson/Senior_Design_Project/camera_ros_node/install/multisense_msgs/share/multisense_msgs/msg/RawCamData.msg
[1.557s] -- Up-to-date: /home/jetson/Senior_Design_Project/camera_ros_node/install/multisense_msgs/share/multisense_msgs/msg/RawLidarCal.msg
[1.557s] -- Up-to-date: /home/jetson/Senior_Design_Project/camera_ros_node/install/multisense_msgs/share/multisense_msgs/msg/Histogram.msg
[1.557s] -- Up-to-date: /home/jetson/Senior_Design_Project/camera_ros_node/install/multisense_msgs/share/multisense_msgs/msg/DeviceStatus.msg
[1.557s] -- Up-to-date: /home/jetson/Senior_Design_Project/camera_ros_node/install/multisense_msgs/share/multisense_msgs/msg/PtpStatus.msg
[1.558s] -- Up-to-date: /home/jetson/Senior_Design_Project/camera_ros_node/install/multisense_msgs/share/multisense_msgs/msg/StampedPps.msg
[1.558s] -- Up-to-date: /home/jetson/Senior_Design_Project/camera_ros_node/install/multisense_msgs/share/ament_index/resource_index/package_run_dependencies/multisense_msgs
[1.558s] -- Up-to-date: /home/jetson/Senior_Design_Project/camera_ros_node/install/multisense_msgs/share/ament_index/resource_index/parent_prefix_path/multisense_msgs
[1.558s] -- Up-to-date: /home/jetson/Senior_Design_Project/camera_ros_node/install/multisense_msgs/share/multisense_msgs/environment/ament_prefix_path.sh
[1.558s] -- Up-to-date: /home/jetson/Senior_Design_Project/camera_ros_node/install/multisense_msgs/share/multisense_msgs/environment/ament_prefix_path.dsv
[1.558s] -- Up-to-date: /home/jetson/Senior_Design_Project/camera_ros_node/install/multisense_msgs/share/multisense_msgs/environment/path.sh
[1.559s] -- Up-to-date: /home/jetson/Senior_Design_Project/camera_ros_node/install/multisense_msgs/share/multisense_msgs/environment/path.dsv
[1.559s] -- Up-to-date: /home/jetson/Senior_Design_Project/camera_ros_node/install/multisense_msgs/share/multisense_msgs/local_setup.bash
[1.559s] -- Up-to-date: /home/jetson/Senior_Design_Project/camera_ros_node/install/multisense_msgs/share/multisense_msgs/local_setup.sh
[1.559s] -- Up-to-date: /home/jetson/Senior_Design_Project/camera_ros_node/install/multisense_msgs/share/multisense_msgs/local_setup.zsh
[1.559s] -- Up-to-date: /home/jetson/Senior_Design_Project/camera_ros_node/install/multisense_msgs/share/multisense_msgs/local_setup.dsv
[1.559s] -- Installing: /home/jetson/Senior_Design_Project/camera_ros_node/install/multisense_msgs/share/multisense_msgs/package.dsv
[1.560s] -- Up-to-date: /home/jetson/Senior_Design_Project/camera_ros_node/install/multisense_msgs/share/ament_index/resource_index/packages/multisense_msgs
[1.561s] -- Up-to-date: /home/jetson/Senior_Design_Project/camera_ros_node/install/multisense_msgs/share/multisense_msgs/cmake/export_multisense_msgs__rosidl_generator_cExport.cmake
[1.562s] -- Up-to-date: /home/jetson/Senior_Design_Project/camera_ros_node/install/multisense_msgs/share/multisense_msgs/cmake/export_multisense_msgs__rosidl_generator_cExport-release.cmake
[1.562s] -- Up-to-date: /home/jetson/Senior_Design_Project/camera_ros_node/install/multisense_msgs/share/multisense_msgs/cmake/export_multisense_msgs__rosidl_typesupport_fastrtps_cExport.cmake
[1.563s] -- Up-to-date: /home/jetson/Senior_Design_Project/camera_ros_node/install/multisense_msgs/share/multisense_msgs/cmake/export_multisense_msgs__rosidl_typesupport_fastrtps_cExport-release.cmake
[1.563s] -- Up-to-date: /home/jetson/Senior_Design_Project/camera_ros_node/install/multisense_msgs/share/multisense_msgs/cmake/export_multisense_msgs__rosidl_generator_cppExport.cmake
[1.564s] -- Up-to-date: /home/jetson/Senior_Design_Project/camera_ros_node/install/multisense_msgs/share/multisense_msgs/cmake/export_multisense_msgs__rosidl_typesupport_fastrtps_cppExport.cmake
[1.564s] -- Up-to-date: /home/jetson/Senior_Design_Project/camera_ros_node/install/multisense_msgs/share/multisense_msgs/cmake/export_multisense_msgs__rosidl_typesupport_fastrtps_cppExport-release.cmake
[1.565s] -- Up-to-date: /home/jetson/Senior_Design_Project/camera_ros_node/install/multisense_msgs/share/multisense_msgs/cmake/multisense_msgs__rosidl_typesupport_introspection_cExport.cmake
[1.565s] -- Up-to-date: /home/jetson/Senior_Design_Project/camera_ros_node/install/multisense_msgs/share/multisense_msgs/cmake/multisense_msgs__rosidl_typesupport_introspection_cExport-release.cmake
[1.566s] -- Up-to-date: /home/jetson/Senior_Design_Project/camera_ros_node/install/multisense_msgs/share/multisense_msgs/cmake/multisense_msgs__rosidl_typesupport_cExport.cmake
[1.566s] -- Up-to-date: /home/jetson/Senior_Design_Project/camera_ros_node/install/multisense_msgs/share/multisense_msgs/cmake/multisense_msgs__rosidl_typesupport_cExport-release.cmake
[1.567s] -- Up-to-date: /home/jetson/Senior_Design_Project/camera_ros_node/install/multisense_msgs/share/multisense_msgs/cmake/multisense_msgs__rosidl_typesupport_introspection_cppExport.cmake
[1.567s] -- Up-to-date: /home/jetson/Senior_Design_Project/camera_ros_node/install/multisense_msgs/share/multisense_msgs/cmake/multisense_msgs__rosidl_typesupport_introspection_cppExport-release.cmake
[1.568s] -- Up-to-date: /home/jetson/Senior_Design_Project/camera_ros_node/install/multisense_msgs/share/multisense_msgs/cmake/multisense_msgs__rosidl_typesupport_cppExport.cmake
[1.568s] -- Up-to-date: /home/jetson/Senior_Design_Project/camera_ros_node/install/multisense_msgs/share/multisense_msgs/cmake/multisense_msgs__rosidl_typesupport_cppExport-release.cmake
[1.569s] -- Up-to-date: /home/jetson/Senior_Design_Project/camera_ros_node/install/multisense_msgs/share/multisense_msgs/cmake/export_multisense_msgs__rosidl_generator_pyExport.cmake
[1.569s] -- Up-to-date: /home/jetson/Senior_Design_Project/camera_ros_node/install/multisense_msgs/share/multisense_msgs/cmake/export_multisense_msgs__rosidl_generator_pyExport-release.cmake
[1.569s] -- Up-to-date: /home/jetson/Senior_Design_Project/camera_ros_node/install/multisense_msgs/share/multisense_msgs/cmake/rosidl_cmake-extras.cmake
[1.569s] -- Up-to-date: /home/jetson/Senior_Design_Project/camera_ros_node/install/multisense_msgs/share/multisense_msgs/cmake/ament_cmake_export_dependencies-extras.cmake
[1.570s] -- Up-to-date: /home/jetson/Senior_Design_Project/camera_ros_node/install/multisense_msgs/share/multisense_msgs/cmake/ament_cmake_export_include_directories-extras.cmake
[1.570s] -- Up-to-date: /home/jetson/Senior_Design_Project/camera_ros_node/install/multisense_msgs/share/multisense_msgs/cmake/ament_cmake_export_libraries-extras.cmake
[1.570s] -- Up-to-date: /home/jetson/Senior_Design_Project/camera_ros_node/install/multisense_msgs/share/multisense_msgs/cmake/ament_cmake_export_targets-extras.cmake
[1.570s] -- Up-to-date: /home/jetson/Senior_Design_Project/camera_ros_node/install/multisense_msgs/share/multisense_msgs/cmake/rosidl_cmake_export_typesupport_targets-extras.cmake
[1.570s] -- Up-to-date: /home/jetson/Senior_Design_Project/camera_ros_node/install/multisense_msgs/share/multisense_msgs/cmake/rosidl_cmake_export_typesupport_libraries-extras.cmake
[1.570s] -- Up-to-date: /home/jetson/Senior_Design_Project/camera_ros_node/install/multisense_msgs/share/multisense_msgs/cmake/multisense_msgsConfig.cmake
[1.571s] -- Up-to-date: /home/jetson/Senior_Design_Project/camera_ros_node/install/multisense_msgs/share/multisense_msgs/cmake/multisense_msgsConfig-version.cmake
[1.571s] -- Up-to-date: /home/jetson/Senior_Design_Project/camera_ros_node/install/multisense_msgs/share/multisense_msgs/package.xml
[1.577s] Invoked command in '/home/jetson/Senior_Design_Project/camera_ros_node/build/multisense_msgs' returned '0': CMAKE_PREFIX_PATH=/opt/ros/humble /usr/bin/cmake --install /home/jetson/Senior_Design_Project/camera_ros_node/build/multisense_msgs
