[0.240s] [34mcolcon[0m [1;30mDEBUG[0m [32mCommand line arguments: ['/usr/bin/colcon', 'build'][0m
[0.241s] [34mcolcon[0m [1;30mDEBUG[0m [32mParsed command line arguments: Namespace(log_base=None, log_level=None, verb_name='build', build_base='build', install_base='install', merge_install=False, symlink_install=False, test_result_base=None, continue_on_error=False, executor='parallel', parallel_workers=6, event_handlers=None, ignore_user_meta=False, metas=['./colcon.meta'], base_paths=['.'], packages_ignore=None, packages_ignore_regex=None, paths=None, packages_up_to=None, packages_up_to_regex=None, packages_above=None, packages_above_and_dependencies=None, packages_above_depth=None, packages_select_by_dep=None, packages_skip_by_dep=None, packages_skip_up_to=None, packages_select_build_failed=False, packages_skip_build_finished=False, packages_select_test_failures=False, packages_skip_test_passed=False, packages_select=None, packages_skip=None, packages_select_regex=None, packages_skip_regex=None, packages_start=None, packages_end=None, allow_overriding=[], cmake_args=None, cmake_target=None, cmake_target_skip_unavailable=False, cmake_clean_cache=False, cmake_clean_first=False, cmake_force_configure=False, ament_cmake_args=None, catkin_cmake_args=None, catkin_skip_building_tests=False, mixin_files=None, mixin=None, verb_parser=<colcon_mixin.mixin.mixin_argument.MixinArgumentDecorator object at 0xffff88e04670>, verb_extension=<colcon_core.verb.build.BuildVerb object at 0xffff88f40a30>, main=<bound method BuildVerb.main of <colcon_core.verb.build.BuildVerb object at 0xffff88f40a30>>, mixin_verb=('build',))[0m
[0.583s] [34mcolcon.colcon_core.package_discovery[0m [1;30mLevel 1[0m discover_packages(colcon_meta) check parameters
[0.583s] [34mcolcon.colcon_core.package_discovery[0m [1;30mLevel 1[0m discover_packages(recursive) check parameters
[0.584s] [34mcolcon.colcon_core.package_discovery[0m [1;30mLevel 1[0m discover_packages(ignore) check parameters
[0.584s] [34mcolcon.colcon_core.package_discovery[0m [1;30mLevel 1[0m discover_packages(path) check parameters
[0.584s] [34mcolcon.colcon_core.package_discovery[0m [1;30mLevel 1[0m discover_packages(colcon_meta) discover
[0.584s] [34mcolcon.colcon_core.package_discovery[0m [1;30mLevel 1[0m discover_packages(recursive) discover
[0.584s] [34mcolcon.colcon_core.package_discovery[0m [1;30mINFO[0m Crawling recursively for packages in '/home/jetson/Senior_Design_Project/camera_ros_node'
[0.584s] [34mcolcon.colcon_core.package_identification[0m [1;30mLevel 1[0m _identify(.) by extensions ['ignore', 'ignore_ament_install']
[0.584s] [34mcolcon.colcon_core.package_identification[0m [1;30mLevel 1[0m _identify(.) by extension 'ignore'
[0.585s] [34mcolcon.colcon_core.package_identification[0m [1;30mLevel 1[0m _identify(.) by extension 'ignore_ament_install'
[0.585s] [34mcolcon.colcon_core.package_identification[0m [1;30mLevel 1[0m _identify(.) by extensions ['colcon_pkg']
[0.585s] [34mcolcon.colcon_core.package_identification[0m [1;30mLevel 1[0m _identify(.) by extension 'colcon_pkg'
[0.585s] [34mcolcon.colcon_core.package_identification[0m [1;30mLevel 1[0m _identify(.) by extensions ['colcon_meta']
[0.585s] [34mcolcon.colcon_core.package_identification[0m [1;30mLevel 1[0m _identify(.) by extension 'colcon_meta'
[0.585s] [34mcolcon.colcon_core.package_identification[0m [1;30mLevel 1[0m _identify(.) by extensions ['ros']
[0.585s] [34mcolcon.colcon_core.package_identification[0m [1;30mLevel 1[0m _identify(.) by extension 'ros'
[0.607s] [34mcolcon.colcon_core.package_identification[0m [1;30mLevel 1[0m _identify(.) by extensions ['cmake', 'python']
[0.607s] [34mcolcon.colcon_core.package_identification[0m [1;30mLevel 1[0m _identify(.) by extension 'cmake'
[0.607s] [34mcolcon.colcon_core.package_identification[0m [1;30mLevel 1[0m _identify(.) by extension 'python'
[0.607s] [34mcolcon.colcon_core.package_identification[0m [1;30mLevel 1[0m _identify(.) by extensions ['python_setup_py']
[0.607s] [34mcolcon.colcon_core.package_identification[0m [1;30mLevel 1[0m _identify(.) by extension 'python_setup_py'
[0.607s] [34mcolcon.colcon_core.package_identification[0m [1;30mLevel 1[0m _identify(build) by extensions ['ignore', 'ignore_ament_install']
[0.608s] [34mcolcon.colcon_core.package_identification[0m [1;30mLevel 1[0m _identify(build) by extension 'ignore'
[0.608s] [34mcolcon.colcon_core.package_identification[0m [1;30mLevel 1[0m _identify(build) ignored
[0.608s] [34mcolcon.colcon_core.package_identification[0m [1;30mLevel 1[0m _identify(install) by extensions ['ignore', 'ignore_ament_install']
[0.608s] [34mcolcon.colcon_core.package_identification[0m [1;30mLevel 1[0m _identify(install) by extension 'ignore'
[0.608s] [34mcolcon.colcon_core.package_identification[0m [1;30mLevel 1[0m _identify(install) ignored
[0.609s] [34mcolcon.colcon_core.package_identification[0m [1;30mLevel 1[0m _identify(log) by extensions ['ignore', 'ignore_ament_install']
[0.609s] [34mcolcon.colcon_core.package_identification[0m [1;30mLevel 1[0m _identify(log) by extension 'ignore'
[0.609s] [34mcolcon.colcon_core.package_identification[0m [1;30mLevel 1[0m _identify(log) ignored
[0.609s] [34mcolcon.colcon_core.package_identification[0m [1;30mLevel 1[0m _identify(src) by extensions ['ignore', 'ignore_ament_install']
[0.609s] [34mcolcon.colcon_core.package_identification[0m [1;30mLevel 1[0m _identify(src) by extension 'ignore'
[0.609s] [34mcolcon.colcon_core.package_identification[0m [1;30mLevel 1[0m _identify(src) by extension 'ignore_ament_install'
[0.609s] [34mcolcon.colcon_core.package_identification[0m [1;30mLevel 1[0m _identify(src) by extensions ['colcon_pkg']
[0.610s] [34mcolcon.colcon_core.package_identification[0m [1;30mLevel 1[0m _identify(src) by extension 'colcon_pkg'
[0.610s] [34mcolcon.colcon_core.package_identification[0m [1;30mLevel 1[0m _identify(src) by extensions ['colcon_meta']
[0.610s] [34mcolcon.colcon_core.package_identification[0m [1;30mLevel 1[0m _identify(src) by extension 'colcon_meta'
[0.610s] [34mcolcon.colcon_core.package_identification[0m [1;30mLevel 1[0m _identify(src) by extensions ['ros']
[0.610s] [34mcolcon.colcon_core.package_identification[0m [1;30mLevel 1[0m _identify(src) by extension 'ros'
[0.610s] [34mcolcon.colcon_core.package_identification[0m [1;30mLevel 1[0m _identify(src) by extensions ['cmake', 'python']
[0.610s] [34mcolcon.colcon_core.package_identification[0m [1;30mLevel 1[0m _identify(src) by extension 'cmake'
[0.610s] [34mcolcon.colcon_core.package_identification[0m [1;30mLevel 1[0m _identify(src) by extension 'python'
[0.610s] [34mcolcon.colcon_core.package_identification[0m [1;30mLevel 1[0m _identify(src) by extensions ['python_setup_py']
[0.610s] [34mcolcon.colcon_core.package_identification[0m [1;30mLevel 1[0m _identify(src) by extension 'python_setup_py'
[0.611s] [34mcolcon.colcon_core.package_identification[0m [1;30mLevel 1[0m _identify(src/multisense_ros2) by extensions ['ignore', 'ignore_ament_install']
[0.611s] [34mcolcon.colcon_core.package_identification[0m [1;30mLevel 1[0m _identify(src/multisense_ros2) by extension 'ignore'
[0.611s] [34mcolcon.colcon_core.package_identification[0m [1;30mLevel 1[0m _identify(src/multisense_ros2) by extension 'ignore_ament_install'
[0.611s] [34mcolcon.colcon_core.package_identification[0m [1;30mLevel 1[0m _identify(src/multisense_ros2) by extensions ['colcon_pkg']
[0.611s] [34mcolcon.colcon_core.package_identification[0m [1;30mLevel 1[0m _identify(src/multisense_ros2) by extension 'colcon_pkg'
[0.611s] [34mcolcon.colcon_core.package_identification[0m [1;30mLevel 1[0m _identify(src/multisense_ros2) by extensions ['colcon_meta']
[0.611s] [34mcolcon.colcon_core.package_identification[0m [1;30mLevel 1[0m _identify(src/multisense_ros2) by extension 'colcon_meta'
[0.611s] [34mcolcon.colcon_core.package_identification[0m [1;30mLevel 1[0m _identify(src/multisense_ros2) by extensions ['ros']
[0.611s] [34mcolcon.colcon_core.package_identification[0m [1;30mLevel 1[0m _identify(src/multisense_ros2) by extension 'ros'
[0.612s] [34mcolcon.colcon_core.package_identification[0m [1;30mLevel 1[0m _identify(src/multisense_ros2) by extensions ['cmake', 'python']
[0.612s] [34mcolcon.colcon_core.package_identification[0m [1;30mLevel 1[0m _identify(src/multisense_ros2) by extension 'cmake'
[0.612s] [34mcolcon.colcon_core.package_identification[0m [1;30mLevel 1[0m _identify(src/multisense_ros2) by extension 'python'
[0.612s] [34mcolcon.colcon_core.package_identification[0m [1;30mLevel 1[0m _identify(src/multisense_ros2) by extensions ['python_setup_py']
[0.612s] [34mcolcon.colcon_core.package_identification[0m [1;30mLevel 1[0m _identify(src/multisense_ros2) by extension 'python_setup_py'
[0.612s] [34mcolcon.colcon_core.package_identification[0m [1;30mLevel 1[0m _identify(src/multisense_ros2/multisense_lib) by extensions ['ignore', 'ignore_ament_install']
[0.612s] [34mcolcon.colcon_core.package_identification[0m [1;30mLevel 1[0m _identify(src/multisense_ros2/multisense_lib) by extension 'ignore'
[0.612s] [34mcolcon.colcon_core.package_identification[0m [1;30mLevel 1[0m _identify(src/multisense_ros2/multisense_lib) by extension 'ignore_ament_install'
[0.612s] [34mcolcon.colcon_core.package_identification[0m [1;30mLevel 1[0m _identify(src/multisense_ros2/multisense_lib) by extensions ['colcon_pkg']
[0.613s] [34mcolcon.colcon_core.package_identification[0m [1;30mLevel 1[0m _identify(src/multisense_ros2/multisense_lib) by extension 'colcon_pkg'
[0.613s] [34mcolcon.colcon_core.package_identification[0m [1;30mLevel 1[0m _identify(src/multisense_ros2/multisense_lib) by extensions ['colcon_meta']
[0.613s] [34mcolcon.colcon_core.package_identification[0m [1;30mLevel 1[0m _identify(src/multisense_ros2/multisense_lib) by extension 'colcon_meta'
[0.613s] [34mcolcon.colcon_core.package_identification[0m [1;30mLevel 1[0m _identify(src/multisense_ros2/multisense_lib) by extensions ['ros']
[0.613s] [34mcolcon.colcon_core.package_identification[0m [1;30mLevel 1[0m _identify(src/multisense_ros2/multisense_lib) by extension 'ros'
[0.618s] [34mcolcon.colcon_core.package_identification[0m [1;30mDEBUG[0m [32mPackage 'src/multisense_ros2/multisense_lib' with type 'ros.ament_cmake' and name 'multisense_lib'[0m
[0.618s] [34mcolcon.colcon_core.package_identification[0m [1;30mLevel 1[0m _identify(src/multisense_ros2/multisense_msgs) by extensions ['ignore', 'ignore_ament_install']
[0.618s] [34mcolcon.colcon_core.package_identification[0m [1;30mLevel 1[0m _identify(src/multisense_ros2/multisense_msgs) by extension 'ignore'
[0.618s] [34mcolcon.colcon_core.package_identification[0m [1;30mLevel 1[0m _identify(src/multisense_ros2/multisense_msgs) by extension 'ignore_ament_install'
[0.618s] [34mcolcon.colcon_core.package_identification[0m [1;30mLevel 1[0m _identify(src/multisense_ros2/multisense_msgs) by extensions ['colcon_pkg']
[0.619s] [34mcolcon.colcon_core.package_identification[0m [1;30mLevel 1[0m _identify(src/multisense_ros2/multisense_msgs) by extension 'colcon_pkg'
[0.619s] [34mcolcon.colcon_core.package_identification[0m [1;30mLevel 1[0m _identify(src/multisense_ros2/multisense_msgs) by extensions ['colcon_meta']
[0.619s] [34mcolcon.colcon_core.package_identification[0m [1;30mLevel 1[0m _identify(src/multisense_ros2/multisense_msgs) by extension 'colcon_meta'
[0.619s] [34mcolcon.colcon_core.package_identification[0m [1;30mLevel 1[0m _identify(src/multisense_ros2/multisense_msgs) by extensions ['ros']
[0.619s] [34mcolcon.colcon_core.package_identification[0m [1;30mLevel 1[0m _identify(src/multisense_ros2/multisense_msgs) by extension 'ros'
[0.620s] [34mcolcon.colcon_core.package_identification[0m [1;30mDEBUG[0m [32mPackage 'src/multisense_ros2/multisense_msgs' with type 'ros.ament_cmake' and name 'multisense_msgs'[0m
[0.620s] [34mcolcon.colcon_core.package_identification[0m [1;30mLevel 1[0m _identify(src/multisense_ros2/multisense_ros) by extensions ['ignore', 'ignore_ament_install']
[0.620s] [34mcolcon.colcon_core.package_identification[0m [1;30mLevel 1[0m _identify(src/multisense_ros2/multisense_ros) by extension 'ignore'
[0.621s] [34mcolcon.colcon_core.package_identification[0m [1;30mLevel 1[0m _identify(src/multisense_ros2/multisense_ros) by extension 'ignore_ament_install'
[0.621s] [34mcolcon.colcon_core.package_identification[0m [1;30mLevel 1[0m _identify(src/multisense_ros2/multisense_ros) by extensions ['colcon_pkg']
[0.621s] [34mcolcon.colcon_core.package_identification[0m [1;30mLevel 1[0m _identify(src/multisense_ros2/multisense_ros) by extension 'colcon_pkg'
[0.621s] [34mcolcon.colcon_core.package_identification[0m [1;30mLevel 1[0m _identify(src/multisense_ros2/multisense_ros) by extensions ['colcon_meta']
[0.621s] [34mcolcon.colcon_core.package_identification[0m [1;30mLevel 1[0m _identify(src/multisense_ros2/multisense_ros) by extension 'colcon_meta'
[0.621s] [34mcolcon.colcon_core.package_identification[0m [1;30mLevel 1[0m _identify(src/multisense_ros2/multisense_ros) by extensions ['ros']
[0.621s] [34mcolcon.colcon_core.package_identification[0m [1;30mLevel 1[0m _identify(src/multisense_ros2/multisense_ros) by extension 'ros'
[0.623s] [34mcolcon.colcon_core.package_identification[0m [1;30mDEBUG[0m [32mPackage 'src/multisense_ros2/multisense_ros' with type 'ros.ament_cmake' and name 'multisense_ros'[0m
[0.623s] [34mcolcon.colcon_core.package_identification[0m [1;30mLevel 1[0m _identify(src/sd_proj) by extensions ['ignore', 'ignore_ament_install']
[0.623s] [34mcolcon.colcon_core.package_identification[0m [1;30mLevel 1[0m _identify(src/sd_proj) by extension 'ignore'
[0.623s] [34mcolcon.colcon_core.package_identification[0m [1;30mLevel 1[0m _identify(src/sd_proj) by extension 'ignore_ament_install'
[0.624s] [34mcolcon.colcon_core.package_identification[0m [1;30mLevel 1[0m _identify(src/sd_proj) by extensions ['colcon_pkg']
[0.624s] [34mcolcon.colcon_core.package_identification[0m [1;30mLevel 1[0m _identify(src/sd_proj) by extension 'colcon_pkg'
[0.624s] [34mcolcon.colcon_core.package_identification[0m [1;30mLevel 1[0m _identify(src/sd_proj) by extensions ['colcon_meta']
[0.624s] [34mcolcon.colcon_core.package_identification[0m [1;30mLevel 1[0m _identify(src/sd_proj) by extension 'colcon_meta'
[0.624s] [34mcolcon.colcon_core.package_identification[0m [1;30mLevel 1[0m _identify(src/sd_proj) by extensions ['ros']
[0.624s] [34mcolcon.colcon_core.package_identification[0m [1;30mLevel 1[0m _identify(src/sd_proj) by extension 'ros'
[0.626s] [34mcolcon.colcon_core.package_identification[0m [1;30mDEBUG[0m [32mPackage 'src/sd_proj' with type 'ros.ament_python' and name 'sd_proj'[0m
[0.626s] [34mcolcon.colcon_core.package_discovery[0m [1;30mLevel 1[0m discover_packages(recursive) using defaults
[0.626s] [34mcolcon.colcon_core.package_discovery[0m [1;30mLevel 1[0m discover_packages(ignore) discover
[0.626s] [34mcolcon.colcon_core.package_discovery[0m [1;30mLevel 1[0m discover_packages(ignore) using defaults
[0.626s] [34mcolcon.colcon_core.package_discovery[0m [1;30mLevel 1[0m discover_packages(path) discover
[0.626s] [34mcolcon.colcon_core.package_discovery[0m [1;30mLevel 1[0m discover_packages(path) using defaults
[0.688s] [34mcolcon.colcon_core.package_discovery[0m [1;30mLevel 1[0m discover_packages(prefix_path) check parameters
[0.688s] [34mcolcon.colcon_core.package_discovery[0m [1;30mLevel 1[0m discover_packages(prefix_path) discover
[0.693s] [34mcolcon.colcon_installed_package_information.package_discovery[0m [1;30mDEBUG[0m [32mFound 271 installed packages in /opt/ros/humble[0m
[0.695s] [34mcolcon.colcon_core.package_discovery[0m [1;30mLevel 1[0m discover_packages(prefix_path) using defaults
[0.768s] [34mcolcon.colcon_core.verb[0m [1;30mLevel 5[0m set package 'multisense_lib' build argument 'cmake_args' from command line to 'None'
[0.768s] [34mcolcon.colcon_core.verb[0m [1;30mLevel 5[0m set package 'multisense_lib' build argument 'cmake_target' from command line to 'None'
[0.768s] [34mcolcon.colcon_core.verb[0m [1;30mLevel 5[0m set package 'multisense_lib' build argument 'cmake_target_skip_unavailable' from command line to 'False'
[0.768s] [34mcolcon.colcon_core.verb[0m [1;30mLevel 5[0m set package 'multisense_lib' build argument 'cmake_clean_cache' from command line to 'False'
[0.768s] [34mcolcon.colcon_core.verb[0m [1;30mLevel 5[0m set package 'multisense_lib' build argument 'cmake_clean_first' from command line to 'False'
[0.768s] [34mcolcon.colcon_core.verb[0m [1;30mLevel 5[0m set package 'multisense_lib' build argument 'cmake_force_configure' from command line to 'False'
[0.768s] [34mcolcon.colcon_core.verb[0m [1;30mLevel 5[0m set package 'multisense_lib' build argument 'ament_cmake_args' from command line to 'None'
[0.768s] [34mcolcon.colcon_core.verb[0m [1;30mLevel 5[0m set package 'multisense_lib' build argument 'catkin_cmake_args' from command line to 'None'
[0.768s] [34mcolcon.colcon_core.verb[0m [1;30mLevel 5[0m set package 'multisense_lib' build argument 'catkin_skip_building_tests' from command line to 'False'
[0.768s] [34mcolcon.colcon_core.verb[0m [1;30mDEBUG[0m [32mBuilding package 'multisense_lib' with the following arguments: {'ament_cmake_args': None, 'build_base': '/home/jetson/Senior_Design_Project/camera_ros_node/build/multisense_lib', 'catkin_cmake_args': None, 'catkin_skip_building_tests': False, 'cmake_args': None, 'cmake_clean_cache': False, 'cmake_clean_first': False, 'cmake_force_configure': False, 'cmake_target': None, 'cmake_target_skip_unavailable': False, 'install_base': '/home/jetson/Senior_Design_Project/camera_ros_node/install/multisense_lib', 'merge_install': False, 'path': '/home/jetson/Senior_Design_Project/camera_ros_node/src/multisense_ros2/multisense_lib', 'symlink_install': False, 'test_result_base': None}[0m
[0.769s] [34mcolcon.colcon_core.verb[0m [1;30mLevel 5[0m set package 'multisense_msgs' build argument 'cmake_args' from command line to 'None'
[0.769s] [34mcolcon.colcon_core.verb[0m [1;30mLevel 5[0m set package 'multisense_msgs' build argument 'cmake_target' from command line to 'None'
[0.769s] [34mcolcon.colcon_core.verb[0m [1;30mLevel 5[0m set package 'multisense_msgs' build argument 'cmake_target_skip_unavailable' from command line to 'False'
[0.769s] [34mcolcon.colcon_core.verb[0m [1;30mLevel 5[0m set package 'multisense_msgs' build argument 'cmake_clean_cache' from command line to 'False'
[0.769s] [34mcolcon.colcon_core.verb[0m [1;30mLevel 5[0m set package 'multisense_msgs' build argument 'cmake_clean_first' from command line to 'False'
[0.770s] [34mcolcon.colcon_core.verb[0m [1;30mLevel 5[0m set package 'multisense_msgs' build argument 'cmake_force_configure' from command line to 'False'
[0.770s] [34mcolcon.colcon_core.verb[0m [1;30mLevel 5[0m set package 'multisense_msgs' build argument 'ament_cmake_args' from command line to 'None'
[0.770s] [34mcolcon.colcon_core.verb[0m [1;30mLevel 5[0m set package 'multisense_msgs' build argument 'catkin_cmake_args' from command line to 'None'
[0.770s] [34mcolcon.colcon_core.verb[0m [1;30mLevel 5[0m set package 'multisense_msgs' build argument 'catkin_skip_building_tests' from command line to 'False'
[0.770s] [34mcolcon.colcon_core.verb[0m [1;30mDEBUG[0m [32mBuilding package 'multisense_msgs' with the following arguments: {'ament_cmake_args': None, 'build_base': '/home/jetson/Senior_Design_Project/camera_ros_node/build/multisense_msgs', 'catkin_cmake_args': None, 'catkin_skip_building_tests': False, 'cmake_args': None, 'cmake_clean_cache': False, 'cmake_clean_first': False, 'cmake_force_configure': False, 'cmake_target': None, 'cmake_target_skip_unavailable': False, 'install_base': '/home/jetson/Senior_Design_Project/camera_ros_node/install/multisense_msgs', 'merge_install': False, 'path': '/home/jetson/Senior_Design_Project/camera_ros_node/src/multisense_ros2/multisense_msgs', 'symlink_install': False, 'test_result_base': None}[0m
[0.770s] [34mcolcon.colcon_core.verb[0m [1;30mLevel 5[0m set package 'sd_proj' build argument 'cmake_args' from command line to 'None'
[0.771s] [34mcolcon.colcon_core.verb[0m [1;30mLevel 5[0m set package 'sd_proj' build argument 'cmake_target' from command line to 'None'
[0.771s] [34mcolcon.colcon_core.verb[0m [1;30mLevel 5[0m set package 'sd_proj' build argument 'cmake_target_skip_unavailable' from command line to 'False'
[0.771s] [34mcolcon.colcon_core.verb[0m [1;30mLevel 5[0m set package 'sd_proj' build argument 'cmake_clean_cache' from command line to 'False'
[0.771s] [34mcolcon.colcon_core.verb[0m [1;30mLevel 5[0m set package 'sd_proj' build argument 'cmake_clean_first' from command line to 'False'
[0.771s] [34mcolcon.colcon_core.verb[0m [1;30mLevel 5[0m set package 'sd_proj' build argument 'cmake_force_configure' from command line to 'False'
[0.771s] [34mcolcon.colcon_core.verb[0m [1;30mLevel 5[0m set package 'sd_proj' build argument 'ament_cmake_args' from command line to 'None'
[0.771s] [34mcolcon.colcon_core.verb[0m [1;30mLevel 5[0m set package 'sd_proj' build argument 'catkin_cmake_args' from command line to 'None'
[0.771s] [34mcolcon.colcon_core.verb[0m [1;30mLevel 5[0m set package 'sd_proj' build argument 'catkin_skip_building_tests' from command line to 'False'
[0.771s] [34mcolcon.colcon_core.verb[0m [1;30mDEBUG[0m [32mBuilding package 'sd_proj' with the following arguments: {'ament_cmake_args': None, 'build_base': '/home/jetson/Senior_Design_Project/camera_ros_node/build/sd_proj', 'catkin_cmake_args': None, 'catkin_skip_building_tests': False, 'cmake_args': None, 'cmake_clean_cache': False, 'cmake_clean_first': False, 'cmake_force_configure': False, 'cmake_target': None, 'cmake_target_skip_unavailable': False, 'install_base': '/home/jetson/Senior_Design_Project/camera_ros_node/install/sd_proj', 'merge_install': False, 'path': '/home/jetson/Senior_Design_Project/camera_ros_node/src/sd_proj', 'symlink_install': False, 'test_result_base': None}[0m
[0.772s] [34mcolcon.colcon_core.verb[0m [1;30mLevel 5[0m set package 'multisense_ros' build argument 'cmake_args' from command line to 'None'
[0.772s] [34mcolcon.colcon_core.verb[0m [1;30mLevel 5[0m set package 'multisense_ros' build argument 'cmake_target' from command line to 'None'
[0.772s] [34mcolcon.colcon_core.verb[0m [1;30mLevel 5[0m set package 'multisense_ros' build argument 'cmake_target_skip_unavailable' from command line to 'False'
[0.772s] [34mcolcon.colcon_core.verb[0m [1;30mLevel 5[0m set package 'multisense_ros' build argument 'cmake_clean_cache' from command line to 'False'
[0.772s] [34mcolcon.colcon_core.verb[0m [1;30mLevel 5[0m set package 'multisense_ros' build argument 'cmake_clean_first' from command line to 'False'
[0.772s] [34mcolcon.colcon_core.verb[0m [1;30mLevel 5[0m set package 'multisense_ros' build argument 'cmake_force_configure' from command line to 'False'
[0.772s] [34mcolcon.colcon_core.verb[0m [1;30mLevel 5[0m set package 'multisense_ros' build argument 'ament_cmake_args' from command line to 'None'
[0.772s] [34mcolcon.colcon_core.verb[0m [1;30mLevel 5[0m set package 'multisense_ros' build argument 'catkin_cmake_args' from command line to 'None'
[0.772s] [34mcolcon.colcon_core.verb[0m [1;30mLevel 5[0m set package 'multisense_ros' build argument 'catkin_skip_building_tests' from command line to 'False'
[0.772s] [34mcolcon.colcon_core.verb[0m [1;30mDEBUG[0m [32mBuilding package 'multisense_ros' with the following arguments: {'ament_cmake_args': None, 'build_base': '/home/jetson/Senior_Design_Project/camera_ros_node/build/multisense_ros', 'catkin_cmake_args': None, 'catkin_skip_building_tests': False, 'cmake_args': None, 'cmake_clean_cache': False, 'cmake_clean_first': False, 'cmake_force_configure': False, 'cmake_target': None, 'cmake_target_skip_unavailable': False, 'install_base': '/home/jetson/Senior_Design_Project/camera_ros_node/install/multisense_ros', 'merge_install': False, 'path': '/home/jetson/Senior_Design_Project/camera_ros_node/src/multisense_ros2/multisense_ros', 'symlink_install': False, 'test_result_base': None}[0m
[0.772s] [34mcolcon.colcon_core.executor[0m [1;30mINFO[0m Executing jobs using 'parallel' executor
[0.775s] [34mcolcon.colcon_parallel_executor.executor.parallel[0m [1;30mDEBUG[0m [32mrun_until_complete[0m
[0.775s] [34mcolcon.colcon_ros.task.ament_cmake.build[0m [1;30mINFO[0m Building ROS package in '/home/jetson/Senior_Design_Project/camera_ros_node/src/multisense_ros2/multisense_lib' with build type 'ament_cmake'
[0.775s] [34mcolcon.colcon_cmake.task.cmake.build[0m [1;30mINFO[0m Building CMake package in '/home/jetson/Senior_Design_Project/camera_ros_node/src/multisense_ros2/multisense_lib'
[0.779s] [34mcolcon.colcon_core.plugin_system[0m [1;30mINFO[0m Skipping extension 'colcon_core.shell.bat': Not used on non-Windows systems
[0.780s] [34mcolcon.colcon_core.shell[0m [1;30mINFO[0m Skip shell extension 'powershell' for command environment: Not usable outside of PowerShell
[0.780s] [34mcolcon.colcon_core.shell[0m [1;30mDEBUG[0m [32mSkip shell extension 'dsv' for command environment[0m
[0.786s] [34mcolcon.colcon_ros.task.ament_cmake.build[0m [1;30mINFO[0m Building ROS package in '/home/jetson/Senior_Design_Project/camera_ros_node/src/multisense_ros2/multisense_msgs' with build type 'ament_cmake'
[0.787s] [34mcolcon.colcon_cmake.task.cmake.build[0m [1;30mINFO[0m Building CMake package in '/home/jetson/Senior_Design_Project/camera_ros_node/src/multisense_ros2/multisense_msgs'
[0.787s] [34mcolcon.colcon_core.shell[0m [1;30mINFO[0m Skip shell extension 'powershell' for command environment: Not usable outside of PowerShell
[0.788s] [34mcolcon.colcon_core.shell[0m [1;30mDEBUG[0m [32mSkip shell extension 'dsv' for command environment[0m
[0.793s] [34mcolcon.colcon_ros.task.ament_python.build[0m [1;30mINFO[0m Building ROS package in '/home/jetson/Senior_Design_Project/camera_ros_node/src/sd_proj' with build type 'ament_python'
[0.793s] [34mcolcon.colcon_core.shell[0m [1;30mLevel 1[0m create_environment_hook('sd_proj', 'ament_prefix_path')
[0.794s] [34mcolcon.colcon_core.shell[0m [1;30mINFO[0m Creating environment hook '/home/jetson/Senior_Design_Project/camera_ros_node/install/sd_proj/share/sd_proj/hook/ament_prefix_path.ps1'
[0.795s] [34mcolcon.colcon_core.shell[0m [1;30mINFO[0m Creating environment descriptor '/home/jetson/Senior_Design_Project/camera_ros_node/install/sd_proj/share/sd_proj/hook/ament_prefix_path.dsv'
[0.796s] [34mcolcon.colcon_core.shell[0m [1;30mINFO[0m Creating environment hook '/home/jetson/Senior_Design_Project/camera_ros_node/install/sd_proj/share/sd_proj/hook/ament_prefix_path.sh'
[0.798s] [34mcolcon.colcon_core.shell[0m [1;30mINFO[0m Skip shell extension 'powershell' for command environment: Not usable outside of PowerShell
[0.798s] [34mcolcon.colcon_core.shell[0m [1;30mDEBUG[0m [32mSkip shell extension 'dsv' for command environment[0m
[0.808s] [34mcolcon.colcon_core.event_handler.log_command[0m [1;30mDEBUG[0m [32mInvoking command in '/home/jetson/Senior_Design_Project/camera_ros_node/build/multisense_lib': CMAKE_PREFIX_PATH=/opt/ros/humble /usr/bin/cmake /home/jetson/Senior_Design_Project/camera_ros_node/src/multisense_ros2/multisense_lib -DCMAKE_INSTALL_PREFIX=/home/jetson/Senior_Design_Project/camera_ros_node/install/multisense_lib[0m
[0.816s] [34mcolcon.colcon_core.event_handler.log_command[0m [1;30mDEBUG[0m [32mInvoking command in '/home/jetson/Senior_Design_Project/camera_ros_node/build/multisense_msgs': CMAKE_PREFIX_PATH=/opt/ros/humble /usr/bin/cmake /home/jetson/Senior_Design_Project/camera_ros_node/src/multisense_ros2/multisense_msgs -DCMAKE_INSTALL_PREFIX=/home/jetson/Senior_Design_Project/camera_ros_node/install/multisense_msgs[0m
[1.391s] [34mcolcon.colcon_core.task.python.build[0m [1;30mINFO[0m Building Python package in '/home/jetson/Senior_Design_Project/camera_ros_node/src/sd_proj'
[1.392s] [34mcolcon.colcon_core.shell[0m [1;30mINFO[0m Skip shell extension 'powershell' for command environment: Not usable outside of PowerShell
[1.392s] [34mcolcon.colcon_core.shell[0m [1;30mDEBUG[0m [32mSkip shell extension 'dsv' for command environment[0m
[2.054s] [34mcolcon.colcon_core.event_handler.log_command[0m [1;30mDEBUG[0m [32mInvoked command in '/home/jetson/Senior_Design_Project/camera_ros_node/build/multisense_lib' returned '1': CMAKE_PREFIX_PATH=/opt/ros/humble /usr/bin/cmake /home/jetson/Senior_Design_Project/camera_ros_node/src/multisense_ros2/multisense_lib -DCMAKE_INSTALL_PREFIX=/home/jetson/Senior_Design_Project/camera_ros_node/install/multisense_lib[0m
[2.080s] [34mcolcon.colcon_core.environment[0m [1;30mLevel 1[0m create_environment_scripts_only(multisense_lib)
[2.086s] [34mcolcon.colcon_core.environment[0m [1;30mLevel 1[0m checking '/home/jetson/Senior_Design_Project/camera_ros_node/install/multisense_lib' for CMake module files
[2.086s] [34mcolcon.colcon_core.environment[0m [1;30mLevel 1[0m checking '/home/jetson/Senior_Design_Project/camera_ros_node/install/multisense_lib' for CMake config files
[2.087s] [34mcolcon.colcon_core.environment[0m [1;30mLevel 1[0m checking '/home/jetson/Senior_Design_Project/camera_ros_node/install/multisense_lib/bin'
[2.087s] [34mcolcon.colcon_core.environment[0m [1;30mLevel 1[0m checking '/home/jetson/Senior_Design_Project/camera_ros_node/install/multisense_lib/lib/pkgconfig/multisense_lib.pc'
[2.088s] [34mcolcon.colcon_core.environment[0m [1;30mLevel 1[0m checking '/home/jetson/Senior_Design_Project/camera_ros_node/install/multisense_lib/lib/python3.10/site-packages'
[2.089s] [34mcolcon.colcon_core.environment[0m [1;30mLevel 1[0m checking '/home/jetson/Senior_Design_Project/camera_ros_node/install/multisense_lib/bin'
[2.090s] [34mcolcon.colcon_core.shell[0m [1;30mINFO[0m Creating package script '/home/jetson/Senior_Design_Project/camera_ros_node/install/multisense_lib/share/multisense_lib/package.ps1'
[2.092s] [34mcolcon.colcon_core.shell[0m [1;30mINFO[0m Creating package descriptor '/home/jetson/Senior_Design_Project/camera_ros_node/install/multisense_lib/share/multisense_lib/package.dsv'
[2.093s] [34mcolcon.colcon_core.shell[0m [1;30mINFO[0m Creating package script '/home/jetson/Senior_Design_Project/camera_ros_node/install/multisense_lib/share/multisense_lib/package.sh'
[2.094s] [34mcolcon.colcon_core.shell[0m [1;30mINFO[0m Creating package script '/home/jetson/Senior_Design_Project/camera_ros_node/install/multisense_lib/share/multisense_lib/package.bash'
[2.096s] [34mcolcon.colcon_core.shell[0m [1;30mINFO[0m Creating package script '/home/jetson/Senior_Design_Project/camera_ros_node/install/multisense_lib/share/multisense_lib/package.zsh'
[2.097s] [34mcolcon.colcon_core.environment[0m [1;30mLevel 1[0m create_file_with_runtime_dependencies(/home/jetson/Senior_Design_Project/camera_ros_node/install/multisense_lib/share/colcon-core/packages/multisense_lib)
[4.204s] [34mcolcon.colcon_parallel_executor.executor.parallel[0m [1;30mDEBUG[0m [32mclosing loop[0m
[4.205s] [34mcolcon.colcon_parallel_executor.executor.parallel[0m [1;30mDEBUG[0m [32mloop closed[0m
[4.205s] [34mcolcon.colcon_parallel_executor.executor.parallel[0m [1;30mDEBUG[0m [32mrun_until_complete finished with '1'[0m
[4.206s] [34mcolcon.colcon_core.event_reactor[0m [1;30mDEBUG[0m [32mjoining thread[0m
[4.227s] [34mcolcon.colcon_core.plugin_system[0m [1;30mINFO[0m Skipping extension 'colcon_notification.desktop_notification.terminal_notifier': Not used on non-Darwin systems
[4.228s] [34mcolcon.colcon_core.plugin_system[0m [1;30mINFO[0m Skipping extension 'colcon_notification.desktop_notification.win32': Not used on non-Windows systems
[4.228s] [34mcolcon.colcon_notification.desktop_notification[0m [1;30mINFO[0m Sending desktop notification using 'notify2'
[4.269s] [34mcolcon.colcon_core.event_reactor[0m [1;30mDEBUG[0m [32mjoined thread[0m
[4.271s] [34mcolcon.colcon_core.shell[0m [1;30mINFO[0m Creating prefix script '/home/jetson/Senior_Design_Project/camera_ros_node/install/local_setup.ps1'
[4.275s] [34mcolcon.colcon_core.shell[0m [1;30mINFO[0m Creating prefix util module '/home/jetson/Senior_Design_Project/camera_ros_node/install/_local_setup_util_ps1.py'
[4.280s] [34mcolcon.colcon_core.shell[0m [1;30mINFO[0m Creating prefix chain script '/home/jetson/Senior_Design_Project/camera_ros_node/install/setup.ps1'
[4.284s] [34mcolcon.colcon_core.shell[0m [1;30mINFO[0m Creating prefix script '/home/jetson/Senior_Design_Project/camera_ros_node/install/local_setup.sh'
[4.286s] [34mcolcon.colcon_core.shell[0m [1;30mINFO[0m Creating prefix util module '/home/jetson/Senior_Design_Project/camera_ros_node/install/_local_setup_util_sh.py'
[4.288s] [34mcolcon.colcon_core.shell[0m [1;30mINFO[0m Creating prefix chain script '/home/jetson/Senior_Design_Project/camera_ros_node/install/setup.sh'
[4.291s] [34mcolcon.colcon_core.shell[0m [1;30mINFO[0m Creating prefix script '/home/jetson/Senior_Design_Project/camera_ros_node/install/local_setup.bash'
[4.293s] [34mcolcon.colcon_core.shell[0m [1;30mINFO[0m Creating prefix chain script '/home/jetson/Senior_Design_Project/camera_ros_node/install/setup.bash'
[4.297s] [34mcolcon.colcon_core.shell[0m [1;30mINFO[0m Creating prefix script '/home/jetson/Senior_Design_Project/camera_ros_node/install/local_setup.zsh'
[4.298s] [34mcolcon.colcon_core.shell[0m [1;30mINFO[0m Creating prefix chain script '/home/jetson/Senior_Design_Project/camera_ros_node/install/setup.zsh'
