[0.035s] Invoking command in '/home/jetson/Senior_Design_Project/camera_ros_node/build/multisense_lib': CMAKE_PREFIX_PATH=/opt/ros/humble /usr/bin/cmake /home/jetson/Senior_Design_Project/camera_ros_node/src/multisense_ros2/multisense_lib -DCMAKE_INSTALL_PREFIX=/home/jetson/Senior_Design_Project/camera_ros_node/install/multisense_lib
[0.060s] -- Found ament_cmake: 1.3.10 (/opt/ros/humble/share/ament_cmake/cmake)
[0.334s] [31mCMake Error at CMakeLists.txt:26 (add_subdirectory):
[0.334s]   The source directory
[0.334s] 
[0.335s]     /home/jetson/Senior_Design_Project/camera_ros_node/src/multisense_ros2/multisense_lib/LibMultiSense
[0.335s] 
[0.335s]   does not contain a CMakeLists.txt file.
[0.335s] 
[0.335s] [0m
[0.336s] [33mCMake Warning at /opt/ros/humble/share/ament_cmake_export_include_directories/cmake/ament_export_include_directories.cmake:44 (message):
[0.337s]   ament_export_include_directories() package 'multisense_lib' exports the
[0.337s]   include directory
[0.337s]   '/home/jetson/Senior_Design_Project/camera_ros_node/src/multisense_ros2/multisense_lib/LibMultiSense/source/LibMultiSense/include'
[0.337s]   which doesn't exist
[0.337s] Call Stack (most recent call first):
[0.337s]   CMakeLists.txt:28 (ament_export_include_directories)
[0.337s] 
[0.337s] [0m
[0.480s] -- Configuring incomplete, errors occurred!
[0.480s] See also "/home/jetson/Senior_Design_Project/camera_ros_node/build/multisense_lib/CMakeFiles/CMakeOutput.log".
[0.611s] Invoked command in '/home/jetson/Senior_Design_Project/camera_ros_node/build/multisense_lib' returned '1': CMAKE_PREFIX_PATH=/opt/ros/humble /usr/bin/cmake /home/jetson/Senior_Design_Project/camera_ros_node/src/multisense_ros2/multisense_lib -DCMAKE_INSTALL_PREFIX=/home/jetson/Senior_Design_Project/camera_ros_node/install/multisense_lib
