[1.325s] Invoking command in '/home/jetson/Senior_Design_Project/camera_ros_node/src/sd_proj': PYTHONPATH=/home/jetson/Senior_Design_Project/build/sd_proj/prefix_override:/usr/lib/python3/dist-packages/colcon_core/task/python/colcon_distutils_commands:/home/jetson/Senior_Design_Project/install/sd_proj/lib/python3.10/site-packages:${PYTHONPATH} /usr/bin/python3 -W ignore:setup.py install is deprecated setup.py egg_info --egg-base ../../../build/sd_proj build --build-base /home/jetson/Senior_Design_Project/build/sd_proj/build install --record /home/jetson/Senior_Design_Project/build/sd_proj/install.log --single-version-externally-managed install_data
[1.799s] running egg_info
[1.800s] creating ../../../build/sd_proj/sd_proj.egg-info
[1.801s] writing ../../../build/sd_proj/sd_proj.egg-info/PKG-INFO
[1.801s] writing dependency_links to ../../../build/sd_proj/sd_proj.egg-info/dependency_links.txt
[1.801s] writing entry points to ../../../build/sd_proj/sd_proj.egg-info/entry_points.txt
[1.802s] writing requirements to ../../../build/sd_proj/sd_proj.egg-info/requires.txt
[1.802s] writing top-level names to ../../../build/sd_proj/sd_proj.egg-info/top_level.txt
[1.802s] writing manifest file '../../../build/sd_proj/sd_proj.egg-info/SOURCES.txt'
[1.805s] reading manifest file '../../../build/sd_proj/sd_proj.egg-info/SOURCES.txt'
[1.806s] writing manifest file '../../../build/sd_proj/sd_proj.egg-info/SOURCES.txt'
[1.807s] running build
[1.807s] running build_py
[1.807s] creating /home/jetson/Senior_Design_Project/build/sd_proj/build
[1.808s] creating /home/jetson/Senior_Design_Project/build/sd_proj/build/lib
[1.808s] creating /home/jetson/Senior_Design_Project/build/sd_proj/build/lib/sd_proj
[1.808s] copying sd_proj/Camera_Node.py -> /home/jetson/Senior_Design_Project/build/sd_proj/build/lib/sd_proj
[1.808s] copying sd_proj/__init__.py -> /home/jetson/Senior_Design_Project/build/sd_proj/build/lib/sd_proj
[1.809s] running install
[1.809s] running install_lib
[1.810s] creating /home/jetson/Senior_Design_Project/install/sd_proj/lib/python3.10/site-packages/sd_proj
[1.811s] copying /home/jetson/Senior_Design_Project/build/sd_proj/build/lib/sd_proj/Camera_Node.py -> /home/jetson/Senior_Design_Project/install/sd_proj/lib/python3.10/site-packages/sd_proj
[1.811s] copying /home/jetson/Senior_Design_Project/build/sd_proj/build/lib/sd_proj/__init__.py -> /home/jetson/Senior_Design_Project/install/sd_proj/lib/python3.10/site-packages/sd_proj
[1.812s] byte-compiling /home/jetson/Senior_Design_Project/install/sd_proj/lib/python3.10/site-packages/sd_proj/Camera_Node.py to Camera_Node.cpython-310.pyc
[1.813s] byte-compiling /home/jetson/Senior_Design_Project/install/sd_proj/lib/python3.10/site-packages/sd_proj/__init__.py to __init__.cpython-310.pyc
[1.814s] running install_data
[1.814s] creating /home/jetson/Senior_Design_Project/install/sd_proj/share/ament_index
[1.814s] creating /home/jetson/Senior_Design_Project/install/sd_proj/share/ament_index/resource_index
[1.815s] creating /home/jetson/Senior_Design_Project/install/sd_proj/share/ament_index/resource_index/packages
[1.815s] copying resource/sd_proj -> /home/jetson/Senior_Design_Project/install/sd_proj/share/ament_index/resource_index/packages
[1.815s] copying package.xml -> /home/jetson/Senior_Design_Project/install/sd_proj/share/sd_proj
[1.815s] running install_egg_info
[1.818s] Copying ../../../build/sd_proj/sd_proj.egg-info to /home/jetson/Senior_Design_Project/install/sd_proj/lib/python3.10/site-packages/sd_proj-0.0.0-py3.10.egg-info
[1.822s] running install_scripts
[1.864s] writing list of installed files to '/home/jetson/Senior_Design_Project/build/sd_proj/install.log'
