running egg_info
creating ../../build/sd_proj/sd_proj.egg-info
writing ../../build/sd_proj/sd_proj.egg-info/PKG-INFO
writing dependency_links to ../../build/sd_proj/sd_proj.egg-info/dependency_links.txt
writing entry points to ../../build/sd_proj/sd_proj.egg-info/entry_points.txt
writing requirements to ../../build/sd_proj/sd_proj.egg-info/requires.txt
writing top-level names to ../../build/sd_proj/sd_proj.egg-info/top_level.txt
writing manifest file '../../build/sd_proj/sd_proj.egg-info/SOURCES.txt'
reading manifest file '../../build/sd_proj/sd_proj.egg-info/SOURCES.txt'
writing manifest file '../../build/sd_proj/sd_proj.egg-info/SOURCES.txt'
running build
running build_py
creating /home/jetson/camera_ros_node/build/sd_proj/build
creating /home/jetson/camera_ros_node/build/sd_proj/build/lib
creating /home/jetson/camera_ros_node/build/sd_proj/build/lib/sd_proj
copying sd_proj/__init__.py -> /home/jetson/camera_ros_node/build/sd_proj/build/lib/sd_proj
running install
running install_lib
creating /home/jetson/camera_ros_node/install/sd_proj/lib/python3.10/site-packages/sd_proj
copying /home/jetson/camera_ros_node/build/sd_proj/build/lib/sd_proj/__init__.py -> /home/jetson/camera_ros_node/install/sd_proj/lib/python3.10/site-packages/sd_proj
byte-compiling /home/jetson/camera_ros_node/install/sd_proj/lib/python3.10/site-packages/sd_proj/__init__.py to __init__.cpython-310.pyc
running install_data
creating /home/jetson/camera_ros_node/install/sd_proj/share/ament_index
creating /home/jetson/camera_ros_node/install/sd_proj/share/ament_index/resource_index
creating /home/jetson/camera_ros_node/install/sd_proj/share/ament_index/resource_index/packages
copying resource/sd_proj -> /home/jetson/camera_ros_node/install/sd_proj/share/ament_index/resource_index/packages
copying package.xml -> /home/jetson/camera_ros_node/install/sd_proj/share/sd_proj
running install_egg_info
Copying ../../build/sd_proj/sd_proj.egg-info to /home/jetson/camera_ros_node/install/sd_proj/lib/python3.10/site-packages/sd_proj-0.0.0-py3.10.egg-info
running install_scripts
writing list of installed files to '/home/jetson/camera_ros_node/build/sd_proj/install.log'
