[1.337s] Invoking command in '/home/jetson/camera_ros_node/src/sd_proj': PYTHONPATH=/home/jetson/camera_ros_node/build/sd_proj/prefix_override:/usr/lib/python3/dist-packages/colcon_core/task/python/colcon_distutils_commands:/home/jetson/camera_ros_node/install/sd_proj/lib/python3.10/site-packages:${PYTHONPATH} /usr/bin/python3 -W ignore:setup.py install is deprecated setup.py egg_info --egg-base ../../build/sd_proj build --build-base /home/jetson/camera_ros_node/build/sd_proj/build install --record /home/jetson/camera_ros_node/build/sd_proj/install.log --single-version-externally-managed install_data
[1.763s] running egg_info
[1.764s] creating ../../build/sd_proj/sd_proj.egg-info
[1.765s] writing ../../build/sd_proj/sd_proj.egg-info/PKG-INFO
[1.765s] writing dependency_links to ../../build/sd_proj/sd_proj.egg-info/dependency_links.txt
[1.765s] writing entry points to ../../build/sd_proj/sd_proj.egg-info/entry_points.txt
[1.765s] writing requirements to ../../build/sd_proj/sd_proj.egg-info/requires.txt
[1.766s] writing top-level names to ../../build/sd_proj/sd_proj.egg-info/top_level.txt
[1.766s] writing manifest file '../../build/sd_proj/sd_proj.egg-info/SOURCES.txt'
[1.769s] reading manifest file '../../build/sd_proj/sd_proj.egg-info/SOURCES.txt'
[1.770s] writing manifest file '../../build/sd_proj/sd_proj.egg-info/SOURCES.txt'
[1.771s] running build
[1.771s] running build_py
[1.771s] creating /home/jetson/camera_ros_node/build/sd_proj/build
[1.771s] creating /home/jetson/camera_ros_node/build/sd_proj/build/lib
[1.771s] creating /home/jetson/camera_ros_node/build/sd_proj/build/lib/sd_proj
[1.771s] copying sd_proj/__init__.py -> /home/jetson/camera_ros_node/build/sd_proj/build/lib/sd_proj
[1.772s] running install
[1.772s] running install_lib
[1.774s] creating /home/jetson/camera_ros_node/install/sd_proj/lib/python3.10/site-packages/sd_proj
[1.774s] copying /home/jetson/camera_ros_node/build/sd_proj/build/lib/sd_proj/__init__.py -> /home/jetson/camera_ros_node/install/sd_proj/lib/python3.10/site-packages/sd_proj
[1.775s] byte-compiling /home/jetson/camera_ros_node/install/sd_proj/lib/python3.10/site-packages/sd_proj/__init__.py to __init__.cpython-310.pyc
[1.775s] running install_data
[1.776s] creating /home/jetson/camera_ros_node/install/sd_proj/share/ament_index
[1.776s] creating /home/jetson/camera_ros_node/install/sd_proj/share/ament_index/resource_index
[1.776s] creating /home/jetson/camera_ros_node/install/sd_proj/share/ament_index/resource_index/packages
[1.776s] copying resource/sd_proj -> /home/jetson/camera_ros_node/install/sd_proj/share/ament_index/resource_index/packages
[1.776s] copying package.xml -> /home/jetson/camera_ros_node/install/sd_proj/share/sd_proj
[1.776s] running install_egg_info
[1.780s] Copying ../../build/sd_proj/sd_proj.egg-info to /home/jetson/camera_ros_node/install/sd_proj/lib/python3.10/site-packages/sd_proj-0.0.0-py3.10.egg-info
[1.782s] running install_scripts
[1.822s] writing list of installed files to '/home/jetson/camera_ros_node/build/sd_proj/install.log'
