-- The C compiler identification is GNU 11.4.0
-- The CXX compiler identification is GNU 11.4.0
-- Detecting C compiler ABI info
-- Detecting C compiler ABI info - done
-- Check for working C compiler: /usr/bin/cc - skipped
-- Detecting C compile features
-- Detecting C compile features - done
-- Detecting CXX compiler ABI info
-- Detecting CXX compiler ABI info - done
-- Check for working CXX compiler: /usr/bin/c++ - skipped
-- Detecting CXX compile features
-- Detecting CXX compile features - done
-- Selecting default build type: Release
-- Found ament_cmake: 1.3.10 (/opt/ros/humble/share/ament_cmake/cmake)
-- Found Python3: /usr/bin/python3 (found version "3.10.12") found components: Interpreter 
-- Found angles: 1.15.0 (/opt/ros/humble/share/angles/cmake)
-- Found eigen3_cmake_module: 0.1.1 (/opt/ros/humble/share/eigen3_cmake_module/cmake)
-- Found Eigen3: TRUE (found version "3.4.0") 
-- Found geometry_msgs: 4.2.4 (/opt/ros/humble/share/geometry_msgs/cmake)
-- Found rosidl_generator_c: 3.1.5 (/opt/ros/humble/share/rosidl_generator_c/cmake)
-- Found rosidl_adapter: 3.1.5 (/opt/ros/humble/share/rosidl_adapter/cmake)
-- Found rosidl_generator_cpp: 3.1.5 (/opt/ros/humble/share/rosidl_generator_cpp/cmake)
-- Using all available rosidl_typesupport_c: rosidl_typesupport_fastrtps_c;rosidl_typesupport_introspection_c
-- Using all available rosidl_typesupport_cpp: rosidl_typesupport_fastrtps_cpp;rosidl_typesupport_introspection_cpp
-- Found image_geometry: 3.2.1 (/opt/ros/humble/share/image_geometry/cmake)
-- Found multisense_lib: 0.0.0 (/home/jetson/Senior_Design_Project/camera_ros_node/install/multisense_lib/share/multisense_lib/cmake)
-- Found multisense_msgs: 1.0.0 (/home/jetson/Senior_Design_Project/camera_ros_node/install/multisense_msgs/share/multisense_msgs/cmake)
-- Found OpenCV: /usr (found version "4.8.0") 
-- Found rclcpp: 16.0.10 (/opt/ros/humble/share/rclcpp/cmake)
-- Found rmw_implementation_cmake: 6.1.2 (/opt/ros/humble/share/rmw_implementation_cmake/cmake)
-- Found rmw_fastrtps_cpp: 6.2.7 (/opt/ros/humble/share/rmw_fastrtps_cpp/cmake)
-- Found OpenSSL: /usr/lib/aarch64-linux-gnu/libcrypto.so (found version "3.0.2")  
-- Found FastRTPS: /opt/ros/humble/include  
-- Using RMW implementation 'rmw_fastrtps_cpp' as default
-- Looking for pthread.h
-- Looking for pthread.h - found
-- Performing Test CMAKE_HAVE_LIBC_PTHREAD
-- Performing Test CMAKE_HAVE_LIBC_PTHREAD - Success
-- Found Threads: TRUE  
-- Found ros_environment: 3.2.2 (/opt/ros/humble/share/ros_environment/cmake)
-- Found stereo_msgs: 4.2.4 (/opt/ros/humble/share/stereo_msgs/cmake)
-- Found tf2: 0.25.8 (/opt/ros/humble/share/tf2/cmake)
-- Found tf2_ros: 0.25.8 (/opt/ros/humble/share/tf2_ros/cmake)
-- Found tf2_geometry_msgs: 0.25.8 (/opt/ros/humble/share/tf2_geometry_msgs/cmake)
-- Ensuring Eigen3 include directory is part of orocos-kdl CMake target
-- Configuring done
-- Generating done
-- Build files have been written to: /home/jetson/Senior_Design_Project/camera_ros_node/build/multisense_ros
[ 16%] [32mBuilding CXX object CMakeFiles/multisense_ros.dir/src/camera_utilities.cpp.o[0m
[ 16%] [32mBuilding CXX object CMakeFiles/multisense_ros.dir/src/config.cpp.o[0m
[ 25%] [32mBuilding CXX object CMakeFiles/multisense_ros.dir/src/imu.cpp.o[0m
[ 33%] [32mBuilding CXX object CMakeFiles/multisense_ros.dir/src/laser.cpp.o[0m
[ 41%] [32mBuilding CXX object CMakeFiles/multisense_ros.dir/src/parameter_utilities.cpp.o[0m
[ 50%] [32mBuilding CXX object CMakeFiles/multisense_ros.dir/src/camera.cpp.o[0m
[ 58%] [32mBuilding CXX object CMakeFiles/multisense_ros.dir/src/point_cloud_utilities.cpp.o[0m
[ 66%] [32mBuilding CXX object CMakeFiles/multisense_ros.dir/src/pps.cpp.o[0m
[ 75%] [32mBuilding CXX object CMakeFiles/multisense_ros.dir/src/status.cpp.o[0m
[ 83%] [32m[1mLinking CXX static library libmultisense_ros.a[0m
[ 83%] Built target multisense_ros
[ 91%] [32mBuilding CXX object CMakeFiles/ros_driver.dir/src/ros_driver.cpp.o[0m
[100%] [32m[1mLinking CXX executable ros_driver[0m
[100%] Built target ros_driver
-- Install configuration: "Release"
-- Installing: /home/jetson/Senior_Design_Project/camera_ros_node/install/multisense_ros/lib/multisense_ros/ros_driver
-- Set runtime path of "/home/jetson/Senior_Design_Project/camera_ros_node/install/multisense_ros/lib/multisense_ros/ros_driver" to ""
-- Installing: /home/jetson/Senior_Design_Project/camera_ros_node/install/multisense_ros/share/multisense_ros/launch
-- Installing: /home/jetson/Senior_Design_Project/camera_ros_node/install/multisense_ros/share/multisense_ros/launch/multisense_launch.py
-- Installing: /home/jetson/Senior_Design_Project/camera_ros_node/install/multisense_ros/share/multisense_ros/materials
-- Installing: /home/jetson/Senior_Design_Project/camera_ros_node/install/multisense_ros/share/multisense_ros/materials/textures
-- Installing: /home/jetson/Senior_Design_Project/camera_ros_node/install/multisense_ros/share/multisense_ros/materials/textures/head_diffuse.jpg
-- Installing: /home/jetson/Senior_Design_Project/camera_ros_node/install/multisense_ros/share/multisense_ros/meshes
-- Installing: /home/jetson/Senior_Design_Project/camera_ros_node/install/multisense_ros/share/multisense_ros/meshes/multisense_s21.STL
-- Installing: /home/jetson/Senior_Design_Project/camera_ros_node/install/multisense_ros/share/multisense_ros/meshes/head.dae
-- Installing: /home/jetson/Senior_Design_Project/camera_ros_node/install/multisense_ros/share/multisense_ros/meshes/base_link.STL
-- Installing: /home/jetson/Senior_Design_Project/camera_ros_node/install/multisense_ros/share/multisense_ros/meshes/multisense_s30.STL
-- Installing: /home/jetson/Senior_Design_Project/camera_ros_node/install/multisense_ros/share/multisense_ros/meshes/multisense_s7s.STL
-- Installing: /home/jetson/Senior_Design_Project/camera_ros_node/install/multisense_ros/share/multisense_ros/meshes/hokuyo_link.STL
-- Installing: /home/jetson/Senior_Design_Project/camera_ros_node/install/multisense_ros/share/multisense_ros/meshes/head_camera.dae
-- Installing: /home/jetson/Senior_Design_Project/camera_ros_node/install/multisense_ros/share/multisense_ros/meshes/multisense_s7.STL
-- Installing: /home/jetson/Senior_Design_Project/camera_ros_node/install/multisense_ros/share/multisense_ros/meshes/multisense_s27.STL
-- Installing: /home/jetson/Senior_Design_Project/camera_ros_node/install/multisense_ros/share/multisense_ros/meshes/multisense_ks21.STL
-- Installing: /home/jetson/Senior_Design_Project/camera_ros_node/install/multisense_ros/share/multisense_ros/urdf
-- Installing: /home/jetson/Senior_Design_Project/camera_ros_node/install/multisense_ros/share/multisense_ros/urdf/S27
-- Installing: /home/jetson/Senior_Design_Project/camera_ros_node/install/multisense_ros/share/multisense_ros/urdf/S27/multisenseS27.urdf.xacro
-- Installing: /home/jetson/Senior_Design_Project/camera_ros_node/install/multisense_ros/share/multisense_ros/urdf/S27/standalone.urdf.xacro
-- Installing: /home/jetson/Senior_Design_Project/camera_ros_node/install/multisense_ros/share/multisense_ros/urdf/S7
-- Installing: /home/jetson/Senior_Design_Project/camera_ros_node/install/multisense_ros/share/multisense_ros/urdf/S7/multisenseS7.urdf.xacro
-- Installing: /home/jetson/Senior_Design_Project/camera_ros_node/install/multisense_ros/share/multisense_ros/urdf/S7/standalone.urdf.xacro
-- Installing: /home/jetson/Senior_Design_Project/camera_ros_node/install/multisense_ros/share/multisense_ros/urdf/S21
-- Installing: /home/jetson/Senior_Design_Project/camera_ros_node/install/multisense_ros/share/multisense_ros/urdf/S21/multisenseS21.urdf.xacro
-- Installing: /home/jetson/Senior_Design_Project/camera_ros_node/install/multisense_ros/share/multisense_ros/urdf/S21/standalone.urdf.xacro
-- Installing: /home/jetson/Senior_Design_Project/camera_ros_node/install/multisense_ros/share/multisense_ros/urdf/KS21
-- Installing: /home/jetson/Senior_Design_Project/camera_ros_node/install/multisense_ros/share/multisense_ros/urdf/KS21/standalone.urdf.xacro
-- Installing: /home/jetson/Senior_Design_Project/camera_ros_node/install/multisense_ros/share/multisense_ros/urdf/KS21/multisenseKS21.urdf.xacro
-- Installing: /home/jetson/Senior_Design_Project/camera_ros_node/install/multisense_ros/share/multisense_ros/urdf/S30
-- Installing: /home/jetson/Senior_Design_Project/camera_ros_node/install/multisense_ros/share/multisense_ros/urdf/S30/standalone.urdf.xacro
-- Installing: /home/jetson/Senior_Design_Project/camera_ros_node/install/multisense_ros/share/multisense_ros/urdf/S30/multisenseS30.urdf.xacro
-- Installing: /home/jetson/Senior_Design_Project/camera_ros_node/install/multisense_ros/share/multisense_ros/urdf/S7S
-- Installing: /home/jetson/Senior_Design_Project/camera_ros_node/install/multisense_ros/share/multisense_ros/urdf/S7S/multisenseS7S.urdf.xacro
-- Installing: /home/jetson/Senior_Design_Project/camera_ros_node/install/multisense_ros/share/multisense_ros/urdf/S7S/standalone.urdf.xacro
-- Installing: /home/jetson/Senior_Design_Project/camera_ros_node/install/multisense_ros/share/multisense_ros/urdf/SL
-- Installing: /home/jetson/Senior_Design_Project/camera_ros_node/install/multisense_ros/share/multisense_ros/urdf/SL/multisenseSL.urdf.xacro
-- Installing: /home/jetson/Senior_Design_Project/camera_ros_node/install/multisense_ros/share/multisense_ros/urdf/SL/standalone.urdf.xacro
-- Installing: /home/jetson/Senior_Design_Project/camera_ros_node/install/multisense_ros/share/ament_index/resource_index/package_run_dependencies/multisense_ros
-- Installing: /home/jetson/Senior_Design_Project/camera_ros_node/install/multisense_ros/share/ament_index/resource_index/parent_prefix_path/multisense_ros
-- Installing: /home/jetson/Senior_Design_Project/camera_ros_node/install/multisense_ros/share/multisense_ros/environment/ament_prefix_path.sh
-- Installing: /home/jetson/Senior_Design_Project/camera_ros_node/install/multisense_ros/share/multisense_ros/environment/ament_prefix_path.dsv
-- Installing: /home/jetson/Senior_Design_Project/camera_ros_node/install/multisense_ros/share/multisense_ros/environment/path.sh
-- Installing: /home/jetson/Senior_Design_Project/camera_ros_node/install/multisense_ros/share/multisense_ros/environment/path.dsv
-- Installing: /home/jetson/Senior_Design_Project/camera_ros_node/install/multisense_ros/share/multisense_ros/local_setup.bash
-- Installing: /home/jetson/Senior_Design_Project/camera_ros_node/install/multisense_ros/share/multisense_ros/local_setup.sh
-- Installing: /home/jetson/Senior_Design_Project/camera_ros_node/install/multisense_ros/share/multisense_ros/local_setup.zsh
-- Installing: /home/jetson/Senior_Design_Project/camera_ros_node/install/multisense_ros/share/multisense_ros/local_setup.dsv
-- Installing: /home/jetson/Senior_Design_Project/camera_ros_node/install/multisense_ros/share/multisense_ros/package.dsv
-- Installing: /home/jetson/Senior_Design_Project/camera_ros_node/install/multisense_ros/share/ament_index/resource_index/packages/multisense_ros
-- Installing: /home/jetson/Senior_Design_Project/camera_ros_node/install/multisense_ros/share/multisense_ros/cmake/multisense_rosConfig.cmake
-- Installing: /home/jetson/Senior_Design_Project/camera_ros_node/install/multisense_ros/share/multisense_ros/cmake/multisense_rosConfig-version.cmake
-- Installing: /home/jetson/Senior_Design_Project/camera_ros_node/install/multisense_ros/share/multisense_ros/package.xml
