[ 19%] Built target MultiSense
[ 27%] Built target ChangeIpUtility
[ 27%] Built target ChangeResolution
[ 31%] Built target AprilTagTestUtility
[ 36%] Built target ChangeFps
[ 40%] Built target ColorImageUtility
[ 44%] Built target ChangeTransmitDelay
[ 51%] Built target FlashUtility
[ 55%] Built target DepthImageUtility
[ 57%] Built target DeviceInfoUtility
[ 61%] Built target FeatureDetectorUtility
[ 65%] Built target ExternalCalUtility
[ 70%] Built target ImageCalUtility
[ 74%] Built target ImuConfigUtility
[ 78%] Built target ImuTestUtility
[ 82%] Built target LidarCalUtility
[ 87%] Built target PointCloudUtility
[ 91%] Built target SaveImageUtility
[ 95%] Built target RectifiedFocalLengthUtility
[100%] Built target VersionInfoUtility
-- Install configuration: "Release"
-- Up-to-date: /home/jetson/Senior_Design_Project/camera_ros_node/install/multisense_lib/share/multisense_lib/environment/library_path.sh
-- Up-to-date: /home/jetson/Senior_Design_Project/camera_ros_node/install/multisense_lib/share/multisense_lib/environment/library_path.dsv
-- Up-to-date: /home/jetson/Senior_Design_Project/camera_ros_node/install/multisense_lib/share/ament_index/resource_index/package_run_dependencies/multisense_lib
-- Up-to-date: /home/jetson/Senior_Design_Project/camera_ros_node/install/multisense_lib/share/ament_index/resource_index/parent_prefix_path/multisense_lib
-- Up-to-date: /home/jetson/Senior_Design_Project/camera_ros_node/install/multisense_lib/share/multisense_lib/environment/ament_prefix_path.sh
-- Up-to-date: /home/jetson/Senior_Design_Project/camera_ros_node/install/multisense_lib/share/multisense_lib/environment/ament_prefix_path.dsv
-- Up-to-date: /home/jetson/Senior_Design_Project/camera_ros_node/install/multisense_lib/share/multisense_lib/environment/path.sh
-- Up-to-date: /home/jetson/Senior_Design_Project/camera_ros_node/install/multisense_lib/share/multisense_lib/environment/path.dsv
-- Up-to-date: /home/jetson/Senior_Design_Project/camera_ros_node/install/multisense_lib/share/multisense_lib/local_setup.bash
-- Up-to-date: /home/jetson/Senior_Design_Project/camera_ros_node/install/multisense_lib/share/multisense_lib/local_setup.sh
-- Up-to-date: /home/jetson/Senior_Design_Project/camera_ros_node/install/multisense_lib/share/multisense_lib/local_setup.zsh
-- Up-to-date: /home/jetson/Senior_Design_Project/camera_ros_node/install/multisense_lib/share/multisense_lib/local_setup.dsv
-- Installing: /home/jetson/Senior_Design_Project/camera_ros_node/install/multisense_lib/share/multisense_lib/package.dsv
-- Up-to-date: /home/jetson/Senior_Design_Project/camera_ros_node/install/multisense_lib/share/ament_index/resource_index/packages/multisense_lib
-- Up-to-date: /home/jetson/Senior_Design_Project/camera_ros_node/install/multisense_lib/share/multisense_lib/cmake/ament_cmake_export_include_directories-extras.cmake
-- Up-to-date: /home/jetson/Senior_Design_Project/camera_ros_node/install/multisense_lib/share/multisense_lib/cmake/ament_cmake_export_libraries-extras.cmake
-- Up-to-date: /home/jetson/Senior_Design_Project/camera_ros_node/install/multisense_lib/share/multisense_lib/cmake/multisense_libConfig.cmake
-- Up-to-date: /home/jetson/Senior_Design_Project/camera_ros_node/install/multisense_lib/share/multisense_lib/cmake/multisense_libConfig-version.cmake
-- Up-to-date: /home/jetson/Senior_Design_Project/camera_ros_node/install/multisense_lib/share/multisense_lib/package.xml
-- Up-to-date: /home/jetson/Senior_Design_Project/camera_ros_node/install/multisense_lib/lib/pkgconfig/LibMultiSense.pc
-- Up-to-date: /home/jetson/Senior_Design_Project/camera_ros_node/install/multisense_lib/lib/libMultiSense.so.6.1.0
-- Up-to-date: /home/jetson/Senior_Design_Project/camera_ros_node/install/multisense_lib/lib/libMultiSense.so
-- Up-to-date: /home/jetson/Senior_Design_Project/camera_ros_node/install/multisense_lib/include/MultiSense/MultiSenseChannel.hh
-- Up-to-date: /home/jetson/Senior_Design_Project/camera_ros_node/install/multisense_lib/include/MultiSense/MultiSenseTypes.hh
-- Up-to-date: /home/jetson/Senior_Design_Project/camera_ros_node/install/multisense_lib/lib/cmake/MultiSense/MultiSenseTargets.cmake
-- Up-to-date: /home/jetson/Senior_Design_Project/camera_ros_node/install/multisense_lib/lib/cmake/MultiSense/MultiSenseTargets-release.cmake
-- Up-to-date: /home/jetson/Senior_Design_Project/camera_ros_node/install/multisense_lib/lib/cmake/MultiSense/MultiSenseConfig.cmake
-- Up-to-date: /home/jetson/Senior_Design_Project/camera_ros_node/install/multisense_lib/lib/cmake/MultiSense/MultiSenseConfigVersion.cmake
-- Up-to-date: /home/jetson/Senior_Design_Project/camera_ros_node/install/multisense_lib/include/MultiSense/MultiSenseChannel.hh
-- Up-to-date: /home/jetson/Senior_Design_Project/camera_ros_node/install/multisense_lib/include/MultiSense/MultiSenseTypes.hh
-- Up-to-date: /home/jetson/Senior_Design_Project/camera_ros_node/install/multisense_lib/bin/AprilTagTestUtility
-- Up-to-date: /home/jetson/Senior_Design_Project/camera_ros_node/install/multisense_lib/bin/ChangeFps
-- Up-to-date: /home/jetson/Senior_Design_Project/camera_ros_node/install/multisense_lib/bin/ChangeIpUtility
-- Up-to-date: /home/jetson/Senior_Design_Project/camera_ros_node/install/multisense_lib/bin/ChangeResolution
-- Up-to-date: /home/jetson/Senior_Design_Project/camera_ros_node/install/multisense_lib/bin/ChangeTransmitDelay
-- Up-to-date: /home/jetson/Senior_Design_Project/camera_ros_node/install/multisense_lib/bin/ColorImageUtility
-- Up-to-date: /home/jetson/Senior_Design_Project/camera_ros_node/install/multisense_lib/bin/DeviceInfoUtility
-- Up-to-date: /home/jetson/Senior_Design_Project/camera_ros_node/install/multisense_lib/bin/DepthImageUtility
-- Up-to-date: /home/jetson/Senior_Design_Project/camera_ros_node/install/multisense_lib/bin/ExternalCalUtility
-- Up-to-date: /home/jetson/Senior_Design_Project/camera_ros_node/install/multisense_lib/bin/FeatureDetectorUtility
-- Up-to-date: /home/jetson/Senior_Design_Project/camera_ros_node/install/multisense_lib/bin/MultiSenseUpdater
-- Up-to-date: /home/jetson/Senior_Design_Project/camera_ros_node/install/multisense_lib/bin/FlashUtility
-- Up-to-date: /home/jetson/Senior_Design_Project/camera_ros_node/install/multisense_lib/bin/ImageCalUtility
-- Up-to-date: /home/jetson/Senior_Design_Project/camera_ros_node/install/multisense_lib/bin/ImuConfigUtility
-- Up-to-date: /home/jetson/Senior_Design_Project/camera_ros_node/install/multisense_lib/bin/ImuTestUtility
-- Up-to-date: /home/jetson/Senior_Design_Project/camera_ros_node/install/multisense_lib/bin/LidarCalUtility
-- Up-to-date: /home/jetson/Senior_Design_Project/camera_ros_node/install/multisense_lib/bin/PointCloudUtility
-- Up-to-date: /home/jetson/Senior_Design_Project/camera_ros_node/install/multisense_lib/bin/RectifiedFocalLengthUtility
-- Up-to-date: /home/jetson/Senior_Design_Project/camera_ros_node/install/multisense_lib/bin/SaveImageUtility
-- Up-to-date: /home/jetson/Senior_Design_Project/camera_ros_node/install/multisense_lib/bin/VersionInfoUtility
