[0.042s] Invoking command in '/home/jetson/Senior_Design_Project/camera_ros_node/build/multisense_msgs': CMAKE_PREFIX_PATH=/opt/ros/humble /usr/bin/cmake --build /home/jetson/Senior_Design_Project/camera_ros_node/build/multisense_msgs -- -j6 -l6
[0.190s] [  0%] Built target multisense_msgs__cpp
[0.228s] [ 12%] Built target multisense_msgs__rosidl_generator_c
[0.262s] [ 12%] Built target ament_cmake_python_copy_multisense_msgs
[0.262s] [ 24%] Built target multisense_msgs__rosidl_typesupport_cpp
[0.280s] [ 35%] Built target multisense_msgs__rosidl_typesupport_fastrtps_cpp
[0.298s] [ 47%] Built target multisense_msgs__rosidl_typesupport_introspection_cpp
[0.322s] [ 59%] Built target multisense_msgs__rosidl_typesupport_introspection_c
[0.342s] [ 71%] Built target multisense_msgs__rosidl_typesupport_fastrtps_c
[0.379s] [ 83%] Built target multisense_msgs__rosidl_typesupport_c
[0.435s] [ 83%] Built target multisense_msgs
[0.498s] [ 84%] Built target multisense_msgs__py
[0.556s] [ 95%] Built target multisense_msgs__rosidl_generator_py
[0.602s] [ 99%] Built target multisense_msgs__rosidl_typesupport_fastrtps_c__pyext
[0.602s] [ 99%] Built target multisense_msgs__rosidl_typesupport_introspection_c__pyext
[0.603s] [100%] Built target multisense_msgs__rosidl_typesupport_c__pyext
[0.893s] running egg_info
[0.895s] writing multisense_msgs.egg-info/PKG-INFO
[0.895s] writing dependency_links to multisense_msgs.egg-info/dependency_links.txt
[0.896s] writing top-level names to multisense_msgs.egg-info/top_level.txt
[0.903s] reading manifest file 'multisense_msgs.egg-info/SOURCES.txt'
[0.905s] writing manifest file 'multisense_msgs.egg-info/SOURCES.txt'
[0.982s] [100%] Built target ament_cmake_python_build_multisense_msgs_egg
[1.014s] Invoked command in '/home/jetson/Senior_Design_Project/camera_ros_node/build/multisense_msgs' returned '0': CMAKE_PREFIX_PATH=/opt/ros/humble /usr/bin/cmake --build /home/jetson/Senior_Design_Project/camera_ros_node/build/multisense_msgs -- -j6 -l6
[1.365s] Invoking command in '/home/jetson/Senior_Design_Project/camera_ros_node/build/multisense_msgs': CMAKE_PREFIX_PATH=/opt/ros/humble /usr/bin/cmake --install /home/jetson/Senior_Design_Project/camera_ros_node/build/multisense_msgs
[1.381s] -- Install configuration: "Release"
[1.382s] -- Up-to-date: /home/jetson/Senior_Design_Project/camera_ros_node/install/multisense_msgs/share/ament_index/resource_index/rosidl_interfaces/multisense_msgs
[1.383s] -- Up-to-date: /home/jetson/Senior_Design_Project/camera_ros_node/install/multisense_msgs/include/multisense_msgs/multisense_msgs
[1.383s] -- Up-to-date: /home/jetson/Senior_Design_Project/camera_ros_node/install/multisense_msgs/include/multisense_msgs/multisense_msgs/msg
[1.384s] -- Up-to-date: /home/jetson/Senior_Design_Project/camera_ros_node/install/multisense_msgs/include/multisense_msgs/multisense_msgs/msg/stamped_pps.h
[1.385s] -- Up-to-date: /home/jetson/Senior_Design_Project/camera_ros_node/install/multisense_msgs/include/multisense_msgs/multisense_msgs/msg/raw_cam_cal.h
[1.385s] -- Up-to-date: /home/jetson/Senior_Design_Project/camera_ros_node/install/multisense_msgs/include/multisense_msgs/multisense_msgs/msg/device_status.h
[1.385s] -- Up-to-date: /home/jetson/Senior_Design_Project/camera_ros_node/install/multisense_msgs/include/multisense_msgs/multisense_msgs/msg/rosidl_generator_c__visibility_control.h
[1.386s] -- Up-to-date: /home/jetson/Senior_Design_Project/camera_ros_node/install/multisense_msgs/include/multisense_msgs/multisense_msgs/msg/raw_lidar_cal.h
[1.386s] -- Up-to-date: /home/jetson/Senior_Design_Project/camera_ros_node/install/multisense_msgs/include/multisense_msgs/multisense_msgs/msg/raw_cam_data.h
[1.386s] -- Up-to-date: /home/jetson/Senior_Design_Project/camera_ros_node/install/multisense_msgs/include/multisense_msgs/multisense_msgs/msg/raw_cam_config.h
[1.386s] -- Up-to-date: /home/jetson/Senior_Design_Project/camera_ros_node/install/multisense_msgs/include/multisense_msgs/multisense_msgs/msg/histogram.h
[1.387s] -- Up-to-date: /home/jetson/Senior_Design_Project/camera_ros_node/install/multisense_msgs/include/multisense_msgs/multisense_msgs/msg/raw_lidar_data.h
[1.387s] -- Up-to-date: /home/jetson/Senior_Design_Project/camera_ros_node/install/multisense_msgs/include/multisense_msgs/multisense_msgs/msg/detail
[1.388s] -- Up-to-date: /home/jetson/Senior_Design_Project/camera_ros_node/install/multisense_msgs/include/multisense_msgs/multisense_msgs/msg/detail/device_status__functions.h
[1.388s] -- Up-to-date: /home/jetson/Senior_Design_Project/camera_ros_node/install/multisense_msgs/include/multisense_msgs/multisense_msgs/msg/detail/raw_imu_data__type_support.h
[1.388s] -- Up-to-date: /home/jetson/Senior_Design_Project/camera_ros_node/install/multisense_msgs/include/multisense_msgs/multisense_msgs/msg/detail/ptp_status__functions.h
[1.388s] -- Up-to-date: /home/jetson/Senior_Design_Project/camera_ros_node/install/multisense_msgs/include/multisense_msgs/multisense_msgs/msg/detail/raw_cam_config__type_support.h
[1.388s] -- Up-to-date: /home/jetson/Senior_Design_Project/camera_ros_node/install/multisense_msgs/include/multisense_msgs/multisense_msgs/msg/detail/device_info__struct.h
[1.389s] -- Up-to-date: /home/jetson/Senior_Design_Project/camera_ros_node/install/multisense_msgs/include/multisense_msgs/multisense_msgs/msg/detail/device_status__type_support.h
[1.389s] -- Up-to-date: /home/jetson/Senior_Design_Project/camera_ros_node/install/multisense_msgs/include/multisense_msgs/multisense_msgs/msg/detail/ptp_status__struct.h
[1.390s] -- Up-to-date: /home/jetson/Senior_Design_Project/camera_ros_node/install/multisense_msgs/include/multisense_msgs/multisense_msgs/msg/detail/raw_cam_config__functions.h
[1.390s] -- Up-to-date: /home/jetson/Senior_Design_Project/camera_ros_node/install/multisense_msgs/include/multisense_msgs/multisense_msgs/msg/detail/raw_cam_data__functions.h
[1.391s] -- Up-to-date: /home/jetson/Senior_Design_Project/camera_ros_node/install/multisense_msgs/include/multisense_msgs/multisense_msgs/msg/detail/raw_cam_cal__struct.h
[1.391s] -- Up-to-date: /home/jetson/Senior_Design_Project/camera_ros_node/install/multisense_msgs/include/multisense_msgs/multisense_msgs/msg/detail/raw_lidar_cal__struct.h
[1.392s] -- Up-to-date: /home/jetson/Senior_Design_Project/camera_ros_node/install/multisense_msgs/include/multisense_msgs/multisense_msgs/msg/detail/histogram__functions.h
[1.392s] -- Up-to-date: /home/jetson/Senior_Design_Project/camera_ros_node/install/multisense_msgs/include/multisense_msgs/multisense_msgs/msg/detail/ptp_status__type_support.h
[1.393s] -- Up-to-date: /home/jetson/Senior_Design_Project/camera_ros_node/install/multisense_msgs/include/multisense_msgs/multisense_msgs/msg/detail/histogram__functions.c
[1.393s] -- Up-to-date: /home/jetson/Senior_Design_Project/camera_ros_node/install/multisense_msgs/include/multisense_msgs/multisense_msgs/msg/detail/raw_lidar_cal__functions.h
[1.393s] -- Up-to-date: /home/jetson/Senior_Design_Project/camera_ros_node/install/multisense_msgs/include/multisense_msgs/multisense_msgs/msg/detail/raw_imu_data__functions.h
[1.393s] -- Up-to-date: /home/jetson/Senior_Design_Project/camera_ros_node/install/multisense_msgs/include/multisense_msgs/multisense_msgs/msg/detail/raw_cam_cal__functions.c
[1.393s] -- Up-to-date: /home/jetson/Senior_Design_Project/camera_ros_node/install/multisense_msgs/include/multisense_msgs/multisense_msgs/msg/detail/raw_lidar_data__type_support.h
[1.394s] -- Up-to-date: /home/jetson/Senior_Design_Project/camera_ros_node/install/multisense_msgs/include/multisense_msgs/multisense_msgs/msg/detail/raw_cam_data__type_support.h
[1.394s] -- Up-to-date: /home/jetson/Senior_Design_Project/camera_ros_node/install/multisense_msgs/include/multisense_msgs/multisense_msgs/msg/detail/raw_cam_cal__type_support.h
[1.394s] -- Up-to-date: /home/jetson/Senior_Design_Project/camera_ros_node/install/multisense_msgs/include/multisense_msgs/multisense_msgs/msg/detail/stamped_pps__struct.h
[1.395s] -- Up-to-date: /home/jetson/Senior_Design_Project/camera_ros_node/install/multisense_msgs/include/multisense_msgs/multisense_msgs/msg/detail/device_status__functions.c
[1.396s] -- Up-to-date: /home/jetson/Senior_Design_Project/camera_ros_node/install/multisense_msgs/include/multisense_msgs/multisense_msgs/msg/detail/raw_cam_data__functions.c
[1.396s] -- Up-to-date: /home/jetson/Senior_Design_Project/camera_ros_node/install/multisense_msgs/include/multisense_msgs/multisense_msgs/msg/detail/stamped_pps__functions.h
[1.396s] -- Up-to-date: /home/jetson/Senior_Design_Project/camera_ros_node/install/multisense_msgs/include/multisense_msgs/multisense_msgs/msg/detail/raw_lidar_data__functions.h
[1.396s] -- Up-to-date: /home/jetson/Senior_Design_Project/camera_ros_node/install/multisense_msgs/include/multisense_msgs/multisense_msgs/msg/detail/stamped_pps__type_support.h
[1.396s] -- Up-to-date: /home/jetson/Senior_Design_Project/camera_ros_node/install/multisense_msgs/include/multisense_msgs/multisense_msgs/msg/detail/device_info__functions.c
[1.397s] -- Up-to-date: /home/jetson/Senior_Design_Project/camera_ros_node/install/multisense_msgs/include/multisense_msgs/multisense_msgs/msg/detail/raw_lidar_cal__functions.c
[1.397s] -- Up-to-date: /home/jetson/Senior_Design_Project/camera_ros_node/install/multisense_msgs/include/multisense_msgs/multisense_msgs/msg/detail/raw_cam_data__struct.h
[1.397s] -- Up-to-date: /home/jetson/Senior_Design_Project/camera_ros_node/install/multisense_msgs/include/multisense_msgs/multisense_msgs/msg/detail/device_status__struct.h
[1.397s] -- Up-to-date: /home/jetson/Senior_Design_Project/camera_ros_node/install/multisense_msgs/include/multisense_msgs/multisense_msgs/msg/detail/raw_imu_data__struct.h
[1.398s] -- Up-to-date: /home/jetson/Senior_Design_Project/camera_ros_node/install/multisense_msgs/include/multisense_msgs/multisense_msgs/msg/detail/histogram__type_support.h
[1.398s] -- Up-to-date: /home/jetson/Senior_Design_Project/camera_ros_node/install/multisense_msgs/include/multisense_msgs/multisense_msgs/msg/detail/raw_imu_data__functions.c
[1.398s] -- Up-to-date: /home/jetson/Senior_Design_Project/camera_ros_node/install/multisense_msgs/include/multisense_msgs/multisense_msgs/msg/detail/raw_lidar_data__functions.c
[1.399s] -- Up-to-date: /home/jetson/Senior_Design_Project/camera_ros_node/install/multisense_msgs/include/multisense_msgs/multisense_msgs/msg/detail/stamped_pps__functions.c
[1.399s] -- Up-to-date: /home/jetson/Senior_Design_Project/camera_ros_node/install/multisense_msgs/include/multisense_msgs/multisense_msgs/msg/detail/raw_cam_config__functions.c
[1.400s] -- Up-to-date: /home/jetson/Senior_Design_Project/camera_ros_node/install/multisense_msgs/include/multisense_msgs/multisense_msgs/msg/detail/raw_cam_config__struct.h
[1.400s] -- Up-to-date: /home/jetson/Senior_Design_Project/camera_ros_node/install/multisense_msgs/include/multisense_msgs/multisense_msgs/msg/detail/device_info__functions.h
[1.400s] -- Up-to-date: /home/jetson/Senior_Design_Project/camera_ros_node/install/multisense_msgs/include/multisense_msgs/multisense_msgs/msg/detail/raw_lidar_data__struct.h
[1.400s] -- Up-to-date: /home/jetson/Senior_Design_Project/camera_ros_node/install/multisense_msgs/include/multisense_msgs/multisense_msgs/msg/detail/histogram__struct.h
[1.401s] -- Up-to-date: /home/jetson/Senior_Design_Project/camera_ros_node/install/multisense_msgs/include/multisense_msgs/multisense_msgs/msg/detail/ptp_status__functions.c
[1.401s] -- Up-to-date: /home/jetson/Senior_Design_Project/camera_ros_node/install/multisense_msgs/include/multisense_msgs/multisense_msgs/msg/detail/raw_lidar_cal__type_support.h
[1.401s] -- Up-to-date: /home/jetson/Senior_Design_Project/camera_ros_node/install/multisense_msgs/include/multisense_msgs/multisense_msgs/msg/detail/device_info__type_support.h
[1.401s] -- Up-to-date: /home/jetson/Senior_Design_Project/camera_ros_node/install/multisense_msgs/include/multisense_msgs/multisense_msgs/msg/detail/raw_cam_cal__functions.h
[1.402s] -- Up-to-date: /home/jetson/Senior_Design_Project/camera_ros_node/install/multisense_msgs/include/multisense_msgs/multisense_msgs/msg/ptp_status.h
[1.402s] -- Up-to-date: /home/jetson/Senior_Design_Project/camera_ros_node/install/multisense_msgs/include/multisense_msgs/multisense_msgs/msg/raw_imu_data.h
[1.402s] -- Up-to-date: /home/jetson/Senior_Design_Project/camera_ros_node/install/multisense_msgs/include/multisense_msgs/multisense_msgs/msg/device_info.h
[1.402s] -- Up-to-date: /home/jetson/Senior_Design_Project/camera_ros_node/install/multisense_msgs/share/multisense_msgs/environment/library_path.sh
[1.403s] -- Up-to-date: /home/jetson/Senior_Design_Project/camera_ros_node/install/multisense_msgs/share/multisense_msgs/environment/library_path.dsv
[1.403s] -- Up-to-date: /home/jetson/Senior_Design_Project/camera_ros_node/install/multisense_msgs/lib/libmultisense_msgs__rosidl_generator_c.so
[1.403s] -- Up-to-date: /home/jetson/Senior_Design_Project/camera_ros_node/install/multisense_msgs/include/multisense_msgs/multisense_msgs
[1.404s] -- Up-to-date: /home/jetson/Senior_Design_Project/camera_ros_node/install/multisense_msgs/include/multisense_msgs/multisense_msgs/msg
[1.404s] -- Up-to-date: /home/jetson/Senior_Design_Project/camera_ros_node/install/multisense_msgs/include/multisense_msgs/multisense_msgs/msg/detail
[1.404s] -- Up-to-date: /home/jetson/Senior_Design_Project/camera_ros_node/install/multisense_msgs/include/multisense_msgs/multisense_msgs/msg/detail/raw_imu_data__rosidl_typesupport_fastrtps_c.h
[1.405s] -- Up-to-date: /home/jetson/Senior_Design_Project/camera_ros_node/install/multisense_msgs/include/multisense_msgs/multisense_msgs/msg/detail/device_info__rosidl_typesupport_fastrtps_c.h
[1.405s] -- Up-to-date: /home/jetson/Senior_Design_Project/camera_ros_node/install/multisense_msgs/include/multisense_msgs/multisense_msgs/msg/detail/histogram__rosidl_typesupport_fastrtps_c.h
[1.406s] -- Up-to-date: /home/jetson/Senior_Design_Project/camera_ros_node/install/multisense_msgs/include/multisense_msgs/multisense_msgs/msg/detail/ptp_status__rosidl_typesupport_fastrtps_c.h
[1.406s] -- Up-to-date: /home/jetson/Senior_Design_Project/camera_ros_node/install/multisense_msgs/include/multisense_msgs/multisense_msgs/msg/detail/raw_lidar_cal__rosidl_typesupport_fastrtps_c.h
[1.406s] -- Up-to-date: /home/jetson/Senior_Design_Project/camera_ros_node/install/multisense_msgs/include/multisense_msgs/multisense_msgs/msg/detail/raw_cam_cal__rosidl_typesupport_fastrtps_c.h
[1.407s] -- Up-to-date: /home/jetson/Senior_Design_Project/camera_ros_node/install/multisense_msgs/include/multisense_msgs/multisense_msgs/msg/detail/device_status__rosidl_typesupport_fastrtps_c.h
[1.407s] -- Up-to-date: /home/jetson/Senior_Design_Project/camera_ros_node/install/multisense_msgs/include/multisense_msgs/multisense_msgs/msg/detail/stamped_pps__rosidl_typesupport_fastrtps_c.h
[1.407s] -- Up-to-date: /home/jetson/Senior_Design_Project/camera_ros_node/install/multisense_msgs/include/multisense_msgs/multisense_msgs/msg/detail/raw_lidar_data__rosidl_typesupport_fastrtps_c.h
[1.407s] -- Up-to-date: /home/jetson/Senior_Design_Project/camera_ros_node/install/multisense_msgs/include/multisense_msgs/multisense_msgs/msg/detail/raw_cam_config__rosidl_typesupport_fastrtps_c.h
[1.407s] -- Up-to-date: /home/jetson/Senior_Design_Project/camera_ros_node/install/multisense_msgs/include/multisense_msgs/multisense_msgs/msg/detail/raw_cam_data__rosidl_typesupport_fastrtps_c.h
[1.408s] -- Up-to-date: /home/jetson/Senior_Design_Project/camera_ros_node/install/multisense_msgs/include/multisense_msgs/multisense_msgs/msg/rosidl_typesupport_fastrtps_c__visibility_control.h
[1.408s] -- Up-to-date: /home/jetson/Senior_Design_Project/camera_ros_node/install/multisense_msgs/lib/libmultisense_msgs__rosidl_typesupport_fastrtps_c.so
[1.408s] -- Up-to-date: /home/jetson/Senior_Design_Project/camera_ros_node/install/multisense_msgs/include/multisense_msgs/multisense_msgs
[1.408s] -- Up-to-date: /home/jetson/Senior_Design_Project/camera_ros_node/install/multisense_msgs/include/multisense_msgs/multisense_msgs/msg
[1.409s] -- Up-to-date: /home/jetson/Senior_Design_Project/camera_ros_node/install/multisense_msgs/include/multisense_msgs/multisense_msgs/msg/raw_lidar_cal.hpp
[1.409s] -- Up-to-date: /home/jetson/Senior_Design_Project/camera_ros_node/install/multisense_msgs/include/multisense_msgs/multisense_msgs/msg/histogram.hpp
[1.409s] -- Up-to-date: /home/jetson/Senior_Design_Project/camera_ros_node/install/multisense_msgs/include/multisense_msgs/multisense_msgs/msg/stamped_pps.hpp
[1.409s] -- Up-to-date: /home/jetson/Senior_Design_Project/camera_ros_node/install/multisense_msgs/include/multisense_msgs/multisense_msgs/msg/ptp_status.hpp
[1.409s] -- Up-to-date: /home/jetson/Senior_Design_Project/camera_ros_node/install/multisense_msgs/include/multisense_msgs/multisense_msgs/msg/raw_cam_config.hpp
[1.410s] -- Up-to-date: /home/jetson/Senior_Design_Project/camera_ros_node/install/multisense_msgs/include/multisense_msgs/multisense_msgs/msg/device_info.hpp
[1.410s] -- Up-to-date: /home/jetson/Senior_Design_Project/camera_ros_node/install/multisense_msgs/include/multisense_msgs/multisense_msgs/msg/raw_imu_data.hpp
[1.410s] -- Up-to-date: /home/jetson/Senior_Design_Project/camera_ros_node/install/multisense_msgs/include/multisense_msgs/multisense_msgs/msg/detail
[1.410s] -- Up-to-date: /home/jetson/Senior_Design_Project/camera_ros_node/install/multisense_msgs/include/multisense_msgs/multisense_msgs/msg/detail/stamped_pps__builder.hpp
[1.411s] -- Up-to-date: /home/jetson/Senior_Design_Project/camera_ros_node/install/multisense_msgs/include/multisense_msgs/multisense_msgs/msg/detail/raw_cam_cal__struct.hpp
[1.411s] -- Up-to-date: /home/jetson/Senior_Design_Project/camera_ros_node/install/multisense_msgs/include/multisense_msgs/multisense_msgs/msg/detail/histogram__traits.hpp
[1.411s] -- Up-to-date: /home/jetson/Senior_Design_Project/camera_ros_node/install/multisense_msgs/include/multisense_msgs/multisense_msgs/msg/detail/stamped_pps__traits.hpp
[1.411s] -- Up-to-date: /home/jetson/Senior_Design_Project/camera_ros_node/install/multisense_msgs/include/multisense_msgs/multisense_msgs/msg/detail/histogram__struct.hpp
[1.411s] -- Up-to-date: /home/jetson/Senior_Design_Project/camera_ros_node/install/multisense_msgs/include/multisense_msgs/multisense_msgs/msg/detail/raw_cam_data__traits.hpp
[1.412s] -- Up-to-date: /home/jetson/Senior_Design_Project/camera_ros_node/install/multisense_msgs/include/multisense_msgs/multisense_msgs/msg/detail/ptp_status__traits.hpp
[1.412s] -- Up-to-date: /home/jetson/Senior_Design_Project/camera_ros_node/install/multisense_msgs/include/multisense_msgs/multisense_msgs/msg/detail/raw_lidar_cal__struct.hpp
[1.412s] -- Up-to-date: /home/jetson/Senior_Design_Project/camera_ros_node/install/multisense_msgs/include/multisense_msgs/multisense_msgs/msg/detail/raw_cam_data__struct.hpp
[1.412s] -- Up-to-date: /home/jetson/Senior_Design_Project/camera_ros_node/install/multisense_msgs/include/multisense_msgs/multisense_msgs/msg/detail/raw_cam_config__builder.hpp
[1.412s] -- Up-to-date: /home/jetson/Senior_Design_Project/camera_ros_node/install/multisense_msgs/include/multisense_msgs/multisense_msgs/msg/detail/ptp_status__struct.hpp
[1.413s] -- Up-to-date: /home/jetson/Senior_Design_Project/camera_ros_node/install/multisense_msgs/include/multisense_msgs/multisense_msgs/msg/detail/raw_imu_data__builder.hpp
[1.413s] -- Up-to-date: /home/jetson/Senior_Design_Project/camera_ros_node/install/multisense_msgs/include/multisense_msgs/multisense_msgs/msg/detail/device_info__traits.hpp
[1.413s] -- Up-to-date: /home/jetson/Senior_Design_Project/camera_ros_node/install/multisense_msgs/include/multisense_msgs/multisense_msgs/msg/detail/stamped_pps__struct.hpp
[1.413s] -- Up-to-date: /home/jetson/Senior_Design_Project/camera_ros_node/install/multisense_msgs/include/multisense_msgs/multisense_msgs/msg/detail/raw_lidar_cal__builder.hpp
[1.414s] -- Up-to-date: /home/jetson/Senior_Design_Project/camera_ros_node/install/multisense_msgs/include/multisense_msgs/multisense_msgs/msg/detail/raw_imu_data__traits.hpp
[1.414s] -- Up-to-date: /home/jetson/Senior_Design_Project/camera_ros_node/install/multisense_msgs/include/multisense_msgs/multisense_msgs/msg/detail/raw_cam_config__struct.hpp
[1.414s] -- Up-to-date: /home/jetson/Senior_Design_Project/camera_ros_node/install/multisense_msgs/include/multisense_msgs/multisense_msgs/msg/detail/raw_cam_cal__builder.hpp
[1.414s] -- Up-to-date: /home/jetson/Senior_Design_Project/camera_ros_node/install/multisense_msgs/include/multisense_msgs/multisense_msgs/msg/detail/device_status__traits.hpp
[1.414s] -- Up-to-date: /home/jetson/Senior_Design_Project/camera_ros_node/install/multisense_msgs/include/multisense_msgs/multisense_msgs/msg/detail/raw_cam_data__builder.hpp
[1.415s] -- Up-to-date: /home/jetson/Senior_Design_Project/camera_ros_node/install/multisense_msgs/include/multisense_msgs/multisense_msgs/msg/detail/raw_cam_config__traits.hpp
[1.415s] -- Up-to-date: /home/jetson/Senior_Design_Project/camera_ros_node/install/multisense_msgs/include/multisense_msgs/multisense_msgs/msg/detail/device_status__builder.hpp
[1.415s] -- Up-to-date: /home/jetson/Senior_Design_Project/camera_ros_node/install/multisense_msgs/include/multisense_msgs/multisense_msgs/msg/detail/device_info__struct.hpp
[1.415s] -- Up-to-date: /home/jetson/Senior_Design_Project/camera_ros_node/install/multisense_msgs/include/multisense_msgs/multisense_msgs/msg/detail/raw_cam_cal__traits.hpp
[1.416s] -- Up-to-date: /home/jetson/Senior_Design_Project/camera_ros_node/install/multisense_msgs/include/multisense_msgs/multisense_msgs/msg/detail/device_status__struct.hpp
[1.416s] -- Up-to-date: /home/jetson/Senior_Design_Project/camera_ros_node/install/multisense_msgs/include/multisense_msgs/multisense_msgs/msg/detail/device_info__builder.hpp
[1.416s] -- Up-to-date: /home/jetson/Senior_Design_Project/camera_ros_node/install/multisense_msgs/include/multisense_msgs/multisense_msgs/msg/detail/raw_lidar_cal__traits.hpp
[1.416s] -- Up-to-date: /home/jetson/Senior_Design_Project/camera_ros_node/install/multisense_msgs/include/multisense_msgs/multisense_msgs/msg/detail/raw_lidar_data__traits.hpp
[1.416s] -- Up-to-date: /home/jetson/Senior_Design_Project/camera_ros_node/install/multisense_msgs/include/multisense_msgs/multisense_msgs/msg/detail/raw_lidar_data__struct.hpp
[1.417s] -- Up-to-date: /home/jetson/Senior_Design_Project/camera_ros_node/install/multisense_msgs/include/multisense_msgs/multisense_msgs/msg/detail/raw_imu_data__struct.hpp
[1.417s] -- Up-to-date: /home/jetson/Senior_Design_Project/camera_ros_node/install/multisense_msgs/include/multisense_msgs/multisense_msgs/msg/detail/ptp_status__builder.hpp
[1.417s] -- Up-to-date: /home/jetson/Senior_Design_Project/camera_ros_node/install/multisense_msgs/include/multisense_msgs/multisense_msgs/msg/detail/raw_lidar_data__builder.hpp
[1.417s] -- Up-to-date: /home/jetson/Senior_Design_Project/camera_ros_node/install/multisense_msgs/include/multisense_msgs/multisense_msgs/msg/detail/histogram__builder.hpp
[1.418s] -- Up-to-date: /home/jetson/Senior_Design_Project/camera_ros_node/install/multisense_msgs/include/multisense_msgs/multisense_msgs/msg/device_status.hpp
[1.418s] -- Up-to-date: /home/jetson/Senior_Design_Project/camera_ros_node/install/multisense_msgs/include/multisense_msgs/multisense_msgs/msg/raw_cam_data.hpp
[1.418s] -- Up-to-date: /home/jetson/Senior_Design_Project/camera_ros_node/install/multisense_msgs/include/multisense_msgs/multisense_msgs/msg/raw_lidar_data.hpp
[1.418s] -- Up-to-date: /home/jetson/Senior_Design_Project/camera_ros_node/install/multisense_msgs/include/multisense_msgs/multisense_msgs/msg/raw_cam_cal.hpp
[1.418s] -- Up-to-date: /home/jetson/Senior_Design_Project/camera_ros_node/install/multisense_msgs/include/multisense_msgs/multisense_msgs
[1.419s] -- Up-to-date: /home/jetson/Senior_Design_Project/camera_ros_node/install/multisense_msgs/include/multisense_msgs/multisense_msgs/msg
[1.419s] -- Up-to-date: /home/jetson/Senior_Design_Project/camera_ros_node/install/multisense_msgs/include/multisense_msgs/multisense_msgs/msg/detail
[1.419s] -- Up-to-date: /home/jetson/Senior_Design_Project/camera_ros_node/install/multisense_msgs/include/multisense_msgs/multisense_msgs/msg/detail/stamped_pps__rosidl_typesupport_fastrtps_cpp.hpp
[1.419s] -- Up-to-date: /home/jetson/Senior_Design_Project/camera_ros_node/install/multisense_msgs/include/multisense_msgs/multisense_msgs/msg/detail/raw_lidar_data__rosidl_typesupport_fastrtps_cpp.hpp
[1.420s] -- Up-to-date: /home/jetson/Senior_Design_Project/camera_ros_node/install/multisense_msgs/include/multisense_msgs/multisense_msgs/msg/detail/raw_cam_data__rosidl_typesupport_fastrtps_cpp.hpp
[1.420s] -- Up-to-date: /home/jetson/Senior_Design_Project/camera_ros_node/install/multisense_msgs/include/multisense_msgs/multisense_msgs/msg/detail/raw_imu_data__rosidl_typesupport_fastrtps_cpp.hpp
[1.420s] -- Up-to-date: /home/jetson/Senior_Design_Project/camera_ros_node/install/multisense_msgs/include/multisense_msgs/multisense_msgs/msg/detail/dds_fastrtps
[1.420s] -- Up-to-date: /home/jetson/Senior_Design_Project/camera_ros_node/install/multisense_msgs/include/multisense_msgs/multisense_msgs/msg/detail/raw_lidar_cal__rosidl_typesupport_fastrtps_cpp.hpp
[1.420s] -- Up-to-date: /home/jetson/Senior_Design_Project/camera_ros_node/install/multisense_msgs/include/multisense_msgs/multisense_msgs/msg/detail/raw_cam_config__rosidl_typesupport_fastrtps_cpp.hpp
[1.421s] -- Up-to-date: /home/jetson/Senior_Design_Project/camera_ros_node/install/multisense_msgs/include/multisense_msgs/multisense_msgs/msg/detail/device_info__rosidl_typesupport_fastrtps_cpp.hpp
[1.421s] -- Up-to-date: /home/jetson/Senior_Design_Project/camera_ros_node/install/multisense_msgs/include/multisense_msgs/multisense_msgs/msg/detail/raw_cam_cal__rosidl_typesupport_fastrtps_cpp.hpp
[1.421s] -- Up-to-date: /home/jetson/Senior_Design_Project/camera_ros_node/install/multisense_msgs/include/multisense_msgs/multisense_msgs/msg/detail/ptp_status__rosidl_typesupport_fastrtps_cpp.hpp
[1.421s] -- Up-to-date: /home/jetson/Senior_Design_Project/camera_ros_node/install/multisense_msgs/include/multisense_msgs/multisense_msgs/msg/detail/device_status__rosidl_typesupport_fastrtps_cpp.hpp
[1.422s] -- Up-to-date: /home/jetson/Senior_Design_Project/camera_ros_node/install/multisense_msgs/include/multisense_msgs/multisense_msgs/msg/detail/histogram__rosidl_typesupport_fastrtps_cpp.hpp
[1.422s] -- Up-to-date: /home/jetson/Senior_Design_Project/camera_ros_node/install/multisense_msgs/include/multisense_msgs/multisense_msgs/msg/rosidl_typesupport_fastrtps_cpp__visibility_control.h
[1.422s] -- Up-to-date: /home/jetson/Senior_Design_Project/camera_ros_node/install/multisense_msgs/lib/libmultisense_msgs__rosidl_typesupport_fastrtps_cpp.so
[1.422s] -- Up-to-date: /home/jetson/Senior_Design_Project/camera_ros_node/install/multisense_msgs/include/multisense_msgs/multisense_msgs
[1.422s] -- Up-to-date: /home/jetson/Senior_Design_Project/camera_ros_node/install/multisense_msgs/include/multisense_msgs/multisense_msgs/msg
[1.423s] -- Up-to-date: /home/jetson/Senior_Design_Project/camera_ros_node/install/multisense_msgs/include/multisense_msgs/multisense_msgs/msg/detail
[1.423s] -- Up-to-date: /home/jetson/Senior_Design_Project/camera_ros_node/install/multisense_msgs/include/multisense_msgs/multisense_msgs/msg/detail/device_status__rosidl_typesupport_introspection_c.h
[1.423s] -- Up-to-date: /home/jetson/Senior_Design_Project/camera_ros_node/install/multisense_msgs/include/multisense_msgs/multisense_msgs/msg/detail/histogram__type_support.c
[1.423s] -- Up-to-date: /home/jetson/Senior_Design_Project/camera_ros_node/install/multisense_msgs/include/multisense_msgs/multisense_msgs/msg/detail/raw_cam_cal__type_support.c
[1.424s] -- Up-to-date: /home/jetson/Senior_Design_Project/camera_ros_node/install/multisense_msgs/include/multisense_msgs/multisense_msgs/msg/detail/ptp_status__type_support.c
[1.424s] -- Up-to-date: /home/jetson/Senior_Design_Project/camera_ros_node/install/multisense_msgs/include/multisense_msgs/multisense_msgs/msg/detail/raw_imu_data__rosidl_typesupport_introspection_c.h
[1.424s] -- Up-to-date: /home/jetson/Senior_Design_Project/camera_ros_node/install/multisense_msgs/include/multisense_msgs/multisense_msgs/msg/detail/device_info__type_support.c
[1.424s] -- Up-to-date: /home/jetson/Senior_Design_Project/camera_ros_node/install/multisense_msgs/include/multisense_msgs/multisense_msgs/msg/detail/raw_cam_data__rosidl_typesupport_introspection_c.h
[1.424s] -- Up-to-date: /home/jetson/Senior_Design_Project/camera_ros_node/install/multisense_msgs/include/multisense_msgs/multisense_msgs/msg/detail/raw_cam_config__type_support.c
[1.425s] -- Up-to-date: /home/jetson/Senior_Design_Project/camera_ros_node/install/multisense_msgs/include/multisense_msgs/multisense_msgs/msg/detail/device_status__type_support.c
[1.425s] -- Up-to-date: /home/jetson/Senior_Design_Project/camera_ros_node/install/multisense_msgs/include/multisense_msgs/multisense_msgs/msg/detail/stamped_pps__type_support.c
[1.425s] -- Up-to-date: /home/jetson/Senior_Design_Project/camera_ros_node/install/multisense_msgs/include/multisense_msgs/multisense_msgs/msg/detail/raw_lidar_data__rosidl_typesupport_introspection_c.h
[1.425s] -- Up-to-date: /home/jetson/Senior_Design_Project/camera_ros_node/install/multisense_msgs/include/multisense_msgs/multisense_msgs/msg/detail/raw_cam_data__type_support.c
[1.426s] -- Up-to-date: /home/jetson/Senior_Design_Project/camera_ros_node/install/multisense_msgs/include/multisense_msgs/multisense_msgs/msg/detail/raw_lidar_cal__rosidl_typesupport_introspection_c.h
[1.426s] -- Up-to-date: /home/jetson/Senior_Design_Project/camera_ros_node/install/multisense_msgs/include/multisense_msgs/multisense_msgs/msg/detail/histogram__rosidl_typesupport_introspection_c.h
[1.426s] -- Up-to-date: /home/jetson/Senior_Design_Project/camera_ros_node/install/multisense_msgs/include/multisense_msgs/multisense_msgs/msg/detail/stamped_pps__rosidl_typesupport_introspection_c.h
[1.426s] -- Up-to-date: /home/jetson/Senior_Design_Project/camera_ros_node/install/multisense_msgs/include/multisense_msgs/multisense_msgs/msg/detail/device_info__rosidl_typesupport_introspection_c.h
[1.426s] -- Up-to-date: /home/jetson/Senior_Design_Project/camera_ros_node/install/multisense_msgs/include/multisense_msgs/multisense_msgs/msg/detail/raw_lidar_data__type_support.c
[1.427s] -- Up-to-date: /home/jetson/Senior_Design_Project/camera_ros_node/install/multisense_msgs/include/multisense_msgs/multisense_msgs/msg/detail/raw_cam_config__rosidl_typesupport_introspection_c.h
[1.427s] -- Up-to-date: /home/jetson/Senior_Design_Project/camera_ros_node/install/multisense_msgs/include/multisense_msgs/multisense_msgs/msg/detail/raw_cam_cal__rosidl_typesupport_introspection_c.h
[1.427s] -- Up-to-date: /home/jetson/Senior_Design_Project/camera_ros_node/install/multisense_msgs/include/multisense_msgs/multisense_msgs/msg/detail/ptp_status__rosidl_typesupport_introspection_c.h
[1.427s] -- Up-to-date: /home/jetson/Senior_Design_Project/camera_ros_node/install/multisense_msgs/include/multisense_msgs/multisense_msgs/msg/detail/raw_imu_data__type_support.c
[1.428s] -- Up-to-date: /home/jetson/Senior_Design_Project/camera_ros_node/install/multisense_msgs/include/multisense_msgs/multisense_msgs/msg/detail/raw_lidar_cal__type_support.c
[1.428s] -- Up-to-date: /home/jetson/Senior_Design_Project/camera_ros_node/install/multisense_msgs/include/multisense_msgs/multisense_msgs/msg/rosidl_typesupport_introspection_c__visibility_control.h
[1.428s] -- Up-to-date: /home/jetson/Senior_Design_Project/camera_ros_node/install/multisense_msgs/lib/libmultisense_msgs__rosidl_typesupport_introspection_c.so
[1.428s] -- Up-to-date: /home/jetson/Senior_Design_Project/camera_ros_node/install/multisense_msgs/lib/libmultisense_msgs__rosidl_typesupport_c.so
[1.428s] -- Up-to-date: /home/jetson/Senior_Design_Project/camera_ros_node/install/multisense_msgs/include/multisense_msgs/multisense_msgs
[1.429s] -- Up-to-date: /home/jetson/Senior_Design_Project/camera_ros_node/install/multisense_msgs/include/multisense_msgs/multisense_msgs/msg
[1.429s] -- Up-to-date: /home/jetson/Senior_Design_Project/camera_ros_node/install/multisense_msgs/include/multisense_msgs/multisense_msgs/msg/detail
[1.429s] -- Up-to-date: /home/jetson/Senior_Design_Project/camera_ros_node/install/multisense_msgs/include/multisense_msgs/multisense_msgs/msg/detail/raw_lidar_data__type_support.cpp
[1.429s] -- Up-to-date: /home/jetson/Senior_Design_Project/camera_ros_node/install/multisense_msgs/include/multisense_msgs/multisense_msgs/msg/detail/raw_imu_data__rosidl_typesupport_introspection_cpp.hpp
[1.429s] -- Up-to-date: /home/jetson/Senior_Design_Project/camera_ros_node/install/multisense_msgs/include/multisense_msgs/multisense_msgs/msg/detail/raw_imu_data__type_support.cpp
[1.430s] -- Up-to-date: /home/jetson/Senior_Design_Project/camera_ros_node/install/multisense_msgs/include/multisense_msgs/multisense_msgs/msg/detail/device_status__type_support.cpp
[1.430s] -- Up-to-date: /home/jetson/Senior_Design_Project/camera_ros_node/install/multisense_msgs/include/multisense_msgs/multisense_msgs/msg/detail/raw_cam_config__type_support.cpp
[1.430s] -- Up-to-date: /home/jetson/Senior_Design_Project/camera_ros_node/install/multisense_msgs/include/multisense_msgs/multisense_msgs/msg/detail/ptp_status__rosidl_typesupport_introspection_cpp.hpp
[1.430s] -- Up-to-date: /home/jetson/Senior_Design_Project/camera_ros_node/install/multisense_msgs/include/multisense_msgs/multisense_msgs/msg/detail/histogram__type_support.cpp
[1.431s] -- Up-to-date: /home/jetson/Senior_Design_Project/camera_ros_node/install/multisense_msgs/include/multisense_msgs/multisense_msgs/msg/detail/raw_lidar_cal__rosidl_typesupport_introspection_cpp.hpp
[1.431s] -- Up-to-date: /home/jetson/Senior_Design_Project/camera_ros_node/install/multisense_msgs/include/multisense_msgs/multisense_msgs/msg/detail/raw_lidar_data__rosidl_typesupport_introspection_cpp.hpp
[1.431s] -- Up-to-date: /home/jetson/Senior_Design_Project/camera_ros_node/install/multisense_msgs/include/multisense_msgs/multisense_msgs/msg/detail/device_status__rosidl_typesupport_introspection_cpp.hpp
[1.431s] -- Up-to-date: /home/jetson/Senior_Design_Project/camera_ros_node/install/multisense_msgs/include/multisense_msgs/multisense_msgs/msg/detail/device_info__type_support.cpp
[1.431s] -- Up-to-date: /home/jetson/Senior_Design_Project/camera_ros_node/install/multisense_msgs/include/multisense_msgs/multisense_msgs/msg/detail/histogram__rosidl_typesupport_introspection_cpp.hpp
[1.432s] -- Up-to-date: /home/jetson/Senior_Design_Project/camera_ros_node/install/multisense_msgs/include/multisense_msgs/multisense_msgs/msg/detail/raw_lidar_cal__type_support.cpp
[1.432s] -- Up-to-date: /home/jetson/Senior_Design_Project/camera_ros_node/install/multisense_msgs/include/multisense_msgs/multisense_msgs/msg/detail/raw_cam_data__type_support.cpp
[1.432s] -- Up-to-date: /home/jetson/Senior_Design_Project/camera_ros_node/install/multisense_msgs/include/multisense_msgs/multisense_msgs/msg/detail/stamped_pps__type_support.cpp
[1.432s] -- Up-to-date: /home/jetson/Senior_Design_Project/camera_ros_node/install/multisense_msgs/include/multisense_msgs/multisense_msgs/msg/detail/raw_cam_cal__type_support.cpp
[1.433s] -- Up-to-date: /home/jetson/Senior_Design_Project/camera_ros_node/install/multisense_msgs/include/multisense_msgs/multisense_msgs/msg/detail/raw_cam_cal__rosidl_typesupport_introspection_cpp.hpp
[1.433s] -- Up-to-date: /home/jetson/Senior_Design_Project/camera_ros_node/install/multisense_msgs/include/multisense_msgs/multisense_msgs/msg/detail/raw_cam_config__rosidl_typesupport_introspection_cpp.hpp
[1.433s] -- Up-to-date: /home/jetson/Senior_Design_Project/camera_ros_node/install/multisense_msgs/include/multisense_msgs/multisense_msgs/msg/detail/raw_cam_data__rosidl_typesupport_introspection_cpp.hpp
[1.433s] -- Up-to-date: /home/jetson/Senior_Design_Project/camera_ros_node/install/multisense_msgs/include/multisense_msgs/multisense_msgs/msg/detail/ptp_status__type_support.cpp
[1.433s] -- Up-to-date: /home/jetson/Senior_Design_Project/camera_ros_node/install/multisense_msgs/include/multisense_msgs/multisense_msgs/msg/detail/stamped_pps__rosidl_typesupport_introspection_cpp.hpp
[1.434s] -- Up-to-date: /home/jetson/Senior_Design_Project/camera_ros_node/install/multisense_msgs/include/multisense_msgs/multisense_msgs/msg/detail/device_info__rosidl_typesupport_introspection_cpp.hpp
[1.434s] -- Up-to-date: /home/jetson/Senior_Design_Project/camera_ros_node/install/multisense_msgs/lib/libmultisense_msgs__rosidl_typesupport_introspection_cpp.so
[1.434s] -- Up-to-date: /home/jetson/Senior_Design_Project/camera_ros_node/install/multisense_msgs/lib/libmultisense_msgs__rosidl_typesupport_cpp.so
[1.434s] -- Up-to-date: /home/jetson/Senior_Design_Project/camera_ros_node/install/multisense_msgs/share/multisense_msgs/environment/pythonpath.sh
[1.435s] -- Up-to-date: /home/jetson/Senior_Design_Project/camera_ros_node/install/multisense_msgs/share/multisense_msgs/environment/pythonpath.dsv
[1.435s] -- Up-to-date: /home/jetson/Senior_Design_Project/camera_ros_node/install/multisense_msgs/local/lib/python3.10/dist-packages/multisense_msgs-1.0.0-py3.10.egg-info
[1.435s] -- Installing: /home/jetson/Senior_Design_Project/camera_ros_node/install/multisense_msgs/local/lib/python3.10/dist-packages/multisense_msgs-1.0.0-py3.10.egg-info/dependency_links.txt
[1.435s] -- Installing: /home/jetson/Senior_Design_Project/camera_ros_node/install/multisense_msgs/local/lib/python3.10/dist-packages/multisense_msgs-1.0.0-py3.10.egg-info/PKG-INFO
[1.435s] -- Installing: /home/jetson/Senior_Design_Project/camera_ros_node/install/multisense_msgs/local/lib/python3.10/dist-packages/multisense_msgs-1.0.0-py3.10.egg-info/SOURCES.txt
[1.436s] -- Installing: /home/jetson/Senior_Design_Project/camera_ros_node/install/multisense_msgs/local/lib/python3.10/dist-packages/multisense_msgs-1.0.0-py3.10.egg-info/top_level.txt
[1.436s] -- Up-to-date: /home/jetson/Senior_Design_Project/camera_ros_node/install/multisense_msgs/local/lib/python3.10/dist-packages/multisense_msgs
[1.436s] -- Up-to-date: /home/jetson/Senior_Design_Project/camera_ros_node/install/multisense_msgs/local/lib/python3.10/dist-packages/multisense_msgs/_multisense_msgs_s.ep.rosidl_typesupport_introspection_c.c
[1.436s] -- Up-to-date: /home/jetson/Senior_Design_Project/camera_ros_node/install/multisense_msgs/local/lib/python3.10/dist-packages/multisense_msgs/multisense_msgs_s__rosidl_typesupport_c.cpython-310-aarch64-linux-gnu.so
[1.437s] -- Up-to-date: /home/jetson/Senior_Design_Project/camera_ros_node/install/multisense_msgs/local/lib/python3.10/dist-packages/multisense_msgs/_multisense_msgs_s.ep.rosidl_typesupport_fastrtps_c.c
[1.437s] -- Up-to-date: /home/jetson/Senior_Design_Project/camera_ros_node/install/multisense_msgs/local/lib/python3.10/dist-packages/multisense_msgs/msg
[1.437s] -- Up-to-date: /home/jetson/Senior_Design_Project/camera_ros_node/install/multisense_msgs/local/lib/python3.10/dist-packages/multisense_msgs/msg/_ptp_status_s.c
[1.437s] -- Up-to-date: /home/jetson/Senior_Design_Project/camera_ros_node/install/multisense_msgs/local/lib/python3.10/dist-packages/multisense_msgs/msg/_device_info.py
[1.437s] -- Up-to-date: /home/jetson/Senior_Design_Project/camera_ros_node/install/multisense_msgs/local/lib/python3.10/dist-packages/multisense_msgs/msg/_raw_cam_cal_s.c
[1.438s] -- Up-to-date: /home/jetson/Senior_Design_Project/camera_ros_node/install/multisense_msgs/local/lib/python3.10/dist-packages/multisense_msgs/msg/_raw_cam_data_s.c
[1.438s] -- Up-to-date: /home/jetson/Senior_Design_Project/camera_ros_node/install/multisense_msgs/local/lib/python3.10/dist-packages/multisense_msgs/msg/_raw_cam_config.py
[1.438s] -- Up-to-date: /home/jetson/Senior_Design_Project/camera_ros_node/install/multisense_msgs/local/lib/python3.10/dist-packages/multisense_msgs/msg/_ptp_status.py
[1.438s] -- Up-to-date: /home/jetson/Senior_Design_Project/camera_ros_node/install/multisense_msgs/local/lib/python3.10/dist-packages/multisense_msgs/msg/_raw_cam_config_s.c
[1.439s] -- Up-to-date: /home/jetson/Senior_Design_Project/camera_ros_node/install/multisense_msgs/local/lib/python3.10/dist-packages/multisense_msgs/msg/_device_status_s.c
[1.439s] -- Up-to-date: /home/jetson/Senior_Design_Project/camera_ros_node/install/multisense_msgs/local/lib/python3.10/dist-packages/multisense_msgs/msg/_histogram.py
[1.439s] -- Up-to-date: /home/jetson/Senior_Design_Project/camera_ros_node/install/multisense_msgs/local/lib/python3.10/dist-packages/multisense_msgs/msg/_device_status.py
[1.439s] -- Up-to-date: /home/jetson/Senior_Design_Project/camera_ros_node/install/multisense_msgs/local/lib/python3.10/dist-packages/multisense_msgs/msg/_stamped_pps_s.c
[1.439s] -- Up-to-date: /home/jetson/Senior_Design_Project/camera_ros_node/install/multisense_msgs/local/lib/python3.10/dist-packages/multisense_msgs/msg/_raw_lidar_data.py
[1.440s] -- Up-to-date: /home/jetson/Senior_Design_Project/camera_ros_node/install/multisense_msgs/local/lib/python3.10/dist-packages/multisense_msgs/msg/_raw_cam_data.py
[1.440s] -- Up-to-date: /home/jetson/Senior_Design_Project/camera_ros_node/install/multisense_msgs/local/lib/python3.10/dist-packages/multisense_msgs/msg/_raw_imu_data.py
[1.440s] -- Up-to-date: /home/jetson/Senior_Design_Project/camera_ros_node/install/multisense_msgs/local/lib/python3.10/dist-packages/multisense_msgs/msg/__init__.py
[1.440s] -- Up-to-date: /home/jetson/Senior_Design_Project/camera_ros_node/install/multisense_msgs/local/lib/python3.10/dist-packages/multisense_msgs/msg/_histogram_s.c
[1.440s] -- Up-to-date: /home/jetson/Senior_Design_Project/camera_ros_node/install/multisense_msgs/local/lib/python3.10/dist-packages/multisense_msgs/msg/_raw_imu_data_s.c
[1.441s] -- Up-to-date: /home/jetson/Senior_Design_Project/camera_ros_node/install/multisense_msgs/local/lib/python3.10/dist-packages/multisense_msgs/msg/_raw_lidar_data_s.c
[1.441s] -- Up-to-date: /home/jetson/Senior_Design_Project/camera_ros_node/install/multisense_msgs/local/lib/python3.10/dist-packages/multisense_msgs/msg/_raw_cam_cal.py
[1.441s] -- Up-to-date: /home/jetson/Senior_Design_Project/camera_ros_node/install/multisense_msgs/local/lib/python3.10/dist-packages/multisense_msgs/msg/_raw_lidar_cal.py
[1.441s] -- Up-to-date: /home/jetson/Senior_Design_Project/camera_ros_node/install/multisense_msgs/local/lib/python3.10/dist-packages/multisense_msgs/msg/_raw_lidar_cal_s.c
[1.441s] -- Up-to-date: /home/jetson/Senior_Design_Project/camera_ros_node/install/multisense_msgs/local/lib/python3.10/dist-packages/multisense_msgs/msg/_stamped_pps.py
[1.441s] -- Up-to-date: /home/jetson/Senior_Design_Project/camera_ros_node/install/multisense_msgs/local/lib/python3.10/dist-packages/multisense_msgs/msg/_device_info_s.c
[1.442s] -- Up-to-date: /home/jetson/Senior_Design_Project/camera_ros_node/install/multisense_msgs/local/lib/python3.10/dist-packages/multisense_msgs/__init__.py
[1.442s] -- Up-to-date: /home/jetson/Senior_Design_Project/camera_ros_node/install/multisense_msgs/local/lib/python3.10/dist-packages/multisense_msgs/multisense_msgs_s__rosidl_typesupport_introspection_c.cpython-310-aarch64-linux-gnu.so
[1.442s] -- Up-to-date: /home/jetson/Senior_Design_Project/camera_ros_node/install/multisense_msgs/local/lib/python3.10/dist-packages/multisense_msgs/libmultisense_msgs__rosidl_generator_py.so
[1.442s] -- Up-to-date: /home/jetson/Senior_Design_Project/camera_ros_node/install/multisense_msgs/local/lib/python3.10/dist-packages/multisense_msgs/_multisense_msgs_s.ep.rosidl_typesupport_c.c
[1.443s] -- Up-to-date: /home/jetson/Senior_Design_Project/camera_ros_node/install/multisense_msgs/local/lib/python3.10/dist-packages/multisense_msgs/multisense_msgs_s__rosidl_typesupport_fastrtps_c.cpython-310-aarch64-linux-gnu.so
[1.479s] Listing '/home/jetson/Senior_Design_Project/camera_ros_node/install/multisense_msgs/local/lib/python3.10/dist-packages/multisense_msgs'...
[1.479s] Listing '/home/jetson/Senior_Design_Project/camera_ros_node/install/multisense_msgs/local/lib/python3.10/dist-packages/multisense_msgs/msg'...
[1.491s] -- Up-to-date: /home/jetson/Senior_Design_Project/camera_ros_node/install/multisense_msgs/local/lib/python3.10/dist-packages/multisense_msgs/multisense_msgs_s__rosidl_typesupport_fastrtps_c.cpython-310-aarch64-linux-gnu.so
[1.492s] -- Up-to-date: /home/jetson/Senior_Design_Project/camera_ros_node/install/multisense_msgs/local/lib/python3.10/dist-packages/multisense_msgs/multisense_msgs_s__rosidl_typesupport_introspection_c.cpython-310-aarch64-linux-gnu.so
[1.493s] -- Up-to-date: /home/jetson/Senior_Design_Project/camera_ros_node/install/multisense_msgs/local/lib/python3.10/dist-packages/multisense_msgs/multisense_msgs_s__rosidl_typesupport_c.cpython-310-aarch64-linux-gnu.so
[1.495s] -- Up-to-date: /home/jetson/Senior_Design_Project/camera_ros_node/install/multisense_msgs/lib/libmultisense_msgs__rosidl_generator_py.so
[1.496s] -- Up-to-date: /home/jetson/Senior_Design_Project/camera_ros_node/install/multisense_msgs/share/multisense_msgs/msg/DeviceInfo.idl
[1.496s] -- Up-to-date: /home/jetson/Senior_Design_Project/camera_ros_node/install/multisense_msgs/share/multisense_msgs/msg/RawCamConfig.idl
[1.496s] -- Up-to-date: /home/jetson/Senior_Design_Project/camera_ros_node/install/multisense_msgs/share/multisense_msgs/msg/RawImuData.idl
[1.497s] -- Up-to-date: /home/jetson/Senior_Design_Project/camera_ros_node/install/multisense_msgs/share/multisense_msgs/msg/RawLidarData.idl
[1.497s] -- Up-to-date: /home/jetson/Senior_Design_Project/camera_ros_node/install/multisense_msgs/share/multisense_msgs/msg/RawCamCal.idl
[1.498s] -- Up-to-date: /home/jetson/Senior_Design_Project/camera_ros_node/install/multisense_msgs/share/multisense_msgs/msg/RawCamData.idl
[1.498s] -- Up-to-date: /home/jetson/Senior_Design_Project/camera_ros_node/install/multisense_msgs/share/multisense_msgs/msg/RawLidarCal.idl
[1.498s] -- Up-to-date: /home/jetson/Senior_Design_Project/camera_ros_node/install/multisense_msgs/share/multisense_msgs/msg/Histogram.idl
[1.499s] -- Up-to-date: /home/jetson/Senior_Design_Project/camera_ros_node/install/multisense_msgs/share/multisense_msgs/msg/DeviceStatus.idl
[1.499s] -- Up-to-date: /home/jetson/Senior_Design_Project/camera_ros_node/install/multisense_msgs/share/multisense_msgs/msg/PtpStatus.idl
[1.499s] -- Up-to-date: /home/jetson/Senior_Design_Project/camera_ros_node/install/multisense_msgs/share/multisense_msgs/msg/StampedPps.idl
[1.500s] -- Up-to-date: /home/jetson/Senior_Design_Project/camera_ros_node/install/multisense_msgs/share/multisense_msgs/msg/DeviceInfo.msg
[1.500s] -- Up-to-date: /home/jetson/Senior_Design_Project/camera_ros_node/install/multisense_msgs/share/multisense_msgs/msg/RawCamConfig.msg
[1.500s] -- Up-to-date: /home/jetson/Senior_Design_Project/camera_ros_node/install/multisense_msgs/share/multisense_msgs/msg/RawImuData.msg
[1.500s] -- Up-to-date: /home/jetson/Senior_Design_Project/camera_ros_node/install/multisense_msgs/share/multisense_msgs/msg/RawLidarData.msg
[1.501s] -- Up-to-date: /home/jetson/Senior_Design_Project/camera_ros_node/install/multisense_msgs/share/multisense_msgs/msg/RawCamCal.msg
[1.501s] -- Up-to-date: /home/jetson/Senior_Design_Project/camera_ros_node/install/multisense_msgs/share/multisense_msgs/msg/RawCamData.msg
[1.501s] -- Up-to-date: /home/jetson/Senior_Design_Project/camera_ros_node/install/multisense_msgs/share/multisense_msgs/msg/RawLidarCal.msg
[1.501s] -- Up-to-date: /home/jetson/Senior_Design_Project/camera_ros_node/install/multisense_msgs/share/multisense_msgs/msg/Histogram.msg
[1.502s] -- Up-to-date: /home/jetson/Senior_Design_Project/camera_ros_node/install/multisense_msgs/share/multisense_msgs/msg/DeviceStatus.msg
[1.502s] -- Up-to-date: /home/jetson/Senior_Design_Project/camera_ros_node/install/multisense_msgs/share/multisense_msgs/msg/PtpStatus.msg
[1.502s] -- Up-to-date: /home/jetson/Senior_Design_Project/camera_ros_node/install/multisense_msgs/share/multisense_msgs/msg/StampedPps.msg
[1.502s] -- Up-to-date: /home/jetson/Senior_Design_Project/camera_ros_node/install/multisense_msgs/share/ament_index/resource_index/package_run_dependencies/multisense_msgs
[1.503s] -- Up-to-date: /home/jetson/Senior_Design_Project/camera_ros_node/install/multisense_msgs/share/ament_index/resource_index/parent_prefix_path/multisense_msgs
[1.503s] -- Up-to-date: /home/jetson/Senior_Design_Project/camera_ros_node/install/multisense_msgs/share/multisense_msgs/environment/ament_prefix_path.sh
[1.503s] -- Up-to-date: /home/jetson/Senior_Design_Project/camera_ros_node/install/multisense_msgs/share/multisense_msgs/environment/ament_prefix_path.dsv
[1.503s] -- Up-to-date: /home/jetson/Senior_Design_Project/camera_ros_node/install/multisense_msgs/share/multisense_msgs/environment/path.sh
[1.504s] -- Up-to-date: /home/jetson/Senior_Design_Project/camera_ros_node/install/multisense_msgs/share/multisense_msgs/environment/path.dsv
[1.504s] -- Up-to-date: /home/jetson/Senior_Design_Project/camera_ros_node/install/multisense_msgs/share/multisense_msgs/local_setup.bash
[1.504s] -- Up-to-date: /home/jetson/Senior_Design_Project/camera_ros_node/install/multisense_msgs/share/multisense_msgs/local_setup.sh
[1.505s] -- Up-to-date: /home/jetson/Senior_Design_Project/camera_ros_node/install/multisense_msgs/share/multisense_msgs/local_setup.zsh
[1.505s] -- Up-to-date: /home/jetson/Senior_Design_Project/camera_ros_node/install/multisense_msgs/share/multisense_msgs/local_setup.dsv
[1.505s] -- Installing: /home/jetson/Senior_Design_Project/camera_ros_node/install/multisense_msgs/share/multisense_msgs/package.dsv
[1.505s] -- Up-to-date: /home/jetson/Senior_Design_Project/camera_ros_node/install/multisense_msgs/share/ament_index/resource_index/packages/multisense_msgs
[1.506s] -- Up-to-date: /home/jetson/Senior_Design_Project/camera_ros_node/install/multisense_msgs/share/multisense_msgs/cmake/export_multisense_msgs__rosidl_generator_cExport.cmake
[1.506s] -- Up-to-date: /home/jetson/Senior_Design_Project/camera_ros_node/install/multisense_msgs/share/multisense_msgs/cmake/export_multisense_msgs__rosidl_generator_cExport-release.cmake
[1.506s] -- Up-to-date: /home/jetson/Senior_Design_Project/camera_ros_node/install/multisense_msgs/share/multisense_msgs/cmake/export_multisense_msgs__rosidl_typesupport_fastrtps_cExport.cmake
[1.507s] -- Up-to-date: /home/jetson/Senior_Design_Project/camera_ros_node/install/multisense_msgs/share/multisense_msgs/cmake/export_multisense_msgs__rosidl_typesupport_fastrtps_cExport-release.cmake
[1.507s] -- Up-to-date: /home/jetson/Senior_Design_Project/camera_ros_node/install/multisense_msgs/share/multisense_msgs/cmake/export_multisense_msgs__rosidl_generator_cppExport.cmake
[1.507s] -- Up-to-date: /home/jetson/Senior_Design_Project/camera_ros_node/install/multisense_msgs/share/multisense_msgs/cmake/export_multisense_msgs__rosidl_typesupport_fastrtps_cppExport.cmake
[1.507s] -- Up-to-date: /home/jetson/Senior_Design_Project/camera_ros_node/install/multisense_msgs/share/multisense_msgs/cmake/export_multisense_msgs__rosidl_typesupport_fastrtps_cppExport-release.cmake
[1.508s] -- Up-to-date: /home/jetson/Senior_Design_Project/camera_ros_node/install/multisense_msgs/share/multisense_msgs/cmake/multisense_msgs__rosidl_typesupport_introspection_cExport.cmake
[1.508s] -- Up-to-date: /home/jetson/Senior_Design_Project/camera_ros_node/install/multisense_msgs/share/multisense_msgs/cmake/multisense_msgs__rosidl_typesupport_introspection_cExport-release.cmake
[1.508s] -- Up-to-date: /home/jetson/Senior_Design_Project/camera_ros_node/install/multisense_msgs/share/multisense_msgs/cmake/multisense_msgs__rosidl_typesupport_cExport.cmake
[1.509s] -- Up-to-date: /home/jetson/Senior_Design_Project/camera_ros_node/install/multisense_msgs/share/multisense_msgs/cmake/multisense_msgs__rosidl_typesupport_cExport-release.cmake
[1.509s] -- Up-to-date: /home/jetson/Senior_Design_Project/camera_ros_node/install/multisense_msgs/share/multisense_msgs/cmake/multisense_msgs__rosidl_typesupport_introspection_cppExport.cmake
[1.509s] -- Up-to-date: /home/jetson/Senior_Design_Project/camera_ros_node/install/multisense_msgs/share/multisense_msgs/cmake/multisense_msgs__rosidl_typesupport_introspection_cppExport-release.cmake
[1.509s] -- Up-to-date: /home/jetson/Senior_Design_Project/camera_ros_node/install/multisense_msgs/share/multisense_msgs/cmake/multisense_msgs__rosidl_typesupport_cppExport.cmake
[1.510s] -- Up-to-date: /home/jetson/Senior_Design_Project/camera_ros_node/install/multisense_msgs/share/multisense_msgs/cmake/multisense_msgs__rosidl_typesupport_cppExport-release.cmake
[1.510s] -- Up-to-date: /home/jetson/Senior_Design_Project/camera_ros_node/install/multisense_msgs/share/multisense_msgs/cmake/export_multisense_msgs__rosidl_generator_pyExport.cmake
[1.510s] -- Up-to-date: /home/jetson/Senior_Design_Project/camera_ros_node/install/multisense_msgs/share/multisense_msgs/cmake/export_multisense_msgs__rosidl_generator_pyExport-release.cmake
[1.510s] -- Up-to-date: /home/jetson/Senior_Design_Project/camera_ros_node/install/multisense_msgs/share/multisense_msgs/cmake/rosidl_cmake-extras.cmake
[1.511s] -- Up-to-date: /home/jetson/Senior_Design_Project/camera_ros_node/install/multisense_msgs/share/multisense_msgs/cmake/ament_cmake_export_dependencies-extras.cmake
[1.511s] -- Up-to-date: /home/jetson/Senior_Design_Project/camera_ros_node/install/multisense_msgs/share/multisense_msgs/cmake/ament_cmake_export_include_directories-extras.cmake
[1.511s] -- Up-to-date: /home/jetson/Senior_Design_Project/camera_ros_node/install/multisense_msgs/share/multisense_msgs/cmake/ament_cmake_export_libraries-extras.cmake
[1.511s] -- Up-to-date: /home/jetson/Senior_Design_Project/camera_ros_node/install/multisense_msgs/share/multisense_msgs/cmake/ament_cmake_export_targets-extras.cmake
[1.512s] -- Up-to-date: /home/jetson/Senior_Design_Project/camera_ros_node/install/multisense_msgs/share/multisense_msgs/cmake/rosidl_cmake_export_typesupport_targets-extras.cmake
[1.512s] -- Up-to-date: /home/jetson/Senior_Design_Project/camera_ros_node/install/multisense_msgs/share/multisense_msgs/cmake/rosidl_cmake_export_typesupport_libraries-extras.cmake
[1.512s] -- Up-to-date: /home/jetson/Senior_Design_Project/camera_ros_node/install/multisense_msgs/share/multisense_msgs/cmake/multisense_msgsConfig.cmake
[1.512s] -- Up-to-date: /home/jetson/Senior_Design_Project/camera_ros_node/install/multisense_msgs/share/multisense_msgs/cmake/multisense_msgsConfig-version.cmake
[1.513s] -- Up-to-date: /home/jetson/Senior_Design_Project/camera_ros_node/install/multisense_msgs/share/multisense_msgs/package.xml
[1.517s] Invoked command in '/home/jetson/Senior_Design_Project/camera_ros_node/build/multisense_msgs' returned '0': CMAKE_PREFIX_PATH=/opt/ros/humble /usr/bin/cmake --install /home/jetson/Senior_Design_Project/camera_ros_node/build/multisense_msgs
