[0.356s] [34mcolcon[0m [1;30mDEBUG[0m [32mCommand line arguments: ['/usr/bin/colcon', 'build'][0m
[0.356s] [34mcolcon[0m [1;30mDEBUG[0m [32mParsed command line arguments: Namespace(log_base=None, log_level=None, verb_name='build', build_base='build', install_base='install', merge_install=False, symlink_install=False, test_result_base=None, continue_on_error=False, executor='parallel', parallel_workers=6, event_handlers=None, ignore_user_meta=False, metas=['./colcon.meta'], base_paths=['.'], packages_ignore=None, packages_ignore_regex=None, paths=None, packages_up_to=None, packages_up_to_regex=None, packages_above=None, packages_above_and_dependencies=None, packages_above_depth=None, packages_select_by_dep=None, packages_skip_by_dep=None, packages_skip_up_to=None, packages_select_build_failed=False, packages_skip_build_finished=False, packages_select_test_failures=False, packages_skip_test_passed=False, packages_select=None, packages_skip=None, packages_select_regex=None, packages_skip_regex=None, packages_start=None, packages_end=None, allow_overriding=[], cmake_args=None, cmake_target=None, cmake_target_skip_unavailable=False, cmake_clean_cache=False, cmake_clean_first=False, cmake_force_configure=False, ament_cmake_args=None, catkin_cmake_args=None, catkin_skip_building_tests=False, mixin_files=None, mixin=None, verb_parser=<colcon_mixin.mixin.mixin_argument.MixinArgumentDecorator object at 0xffff8d363e20>, verb_extension=<colcon_core.verb.build.BuildVerb object at 0xffff8d4bc4f0>, main=<bound method BuildVerb.main of <colcon_core.verb.build.BuildVerb object at 0xffff8d4bc4f0>>, mixin_verb=('build',))[0m
[0.752s] [34mcolcon.colcon_core.package_discovery[0m [1;30mLevel 1[0m discover_packages(colcon_meta) check parameters
[0.753s] [34mcolcon.colcon_core.package_discovery[0m [1;30mLevel 1[0m discover_packages(recursive) check parameters
[0.753s] [34mcolcon.colcon_core.package_discovery[0m [1;30mLevel 1[0m discover_packages(ignore) check parameters
[0.753s] [34mcolcon.colcon_core.package_discovery[0m [1;30mLevel 1[0m discover_packages(path) check parameters
[0.753s] [34mcolcon.colcon_core.package_discovery[0m [1;30mLevel 1[0m discover_packages(colcon_meta) discover
[0.753s] [34mcolcon.colcon_core.package_discovery[0m [1;30mLevel 1[0m discover_packages(recursive) discover
[0.753s] [34mcolcon.colcon_core.package_discovery[0m [1;30mINFO[0m Crawling recursively for packages in '/home/jetson/Senior_Design_Project/camera_ros_node'
[0.753s] [34mcolcon.colcon_core.package_identification[0m [1;30mLevel 1[0m _identify(.) by extensions ['ignore', 'ignore_ament_install']
[0.754s] [34mcolcon.colcon_core.package_identification[0m [1;30mLevel 1[0m _identify(.) by extension 'ignore'
[0.754s] [34mcolcon.colcon_core.package_identification[0m [1;30mLevel 1[0m _identify(.) by extension 'ignore_ament_install'
[0.754s] [34mcolcon.colcon_core.package_identification[0m [1;30mLevel 1[0m _identify(.) by extensions ['colcon_pkg']
[0.754s] [34mcolcon.colcon_core.package_identification[0m [1;30mLevel 1[0m _identify(.) by extension 'colcon_pkg'
[0.754s] [34mcolcon.colcon_core.package_identification[0m [1;30mLevel 1[0m _identify(.) by extensions ['colcon_meta']
[0.754s] [34mcolcon.colcon_core.package_identification[0m [1;30mLevel 1[0m _identify(.) by extension 'colcon_meta'
[0.754s] [34mcolcon.colcon_core.package_identification[0m [1;30mLevel 1[0m _identify(.) by extensions ['ros']
[0.754s] [34mcolcon.colcon_core.package_identification[0m [1;30mLevel 1[0m _identify(.) by extension 'ros'
[0.780s] [34mcolcon.colcon_core.package_identification[0m [1;30mLevel 1[0m _identify(.) by extensions ['cmake', 'python']
[0.780s] [34mcolcon.colcon_core.package_identification[0m [1;30mLevel 1[0m _identify(.) by extension 'cmake'
[0.780s] [34mcolcon.colcon_core.package_identification[0m [1;30mLevel 1[0m _identify(.) by extension 'python'
[0.780s] [34mcolcon.colcon_core.package_identification[0m [1;30mLevel 1[0m _identify(.) by extensions ['python_setup_py']
[0.780s] [34mcolcon.colcon_core.package_identification[0m [1;30mLevel 1[0m _identify(.) by extension 'python_setup_py'
[0.781s] [34mcolcon.colcon_core.package_identification[0m [1;30mLevel 1[0m _identify(build) by extensions ['ignore', 'ignore_ament_install']
[0.781s] [34mcolcon.colcon_core.package_identification[0m [1;30mLevel 1[0m _identify(build) by extension 'ignore'
[0.781s] [34mcolcon.colcon_core.package_identification[0m [1;30mLevel 1[0m _identify(build) ignored
[0.781s] [34mcolcon.colcon_core.package_identification[0m [1;30mLevel 1[0m _identify(install) by extensions ['ignore', 'ignore_ament_install']
[0.781s] [34mcolcon.colcon_core.package_identification[0m [1;30mLevel 1[0m _identify(install) by extension 'ignore'
[0.781s] [34mcolcon.colcon_core.package_identification[0m [1;30mLevel 1[0m _identify(install) ignored
[0.782s] [34mcolcon.colcon_core.package_identification[0m [1;30mLevel 1[0m _identify(log) by extensions ['ignore', 'ignore_ament_install']
[0.782s] [34mcolcon.colcon_core.package_identification[0m [1;30mLevel 1[0m _identify(log) by extension 'ignore'
[0.782s] [34mcolcon.colcon_core.package_identification[0m [1;30mLevel 1[0m _identify(log) ignored
[0.782s] [34mcolcon.colcon_core.package_identification[0m [1;30mLevel 1[0m _identify(src) by extensions ['ignore', 'ignore_ament_install']
[0.782s] [34mcolcon.colcon_core.package_identification[0m [1;30mLevel 1[0m _identify(src) by extension 'ignore'
[0.782s] [34mcolcon.colcon_core.package_identification[0m [1;30mLevel 1[0m _identify(src) by extension 'ignore_ament_install'
[0.783s] [34mcolcon.colcon_core.package_identification[0m [1;30mLevel 1[0m _identify(src) by extensions ['colcon_pkg']
[0.783s] [34mcolcon.colcon_core.package_identification[0m [1;30mLevel 1[0m _identify(src) by extension 'colcon_pkg'
[0.783s] [34mcolcon.colcon_core.package_identification[0m [1;30mLevel 1[0m _identify(src) by extensions ['colcon_meta']
[0.783s] [34mcolcon.colcon_core.package_identification[0m [1;30mLevel 1[0m _identify(src) by extension 'colcon_meta'
[0.783s] [34mcolcon.colcon_core.package_identification[0m [1;30mLevel 1[0m _identify(src) by extensions ['ros']
[0.783s] [34mcolcon.colcon_core.package_identification[0m [1;30mLevel 1[0m _identify(src) by extension 'ros'
[0.783s] [34mcolcon.colcon_core.package_identification[0m [1;30mLevel 1[0m _identify(src) by extensions ['cmake', 'python']
[0.783s] [34mcolcon.colcon_core.package_identification[0m [1;30mLevel 1[0m _identify(src) by extension 'cmake'
[0.783s] [34mcolcon.colcon_core.package_identification[0m [1;30mLevel 1[0m _identify(src) by extension 'python'
[0.783s] [34mcolcon.colcon_core.package_identification[0m [1;30mLevel 1[0m _identify(src) by extensions ['python_setup_py']
[0.783s] [34mcolcon.colcon_core.package_identification[0m [1;30mLevel 1[0m _identify(src) by extension 'python_setup_py'
[0.784s] [34mcolcon.colcon_core.package_identification[0m [1;30mLevel 1[0m _identify(src/multisense_ros2) by extensions ['ignore', 'ignore_ament_install']
[0.784s] [34mcolcon.colcon_core.package_identification[0m [1;30mLevel 1[0m _identify(src/multisense_ros2) by extension 'ignore'
[0.784s] [34mcolcon.colcon_core.package_identification[0m [1;30mLevel 1[0m _identify(src/multisense_ros2) by extension 'ignore_ament_install'
[0.784s] [34mcolcon.colcon_core.package_identification[0m [1;30mLevel 1[0m _identify(src/multisense_ros2) by extensions ['colcon_pkg']
[0.784s] [34mcolcon.colcon_core.package_identification[0m [1;30mLevel 1[0m _identify(src/multisense_ros2) by extension 'colcon_pkg'
[0.784s] [34mcolcon.colcon_core.package_identification[0m [1;30mLevel 1[0m _identify(src/multisense_ros2) by extensions ['colcon_meta']
[0.784s] [34mcolcon.colcon_core.package_identification[0m [1;30mLevel 1[0m _identify(src/multisense_ros2) by extension 'colcon_meta'
[0.784s] [34mcolcon.colcon_core.package_identification[0m [1;30mLevel 1[0m _identify(src/multisense_ros2) by extensions ['ros']
[0.785s] [34mcolcon.colcon_core.package_identification[0m [1;30mLevel 1[0m _identify(src/multisense_ros2) by extension 'ros'
[0.785s] [34mcolcon.colcon_core.package_identification[0m [1;30mLevel 1[0m _identify(src/multisense_ros2) by extensions ['cmake', 'python']
[0.785s] [34mcolcon.colcon_core.package_identification[0m [1;30mLevel 1[0m _identify(src/multisense_ros2) by extension 'cmake'
[0.785s] [34mcolcon.colcon_core.package_identification[0m [1;30mLevel 1[0m _identify(src/multisense_ros2) by extension 'python'
[0.785s] [34mcolcon.colcon_core.package_identification[0m [1;30mLevel 1[0m _identify(src/multisense_ros2) by extensions ['python_setup_py']
[0.785s] [34mcolcon.colcon_core.package_identification[0m [1;30mLevel 1[0m _identify(src/multisense_ros2) by extension 'python_setup_py'
[0.785s] [34mcolcon.colcon_core.package_identification[0m [1;30mLevel 1[0m _identify(src/multisense_ros2/multisense_lib) by extensions ['ignore', 'ignore_ament_install']
[0.785s] [34mcolcon.colcon_core.package_identification[0m [1;30mLevel 1[0m _identify(src/multisense_ros2/multisense_lib) by extension 'ignore'
[0.786s] [34mcolcon.colcon_core.package_identification[0m [1;30mLevel 1[0m _identify(src/multisense_ros2/multisense_lib) by extension 'ignore_ament_install'
[0.786s] [34mcolcon.colcon_core.package_identification[0m [1;30mLevel 1[0m _identify(src/multisense_ros2/multisense_lib) by extensions ['colcon_pkg']
[0.786s] [34mcolcon.colcon_core.package_identification[0m [1;30mLevel 1[0m _identify(src/multisense_ros2/multisense_lib) by extension 'colcon_pkg'
[0.786s] [34mcolcon.colcon_core.package_identification[0m [1;30mLevel 1[0m _identify(src/multisense_ros2/multisense_lib) by extensions ['colcon_meta']
[0.786s] [34mcolcon.colcon_core.package_identification[0m [1;30mLevel 1[0m _identify(src/multisense_ros2/multisense_lib) by extension 'colcon_meta'
[0.786s] [34mcolcon.colcon_core.package_identification[0m [1;30mLevel 1[0m _identify(src/multisense_ros2/multisense_lib) by extensions ['ros']
[0.786s] [34mcolcon.colcon_core.package_identification[0m [1;30mLevel 1[0m _identify(src/multisense_ros2/multisense_lib) by extension 'ros'
[0.792s] [34mcolcon.colcon_core.package_identification[0m [1;30mDEBUG[0m [32mPackage 'src/multisense_ros2/multisense_lib' with type 'ros.ament_cmake' and name 'multisense_lib'[0m
[0.792s] [34mcolcon.colcon_core.package_identification[0m [1;30mLevel 1[0m _identify(src/multisense_ros2/multisense_msgs) by extensions ['ignore', 'ignore_ament_install']
[0.792s] [34mcolcon.colcon_core.package_identification[0m [1;30mLevel 1[0m _identify(src/multisense_ros2/multisense_msgs) by extension 'ignore'
[0.793s] [34mcolcon.colcon_core.package_identification[0m [1;30mLevel 1[0m _identify(src/multisense_ros2/multisense_msgs) by extension 'ignore_ament_install'
[0.793s] [34mcolcon.colcon_core.package_identification[0m [1;30mLevel 1[0m _identify(src/multisense_ros2/multisense_msgs) by extensions ['colcon_pkg']
[0.793s] [34mcolcon.colcon_core.package_identification[0m [1;30mLevel 1[0m _identify(src/multisense_ros2/multisense_msgs) by extension 'colcon_pkg'
[0.793s] [34mcolcon.colcon_core.package_identification[0m [1;30mLevel 1[0m _identify(src/multisense_ros2/multisense_msgs) by extensions ['colcon_meta']
[0.793s] [34mcolcon.colcon_core.package_identification[0m [1;30mLevel 1[0m _identify(src/multisense_ros2/multisense_msgs) by extension 'colcon_meta'
[0.793s] [34mcolcon.colcon_core.package_identification[0m [1;30mLevel 1[0m _identify(src/multisense_ros2/multisense_msgs) by extensions ['ros']
[0.793s] [34mcolcon.colcon_core.package_identification[0m [1;30mLevel 1[0m _identify(src/multisense_ros2/multisense_msgs) by extension 'ros'
[0.794s] [34mcolcon.colcon_core.package_identification[0m [1;30mDEBUG[0m [32mPackage 'src/multisense_ros2/multisense_msgs' with type 'ros.ament_cmake' and name 'multisense_msgs'[0m
[0.795s] [34mcolcon.colcon_core.package_identification[0m [1;30mLevel 1[0m _identify(src/multisense_ros2/multisense_ros) by extensions ['ignore', 'ignore_ament_install']
[0.795s] [34mcolcon.colcon_core.package_identification[0m [1;30mLevel 1[0m _identify(src/multisense_ros2/multisense_ros) by extension 'ignore'
[0.795s] [34mcolcon.colcon_core.package_identification[0m [1;30mLevel 1[0m _identify(src/multisense_ros2/multisense_ros) by extension 'ignore_ament_install'
[0.795s] [34mcolcon.colcon_core.package_identification[0m [1;30mLevel 1[0m _identify(src/multisense_ros2/multisense_ros) by extensions ['colcon_pkg']
[0.795s] [34mcolcon.colcon_core.package_identification[0m [1;30mLevel 1[0m _identify(src/multisense_ros2/multisense_ros) by extension 'colcon_pkg'
[0.795s] [34mcolcon.colcon_core.package_identification[0m [1;30mLevel 1[0m _identify(src/multisense_ros2/multisense_ros) by extensions ['colcon_meta']
[0.795s] [34mcolcon.colcon_core.package_identification[0m [1;30mLevel 1[0m _identify(src/multisense_ros2/multisense_ros) by extension 'colcon_meta'
[0.795s] [34mcolcon.colcon_core.package_identification[0m [1;30mLevel 1[0m _identify(src/multisense_ros2/multisense_ros) by extensions ['ros']
[0.795s] [34mcolcon.colcon_core.package_identification[0m [1;30mLevel 1[0m _identify(src/multisense_ros2/multisense_ros) by extension 'ros'
[0.797s] [34mcolcon.colcon_core.package_identification[0m [1;30mDEBUG[0m [32mPackage 'src/multisense_ros2/multisense_ros' with type 'ros.ament_cmake' and name 'multisense_ros'[0m
[0.797s] [34mcolcon.colcon_core.package_identification[0m [1;30mLevel 1[0m _identify(src/sd_proj) by extensions ['ignore', 'ignore_ament_install']
[0.797s] [34mcolcon.colcon_core.package_identification[0m [1;30mLevel 1[0m _identify(src/sd_proj) by extension 'ignore'
[0.798s] [34mcolcon.colcon_core.package_identification[0m [1;30mLevel 1[0m _identify(src/sd_proj) by extension 'ignore_ament_install'
[0.798s] [34mcolcon.colcon_core.package_identification[0m [1;30mLevel 1[0m _identify(src/sd_proj) by extensions ['colcon_pkg']
[0.798s] [34mcolcon.colcon_core.package_identification[0m [1;30mLevel 1[0m _identify(src/sd_proj) by extension 'colcon_pkg'
[0.798s] [34mcolcon.colcon_core.package_identification[0m [1;30mLevel 1[0m _identify(src/sd_proj) by extensions ['colcon_meta']
[0.798s] [34mcolcon.colcon_core.package_identification[0m [1;30mLevel 1[0m _identify(src/sd_proj) by extension 'colcon_meta'
[0.798s] [34mcolcon.colcon_core.package_identification[0m [1;30mLevel 1[0m _identify(src/sd_proj) by extensions ['ros']
[0.798s] [34mcolcon.colcon_core.package_identification[0m [1;30mLevel 1[0m _identify(src/sd_proj) by extension 'ros'
[0.800s] [34mcolcon.colcon_core.package_identification[0m [1;30mDEBUG[0m [32mPackage 'src/sd_proj' with type 'ros.ament_python' and name 'sd_proj'[0m
[0.800s] [34mcolcon.colcon_core.package_discovery[0m [1;30mLevel 1[0m discover_packages(recursive) using defaults
[0.800s] [34mcolcon.colcon_core.package_discovery[0m [1;30mLevel 1[0m discover_packages(ignore) discover
[0.800s] [34mcolcon.colcon_core.package_discovery[0m [1;30mLevel 1[0m discover_packages(ignore) using defaults
[0.800s] [34mcolcon.colcon_core.package_discovery[0m [1;30mLevel 1[0m discover_packages(path) discover
[0.800s] [34mcolcon.colcon_core.package_discovery[0m [1;30mLevel 1[0m discover_packages(path) using defaults
[0.844s] [34mcolcon.colcon_core.package_discovery[0m [1;30mLevel 1[0m discover_packages(prefix_path) check parameters
[0.844s] [34mcolcon.colcon_core.package_discovery[0m [1;30mLevel 1[0m discover_packages(prefix_path) discover
[0.847s] [34mcolcon.colcon_core.package_discovery[0m [1;30mLevel 1[0m discover_packages(prefix_path) using defaults
[0.850s] [34mcolcon.colcon_core.verb[0m [1;30mLevel 5[0m set package 'multisense_lib' build argument 'cmake_args' from command line to 'None'
[0.850s] [34mcolcon.colcon_core.verb[0m [1;30mLevel 5[0m set package 'multisense_lib' build argument 'cmake_target' from command line to 'None'
[0.850s] [34mcolcon.colcon_core.verb[0m [1;30mLevel 5[0m set package 'multisense_lib' build argument 'cmake_target_skip_unavailable' from command line to 'False'
[0.851s] [34mcolcon.colcon_core.verb[0m [1;30mLevel 5[0m set package 'multisense_lib' build argument 'cmake_clean_cache' from command line to 'False'
[0.851s] [34mcolcon.colcon_core.verb[0m [1;30mLevel 5[0m set package 'multisense_lib' build argument 'cmake_clean_first' from command line to 'False'
[0.851s] [34mcolcon.colcon_core.verb[0m [1;30mLevel 5[0m set package 'multisense_lib' build argument 'cmake_force_configure' from command line to 'False'
[0.851s] [34mcolcon.colcon_core.verb[0m [1;30mLevel 5[0m set package 'multisense_lib' build argument 'ament_cmake_args' from command line to 'None'
[0.851s] [34mcolcon.colcon_core.verb[0m [1;30mLevel 5[0m set package 'multisense_lib' build argument 'catkin_cmake_args' from command line to 'None'
[0.851s] [34mcolcon.colcon_core.verb[0m [1;30mLevel 5[0m set package 'multisense_lib' build argument 'catkin_skip_building_tests' from command line to 'False'
[0.851s] [34mcolcon.colcon_core.verb[0m [1;30mDEBUG[0m [32mBuilding package 'multisense_lib' with the following arguments: {'ament_cmake_args': None, 'build_base': '/home/jetson/Senior_Design_Project/camera_ros_node/build/multisense_lib', 'catkin_cmake_args': None, 'catkin_skip_building_tests': False, 'cmake_args': None, 'cmake_clean_cache': False, 'cmake_clean_first': False, 'cmake_force_configure': False, 'cmake_target': None, 'cmake_target_skip_unavailable': False, 'install_base': '/home/jetson/Senior_Design_Project/camera_ros_node/install/multisense_lib', 'merge_install': False, 'path': '/home/jetson/Senior_Design_Project/camera_ros_node/src/multisense_ros2/multisense_lib', 'symlink_install': False, 'test_result_base': None}[0m
[0.852s] [34mcolcon.colcon_core.verb[0m [1;30mLevel 5[0m set package 'multisense_msgs' build argument 'cmake_args' from command line to 'None'
[0.852s] [34mcolcon.colcon_core.verb[0m [1;30mLevel 5[0m set package 'multisense_msgs' build argument 'cmake_target' from command line to 'None'
[0.852s] [34mcolcon.colcon_core.verb[0m [1;30mLevel 5[0m set package 'multisense_msgs' build argument 'cmake_target_skip_unavailable' from command line to 'False'
[0.852s] [34mcolcon.colcon_core.verb[0m [1;30mLevel 5[0m set package 'multisense_msgs' build argument 'cmake_clean_cache' from command line to 'False'
[0.852s] [34mcolcon.colcon_core.verb[0m [1;30mLevel 5[0m set package 'multisense_msgs' build argument 'cmake_clean_first' from command line to 'False'
[0.852s] [34mcolcon.colcon_core.verb[0m [1;30mLevel 5[0m set package 'multisense_msgs' build argument 'cmake_force_configure' from command line to 'False'
[0.852s] [34mcolcon.colcon_core.verb[0m [1;30mLevel 5[0m set package 'multisense_msgs' build argument 'ament_cmake_args' from command line to 'None'
[0.852s] [34mcolcon.colcon_core.verb[0m [1;30mLevel 5[0m set package 'multisense_msgs' build argument 'catkin_cmake_args' from command line to 'None'
[0.852s] [34mcolcon.colcon_core.verb[0m [1;30mLevel 5[0m set package 'multisense_msgs' build argument 'catkin_skip_building_tests' from command line to 'False'
[0.852s] [34mcolcon.colcon_core.verb[0m [1;30mDEBUG[0m [32mBuilding package 'multisense_msgs' with the following arguments: {'ament_cmake_args': None, 'build_base': '/home/jetson/Senior_Design_Project/camera_ros_node/build/multisense_msgs', 'catkin_cmake_args': None, 'catkin_skip_building_tests': False, 'cmake_args': None, 'cmake_clean_cache': False, 'cmake_clean_first': False, 'cmake_force_configure': False, 'cmake_target': None, 'cmake_target_skip_unavailable': False, 'install_base': '/home/jetson/Senior_Design_Project/camera_ros_node/install/multisense_msgs', 'merge_install': False, 'path': '/home/jetson/Senior_Design_Project/camera_ros_node/src/multisense_ros2/multisense_msgs', 'symlink_install': False, 'test_result_base': None}[0m
[0.853s] [34mcolcon.colcon_core.verb[0m [1;30mLevel 5[0m set package 'sd_proj' build argument 'cmake_args' from command line to 'None'
[0.853s] [34mcolcon.colcon_core.verb[0m [1;30mLevel 5[0m set package 'sd_proj' build argument 'cmake_target' from command line to 'None'
[0.853s] [34mcolcon.colcon_core.verb[0m [1;30mLevel 5[0m set package 'sd_proj' build argument 'cmake_target_skip_unavailable' from command line to 'False'
[0.853s] [34mcolcon.colcon_core.verb[0m [1;30mLevel 5[0m set package 'sd_proj' build argument 'cmake_clean_cache' from command line to 'False'
[0.853s] [34mcolcon.colcon_core.verb[0m [1;30mLevel 5[0m set package 'sd_proj' build argument 'cmake_clean_first' from command line to 'False'
[0.853s] [34mcolcon.colcon_core.verb[0m [1;30mLevel 5[0m set package 'sd_proj' build argument 'cmake_force_configure' from command line to 'False'
[0.853s] [34mcolcon.colcon_core.verb[0m [1;30mLevel 5[0m set package 'sd_proj' build argument 'ament_cmake_args' from command line to 'None'
[0.853s] [34mcolcon.colcon_core.verb[0m [1;30mLevel 5[0m set package 'sd_proj' build argument 'catkin_cmake_args' from command line to 'None'
[0.853s] [34mcolcon.colcon_core.verb[0m [1;30mLevel 5[0m set package 'sd_proj' build argument 'catkin_skip_building_tests' from command line to 'False'
[0.853s] [34mcolcon.colcon_core.verb[0m [1;30mDEBUG[0m [32mBuilding package 'sd_proj' with the following arguments: {'ament_cmake_args': None, 'build_base': '/home/jetson/Senior_Design_Project/camera_ros_node/build/sd_proj', 'catkin_cmake_args': None, 'catkin_skip_building_tests': False, 'cmake_args': None, 'cmake_clean_cache': False, 'cmake_clean_first': False, 'cmake_force_configure': False, 'cmake_target': None, 'cmake_target_skip_unavailable': False, 'install_base': '/home/jetson/Senior_Design_Project/camera_ros_node/install/sd_proj', 'merge_install': False, 'path': '/home/jetson/Senior_Design_Project/camera_ros_node/src/sd_proj', 'symlink_install': False, 'test_result_base': None}[0m
[0.854s] [34mcolcon.colcon_core.verb[0m [1;30mLevel 5[0m set package 'multisense_ros' build argument 'cmake_args' from command line to 'None'
[0.854s] [34mcolcon.colcon_core.verb[0m [1;30mLevel 5[0m set package 'multisense_ros' build argument 'cmake_target' from command line to 'None'
[0.854s] [34mcolcon.colcon_core.verb[0m [1;30mLevel 5[0m set package 'multisense_ros' build argument 'cmake_target_skip_unavailable' from command line to 'False'
[0.854s] [34mcolcon.colcon_core.verb[0m [1;30mLevel 5[0m set package 'multisense_ros' build argument 'cmake_clean_cache' from command line to 'False'
[0.854s] [34mcolcon.colcon_core.verb[0m [1;30mLevel 5[0m set package 'multisense_ros' build argument 'cmake_clean_first' from command line to 'False'
[0.854s] [34mcolcon.colcon_core.verb[0m [1;30mLevel 5[0m set package 'multisense_ros' build argument 'cmake_force_configure' from command line to 'False'
[0.854s] [34mcolcon.colcon_core.verb[0m [1;30mLevel 5[0m set package 'multisense_ros' build argument 'ament_cmake_args' from command line to 'None'
[0.854s] [34mcolcon.colcon_core.verb[0m [1;30mLevel 5[0m set package 'multisense_ros' build argument 'catkin_cmake_args' from command line to 'None'
[0.854s] [34mcolcon.colcon_core.verb[0m [1;30mLevel 5[0m set package 'multisense_ros' build argument 'catkin_skip_building_tests' from command line to 'False'
[0.855s] [34mcolcon.colcon_core.verb[0m [1;30mDEBUG[0m [32mBuilding package 'multisense_ros' with the following arguments: {'ament_cmake_args': None, 'build_base': '/home/jetson/Senior_Design_Project/camera_ros_node/build/multisense_ros', 'catkin_cmake_args': None, 'catkin_skip_building_tests': False, 'cmake_args': None, 'cmake_clean_cache': False, 'cmake_clean_first': False, 'cmake_force_configure': False, 'cmake_target': None, 'cmake_target_skip_unavailable': False, 'install_base': '/home/jetson/Senior_Design_Project/camera_ros_node/install/multisense_ros', 'merge_install': False, 'path': '/home/jetson/Senior_Design_Project/camera_ros_node/src/multisense_ros2/multisense_ros', 'symlink_install': False, 'test_result_base': None}[0m
[0.855s] [34mcolcon.colcon_core.executor[0m [1;30mINFO[0m Executing jobs using 'parallel' executor
[0.857s] [34mcolcon.colcon_parallel_executor.executor.parallel[0m [1;30mDEBUG[0m [32mrun_until_complete[0m
[0.858s] [34mcolcon.colcon_ros.task.ament_cmake.build[0m [1;30mINFO[0m Building ROS package in '/home/jetson/Senior_Design_Project/camera_ros_node/src/multisense_ros2/multisense_lib' with build type 'ament_cmake'
[0.858s] [34mcolcon.colcon_cmake.task.cmake.build[0m [1;30mINFO[0m Building CMake package in '/home/jetson/Senior_Design_Project/camera_ros_node/src/multisense_ros2/multisense_lib'
[0.867s] [34mcolcon.colcon_core.plugin_system[0m [1;30mINFO[0m Skipping extension 'colcon_core.shell.bat': Not used on non-Windows systems
[0.868s] [34mcolcon.colcon_core.shell[0m [1;30mINFO[0m Skip shell extension 'powershell' for command environment: Not usable outside of PowerShell
[0.869s] [34mcolcon.colcon_core.shell[0m [1;30mDEBUG[0m [32mSkip shell extension 'dsv' for command environment[0m
[0.873s] [34mcolcon.colcon_ros.task.ament_cmake.build[0m [1;30mINFO[0m Building ROS package in '/home/jetson/Senior_Design_Project/camera_ros_node/src/multisense_ros2/multisense_msgs' with build type 'ament_cmake'
[0.874s] [34mcolcon.colcon_cmake.task.cmake.build[0m [1;30mINFO[0m Building CMake package in '/home/jetson/Senior_Design_Project/camera_ros_node/src/multisense_ros2/multisense_msgs'
[0.874s] [34mcolcon.colcon_core.shell[0m [1;30mINFO[0m Skip shell extension 'powershell' for command environment: Not usable outside of PowerShell
[0.874s] [34mcolcon.colcon_core.shell[0m [1;30mDEBUG[0m [32mSkip shell extension 'dsv' for command environment[0m
[0.877s] [34mcolcon.colcon_ros.task.ament_python.build[0m [1;30mINFO[0m Building ROS package in '/home/jetson/Senior_Design_Project/camera_ros_node/src/sd_proj' with build type 'ament_python'
[0.878s] [34mcolcon.colcon_core.shell[0m [1;30mLevel 1[0m create_environment_hook('sd_proj', 'ament_prefix_path')
[0.878s] [34mcolcon.colcon_core.shell[0m [1;30mINFO[0m Creating environment hook '/home/jetson/Senior_Design_Project/camera_ros_node/install/sd_proj/share/sd_proj/hook/ament_prefix_path.ps1'
[0.880s] [34mcolcon.colcon_core.shell[0m [1;30mINFO[0m Creating environment descriptor '/home/jetson/Senior_Design_Project/camera_ros_node/install/sd_proj/share/sd_proj/hook/ament_prefix_path.dsv'
[0.882s] [34mcolcon.colcon_core.shell[0m [1;30mINFO[0m Creating environment hook '/home/jetson/Senior_Design_Project/camera_ros_node/install/sd_proj/share/sd_proj/hook/ament_prefix_path.sh'
[0.884s] [34mcolcon.colcon_core.shell[0m [1;30mINFO[0m Skip shell extension 'powershell' for command environment: Not usable outside of PowerShell
[0.884s] [34mcolcon.colcon_core.shell[0m [1;30mDEBUG[0m [32mSkip shell extension 'dsv' for command environment[0m
[0.898s] [34mcolcon.colcon_core.event_handler.log_command[0m [1;30mDEBUG[0m [32mInvoking command in '/home/jetson/Senior_Design_Project/camera_ros_node/build/multisense_lib': /usr/bin/cmake --build /home/jetson/Senior_Design_Project/camera_ros_node/build/multisense_lib -- -j6 -l6[0m
[0.904s] [34mcolcon.colcon_core.event_handler.log_command[0m [1;30mDEBUG[0m [32mInvoking command in '/home/jetson/Senior_Design_Project/camera_ros_node/build/multisense_msgs': /usr/bin/cmake --build /home/jetson/Senior_Design_Project/camera_ros_node/build/multisense_msgs -- -j6 -l6[0m
[1.426s] [34mcolcon.colcon_core.task.python.build[0m [1;30mINFO[0m Building Python package in '/home/jetson/Senior_Design_Project/camera_ros_node/src/sd_proj'
[1.427s] [34mcolcon.colcon_core.shell[0m [1;30mINFO[0m Skip shell extension 'powershell' for command environment: Not usable outside of PowerShell
[1.427s] [34mcolcon.colcon_core.shell[0m [1;30mDEBUG[0m [32mSkip shell extension 'dsv' for command environment[0m
[1.446s] [34mcolcon.colcon_core.event_handler.log_command[0m [1;30mDEBUG[0m [32mInvoked command in '/home/jetson/Senior_Design_Project/camera_ros_node/build/multisense_lib' returned '0': /usr/bin/cmake --build /home/jetson/Senior_Design_Project/camera_ros_node/build/multisense_lib -- -j6 -l6[0m
[1.505s] [34mcolcon.colcon_core.event_handler.log_command[0m [1;30mDEBUG[0m [32mInvoking command in '/home/jetson/Senior_Design_Project/camera_ros_node/build/multisense_lib': /usr/bin/cmake --install /home/jetson/Senior_Design_Project/camera_ros_node/build/multisense_lib[0m
[1.538s] [34mcolcon.colcon_core.environment[0m [1;30mLevel 1[0m create_environment_scripts_only(multisense_lib)
[1.539s] [34mcolcon.colcon_core.event_handler.log_command[0m [1;30mDEBUG[0m [32mInvoked command in '/home/jetson/Senior_Design_Project/camera_ros_node/build/multisense_lib' returned '0': /usr/bin/cmake --install /home/jetson/Senior_Design_Project/camera_ros_node/build/multisense_lib[0m
[1.550s] [34mcolcon.colcon_core.environment[0m [1;30mLevel 1[0m checking '/home/jetson/Senior_Design_Project/camera_ros_node/install/multisense_lib' for CMake module files
[1.551s] [34mcolcon.colcon_core.environment[0m [1;30mLevel 1[0m checking '/home/jetson/Senior_Design_Project/camera_ros_node/install/multisense_lib' for CMake config files
[1.551s] [34mcolcon.colcon_core.shell[0m [1;30mLevel 1[0m create_environment_hook('multisense_lib', 'cmake_prefix_path')
[1.551s] [34mcolcon.colcon_core.shell[0m [1;30mINFO[0m Creating environment hook '/home/jetson/Senior_Design_Project/camera_ros_node/install/multisense_lib/share/multisense_lib/hook/cmake_prefix_path.ps1'
[1.553s] [34mcolcon.colcon_core.shell[0m [1;30mINFO[0m Creating environment descriptor '/home/jetson/Senior_Design_Project/camera_ros_node/install/multisense_lib/share/multisense_lib/hook/cmake_prefix_path.dsv'
[1.553s] [34mcolcon.colcon_core.shell[0m [1;30mINFO[0m Creating environment hook '/home/jetson/Senior_Design_Project/camera_ros_node/install/multisense_lib/share/multisense_lib/hook/cmake_prefix_path.sh'
[1.555s] [34mcolcon.colcon_core.environment[0m [1;30mLevel 1[0m checking '/home/jetson/Senior_Design_Project/camera_ros_node/install/multisense_lib/lib'
[1.555s] [34mcolcon.colcon_core.shell[0m [1;30mLevel 1[0m create_environment_hook('multisense_lib', 'ld_library_path_lib')
[1.556s] [34mcolcon.colcon_core.shell[0m [1;30mINFO[0m Creating environment hook '/home/jetson/Senior_Design_Project/camera_ros_node/install/multisense_lib/share/multisense_lib/hook/ld_library_path_lib.ps1'
[1.557s] [34mcolcon.colcon_core.shell[0m [1;30mINFO[0m Creating environment descriptor '/home/jetson/Senior_Design_Project/camera_ros_node/install/multisense_lib/share/multisense_lib/hook/ld_library_path_lib.dsv'
[1.557s] [34mcolcon.colcon_core.shell[0m [1;30mINFO[0m Creating environment hook '/home/jetson/Senior_Design_Project/camera_ros_node/install/multisense_lib/share/multisense_lib/hook/ld_library_path_lib.sh'
[1.558s] [34mcolcon.colcon_core.environment[0m [1;30mLevel 1[0m checking '/home/jetson/Senior_Design_Project/camera_ros_node/install/multisense_lib/bin'
[1.559s] [34mcolcon.colcon_core.shell[0m [1;30mLevel 1[0m create_environment_hook('multisense_lib', 'path')
[1.559s] [34mcolcon.colcon_core.shell[0m [1;30mINFO[0m Creating environment hook '/home/jetson/Senior_Design_Project/camera_ros_node/install/multisense_lib/share/multisense_lib/hook/path.ps1'
[1.560s] [34mcolcon.colcon_core.shell[0m [1;30mINFO[0m Creating environment descriptor '/home/jetson/Senior_Design_Project/camera_ros_node/install/multisense_lib/share/multisense_lib/hook/path.dsv'
[1.561s] [34mcolcon.colcon_core.shell[0m [1;30mINFO[0m Creating environment hook '/home/jetson/Senior_Design_Project/camera_ros_node/install/multisense_lib/share/multisense_lib/hook/path.sh'
[1.562s] [34mcolcon.colcon_core.environment[0m [1;30mLevel 1[0m checking '/home/jetson/Senior_Design_Project/camera_ros_node/install/multisense_lib/lib/pkgconfig/multisense_lib.pc'
[1.562s] [34mcolcon.colcon_core.environment[0m [1;30mLevel 1[0m checking '/home/jetson/Senior_Design_Project/camera_ros_node/install/multisense_lib/lib/python3.10/site-packages'
[1.563s] [34mcolcon.colcon_core.environment[0m [1;30mLevel 1[0m checking '/home/jetson/Senior_Design_Project/camera_ros_node/install/multisense_lib/bin'
[1.563s] [34mcolcon.colcon_core.shell[0m [1;30mLevel 1[0m create_environment_hook('multisense_lib', 'pythonscriptspath')
[1.564s] [34mcolcon.colcon_core.shell[0m [1;30mINFO[0m Creating environment hook '/home/jetson/Senior_Design_Project/camera_ros_node/install/multisense_lib/share/multisense_lib/hook/pythonscriptspath.ps1'
[1.565s] [34mcolcon.colcon_core.shell[0m [1;30mINFO[0m Creating environment descriptor '/home/jetson/Senior_Design_Project/camera_ros_node/install/multisense_lib/share/multisense_lib/hook/pythonscriptspath.dsv'
[1.565s] [34mcolcon.colcon_core.shell[0m [1;30mINFO[0m Creating environment hook '/home/jetson/Senior_Design_Project/camera_ros_node/install/multisense_lib/share/multisense_lib/hook/pythonscriptspath.sh'
[1.567s] [34mcolcon.colcon_core.shell[0m [1;30mINFO[0m Creating package script '/home/jetson/Senior_Design_Project/camera_ros_node/install/multisense_lib/share/multisense_lib/package.ps1'
[1.602s] [34mcolcon.colcon_core.shell[0m [1;30mINFO[0m Creating package descriptor '/home/jetson/Senior_Design_Project/camera_ros_node/install/multisense_lib/share/multisense_lib/package.dsv'
[1.605s] [34mcolcon.colcon_core.shell[0m [1;30mINFO[0m Creating package script '/home/jetson/Senior_Design_Project/camera_ros_node/install/multisense_lib/share/multisense_lib/package.sh'
[1.607s] [34mcolcon.colcon_core.shell[0m [1;30mINFO[0m Creating package script '/home/jetson/Senior_Design_Project/camera_ros_node/install/multisense_lib/share/multisense_lib/package.bash'
[1.610s] [34mcolcon.colcon_core.shell[0m [1;30mINFO[0m Creating package script '/home/jetson/Senior_Design_Project/camera_ros_node/install/multisense_lib/share/multisense_lib/package.zsh'
[1.612s] [34mcolcon.colcon_core.environment[0m [1;30mLevel 1[0m create_file_with_runtime_dependencies(/home/jetson/Senior_Design_Project/camera_ros_node/install/multisense_lib/share/colcon-core/packages/multisense_lib)
[1.661s] [34mcolcon.colcon_core.environment[0m [1;30mLevel 1[0m create_environment_scripts_only(multisense_lib)
[1.662s] [34mcolcon.colcon_core.environment[0m [1;30mLevel 1[0m checking '/home/jetson/Senior_Design_Project/camera_ros_node/install/multisense_lib' for CMake module files
[1.663s] [34mcolcon.colcon_core.environment[0m [1;30mLevel 1[0m checking '/home/jetson/Senior_Design_Project/camera_ros_node/install/multisense_lib' for CMake config files
[1.663s] [34mcolcon.colcon_core.shell[0m [1;30mLevel 1[0m create_environment_hook('multisense_lib', 'cmake_prefix_path')
[1.664s] [34mcolcon.colcon_core.shell[0m [1;30mINFO[0m Creating environment hook '/home/jetson/Senior_Design_Project/camera_ros_node/install/multisense_lib/share/multisense_lib/hook/cmake_prefix_path.ps1'
[1.665s] [34mcolcon.colcon_core.shell[0m [1;30mINFO[0m Creating environment descriptor '/home/jetson/Senior_Design_Project/camera_ros_node/install/multisense_lib/share/multisense_lib/hook/cmake_prefix_path.dsv'
[1.666s] [34mcolcon.colcon_core.shell[0m [1;30mINFO[0m Creating environment hook '/home/jetson/Senior_Design_Project/camera_ros_node/install/multisense_lib/share/multisense_lib/hook/cmake_prefix_path.sh'
[1.667s] [34mcolcon.colcon_core.environment[0m [1;30mLevel 1[0m checking '/home/jetson/Senior_Design_Project/camera_ros_node/install/multisense_lib/lib'
[1.668s] [34mcolcon.colcon_core.shell[0m [1;30mLevel 1[0m create_environment_hook('multisense_lib', 'ld_library_path_lib')
[1.668s] [34mcolcon.colcon_core.shell[0m [1;30mINFO[0m Creating environment hook '/home/jetson/Senior_Design_Project/camera_ros_node/install/multisense_lib/share/multisense_lib/hook/ld_library_path_lib.ps1'
[1.669s] [34mcolcon.colcon_core.shell[0m [1;30mINFO[0m Creating environment descriptor '/home/jetson/Senior_Design_Project/camera_ros_node/install/multisense_lib/share/multisense_lib/hook/ld_library_path_lib.dsv'
[1.670s] [34mcolcon.colcon_core.shell[0m [1;30mINFO[0m Creating environment hook '/home/jetson/Senior_Design_Project/camera_ros_node/install/multisense_lib/share/multisense_lib/hook/ld_library_path_lib.sh'
[1.671s] [34mcolcon.colcon_core.environment[0m [1;30mLevel 1[0m checking '/home/jetson/Senior_Design_Project/camera_ros_node/install/multisense_lib/bin'
[1.671s] [34mcolcon.colcon_core.shell[0m [1;30mLevel 1[0m create_environment_hook('multisense_lib', 'path')
[1.672s] [34mcolcon.colcon_core.shell[0m [1;30mINFO[0m Creating environment hook '/home/jetson/Senior_Design_Project/camera_ros_node/install/multisense_lib/share/multisense_lib/hook/path.ps1'
[1.673s] [34mcolcon.colcon_core.shell[0m [1;30mINFO[0m Creating environment descriptor '/home/jetson/Senior_Design_Project/camera_ros_node/install/multisense_lib/share/multisense_lib/hook/path.dsv'
[1.674s] [34mcolcon.colcon_core.shell[0m [1;30mINFO[0m Creating environment hook '/home/jetson/Senior_Design_Project/camera_ros_node/install/multisense_lib/share/multisense_lib/hook/path.sh'
[1.675s] [34mcolcon.colcon_core.environment[0m [1;30mLevel 1[0m checking '/home/jetson/Senior_Design_Project/camera_ros_node/install/multisense_lib/lib/pkgconfig/multisense_lib.pc'
[1.675s] [34mcolcon.colcon_core.environment[0m [1;30mLevel 1[0m checking '/home/jetson/Senior_Design_Project/camera_ros_node/install/multisense_lib/lib/python3.10/site-packages'
[1.676s] [34mcolcon.colcon_core.environment[0m [1;30mLevel 1[0m checking '/home/jetson/Senior_Design_Project/camera_ros_node/install/multisense_lib/bin'
[1.676s] [34mcolcon.colcon_core.shell[0m [1;30mLevel 1[0m create_environment_hook('multisense_lib', 'pythonscriptspath')
[1.676s] [34mcolcon.colcon_core.shell[0m [1;30mINFO[0m Creating environment hook '/home/jetson/Senior_Design_Project/camera_ros_node/install/multisense_lib/share/multisense_lib/hook/pythonscriptspath.ps1'
[1.677s] [34mcolcon.colcon_core.shell[0m [1;30mINFO[0m Creating environment descriptor '/home/jetson/Senior_Design_Project/camera_ros_node/install/multisense_lib/share/multisense_lib/hook/pythonscriptspath.dsv'
[1.678s] [34mcolcon.colcon_core.shell[0m [1;30mINFO[0m Creating environment hook '/home/jetson/Senior_Design_Project/camera_ros_node/install/multisense_lib/share/multisense_lib/hook/pythonscriptspath.sh'
[1.681s] [34mcolcon.colcon_core.shell[0m [1;30mINFO[0m Creating package script '/home/jetson/Senior_Design_Project/camera_ros_node/install/multisense_lib/share/multisense_lib/package.ps1'
[1.682s] [34mcolcon.colcon_core.shell[0m [1;30mINFO[0m Creating package descriptor '/home/jetson/Senior_Design_Project/camera_ros_node/install/multisense_lib/share/multisense_lib/package.dsv'
[1.683s] [34mcolcon.colcon_core.shell[0m [1;30mINFO[0m Creating package script '/home/jetson/Senior_Design_Project/camera_ros_node/install/multisense_lib/share/multisense_lib/package.sh'
[1.685s] [34mcolcon.colcon_core.shell[0m [1;30mINFO[0m Creating package script '/home/jetson/Senior_Design_Project/camera_ros_node/install/multisense_lib/share/multisense_lib/package.bash'
[1.686s] [34mcolcon.colcon_core.shell[0m [1;30mINFO[0m Creating package script '/home/jetson/Senior_Design_Project/camera_ros_node/install/multisense_lib/share/multisense_lib/package.zsh'
[1.687s] [34mcolcon.colcon_core.environment[0m [1;30mLevel 1[0m create_file_with_runtime_dependencies(/home/jetson/Senior_Design_Project/camera_ros_node/install/multisense_lib/share/colcon-core/packages/multisense_lib)
[1.728s] [34mcolcon.colcon_core.event_handler.log_command[0m [1;30mDEBUG[0m [32mInvoked command in '/home/jetson/Senior_Design_Project/camera_ros_node/build/multisense_msgs' returned '0': /usr/bin/cmake --build /home/jetson/Senior_Design_Project/camera_ros_node/build/multisense_msgs -- -j6 -l6[0m
[2.077s] [34mcolcon.colcon_core.event_handler.log_command[0m [1;30mDEBUG[0m [32mInvoking command in '/home/jetson/Senior_Design_Project/camera_ros_node/build/multisense_msgs': /usr/bin/cmake --install /home/jetson/Senior_Design_Project/camera_ros_node/build/multisense_msgs[0m
[2.136s] [34mcolcon.colcon_core.event_handler.log_command[0m [1;30mDEBUG[0m [32mInvoking command in '/home/jetson/Senior_Design_Project/camera_ros_node/src/sd_proj': PYTHONPATH=/home/jetson/Senior_Design_Project/camera_ros_node/build/sd_proj/prefix_override:/usr/lib/python3/dist-packages/colcon_core/task/python/colcon_distutils_commands:/home/jetson/Senior_Design_Project/camera_ros_node/install/sd_proj/lib/python3.10/site-packages: /usr/bin/python3 -W ignore:setup.py install is deprecated setup.py egg_info --egg-base ../../build/sd_proj build --build-base /home/jetson/Senior_Design_Project/camera_ros_node/build/sd_proj/build install --record /home/jetson/Senior_Design_Project/camera_ros_node/build/sd_proj/install.log --single-version-externally-managed install_data[0m
[2.199s] [34mcolcon.colcon_core.environment[0m [1;30mLevel 1[0m create_environment_scripts_only(multisense_msgs)
[2.199s] [34mcolcon.colcon_core.environment[0m [1;30mLevel 1[0m checking '/home/jetson/Senior_Design_Project/camera_ros_node/install/multisense_msgs' for CMake module files
[2.200s] [34mcolcon.colcon_core.event_handler.log_command[0m [1;30mDEBUG[0m [32mInvoked command in '/home/jetson/Senior_Design_Project/camera_ros_node/build/multisense_msgs' returned '0': /usr/bin/cmake --install /home/jetson/Senior_Design_Project/camera_ros_node/build/multisense_msgs[0m
[2.201s] [34mcolcon.colcon_core.environment[0m [1;30mLevel 1[0m checking '/home/jetson/Senior_Design_Project/camera_ros_node/install/multisense_msgs' for CMake config files
[2.203s] [34mcolcon.colcon_core.shell[0m [1;30mLevel 1[0m create_environment_hook('multisense_msgs', 'cmake_prefix_path')
[2.203s] [34mcolcon.colcon_core.shell[0m [1;30mINFO[0m Creating environment hook '/home/jetson/Senior_Design_Project/camera_ros_node/install/multisense_msgs/share/multisense_msgs/hook/cmake_prefix_path.ps1'
[2.204s] [34mcolcon.colcon_core.shell[0m [1;30mINFO[0m Creating environment descriptor '/home/jetson/Senior_Design_Project/camera_ros_node/install/multisense_msgs/share/multisense_msgs/hook/cmake_prefix_path.dsv'
[2.205s] [34mcolcon.colcon_core.shell[0m [1;30mINFO[0m Creating environment hook '/home/jetson/Senior_Design_Project/camera_ros_node/install/multisense_msgs/share/multisense_msgs/hook/cmake_prefix_path.sh'
[2.206s] [34mcolcon.colcon_core.environment[0m [1;30mLevel 1[0m checking '/home/jetson/Senior_Design_Project/camera_ros_node/install/multisense_msgs/lib'
[2.207s] [34mcolcon.colcon_core.shell[0m [1;30mLevel 1[0m create_environment_hook('multisense_msgs', 'ld_library_path_lib')
[2.207s] [34mcolcon.colcon_core.shell[0m [1;30mINFO[0m Creating environment hook '/home/jetson/Senior_Design_Project/camera_ros_node/install/multisense_msgs/share/multisense_msgs/hook/ld_library_path_lib.ps1'
[2.208s] [34mcolcon.colcon_core.shell[0m [1;30mINFO[0m Creating environment descriptor '/home/jetson/Senior_Design_Project/camera_ros_node/install/multisense_msgs/share/multisense_msgs/hook/ld_library_path_lib.dsv'
[2.209s] [34mcolcon.colcon_core.shell[0m [1;30mINFO[0m Creating environment hook '/home/jetson/Senior_Design_Project/camera_ros_node/install/multisense_msgs/share/multisense_msgs/hook/ld_library_path_lib.sh'
[2.210s] [34mcolcon.colcon_core.environment[0m [1;30mLevel 1[0m checking '/home/jetson/Senior_Design_Project/camera_ros_node/install/multisense_msgs/bin'
[2.210s] [34mcolcon.colcon_core.environment[0m [1;30mLevel 1[0m checking '/home/jetson/Senior_Design_Project/camera_ros_node/install/multisense_msgs/lib/pkgconfig/multisense_msgs.pc'
[2.210s] [34mcolcon.colcon_core.environment[0m [1;30mLevel 1[0m checking '/home/jetson/Senior_Design_Project/camera_ros_node/install/multisense_msgs/lib/python3.10/site-packages'
[2.211s] [34mcolcon.colcon_core.environment[0m [1;30mLevel 1[0m checking '/home/jetson/Senior_Design_Project/camera_ros_node/install/multisense_msgs/bin'
[2.211s] [34mcolcon.colcon_core.shell[0m [1;30mINFO[0m Creating package script '/home/jetson/Senior_Design_Project/camera_ros_node/install/multisense_msgs/share/multisense_msgs/package.ps1'
[2.212s] [34mcolcon.colcon_core.shell[0m [1;30mINFO[0m Creating package descriptor '/home/jetson/Senior_Design_Project/camera_ros_node/install/multisense_msgs/share/multisense_msgs/package.dsv'
[2.213s] [34mcolcon.colcon_core.shell[0m [1;30mINFO[0m Creating package script '/home/jetson/Senior_Design_Project/camera_ros_node/install/multisense_msgs/share/multisense_msgs/package.sh'
[2.214s] [34mcolcon.colcon_core.shell[0m [1;30mINFO[0m Creating package script '/home/jetson/Senior_Design_Project/camera_ros_node/install/multisense_msgs/share/multisense_msgs/package.bash'
[2.215s] [34mcolcon.colcon_core.shell[0m [1;30mINFO[0m Creating package script '/home/jetson/Senior_Design_Project/camera_ros_node/install/multisense_msgs/share/multisense_msgs/package.zsh'
[2.216s] [34mcolcon.colcon_core.environment[0m [1;30mLevel 1[0m create_file_with_runtime_dependencies(/home/jetson/Senior_Design_Project/camera_ros_node/install/multisense_msgs/share/colcon-core/packages/multisense_msgs)
[2.558s] [34mcolcon.colcon_core.environment[0m [1;30mLevel 1[0m create_environment_scripts_only(multisense_msgs)
[2.559s] [34mcolcon.colcon_core.environment[0m [1;30mLevel 1[0m checking '/home/jetson/Senior_Design_Project/camera_ros_node/install/multisense_msgs' for CMake module files
[2.561s] [34mcolcon.colcon_core.environment[0m [1;30mLevel 1[0m checking '/home/jetson/Senior_Design_Project/camera_ros_node/install/multisense_msgs' for CMake config files
[2.564s] [34mcolcon.colcon_core.shell[0m [1;30mLevel 1[0m create_environment_hook('multisense_msgs', 'cmake_prefix_path')
[2.565s] [34mcolcon.colcon_core.shell[0m [1;30mINFO[0m Creating environment hook '/home/jetson/Senior_Design_Project/camera_ros_node/install/multisense_msgs/share/multisense_msgs/hook/cmake_prefix_path.ps1'
[2.567s] [34mcolcon.colcon_core.shell[0m [1;30mINFO[0m Creating environment descriptor '/home/jetson/Senior_Design_Project/camera_ros_node/install/multisense_msgs/share/multisense_msgs/hook/cmake_prefix_path.dsv'
[2.568s] [34mcolcon.colcon_core.shell[0m [1;30mINFO[0m Creating environment hook '/home/jetson/Senior_Design_Project/camera_ros_node/install/multisense_msgs/share/multisense_msgs/hook/cmake_prefix_path.sh'
[2.570s] [34mcolcon.colcon_core.environment[0m [1;30mLevel 1[0m checking '/home/jetson/Senior_Design_Project/camera_ros_node/install/multisense_msgs/lib'
[2.571s] [34mcolcon.colcon_core.shell[0m [1;30mLevel 1[0m create_environment_hook('multisense_msgs', 'ld_library_path_lib')
[2.571s] [34mcolcon.colcon_core.shell[0m [1;30mINFO[0m Creating environment hook '/home/jetson/Senior_Design_Project/camera_ros_node/install/multisense_msgs/share/multisense_msgs/hook/ld_library_path_lib.ps1'
[2.573s] [34mcolcon.colcon_core.shell[0m [1;30mINFO[0m Creating environment descriptor '/home/jetson/Senior_Design_Project/camera_ros_node/install/multisense_msgs/share/multisense_msgs/hook/ld_library_path_lib.dsv'
[2.574s] [34mcolcon.colcon_core.shell[0m [1;30mINFO[0m Creating environment hook '/home/jetson/Senior_Design_Project/camera_ros_node/install/multisense_msgs/share/multisense_msgs/hook/ld_library_path_lib.sh'
[2.576s] [34mcolcon.colcon_core.environment[0m [1;30mLevel 1[0m checking '/home/jetson/Senior_Design_Project/camera_ros_node/install/multisense_msgs/bin'
[2.576s] [34mcolcon.colcon_core.environment[0m [1;30mLevel 1[0m checking '/home/jetson/Senior_Design_Project/camera_ros_node/install/multisense_msgs/lib/pkgconfig/multisense_msgs.pc'
[2.577s] [34mcolcon.colcon_core.environment[0m [1;30mLevel 1[0m checking '/home/jetson/Senior_Design_Project/camera_ros_node/install/multisense_msgs/lib/python3.10/site-packages'
[2.578s] [34mcolcon.colcon_core.environment[0m [1;30mLevel 1[0m checking '/home/jetson/Senior_Design_Project/camera_ros_node/install/multisense_msgs/bin'
[2.579s] [34mcolcon.colcon_core.shell[0m [1;30mINFO[0m Creating package script '/home/jetson/Senior_Design_Project/camera_ros_node/install/multisense_msgs/share/multisense_msgs/package.ps1'
[2.582s] [34mcolcon.colcon_core.shell[0m [1;30mINFO[0m Creating package descriptor '/home/jetson/Senior_Design_Project/camera_ros_node/install/multisense_msgs/share/multisense_msgs/package.dsv'
[2.584s] [34mcolcon.colcon_core.shell[0m [1;30mINFO[0m Creating package script '/home/jetson/Senior_Design_Project/camera_ros_node/install/multisense_msgs/share/multisense_msgs/package.sh'
[2.585s] [34mcolcon.colcon_core.shell[0m [1;30mINFO[0m Creating package script '/home/jetson/Senior_Design_Project/camera_ros_node/install/multisense_msgs/share/multisense_msgs/package.bash'
[2.587s] [34mcolcon.colcon_core.shell[0m [1;30mINFO[0m Creating package script '/home/jetson/Senior_Design_Project/camera_ros_node/install/multisense_msgs/share/multisense_msgs/package.zsh'
[2.589s] [34mcolcon.colcon_core.environment[0m [1;30mLevel 1[0m create_file_with_runtime_dependencies(/home/jetson/Senior_Design_Project/camera_ros_node/install/multisense_msgs/share/colcon-core/packages/multisense_msgs)
[2.590s] [34mcolcon.colcon_ros.task.ament_cmake.build[0m [1;30mINFO[0m Building ROS package in '/home/jetson/Senior_Design_Project/camera_ros_node/src/multisense_ros2/multisense_ros' with build type 'ament_cmake'
[2.590s] [34mcolcon.colcon_cmake.task.cmake.build[0m [1;30mINFO[0m Building CMake package in '/home/jetson/Senior_Design_Project/camera_ros_node/src/multisense_ros2/multisense_ros'
[2.591s] [34mcolcon.colcon_core.shell[0m [1;30mINFO[0m Skip shell extension 'powershell' for command environment: Not usable outside of PowerShell
[2.592s] [34mcolcon.colcon_core.shell[0m [1;30mDEBUG[0m [32mSkip shell extension 'dsv' for command environment[0m
[2.616s] [34mcolcon.colcon_core.event_handler.log_command[0m [1;30mDEBUG[0m [32mInvoking command in '/home/jetson/Senior_Design_Project/camera_ros_node/build/multisense_ros': AMENT_PREFIX_PATH=/home/jetson/Senior_Design_Project/camera_ros_node/install/multisense_msgs:/home/jetson/Senior_Design_Project/camera_ros_node/install/multisense_lib CMAKE_PREFIX_PATH=/home/jetson/Senior_Design_Project/camera_ros_node/install/multisense_msgs:/home/jetson/Senior_Design_Project/camera_ros_node/install/multisense_lib LD_LIBRARY_PATH=/home/jetson/Senior_Design_Project/camera_ros_node/install/multisense_msgs/lib:/home/jetson/Senior_Design_Project/camera_ros_node/install/multisense_lib/lib PATH=/home/jetson/Senior_Design_Project/camera_ros_node/install/multisense_lib/bin:${PATH} PYTHONPATH=/home/jetson/Senior_Design_Project/camera_ros_node/install/multisense_msgs/local/lib/python3.10/dist-packages /usr/bin/cmake --build /home/jetson/Senior_Design_Project/camera_ros_node/build/multisense_ros -- -j6 -l6[0m
[2.642s] [34mcolcon.colcon_core.environment[0m [1;30mLevel 1[0m checking '/home/jetson/Senior_Design_Project/camera_ros_node/install/sd_proj' for CMake module files
[2.643s] [34mcolcon.colcon_core.event_handler.log_command[0m [1;30mDEBUG[0m [32mInvoked command in '/home/jetson/Senior_Design_Project/camera_ros_node/src/sd_proj' returned '0': PYTHONPATH=/home/jetson/Senior_Design_Project/camera_ros_node/build/sd_proj/prefix_override:/usr/lib/python3/dist-packages/colcon_core/task/python/colcon_distutils_commands:/home/jetson/Senior_Design_Project/camera_ros_node/install/sd_proj/lib/python3.10/site-packages: /usr/bin/python3 -W ignore:setup.py install is deprecated setup.py egg_info --egg-base ../../build/sd_proj build --build-base /home/jetson/Senior_Design_Project/camera_ros_node/build/sd_proj/build install --record /home/jetson/Senior_Design_Project/camera_ros_node/build/sd_proj/install.log --single-version-externally-managed install_data[0m
[2.645s] [34mcolcon.colcon_core.environment[0m [1;30mLevel 1[0m checking '/home/jetson/Senior_Design_Project/camera_ros_node/install/sd_proj' for CMake config files
[2.647s] [34mcolcon.colcon_core.environment[0m [1;30mLevel 1[0m checking '/home/jetson/Senior_Design_Project/camera_ros_node/install/sd_proj/lib'
[2.647s] [34mcolcon.colcon_core.environment[0m [1;30mLevel 1[0m checking '/home/jetson/Senior_Design_Project/camera_ros_node/install/sd_proj/bin'
[2.647s] [34mcolcon.colcon_core.environment[0m [1;30mLevel 1[0m checking '/home/jetson/Senior_Design_Project/camera_ros_node/install/sd_proj/lib/pkgconfig/sd_proj.pc'
[2.648s] [34mcolcon.colcon_core.environment[0m [1;30mLevel 1[0m checking '/home/jetson/Senior_Design_Project/camera_ros_node/install/sd_proj/lib/python3.10/site-packages'
[2.648s] [34mcolcon.colcon_core.shell[0m [1;30mLevel 1[0m create_environment_hook('sd_proj', 'pythonpath')
[2.649s] [34mcolcon.colcon_core.shell[0m [1;30mINFO[0m Creating environment hook '/home/jetson/Senior_Design_Project/camera_ros_node/install/sd_proj/share/sd_proj/hook/pythonpath.ps1'
[2.651s] [34mcolcon.colcon_core.shell[0m [1;30mINFO[0m Creating environment descriptor '/home/jetson/Senior_Design_Project/camera_ros_node/install/sd_proj/share/sd_proj/hook/pythonpath.dsv'
[2.653s] [34mcolcon.colcon_core.shell[0m [1;30mINFO[0m Creating environment hook '/home/jetson/Senior_Design_Project/camera_ros_node/install/sd_proj/share/sd_proj/hook/pythonpath.sh'
[2.655s] [34mcolcon.colcon_core.environment[0m [1;30mLevel 1[0m checking '/home/jetson/Senior_Design_Project/camera_ros_node/install/sd_proj/bin'
[2.655s] [34mcolcon.colcon_core.environment[0m [1;30mLevel 1[0m create_environment_scripts_only(sd_proj)
[2.656s] [34mcolcon.colcon_core.shell[0m [1;30mINFO[0m Creating package script '/home/jetson/Senior_Design_Project/camera_ros_node/install/sd_proj/share/sd_proj/package.ps1'
[2.658s] [34mcolcon.colcon_core.shell[0m [1;30mINFO[0m Creating package descriptor '/home/jetson/Senior_Design_Project/camera_ros_node/install/sd_proj/share/sd_proj/package.dsv'
[2.660s] [34mcolcon.colcon_core.shell[0m [1;30mINFO[0m Creating package script '/home/jetson/Senior_Design_Project/camera_ros_node/install/sd_proj/share/sd_proj/package.sh'
[2.662s] [34mcolcon.colcon_core.shell[0m [1;30mINFO[0m Creating package script '/home/jetson/Senior_Design_Project/camera_ros_node/install/sd_proj/share/sd_proj/package.bash'
[2.663s] [34mcolcon.colcon_core.shell[0m [1;30mINFO[0m Creating package script '/home/jetson/Senior_Design_Project/camera_ros_node/install/sd_proj/share/sd_proj/package.zsh'
[2.664s] [34mcolcon.colcon_core.environment[0m [1;30mLevel 1[0m create_file_with_runtime_dependencies(/home/jetson/Senior_Design_Project/camera_ros_node/install/sd_proj/share/colcon-core/packages/sd_proj)
[55.439s] [34mcolcon.colcon_core.event_handler.log_command[0m [1;30mDEBUG[0m [32mInvoked command in '/home/jetson/Senior_Design_Project/camera_ros_node/build/multisense_ros' returned '0': AMENT_PREFIX_PATH=/home/jetson/Senior_Design_Project/camera_ros_node/install/multisense_msgs:/home/jetson/Senior_Design_Project/camera_ros_node/install/multisense_lib CMAKE_PREFIX_PATH=/home/jetson/Senior_Design_Project/camera_ros_node/install/multisense_msgs:/home/jetson/Senior_Design_Project/camera_ros_node/install/multisense_lib LD_LIBRARY_PATH=/home/jetson/Senior_Design_Project/camera_ros_node/install/multisense_msgs/lib:/home/jetson/Senior_Design_Project/camera_ros_node/install/multisense_lib/lib PATH=/home/jetson/Senior_Design_Project/camera_ros_node/install/multisense_lib/bin:${PATH} PYTHONPATH=/home/jetson/Senior_Design_Project/camera_ros_node/install/multisense_msgs/local/lib/python3.10/dist-packages /usr/bin/cmake --build /home/jetson/Senior_Design_Project/camera_ros_node/build/multisense_ros -- -j6 -l6[0m
[55.523s] [34mcolcon.colcon_core.event_handler.log_command[0m [1;30mDEBUG[0m [32mInvoking command in '/home/jetson/Senior_Design_Project/camera_ros_node/build/multisense_ros': AMENT_PREFIX_PATH=/home/jetson/Senior_Design_Project/camera_ros_node/install/multisense_msgs:/home/jetson/Senior_Design_Project/camera_ros_node/install/multisense_lib CMAKE_PREFIX_PATH=/home/jetson/Senior_Design_Project/camera_ros_node/install/multisense_msgs:/home/jetson/Senior_Design_Project/camera_ros_node/install/multisense_lib LD_LIBRARY_PATH=/home/jetson/Senior_Design_Project/camera_ros_node/install/multisense_msgs/lib:/home/jetson/Senior_Design_Project/camera_ros_node/install/multisense_lib/lib PATH=/home/jetson/Senior_Design_Project/camera_ros_node/install/multisense_lib/bin:${PATH} PYTHONPATH=/home/jetson/Senior_Design_Project/camera_ros_node/install/multisense_msgs/local/lib/python3.10/dist-packages /usr/bin/cmake --install /home/jetson/Senior_Design_Project/camera_ros_node/build/multisense_ros[0m
[55.552s] [34mcolcon.colcon_core.environment[0m [1;30mLevel 1[0m create_environment_scripts_only(multisense_ros)
[55.553s] [34mcolcon.colcon_core.environment[0m [1;30mLevel 1[0m checking '/home/jetson/Senior_Design_Project/camera_ros_node/install/multisense_ros' for CMake module files
[55.560s] [34mcolcon.colcon_core.environment[0m [1;30mLevel 1[0m checking '/home/jetson/Senior_Design_Project/camera_ros_node/install/multisense_ros' for CMake config files
[55.566s] [34mcolcon.colcon_core.event_handler.log_command[0m [1;30mDEBUG[0m [32mInvoked command in '/home/jetson/Senior_Design_Project/camera_ros_node/build/multisense_ros' returned '0': AMENT_PREFIX_PATH=/home/jetson/Senior_Design_Project/camera_ros_node/install/multisense_msgs:/home/jetson/Senior_Design_Project/camera_ros_node/install/multisense_lib CMAKE_PREFIX_PATH=/home/jetson/Senior_Design_Project/camera_ros_node/install/multisense_msgs:/home/jetson/Senior_Design_Project/camera_ros_node/install/multisense_lib LD_LIBRARY_PATH=/home/jetson/Senior_Design_Project/camera_ros_node/install/multisense_msgs/lib:/home/jetson/Senior_Design_Project/camera_ros_node/install/multisense_lib/lib PATH=/home/jetson/Senior_Design_Project/camera_ros_node/install/multisense_lib/bin:${PATH} PYTHONPATH=/home/jetson/Senior_Design_Project/camera_ros_node/install/multisense_msgs/local/lib/python3.10/dist-packages /usr/bin/cmake --install /home/jetson/Senior_Design_Project/camera_ros_node/build/multisense_ros[0m
[55.567s] [34mcolcon.colcon_core.shell[0m [1;30mLevel 1[0m create_environment_hook('multisense_ros', 'cmake_prefix_path')
[55.567s] [34mcolcon.colcon_core.shell[0m [1;30mINFO[0m Creating environment hook '/home/jetson/Senior_Design_Project/camera_ros_node/install/multisense_ros/share/multisense_ros/hook/cmake_prefix_path.ps1'
[55.569s] [34mcolcon.colcon_core.shell[0m [1;30mINFO[0m Creating environment descriptor '/home/jetson/Senior_Design_Project/camera_ros_node/install/multisense_ros/share/multisense_ros/hook/cmake_prefix_path.dsv'
[55.571s] [34mcolcon.colcon_core.shell[0m [1;30mINFO[0m Creating environment hook '/home/jetson/Senior_Design_Project/camera_ros_node/install/multisense_ros/share/multisense_ros/hook/cmake_prefix_path.sh'
[55.573s] [34mcolcon.colcon_core.environment[0m [1;30mLevel 1[0m checking '/home/jetson/Senior_Design_Project/camera_ros_node/install/multisense_ros/lib'
[55.573s] [34mcolcon.colcon_core.environment[0m [1;30mLevel 1[0m checking '/home/jetson/Senior_Design_Project/camera_ros_node/install/multisense_ros/bin'
[55.574s] [34mcolcon.colcon_core.environment[0m [1;30mLevel 1[0m checking '/home/jetson/Senior_Design_Project/camera_ros_node/install/multisense_ros/lib/pkgconfig/multisense_ros.pc'
[55.574s] [34mcolcon.colcon_core.environment[0m [1;30mLevel 1[0m checking '/home/jetson/Senior_Design_Project/camera_ros_node/install/multisense_ros/lib/python3.10/site-packages'
[55.575s] [34mcolcon.colcon_core.environment[0m [1;30mLevel 1[0m checking '/home/jetson/Senior_Design_Project/camera_ros_node/install/multisense_ros/bin'
[55.576s] [34mcolcon.colcon_core.shell[0m [1;30mINFO[0m Creating package script '/home/jetson/Senior_Design_Project/camera_ros_node/install/multisense_ros/share/multisense_ros/package.ps1'
[55.578s] [34mcolcon.colcon_core.shell[0m [1;30mINFO[0m Creating package descriptor '/home/jetson/Senior_Design_Project/camera_ros_node/install/multisense_ros/share/multisense_ros/package.dsv'
[55.580s] [34mcolcon.colcon_core.shell[0m [1;30mINFO[0m Creating package script '/home/jetson/Senior_Design_Project/camera_ros_node/install/multisense_ros/share/multisense_ros/package.sh'
[55.581s] [34mcolcon.colcon_core.shell[0m [1;30mINFO[0m Creating package script '/home/jetson/Senior_Design_Project/camera_ros_node/install/multisense_ros/share/multisense_ros/package.bash'
[55.583s] [34mcolcon.colcon_core.shell[0m [1;30mINFO[0m Creating package script '/home/jetson/Senior_Design_Project/camera_ros_node/install/multisense_ros/share/multisense_ros/package.zsh'
[55.584s] [34mcolcon.colcon_core.environment[0m [1;30mLevel 1[0m create_file_with_runtime_dependencies(/home/jetson/Senior_Design_Project/camera_ros_node/install/multisense_ros/share/colcon-core/packages/multisense_ros)
[55.655s] [34mcolcon.colcon_core.environment[0m [1;30mLevel 1[0m create_environment_scripts_only(multisense_ros)
[55.656s] [34mcolcon.colcon_core.environment[0m [1;30mLevel 1[0m checking '/home/jetson/Senior_Design_Project/camera_ros_node/install/multisense_ros' for CMake module files
[55.658s] [34mcolcon.colcon_core.environment[0m [1;30mLevel 1[0m checking '/home/jetson/Senior_Design_Project/camera_ros_node/install/multisense_ros' for CMake config files
[55.659s] [34mcolcon.colcon_core.shell[0m [1;30mLevel 1[0m create_environment_hook('multisense_ros', 'cmake_prefix_path')
[55.660s] [34mcolcon.colcon_core.shell[0m [1;30mINFO[0m Creating environment hook '/home/jetson/Senior_Design_Project/camera_ros_node/install/multisense_ros/share/multisense_ros/hook/cmake_prefix_path.ps1'
[55.662s] [34mcolcon.colcon_core.shell[0m [1;30mINFO[0m Creating environment descriptor '/home/jetson/Senior_Design_Project/camera_ros_node/install/multisense_ros/share/multisense_ros/hook/cmake_prefix_path.dsv'
[55.663s] [34mcolcon.colcon_core.shell[0m [1;30mINFO[0m Creating environment hook '/home/jetson/Senior_Design_Project/camera_ros_node/install/multisense_ros/share/multisense_ros/hook/cmake_prefix_path.sh'
[55.665s] [34mcolcon.colcon_core.environment[0m [1;30mLevel 1[0m checking '/home/jetson/Senior_Design_Project/camera_ros_node/install/multisense_ros/lib'
[55.666s] [34mcolcon.colcon_core.environment[0m [1;30mLevel 1[0m checking '/home/jetson/Senior_Design_Project/camera_ros_node/install/multisense_ros/bin'
[55.666s] [34mcolcon.colcon_core.environment[0m [1;30mLevel 1[0m checking '/home/jetson/Senior_Design_Project/camera_ros_node/install/multisense_ros/lib/pkgconfig/multisense_ros.pc'
[55.667s] [34mcolcon.colcon_core.environment[0m [1;30mLevel 1[0m checking '/home/jetson/Senior_Design_Project/camera_ros_node/install/multisense_ros/lib/python3.10/site-packages'
[55.668s] [34mcolcon.colcon_core.environment[0m [1;30mLevel 1[0m checking '/home/jetson/Senior_Design_Project/camera_ros_node/install/multisense_ros/bin'
[55.669s] [34mcolcon.colcon_core.shell[0m [1;30mINFO[0m Creating package script '/home/jetson/Senior_Design_Project/camera_ros_node/install/multisense_ros/share/multisense_ros/package.ps1'
[55.671s] [34mcolcon.colcon_core.shell[0m [1;30mINFO[0m Creating package descriptor '/home/jetson/Senior_Design_Project/camera_ros_node/install/multisense_ros/share/multisense_ros/package.dsv'
[55.672s] [34mcolcon.colcon_core.shell[0m [1;30mINFO[0m Creating package script '/home/jetson/Senior_Design_Project/camera_ros_node/install/multisense_ros/share/multisense_ros/package.sh'
[55.674s] [34mcolcon.colcon_core.shell[0m [1;30mINFO[0m Creating package script '/home/jetson/Senior_Design_Project/camera_ros_node/install/multisense_ros/share/multisense_ros/package.bash'
[55.676s] [34mcolcon.colcon_core.shell[0m [1;30mINFO[0m Creating package script '/home/jetson/Senior_Design_Project/camera_ros_node/install/multisense_ros/share/multisense_ros/package.zsh'
[55.677s] [34mcolcon.colcon_core.environment[0m [1;30mLevel 1[0m create_file_with_runtime_dependencies(/home/jetson/Senior_Design_Project/camera_ros_node/install/multisense_ros/share/colcon-core/packages/multisense_ros)
[55.678s] [34mcolcon.colcon_parallel_executor.executor.parallel[0m [1;30mDEBUG[0m [32mclosing loop[0m
[55.679s] [34mcolcon.colcon_parallel_executor.executor.parallel[0m [1;30mDEBUG[0m [32mloop closed[0m
[55.680s] [34mcolcon.colcon_parallel_executor.executor.parallel[0m [1;30mDEBUG[0m [32mrun_until_complete finished with '0'[0m
[55.680s] [34mcolcon.colcon_core.event_reactor[0m [1;30mDEBUG[0m [32mjoining thread[0m
[55.701s] [34mcolcon.colcon_core.plugin_system[0m [1;30mINFO[0m Skipping extension 'colcon_notification.desktop_notification.terminal_notifier': Not used on non-Darwin systems
[55.702s] [34mcolcon.colcon_core.plugin_system[0m [1;30mINFO[0m Skipping extension 'colcon_notification.desktop_notification.win32': Not used on non-Windows systems
[55.702s] [34mcolcon.colcon_notification.desktop_notification[0m [1;30mINFO[0m Sending desktop notification using 'notify2'
[55.749s] [34mcolcon.colcon_core.event_reactor[0m [1;30mDEBUG[0m [32mjoined thread[0m
[55.750s] [34mcolcon.colcon_core.shell[0m [1;30mINFO[0m Creating prefix script '/home/jetson/Senior_Design_Project/camera_ros_node/install/local_setup.ps1'
[55.754s] [34mcolcon.colcon_core.shell[0m [1;30mINFO[0m Creating prefix util module '/home/jetson/Senior_Design_Project/camera_ros_node/install/_local_setup_util_ps1.py'
[55.761s] [34mcolcon.colcon_core.shell[0m [1;30mINFO[0m Creating prefix chain script '/home/jetson/Senior_Design_Project/camera_ros_node/install/setup.ps1'
[55.764s] [34mcolcon.colcon_core.shell[0m [1;30mINFO[0m Creating prefix script '/home/jetson/Senior_Design_Project/camera_ros_node/install/local_setup.sh'
[55.767s] [34mcolcon.colcon_core.shell[0m [1;30mINFO[0m Creating prefix util module '/home/jetson/Senior_Design_Project/camera_ros_node/install/_local_setup_util_sh.py'
[55.769s] [34mcolcon.colcon_core.shell[0m [1;30mINFO[0m Creating prefix chain script '/home/jetson/Senior_Design_Project/camera_ros_node/install/setup.sh'
[55.774s] [34mcolcon.colcon_core.shell[0m [1;30mINFO[0m Creating prefix script '/home/jetson/Senior_Design_Project/camera_ros_node/install/local_setup.bash'
[55.776s] [34mcolcon.colcon_core.shell[0m [1;30mINFO[0m Creating prefix chain script '/home/jetson/Senior_Design_Project/camera_ros_node/install/setup.bash'
[55.778s] [34mcolcon.colcon_core.shell[0m [1;30mINFO[0m Creating prefix script '/home/jetson/Senior_Design_Project/camera_ros_node/install/local_setup.zsh'
[55.780s] [34mcolcon.colcon_core.shell[0m [1;30mINFO[0m Creating prefix chain script '/home/jetson/Senior_Design_Project/camera_ros_node/install/setup.zsh'
