[0.031s] Invoking command in '/home/jetson/Senior_Design_Project/build/multisense_lib': CMAKE_PREFIX_PATH=/opt/ros/humble /usr/bin/cmake /home/jetson/Senior_Design_Project/camera_ros_node/src/multisense_ros2/multisense_lib -DCMAKE_INSTALL_PREFIX=/home/jetson/Senior_Design_Project/install/multisense_lib
[0.064s] -- Found ament_cmake: 1.3.10 (/opt/ros/humble/share/ament_cmake/cmake)
[0.412s] -- Found Python3: /usr/bin/python3 (found version "3.10.12") found components: Interpreter 
[0.644s] [31mCMake Error at CMakeLists.txt:26 (add_subdirectory):
[0.644s]   The source directory
[0.645s] 
[0.645s]     /home/jetson/Senior_Design_Project/camera_ros_node/src/multisense_ros2/multisense_lib/LibMultiSense
[0.645s] 
[0.645s]   does not contain a CMakeLists.txt file.
[0.645s] 
[0.645s] [0m
[0.646s] [33mCMake Warning at /opt/ros/humble/share/ament_cmake_export_include_directories/cmake/ament_export_include_directories.cmake:44 (message):
[0.646s]   ament_export_include_directories() package 'multisense_lib' exports the
[0.646s]   include directory
[0.646s]   '/home/jetson/Senior_Design_Project/camera_ros_node/src/multisense_ros2/multisense_lib/LibMultiSense/source/LibMultiSense/include'
[0.646s]   which doesn't exist
[0.646s] Call Stack (most recent call first):
[0.646s]   CMakeLists.txt:28 (ament_export_include_directories)
[0.647s] 
[0.647s] [0m
[0.794s] -- Configuring incomplete, errors occurred!
[0.794s] See also "/home/jetson/Senior_Design_Project/build/multisense_lib/CMakeFiles/CMakeOutput.log".
[0.801s] Invoked command in '/home/jetson/Senior_Design_Project/build/multisense_lib' returned '1': CMAKE_PREFIX_PATH=/opt/ros/humble /usr/bin/cmake /home/jetson/Senior_Design_Project/camera_ros_node/src/multisense_ros2/multisense_lib -DCMAKE_INSTALL_PREFIX=/home/jetson/Senior_Design_Project/install/multisense_lib
