[  1%] [34m[1mGenerating C code for ROS interfaces[0m
[  1%] [34m[1mGenerating C++ code for ROS interfaces[0m
[  1%] Built target ament_cmake_python_copy_multisense_msgs
running egg_info
creating multisense_msgs.egg-info
writing multisense_msgs.egg-info/PKG-INFO
writing dependency_links to multisense_msgs.egg-info/dependency_links.txt
writing top-level names to multisense_msgs.egg-info/top_level.txt
writing manifest file 'multisense_msgs.egg-info/SOURCES.txt'
reading manifest file 'multisense_msgs.egg-info/SOURCES.txt'
writing manifest file 'multisense_msgs.egg-info/SOURCES.txt'
[  1%] Built target ament_cmake_python_build_multisense_msgs_egg
[  1%] Built target multisense_msgs__cpp
[  2%] [34m[1mGenerating C++ type support dispatch for ROS interfaces[0m
[  2%] [34m[1mGenerating C++ type support for eProsima Fast-RTPS[0m
[  3%] [34m[1mGenerating C++ introspection for ROS interfaces[0m
[  6%] [32mBuilding C object CMakeFiles/multisense_msgs__rosidl_generator_c.dir/rosidl_generator_c/multisense_msgs/msg/detail/device_info__functions.c.o[0m
[  6%] [32mBuilding C object CMakeFiles/multisense_msgs__rosidl_generator_c.dir/rosidl_generator_c/multisense_msgs/msg/detail/raw_cam_config__functions.c.o[0m
[  6%] [32mBuilding C object CMakeFiles/multisense_msgs__rosidl_generator_c.dir/rosidl_generator_c/multisense_msgs/msg/detail/raw_imu_data__functions.c.o[0m
[  7%] [32mBuilding C object CMakeFiles/multisense_msgs__rosidl_generator_c.dir/rosidl_generator_c/multisense_msgs/msg/detail/raw_lidar_data__functions.c.o[0m
[  9%] [32mBuilding C object CMakeFiles/multisense_msgs__rosidl_generator_c.dir/rosidl_generator_c/multisense_msgs/msg/detail/raw_cam_cal__functions.c.o[0m
[  9%] [32mBuilding C object CMakeFiles/multisense_msgs__rosidl_generator_c.dir/rosidl_generator_c/multisense_msgs/msg/detail/raw_cam_data__functions.c.o[0m
[ 10%] [32mBuilding C object CMakeFiles/multisense_msgs__rosidl_generator_c.dir/rosidl_generator_c/multisense_msgs/msg/detail/raw_lidar_cal__functions.c.o[0m
[ 10%] [32mBuilding C object CMakeFiles/multisense_msgs__rosidl_generator_c.dir/rosidl_generator_c/multisense_msgs/msg/detail/histogram__functions.c.o[0m
[ 11%] [32mBuilding C object CMakeFiles/multisense_msgs__rosidl_generator_c.dir/rosidl_generator_c/multisense_msgs/msg/detail/device_status__functions.c.o[0m
[ 12%] [32mBuilding C object CMakeFiles/multisense_msgs__rosidl_generator_c.dir/rosidl_generator_c/multisense_msgs/msg/detail/ptp_status__functions.c.o[0m
[ 13%] [32mBuilding C object CMakeFiles/multisense_msgs__rosidl_generator_c.dir/rosidl_generator_c/multisense_msgs/msg/detail/stamped_pps__functions.c.o[0m
[ 14%] [32m[1mLinking C shared library libmultisense_msgs__rosidl_generator_c.so[0m
[ 14%] Built target multisense_msgs__rosidl_generator_c
[ 17%] [34m[1mGenerating C type support dispatch for ROS interfaces[0m
[ 17%] [34m[1mGenerating C type support for eProsima Fast-RTPS[0m
[ 17%] [34m[1mGenerating C introspection for ROS interfaces[0m
[ 18%] [32mBuilding CXX object CMakeFiles/multisense_msgs__rosidl_typesupport_cpp.dir/rosidl_typesupport_cpp/multisense_msgs/msg/device_info__type_support.cpp.o[0m
[ 19%] [32mBuilding CXX object CMakeFiles/multisense_msgs__rosidl_typesupport_introspection_cpp.dir/rosidl_typesupport_introspection_cpp/multisense_msgs/msg/detail/device_info__type_support.cpp.o[0m
[ 20%] [32mBuilding CXX object CMakeFiles/multisense_msgs__rosidl_typesupport_fastrtps_cpp.dir/rosidl_typesupport_fastrtps_cpp/multisense_msgs/msg/detail/dds_fastrtps/device_info__type_support.cpp.o[0m
[ 21%] [32mBuilding CXX object CMakeFiles/multisense_msgs__rosidl_typesupport_cpp.dir/rosidl_typesupport_cpp/multisense_msgs/msg/raw_cam_config__type_support.cpp.o[0m
[ 22%] [32mBuilding CXX object CMakeFiles/multisense_msgs__rosidl_typesupport_c.dir/rosidl_typesupport_c/multisense_msgs/msg/device_info__type_support.cpp.o[0m
[ 23%] [32mBuilding CXX object CMakeFiles/multisense_msgs__rosidl_typesupport_c.dir/rosidl_typesupport_c/multisense_msgs/msg/raw_cam_config__type_support.cpp.o[0m
[ 23%] [32mBuilding CXX object CMakeFiles/multisense_msgs__rosidl_typesupport_c.dir/rosidl_typesupport_c/multisense_msgs/msg/raw_imu_data__type_support.cpp.o[0m
[ 24%] [32mBuilding CXX object CMakeFiles/multisense_msgs__rosidl_typesupport_c.dir/rosidl_typesupport_c/multisense_msgs/msg/raw_lidar_data__type_support.cpp.o[0m
[ 25%] [32mBuilding CXX object CMakeFiles/multisense_msgs__rosidl_typesupport_c.dir/rosidl_typesupport_c/multisense_msgs/msg/raw_cam_cal__type_support.cpp.o[0m
[ 26%] [32mBuilding CXX object CMakeFiles/multisense_msgs__rosidl_typesupport_cpp.dir/rosidl_typesupport_cpp/multisense_msgs/msg/raw_imu_data__type_support.cpp.o[0m
[ 27%] [32mBuilding CXX object CMakeFiles/multisense_msgs__rosidl_typesupport_c.dir/rosidl_typesupport_c/multisense_msgs/msg/raw_cam_data__type_support.cpp.o[0m
[ 28%] [32mBuilding CXX object CMakeFiles/multisense_msgs__rosidl_typesupport_c.dir/rosidl_typesupport_c/multisense_msgs/msg/raw_lidar_cal__type_support.cpp.o[0m
[ 29%] [32mBuilding CXX object CMakeFiles/multisense_msgs__rosidl_typesupport_c.dir/rosidl_typesupport_c/multisense_msgs/msg/histogram__type_support.cpp.o[0m
[ 30%] [32mBuilding CXX object CMakeFiles/multisense_msgs__rosidl_typesupport_c.dir/rosidl_typesupport_c/multisense_msgs/msg/device_status__type_support.cpp.o[0m
[ 31%] [32mBuilding C object CMakeFiles/multisense_msgs__rosidl_typesupport_introspection_c.dir/rosidl_typesupport_introspection_c/multisense_msgs/msg/detail/device_info__type_support.c.o[0m
[ 32%] [32mBuilding CXX object CMakeFiles/multisense_msgs__rosidl_typesupport_c.dir/rosidl_typesupport_c/multisense_msgs/msg/ptp_status__type_support.cpp.o[0m
[ 33%] [32mBuilding CXX object CMakeFiles/multisense_msgs__rosidl_typesupport_c.dir/rosidl_typesupport_c/multisense_msgs/msg/stamped_pps__type_support.cpp.o[0m
[ 33%] [32mBuilding CXX object CMakeFiles/multisense_msgs__rosidl_typesupport_introspection_cpp.dir/rosidl_typesupport_introspection_cpp/multisense_msgs/msg/detail/raw_cam_config__type_support.cpp.o[0m
[ 34%] [32mBuilding CXX object CMakeFiles/multisense_msgs__rosidl_typesupport_fastrtps_c.dir/rosidl_typesupport_fastrtps_c/multisense_msgs/msg/detail/device_info__type_support_c.cpp.o[0m
[ 35%] [32mBuilding C object CMakeFiles/multisense_msgs__rosidl_typesupport_introspection_c.dir/rosidl_typesupport_introspection_c/multisense_msgs/msg/detail/raw_cam_config__type_support.c.o[0m
[ 36%] [32m[1mLinking CXX shared library libmultisense_msgs__rosidl_typesupport_c.so[0m
[ 37%] [32mBuilding C object CMakeFiles/multisense_msgs__rosidl_typesupport_introspection_c.dir/rosidl_typesupport_introspection_c/multisense_msgs/msg/detail/raw_imu_data__type_support.c.o[0m
[ 37%] Built target multisense_msgs__rosidl_typesupport_c
[ 38%] [32mBuilding C object CMakeFiles/multisense_msgs__rosidl_typesupport_introspection_c.dir/rosidl_typesupport_introspection_c/multisense_msgs/msg/detail/raw_lidar_data__type_support.c.o[0m
[ 39%] [32mBuilding CXX object CMakeFiles/multisense_msgs__rosidl_typesupport_cpp.dir/rosidl_typesupport_cpp/multisense_msgs/msg/raw_lidar_data__type_support.cpp.o[0m
[ 40%] [32mBuilding CXX object CMakeFiles/multisense_msgs__rosidl_typesupport_introspection_cpp.dir/rosidl_typesupport_introspection_cpp/multisense_msgs/msg/detail/raw_imu_data__type_support.cpp.o[0m
[ 41%] [32mBuilding C object CMakeFiles/multisense_msgs__rosidl_typesupport_introspection_c.dir/rosidl_typesupport_introspection_c/multisense_msgs/msg/detail/raw_cam_cal__type_support.c.o[0m
[ 42%] [32mBuilding C object CMakeFiles/multisense_msgs__rosidl_typesupport_introspection_c.dir/rosidl_typesupport_introspection_c/multisense_msgs/msg/detail/raw_cam_data__type_support.c.o[0m
[ 42%] [32mBuilding C object CMakeFiles/multisense_msgs__rosidl_typesupport_introspection_c.dir/rosidl_typesupport_introspection_c/multisense_msgs/msg/detail/raw_lidar_cal__type_support.c.o[0m
[ 43%] [32mBuilding CXX object CMakeFiles/multisense_msgs__rosidl_typesupport_fastrtps_cpp.dir/rosidl_typesupport_fastrtps_cpp/multisense_msgs/msg/detail/dds_fastrtps/raw_cam_config__type_support.cpp.o[0m
[ 44%] [32mBuilding C object CMakeFiles/multisense_msgs__rosidl_typesupport_introspection_c.dir/rosidl_typesupport_introspection_c/multisense_msgs/msg/detail/histogram__type_support.c.o[0m
[ 45%] [32mBuilding C object CMakeFiles/multisense_msgs__rosidl_typesupport_introspection_c.dir/rosidl_typesupport_introspection_c/multisense_msgs/msg/detail/device_status__type_support.c.o[0m
[ 46%] [32mBuilding C object CMakeFiles/multisense_msgs__rosidl_typesupport_introspection_c.dir/rosidl_typesupport_introspection_c/multisense_msgs/msg/detail/ptp_status__type_support.c.o[0m
[ 47%] [32mBuilding CXX object CMakeFiles/multisense_msgs__rosidl_typesupport_cpp.dir/rosidl_typesupport_cpp/multisense_msgs/msg/raw_cam_cal__type_support.cpp.o[0m
[ 48%] [32mBuilding C object CMakeFiles/multisense_msgs__rosidl_typesupport_introspection_c.dir/rosidl_typesupport_introspection_c/multisense_msgs/msg/detail/stamped_pps__type_support.c.o[0m
[ 49%] [32mBuilding CXX object CMakeFiles/multisense_msgs__rosidl_typesupport_introspection_cpp.dir/rosidl_typesupport_introspection_cpp/multisense_msgs/msg/detail/raw_lidar_data__type_support.cpp.o[0m
[ 50%] [32m[1mLinking C shared library libmultisense_msgs__rosidl_typesupport_introspection_c.so[0m
[ 50%] Built target multisense_msgs__rosidl_typesupport_introspection_c
[ 51%] [32mBuilding CXX object CMakeFiles/multisense_msgs__rosidl_typesupport_cpp.dir/rosidl_typesupport_cpp/multisense_msgs/msg/raw_cam_data__type_support.cpp.o[0m
[ 52%] [32mBuilding CXX object CMakeFiles/multisense_msgs__rosidl_typesupport_introspection_cpp.dir/rosidl_typesupport_introspection_cpp/multisense_msgs/msg/detail/raw_cam_cal__type_support.cpp.o[0m
[ 53%] [32mBuilding CXX object CMakeFiles/multisense_msgs__rosidl_typesupport_cpp.dir/rosidl_typesupport_cpp/multisense_msgs/msg/raw_lidar_cal__type_support.cpp.o[0m
[ 54%] [32mBuilding CXX object CMakeFiles/multisense_msgs__rosidl_typesupport_fastrtps_c.dir/rosidl_typesupport_fastrtps_c/multisense_msgs/msg/detail/raw_cam_config__type_support_c.cpp.o[0m
[ 55%] [32mBuilding CXX object CMakeFiles/multisense_msgs__rosidl_typesupport_fastrtps_cpp.dir/rosidl_typesupport_fastrtps_cpp/multisense_msgs/msg/detail/dds_fastrtps/raw_imu_data__type_support.cpp.o[0m
[ 55%] [32mBuilding CXX object CMakeFiles/multisense_msgs__rosidl_typesupport_cpp.dir/rosidl_typesupport_cpp/multisense_msgs/msg/histogram__type_support.cpp.o[0m
[ 56%] [32mBuilding CXX object CMakeFiles/multisense_msgs__rosidl_typesupport_introspection_cpp.dir/rosidl_typesupport_introspection_cpp/multisense_msgs/msg/detail/raw_cam_data__type_support.cpp.o[0m
[ 57%] [32mBuilding CXX object CMakeFiles/multisense_msgs__rosidl_typesupport_cpp.dir/rosidl_typesupport_cpp/multisense_msgs/msg/device_status__type_support.cpp.o[0m
[ 58%] [32mBuilding CXX object CMakeFiles/multisense_msgs__rosidl_typesupport_fastrtps_c.dir/rosidl_typesupport_fastrtps_c/multisense_msgs/msg/detail/raw_imu_data__type_support_c.cpp.o[0m
[ 59%] [32mBuilding CXX object CMakeFiles/multisense_msgs__rosidl_typesupport_introspection_cpp.dir/rosidl_typesupport_introspection_cpp/multisense_msgs/msg/detail/raw_lidar_cal__type_support.cpp.o[0m
[ 60%] [32mBuilding CXX object CMakeFiles/multisense_msgs__rosidl_typesupport_fastrtps_c.dir/rosidl_typesupport_fastrtps_c/multisense_msgs/msg/detail/raw_lidar_data__type_support_c.cpp.o[0m
[ 61%] [32mBuilding CXX object CMakeFiles/multisense_msgs__rosidl_typesupport_fastrtps_cpp.dir/rosidl_typesupport_fastrtps_cpp/multisense_msgs/msg/detail/dds_fastrtps/raw_lidar_data__type_support.cpp.o[0m
[ 62%] [32mBuilding CXX object CMakeFiles/multisense_msgs__rosidl_typesupport_cpp.dir/rosidl_typesupport_cpp/multisense_msgs/msg/ptp_status__type_support.cpp.o[0m
[ 63%] [32mBuilding CXX object CMakeFiles/multisense_msgs__rosidl_typesupport_fastrtps_c.dir/rosidl_typesupport_fastrtps_c/multisense_msgs/msg/detail/raw_cam_cal__type_support_c.cpp.o[0m
[ 63%] [32mBuilding CXX object CMakeFiles/multisense_msgs__rosidl_typesupport_cpp.dir/rosidl_typesupport_cpp/multisense_msgs/msg/stamped_pps__type_support.cpp.o[0m
[ 64%] [32mBuilding CXX object CMakeFiles/multisense_msgs__rosidl_typesupport_introspection_cpp.dir/rosidl_typesupport_introspection_cpp/multisense_msgs/msg/detail/histogram__type_support.cpp.o[0m
[ 65%] [32mBuilding CXX object CMakeFiles/multisense_msgs__rosidl_typesupport_fastrtps_c.dir/rosidl_typesupport_fastrtps_c/multisense_msgs/msg/detail/raw_cam_data__type_support_c.cpp.o[0m
[ 66%] [32mBuilding CXX object CMakeFiles/multisense_msgs__rosidl_typesupport_fastrtps_c.dir/rosidl_typesupport_fastrtps_c/multisense_msgs/msg/detail/raw_lidar_cal__type_support_c.cpp.o[0m
[ 67%] [32m[1mLinking CXX shared library libmultisense_msgs__rosidl_typesupport_cpp.so[0m
[ 68%] [32mBuilding CXX object CMakeFiles/multisense_msgs__rosidl_typesupport_fastrtps_cpp.dir/rosidl_typesupport_fastrtps_cpp/multisense_msgs/msg/detail/dds_fastrtps/raw_cam_cal__type_support.cpp.o[0m
[ 68%] Built target multisense_msgs__rosidl_typesupport_cpp
[ 69%] [32mBuilding CXX object CMakeFiles/multisense_msgs__rosidl_typesupport_fastrtps_c.dir/rosidl_typesupport_fastrtps_c/multisense_msgs/msg/detail/histogram__type_support_c.cpp.o[0m
[ 70%] [32mBuilding CXX object CMakeFiles/multisense_msgs__rosidl_typesupport_fastrtps_c.dir/rosidl_typesupport_fastrtps_c/multisense_msgs/msg/detail/device_status__type_support_c.cpp.o[0m
[ 71%] [32mBuilding CXX object CMakeFiles/multisense_msgs__rosidl_typesupport_fastrtps_c.dir/rosidl_typesupport_fastrtps_c/multisense_msgs/msg/detail/ptp_status__type_support_c.cpp.o[0m
[ 72%] [32mBuilding CXX object CMakeFiles/multisense_msgs__rosidl_typesupport_fastrtps_c.dir/rosidl_typesupport_fastrtps_c/multisense_msgs/msg/detail/stamped_pps__type_support_c.cpp.o[0m
[ 73%] [32mBuilding CXX object CMakeFiles/multisense_msgs__rosidl_typesupport_introspection_cpp.dir/rosidl_typesupport_introspection_cpp/multisense_msgs/msg/detail/device_status__type_support.cpp.o[0m
[ 74%] [32mBuilding CXX object CMakeFiles/multisense_msgs__rosidl_typesupport_introspection_cpp.dir/rosidl_typesupport_introspection_cpp/multisense_msgs/msg/detail/ptp_status__type_support.cpp.o[0m
[ 75%] [32mBuilding CXX object CMakeFiles/multisense_msgs__rosidl_typesupport_introspection_cpp.dir/rosidl_typesupport_introspection_cpp/multisense_msgs/msg/detail/stamped_pps__type_support.cpp.o[0m
[ 76%] [32mBuilding CXX object CMakeFiles/multisense_msgs__rosidl_typesupport_fastrtps_cpp.dir/rosidl_typesupport_fastrtps_cpp/multisense_msgs/msg/detail/dds_fastrtps/raw_cam_data__type_support.cpp.o[0m
[ 77%] [32mBuilding CXX object CMakeFiles/multisense_msgs__rosidl_typesupport_fastrtps_cpp.dir/rosidl_typesupport_fastrtps_cpp/multisense_msgs/msg/detail/dds_fastrtps/raw_lidar_cal__type_support.cpp.o[0m
[ 78%] [32m[1mLinking CXX shared library libmultisense_msgs__rosidl_typesupport_fastrtps_c.so[0m
[ 78%] Built target multisense_msgs__rosidl_typesupport_fastrtps_c
[ 79%] [32mBuilding CXX object CMakeFiles/multisense_msgs__rosidl_typesupport_fastrtps_cpp.dir/rosidl_typesupport_fastrtps_cpp/multisense_msgs/msg/detail/dds_fastrtps/histogram__type_support.cpp.o[0m
[ 80%] [32mBuilding CXX object CMakeFiles/multisense_msgs__rosidl_typesupport_fastrtps_cpp.dir/rosidl_typesupport_fastrtps_cpp/multisense_msgs/msg/detail/dds_fastrtps/device_status__type_support.cpp.o[0m
[ 80%] [32mBuilding CXX object CMakeFiles/multisense_msgs__rosidl_typesupport_fastrtps_cpp.dir/rosidl_typesupport_fastrtps_cpp/multisense_msgs/msg/detail/dds_fastrtps/ptp_status__type_support.cpp.o[0m
[ 81%] [32m[1mLinking CXX shared library libmultisense_msgs__rosidl_typesupport_introspection_cpp.so[0m
[ 81%] Built target multisense_msgs__rosidl_typesupport_introspection_cpp
[ 82%] [32mBuilding CXX object CMakeFiles/multisense_msgs__rosidl_typesupport_fastrtps_cpp.dir/rosidl_typesupport_fastrtps_cpp/multisense_msgs/msg/detail/dds_fastrtps/stamped_pps__type_support.cpp.o[0m
[ 83%] [32m[1mLinking CXX shared library libmultisense_msgs__rosidl_typesupport_fastrtps_cpp.so[0m
[ 83%] Built target multisense_msgs__rosidl_typesupport_fastrtps_cpp
[ 83%] Built target multisense_msgs
[ 84%] [34m[1mGenerating Python code for ROS interfaces[0m
[ 84%] Built target multisense_msgs__py
[ 87%] [32mBuilding C object CMakeFiles/multisense_msgs__rosidl_generator_py.dir/rosidl_generator_py/multisense_msgs/msg/_raw_cam_config_s.c.o[0m
[ 87%] [32mBuilding C object CMakeFiles/multisense_msgs__rosidl_generator_py.dir/rosidl_generator_py/multisense_msgs/msg/_device_info_s.c.o[0m
[ 87%] [32mBuilding C object CMakeFiles/multisense_msgs__rosidl_generator_py.dir/rosidl_generator_py/multisense_msgs/msg/_raw_lidar_data_s.c.o[0m
[ 88%] [32mBuilding C object CMakeFiles/multisense_msgs__rosidl_generator_py.dir/rosidl_generator_py/multisense_msgs/msg/_raw_imu_data_s.c.o[0m
[ 89%] [32mBuilding C object CMakeFiles/multisense_msgs__rosidl_generator_py.dir/rosidl_generator_py/multisense_msgs/msg/_raw_cam_cal_s.c.o[0m
[ 89%] [32mBuilding C object CMakeFiles/multisense_msgs__rosidl_generator_py.dir/rosidl_generator_py/multisense_msgs/msg/_raw_cam_data_s.c.o[0m
[ 90%] [32mBuilding C object CMakeFiles/multisense_msgs__rosidl_generator_py.dir/rosidl_generator_py/multisense_msgs/msg/_raw_lidar_cal_s.c.o[0m
[ 91%] [32mBuilding C object CMakeFiles/multisense_msgs__rosidl_generator_py.dir/rosidl_generator_py/multisense_msgs/msg/_histogram_s.c.o[0m
[ 92%] [32mBuilding C object CMakeFiles/multisense_msgs__rosidl_generator_py.dir/rosidl_generator_py/multisense_msgs/msg/_device_status_s.c.o[0m
[ 94%] [32mBuilding C object CMakeFiles/multisense_msgs__rosidl_generator_py.dir/rosidl_generator_py/multisense_msgs/msg/_stamped_pps_s.c.o[0m
[ 94%] [32mBuilding C object CMakeFiles/multisense_msgs__rosidl_generator_py.dir/rosidl_generator_py/multisense_msgs/msg/_ptp_status_s.c.o[0m
[ 95%] [32m[1mLinking C shared library rosidl_generator_py/multisense_msgs/libmultisense_msgs__rosidl_generator_py.so[0m
[ 95%] Built target multisense_msgs__rosidl_generator_py
[ 97%] [32mBuilding C object CMakeFiles/multisense_msgs__rosidl_typesupport_c__pyext.dir/rosidl_generator_py/multisense_msgs/_multisense_msgs_s.ep.rosidl_typesupport_c.c.o[0m
[ 97%] [32mBuilding C object CMakeFiles/multisense_msgs__rosidl_typesupport_fastrtps_c__pyext.dir/rosidl_generator_py/multisense_msgs/_multisense_msgs_s.ep.rosidl_typesupport_fastrtps_c.c.o[0m
[ 97%] [32mBuilding C object CMakeFiles/multisense_msgs__rosidl_typesupport_introspection_c__pyext.dir/rosidl_generator_py/multisense_msgs/_multisense_msgs_s.ep.rosidl_typesupport_introspection_c.c.o[0m
[ 98%] [32m[1mLinking C shared library rosidl_generator_py/multisense_msgs/multisense_msgs_s__rosidl_typesupport_c.cpython-310-aarch64-linux-gnu.so[0m
[ 99%] [32m[1mLinking C shared library rosidl_generator_py/multisense_msgs/multisense_msgs_s__rosidl_typesupport_introspection_c.cpython-310-aarch64-linux-gnu.so[0m
[100%] [32m[1mLinking C shared library rosidl_generator_py/multisense_msgs/multisense_msgs_s__rosidl_typesupport_fastrtps_c.cpython-310-aarch64-linux-gnu.so[0m
[100%] Built target multisense_msgs__rosidl_typesupport_c__pyext
[100%] Built target multisense_msgs__rosidl_typesupport_introspection_c__pyext
[100%] Built target multisense_msgs__rosidl_typesupport_fastrtps_c__pyext
