[0.241s] [34mcolcon[0m [1;30mDEBUG[0m [32mCommand line arguments: ['/usr/bin/colcon', 'build'][0m
[0.241s] [34mcolcon[0m [1;30mDEBUG[0m [32mParsed command line arguments: Namespace(log_base=None, log_level=None, verb_name='build', build_base='build', install_base='install', merge_install=False, symlink_install=False, test_result_base=None, continue_on_error=False, executor='parallel', parallel_workers=6, event_handlers=None, ignore_user_meta=False, metas=['./colcon.meta'], base_paths=['.'], packages_ignore=None, packages_ignore_regex=None, paths=None, packages_up_to=None, packages_up_to_regex=None, packages_above=None, packages_above_and_dependencies=None, packages_above_depth=None, packages_select_by_dep=None, packages_skip_by_dep=None, packages_skip_up_to=None, packages_select_build_failed=False, packages_skip_build_finished=False, packages_select_test_failures=False, packages_skip_test_passed=False, packages_select=None, packages_skip=None, packages_select_regex=None, packages_skip_regex=None, packages_start=None, packages_end=None, allow_overriding=[], cmake_args=None, cmake_target=None, cmake_target_skip_unavailable=False, cmake_clean_cache=False, cmake_clean_first=False, cmake_force_configure=False, ament_cmake_args=None, catkin_cmake_args=None, catkin_skip_building_tests=False, mixin_files=None, mixin=None, verb_parser=<colcon_mixin.mixin.mixin_argument.MixinArgumentDecorator object at 0xffff89a14670>, verb_extension=<colcon_core.verb.build.BuildVerb object at 0xffff89b50a30>, main=<bound method BuildVerb.main of <colcon_core.verb.build.BuildVerb object at 0xffff89b50a30>>, mixin_verb=('build',))[0m
[0.585s] [34mcolcon.colcon_core.package_discovery[0m [1;30mLevel 1[0m discover_packages(colcon_meta) check parameters
[0.586s] [34mcolcon.colcon_core.package_discovery[0m [1;30mLevel 1[0m discover_packages(recursive) check parameters
[0.586s] [34mcolcon.colcon_core.package_discovery[0m [1;30mLevel 1[0m discover_packages(ignore) check parameters
[0.586s] [34mcolcon.colcon_core.package_discovery[0m [1;30mLevel 1[0m discover_packages(path) check parameters
[0.586s] [34mcolcon.colcon_core.package_discovery[0m [1;30mLevel 1[0m discover_packages(colcon_meta) discover
[0.586s] [34mcolcon.colcon_core.package_discovery[0m [1;30mLevel 1[0m discover_packages(recursive) discover
[0.586s] [34mcolcon.colcon_core.package_discovery[0m [1;30mINFO[0m Crawling recursively for packages in '/home/jetson/Senior_Design_Project/camera_ros_node'
[0.586s] [34mcolcon.colcon_core.package_identification[0m [1;30mLevel 1[0m _identify(.) by extensions ['ignore', 'ignore_ament_install']
[0.587s] [34mcolcon.colcon_core.package_identification[0m [1;30mLevel 1[0m _identify(.) by extension 'ignore'
[0.587s] [34mcolcon.colcon_core.package_identification[0m [1;30mLevel 1[0m _identify(.) by extension 'ignore_ament_install'
[0.587s] [34mcolcon.colcon_core.package_identification[0m [1;30mLevel 1[0m _identify(.) by extensions ['colcon_pkg']
[0.587s] [34mcolcon.colcon_core.package_identification[0m [1;30mLevel 1[0m _identify(.) by extension 'colcon_pkg'
[0.587s] [34mcolcon.colcon_core.package_identification[0m [1;30mLevel 1[0m _identify(.) by extensions ['colcon_meta']
[0.587s] [34mcolcon.colcon_core.package_identification[0m [1;30mLevel 1[0m _identify(.) by extension 'colcon_meta'
[0.587s] [34mcolcon.colcon_core.package_identification[0m [1;30mLevel 1[0m _identify(.) by extensions ['ros']
[0.587s] [34mcolcon.colcon_core.package_identification[0m [1;30mLevel 1[0m _identify(.) by extension 'ros'
[0.609s] [34mcolcon.colcon_core.package_identification[0m [1;30mLevel 1[0m _identify(.) by extensions ['cmake', 'python']
[0.609s] [34mcolcon.colcon_core.package_identification[0m [1;30mLevel 1[0m _identify(.) by extension 'cmake'
[0.609s] [34mcolcon.colcon_core.package_identification[0m [1;30mLevel 1[0m _identify(.) by extension 'python'
[0.609s] [34mcolcon.colcon_core.package_identification[0m [1;30mLevel 1[0m _identify(.) by extensions ['python_setup_py']
[0.609s] [34mcolcon.colcon_core.package_identification[0m [1;30mLevel 1[0m _identify(.) by extension 'python_setup_py'
[0.610s] [34mcolcon.colcon_core.package_identification[0m [1;30mLevel 1[0m _identify(build) by extensions ['ignore', 'ignore_ament_install']
[0.610s] [34mcolcon.colcon_core.package_identification[0m [1;30mLevel 1[0m _identify(build) by extension 'ignore'
[0.610s] [34mcolcon.colcon_core.package_identification[0m [1;30mLevel 1[0m _identify(build) ignored
[0.610s] [34mcolcon.colcon_core.package_identification[0m [1;30mLevel 1[0m _identify(install) by extensions ['ignore', 'ignore_ament_install']
[0.611s] [34mcolcon.colcon_core.package_identification[0m [1;30mLevel 1[0m _identify(install) by extension 'ignore'
[0.611s] [34mcolcon.colcon_core.package_identification[0m [1;30mLevel 1[0m _identify(install) ignored
[0.611s] [34mcolcon.colcon_core.package_identification[0m [1;30mLevel 1[0m _identify(log) by extensions ['ignore', 'ignore_ament_install']
[0.611s] [34mcolcon.colcon_core.package_identification[0m [1;30mLevel 1[0m _identify(log) by extension 'ignore'
[0.611s] [34mcolcon.colcon_core.package_identification[0m [1;30mLevel 1[0m _identify(log) ignored
[0.611s] [34mcolcon.colcon_core.package_identification[0m [1;30mLevel 1[0m _identify(src) by extensions ['ignore', 'ignore_ament_install']
[0.612s] [34mcolcon.colcon_core.package_identification[0m [1;30mLevel 1[0m _identify(src) by extension 'ignore'
[0.612s] [34mcolcon.colcon_core.package_identification[0m [1;30mLevel 1[0m _identify(src) by extension 'ignore_ament_install'
[0.612s] [34mcolcon.colcon_core.package_identification[0m [1;30mLevel 1[0m _identify(src) by extensions ['colcon_pkg']
[0.612s] [34mcolcon.colcon_core.package_identification[0m [1;30mLevel 1[0m _identify(src) by extension 'colcon_pkg'
[0.612s] [34mcolcon.colcon_core.package_identification[0m [1;30mLevel 1[0m _identify(src) by extensions ['colcon_meta']
[0.612s] [34mcolcon.colcon_core.package_identification[0m [1;30mLevel 1[0m _identify(src) by extension 'colcon_meta'
[0.612s] [34mcolcon.colcon_core.package_identification[0m [1;30mLevel 1[0m _identify(src) by extensions ['ros']
[0.612s] [34mcolcon.colcon_core.package_identification[0m [1;30mLevel 1[0m _identify(src) by extension 'ros'
[0.612s] [34mcolcon.colcon_core.package_identification[0m [1;30mLevel 1[0m _identify(src) by extensions ['cmake', 'python']
[0.612s] [34mcolcon.colcon_core.package_identification[0m [1;30mLevel 1[0m _identify(src) by extension 'cmake'
[0.613s] [34mcolcon.colcon_core.package_identification[0m [1;30mLevel 1[0m _identify(src) by extension 'python'
[0.613s] [34mcolcon.colcon_core.package_identification[0m [1;30mLevel 1[0m _identify(src) by extensions ['python_setup_py']
[0.613s] [34mcolcon.colcon_core.package_identification[0m [1;30mLevel 1[0m _identify(src) by extension 'python_setup_py'
[0.613s] [34mcolcon.colcon_core.package_identification[0m [1;30mLevel 1[0m _identify(src/multisense_ros2) by extensions ['ignore', 'ignore_ament_install']
[0.613s] [34mcolcon.colcon_core.package_identification[0m [1;30mLevel 1[0m _identify(src/multisense_ros2) by extension 'ignore'
[0.613s] [34mcolcon.colcon_core.package_identification[0m [1;30mLevel 1[0m _identify(src/multisense_ros2) by extension 'ignore_ament_install'
[0.613s] [34mcolcon.colcon_core.package_identification[0m [1;30mLevel 1[0m _identify(src/multisense_ros2) by extensions ['colcon_pkg']
[0.613s] [34mcolcon.colcon_core.package_identification[0m [1;30mLevel 1[0m _identify(src/multisense_ros2) by extension 'colcon_pkg'
[0.614s] [34mcolcon.colcon_core.package_identification[0m [1;30mLevel 1[0m _identify(src/multisense_ros2) by extensions ['colcon_meta']
[0.614s] [34mcolcon.colcon_core.package_identification[0m [1;30mLevel 1[0m _identify(src/multisense_ros2) by extension 'colcon_meta'
[0.614s] [34mcolcon.colcon_core.package_identification[0m [1;30mLevel 1[0m _identify(src/multisense_ros2) by extensions ['ros']
[0.614s] [34mcolcon.colcon_core.package_identification[0m [1;30mLevel 1[0m _identify(src/multisense_ros2) by extension 'ros'
[0.614s] [34mcolcon.colcon_core.package_identification[0m [1;30mLevel 1[0m _identify(src/multisense_ros2) by extensions ['cmake', 'python']
[0.614s] [34mcolcon.colcon_core.package_identification[0m [1;30mLevel 1[0m _identify(src/multisense_ros2) by extension 'cmake'
[0.614s] [34mcolcon.colcon_core.package_identification[0m [1;30mLevel 1[0m _identify(src/multisense_ros2) by extension 'python'
[0.614s] [34mcolcon.colcon_core.package_identification[0m [1;30mLevel 1[0m _identify(src/multisense_ros2) by extensions ['python_setup_py']
[0.614s] [34mcolcon.colcon_core.package_identification[0m [1;30mLevel 1[0m _identify(src/multisense_ros2) by extension 'python_setup_py'
[0.614s] [34mcolcon.colcon_core.package_identification[0m [1;30mLevel 1[0m _identify(src/multisense_ros2/multisense_lib) by extensions ['ignore', 'ignore_ament_install']
[0.615s] [34mcolcon.colcon_core.package_identification[0m [1;30mLevel 1[0m _identify(src/multisense_ros2/multisense_lib) by extension 'ignore'
[0.615s] [34mcolcon.colcon_core.package_identification[0m [1;30mLevel 1[0m _identify(src/multisense_ros2/multisense_lib) by extension 'ignore_ament_install'
[0.615s] [34mcolcon.colcon_core.package_identification[0m [1;30mLevel 1[0m _identify(src/multisense_ros2/multisense_lib) by extensions ['colcon_pkg']
[0.615s] [34mcolcon.colcon_core.package_identification[0m [1;30mLevel 1[0m _identify(src/multisense_ros2/multisense_lib) by extension 'colcon_pkg'
[0.615s] [34mcolcon.colcon_core.package_identification[0m [1;30mLevel 1[0m _identify(src/multisense_ros2/multisense_lib) by extensions ['colcon_meta']
[0.615s] [34mcolcon.colcon_core.package_identification[0m [1;30mLevel 1[0m _identify(src/multisense_ros2/multisense_lib) by extension 'colcon_meta'
[0.615s] [34mcolcon.colcon_core.package_identification[0m [1;30mLevel 1[0m _identify(src/multisense_ros2/multisense_lib) by extensions ['ros']
[0.615s] [34mcolcon.colcon_core.package_identification[0m [1;30mLevel 1[0m _identify(src/multisense_ros2/multisense_lib) by extension 'ros'
[0.620s] [34mcolcon.colcon_core.package_identification[0m [1;30mDEBUG[0m [32mPackage 'src/multisense_ros2/multisense_lib' with type 'ros.ament_cmake' and name 'multisense_lib'[0m
[0.620s] [34mcolcon.colcon_core.package_identification[0m [1;30mLevel 1[0m _identify(src/multisense_ros2/multisense_msgs) by extensions ['ignore', 'ignore_ament_install']
[0.621s] [34mcolcon.colcon_core.package_identification[0m [1;30mLevel 1[0m _identify(src/multisense_ros2/multisense_msgs) by extension 'ignore'
[0.621s] [34mcolcon.colcon_core.package_identification[0m [1;30mLevel 1[0m _identify(src/multisense_ros2/multisense_msgs) by extension 'ignore_ament_install'
[0.621s] [34mcolcon.colcon_core.package_identification[0m [1;30mLevel 1[0m _identify(src/multisense_ros2/multisense_msgs) by extensions ['colcon_pkg']
[0.621s] [34mcolcon.colcon_core.package_identification[0m [1;30mLevel 1[0m _identify(src/multisense_ros2/multisense_msgs) by extension 'colcon_pkg'
[0.621s] [34mcolcon.colcon_core.package_identification[0m [1;30mLevel 1[0m _identify(src/multisense_ros2/multisense_msgs) by extensions ['colcon_meta']
[0.621s] [34mcolcon.colcon_core.package_identification[0m [1;30mLevel 1[0m _identify(src/multisense_ros2/multisense_msgs) by extension 'colcon_meta'
[0.621s] [34mcolcon.colcon_core.package_identification[0m [1;30mLevel 1[0m _identify(src/multisense_ros2/multisense_msgs) by extensions ['ros']
[0.621s] [34mcolcon.colcon_core.package_identification[0m [1;30mLevel 1[0m _identify(src/multisense_ros2/multisense_msgs) by extension 'ros'
[0.622s] [34mcolcon.colcon_core.package_identification[0m [1;30mDEBUG[0m [32mPackage 'src/multisense_ros2/multisense_msgs' with type 'ros.ament_cmake' and name 'multisense_msgs'[0m
[0.623s] [34mcolcon.colcon_core.package_identification[0m [1;30mLevel 1[0m _identify(src/multisense_ros2/multisense_ros) by extensions ['ignore', 'ignore_ament_install']
[0.623s] [34mcolcon.colcon_core.package_identification[0m [1;30mLevel 1[0m _identify(src/multisense_ros2/multisense_ros) by extension 'ignore'
[0.623s] [34mcolcon.colcon_core.package_identification[0m [1;30mLevel 1[0m _identify(src/multisense_ros2/multisense_ros) by extension 'ignore_ament_install'
[0.623s] [34mcolcon.colcon_core.package_identification[0m [1;30mLevel 1[0m _identify(src/multisense_ros2/multisense_ros) by extensions ['colcon_pkg']
[0.623s] [34mcolcon.colcon_core.package_identification[0m [1;30mLevel 1[0m _identify(src/multisense_ros2/multisense_ros) by extension 'colcon_pkg'
[0.623s] [34mcolcon.colcon_core.package_identification[0m [1;30mLevel 1[0m _identify(src/multisense_ros2/multisense_ros) by extensions ['colcon_meta']
[0.623s] [34mcolcon.colcon_core.package_identification[0m [1;30mLevel 1[0m _identify(src/multisense_ros2/multisense_ros) by extension 'colcon_meta'
[0.624s] [34mcolcon.colcon_core.package_identification[0m [1;30mLevel 1[0m _identify(src/multisense_ros2/multisense_ros) by extensions ['ros']
[0.624s] [34mcolcon.colcon_core.package_identification[0m [1;30mLevel 1[0m _identify(src/multisense_ros2/multisense_ros) by extension 'ros'
[0.625s] [34mcolcon.colcon_core.package_identification[0m [1;30mDEBUG[0m [32mPackage 'src/multisense_ros2/multisense_ros' with type 'ros.ament_cmake' and name 'multisense_ros'[0m
[0.625s] [34mcolcon.colcon_core.package_identification[0m [1;30mLevel 1[0m _identify(src/sd_proj) by extensions ['ignore', 'ignore_ament_install']
[0.626s] [34mcolcon.colcon_core.package_identification[0m [1;30mLevel 1[0m _identify(src/sd_proj) by extension 'ignore'
[0.626s] [34mcolcon.colcon_core.package_identification[0m [1;30mLevel 1[0m _identify(src/sd_proj) by extension 'ignore_ament_install'
[0.626s] [34mcolcon.colcon_core.package_identification[0m [1;30mLevel 1[0m _identify(src/sd_proj) by extensions ['colcon_pkg']
[0.626s] [34mcolcon.colcon_core.package_identification[0m [1;30mLevel 1[0m _identify(src/sd_proj) by extension 'colcon_pkg'
[0.626s] [34mcolcon.colcon_core.package_identification[0m [1;30mLevel 1[0m _identify(src/sd_proj) by extensions ['colcon_meta']
[0.626s] [34mcolcon.colcon_core.package_identification[0m [1;30mLevel 1[0m _identify(src/sd_proj) by extension 'colcon_meta'
[0.626s] [34mcolcon.colcon_core.package_identification[0m [1;30mLevel 1[0m _identify(src/sd_proj) by extensions ['ros']
[0.626s] [34mcolcon.colcon_core.package_identification[0m [1;30mLevel 1[0m _identify(src/sd_proj) by extension 'ros'
[0.628s] [34mcolcon.colcon_core.package_identification[0m [1;30mDEBUG[0m [32mPackage 'src/sd_proj' with type 'ros.ament_python' and name 'sd_proj'[0m
[0.628s] [34mcolcon.colcon_core.package_discovery[0m [1;30mLevel 1[0m discover_packages(recursive) using defaults
[0.628s] [34mcolcon.colcon_core.package_discovery[0m [1;30mLevel 1[0m discover_packages(ignore) discover
[0.628s] [34mcolcon.colcon_core.package_discovery[0m [1;30mLevel 1[0m discover_packages(ignore) using defaults
[0.628s] [34mcolcon.colcon_core.package_discovery[0m [1;30mLevel 1[0m discover_packages(path) discover
[0.628s] [34mcolcon.colcon_core.package_discovery[0m [1;30mLevel 1[0m discover_packages(path) using defaults
[0.690s] [34mcolcon.colcon_core.package_discovery[0m [1;30mLevel 1[0m discover_packages(prefix_path) check parameters
[0.690s] [34mcolcon.colcon_core.package_discovery[0m [1;30mLevel 1[0m discover_packages(prefix_path) discover
[0.693s] [34mcolcon.colcon_installed_package_information.package_discovery[0m [1;30mDEBUG[0m [32mFound 1 installed packages in /home/jetson/Senior_Design_Project/camera_ros_node/install[0m
[0.696s] [34mcolcon.colcon_installed_package_information.package_discovery[0m [1;30mDEBUG[0m [32mFound 271 installed packages in /opt/ros/humble[0m
[0.698s] [34mcolcon.colcon_core.package_discovery[0m [1;30mLevel 1[0m discover_packages(prefix_path) using defaults
[0.771s] [34mcolcon.colcon_core.verb[0m [1;30mLevel 5[0m set package 'multisense_lib' build argument 'cmake_args' from command line to 'None'
[0.771s] [34mcolcon.colcon_core.verb[0m [1;30mLevel 5[0m set package 'multisense_lib' build argument 'cmake_target' from command line to 'None'
[0.771s] [34mcolcon.colcon_core.verb[0m [1;30mLevel 5[0m set package 'multisense_lib' build argument 'cmake_target_skip_unavailable' from command line to 'False'
[0.771s] [34mcolcon.colcon_core.verb[0m [1;30mLevel 5[0m set package 'multisense_lib' build argument 'cmake_clean_cache' from command line to 'False'
[0.771s] [34mcolcon.colcon_core.verb[0m [1;30mLevel 5[0m set package 'multisense_lib' build argument 'cmake_clean_first' from command line to 'False'
[0.771s] [34mcolcon.colcon_core.verb[0m [1;30mLevel 5[0m set package 'multisense_lib' build argument 'cmake_force_configure' from command line to 'False'
[0.771s] [34mcolcon.colcon_core.verb[0m [1;30mLevel 5[0m set package 'multisense_lib' build argument 'ament_cmake_args' from command line to 'None'
[0.771s] [34mcolcon.colcon_core.verb[0m [1;30mLevel 5[0m set package 'multisense_lib' build argument 'catkin_cmake_args' from command line to 'None'
[0.771s] [34mcolcon.colcon_core.verb[0m [1;30mLevel 5[0m set package 'multisense_lib' build argument 'catkin_skip_building_tests' from command line to 'False'
[0.771s] [34mcolcon.colcon_core.verb[0m [1;30mDEBUG[0m [32mBuilding package 'multisense_lib' with the following arguments: {'ament_cmake_args': None, 'build_base': '/home/jetson/Senior_Design_Project/camera_ros_node/build/multisense_lib', 'catkin_cmake_args': None, 'catkin_skip_building_tests': False, 'cmake_args': None, 'cmake_clean_cache': False, 'cmake_clean_first': False, 'cmake_force_configure': False, 'cmake_target': None, 'cmake_target_skip_unavailable': False, 'install_base': '/home/jetson/Senior_Design_Project/camera_ros_node/install/multisense_lib', 'merge_install': False, 'path': '/home/jetson/Senior_Design_Project/camera_ros_node/src/multisense_ros2/multisense_lib', 'symlink_install': False, 'test_result_base': None}[0m
[0.772s] [34mcolcon.colcon_core.verb[0m [1;30mLevel 5[0m set package 'multisense_msgs' build argument 'cmake_args' from command line to 'None'
[0.772s] [34mcolcon.colcon_core.verb[0m [1;30mLevel 5[0m set package 'multisense_msgs' build argument 'cmake_target' from command line to 'None'
[0.772s] [34mcolcon.colcon_core.verb[0m [1;30mLevel 5[0m set package 'multisense_msgs' build argument 'cmake_target_skip_unavailable' from command line to 'False'
[0.772s] [34mcolcon.colcon_core.verb[0m [1;30mLevel 5[0m set package 'multisense_msgs' build argument 'cmake_clean_cache' from command line to 'False'
[0.772s] [34mcolcon.colcon_core.verb[0m [1;30mLevel 5[0m set package 'multisense_msgs' build argument 'cmake_clean_first' from command line to 'False'
[0.772s] [34mcolcon.colcon_core.verb[0m [1;30mLevel 5[0m set package 'multisense_msgs' build argument 'cmake_force_configure' from command line to 'False'
[0.772s] [34mcolcon.colcon_core.verb[0m [1;30mLevel 5[0m set package 'multisense_msgs' build argument 'ament_cmake_args' from command line to 'None'
[0.772s] [34mcolcon.colcon_core.verb[0m [1;30mLevel 5[0m set package 'multisense_msgs' build argument 'catkin_cmake_args' from command line to 'None'
[0.773s] [34mcolcon.colcon_core.verb[0m [1;30mLevel 5[0m set package 'multisense_msgs' build argument 'catkin_skip_building_tests' from command line to 'False'
[0.773s] [34mcolcon.colcon_core.verb[0m [1;30mDEBUG[0m [32mBuilding package 'multisense_msgs' with the following arguments: {'ament_cmake_args': None, 'build_base': '/home/jetson/Senior_Design_Project/camera_ros_node/build/multisense_msgs', 'catkin_cmake_args': None, 'catkin_skip_building_tests': False, 'cmake_args': None, 'cmake_clean_cache': False, 'cmake_clean_first': False, 'cmake_force_configure': False, 'cmake_target': None, 'cmake_target_skip_unavailable': False, 'install_base': '/home/jetson/Senior_Design_Project/camera_ros_node/install/multisense_msgs', 'merge_install': False, 'path': '/home/jetson/Senior_Design_Project/camera_ros_node/src/multisense_ros2/multisense_msgs', 'symlink_install': False, 'test_result_base': None}[0m
[0.773s] [34mcolcon.colcon_core.verb[0m [1;30mLevel 5[0m set package 'sd_proj' build argument 'cmake_args' from command line to 'None'
[0.773s] [34mcolcon.colcon_core.verb[0m [1;30mLevel 5[0m set package 'sd_proj' build argument 'cmake_target' from command line to 'None'
[0.773s] [34mcolcon.colcon_core.verb[0m [1;30mLevel 5[0m set package 'sd_proj' build argument 'cmake_target_skip_unavailable' from command line to 'False'
[0.773s] [34mcolcon.colcon_core.verb[0m [1;30mLevel 5[0m set package 'sd_proj' build argument 'cmake_clean_cache' from command line to 'False'
[0.773s] [34mcolcon.colcon_core.verb[0m [1;30mLevel 5[0m set package 'sd_proj' build argument 'cmake_clean_first' from command line to 'False'
[0.774s] [34mcolcon.colcon_core.verb[0m [1;30mLevel 5[0m set package 'sd_proj' build argument 'cmake_force_configure' from command line to 'False'
[0.774s] [34mcolcon.colcon_core.verb[0m [1;30mLevel 5[0m set package 'sd_proj' build argument 'ament_cmake_args' from command line to 'None'
[0.774s] [34mcolcon.colcon_core.verb[0m [1;30mLevel 5[0m set package 'sd_proj' build argument 'catkin_cmake_args' from command line to 'None'
[0.774s] [34mcolcon.colcon_core.verb[0m [1;30mLevel 5[0m set package 'sd_proj' build argument 'catkin_skip_building_tests' from command line to 'False'
[0.774s] [34mcolcon.colcon_core.verb[0m [1;30mDEBUG[0m [32mBuilding package 'sd_proj' with the following arguments: {'ament_cmake_args': None, 'build_base': '/home/jetson/Senior_Design_Project/camera_ros_node/build/sd_proj', 'catkin_cmake_args': None, 'catkin_skip_building_tests': False, 'cmake_args': None, 'cmake_clean_cache': False, 'cmake_clean_first': False, 'cmake_force_configure': False, 'cmake_target': None, 'cmake_target_skip_unavailable': False, 'install_base': '/home/jetson/Senior_Design_Project/camera_ros_node/install/sd_proj', 'merge_install': False, 'path': '/home/jetson/Senior_Design_Project/camera_ros_node/src/sd_proj', 'symlink_install': False, 'test_result_base': None}[0m
[0.774s] [34mcolcon.colcon_core.verb[0m [1;30mLevel 5[0m set package 'multisense_ros' build argument 'cmake_args' from command line to 'None'
[0.774s] [34mcolcon.colcon_core.verb[0m [1;30mLevel 5[0m set package 'multisense_ros' build argument 'cmake_target' from command line to 'None'
[0.775s] [34mcolcon.colcon_core.verb[0m [1;30mLevel 5[0m set package 'multisense_ros' build argument 'cmake_target_skip_unavailable' from command line to 'False'
[0.775s] [34mcolcon.colcon_core.verb[0m [1;30mLevel 5[0m set package 'multisense_ros' build argument 'cmake_clean_cache' from command line to 'False'
[0.775s] [34mcolcon.colcon_core.verb[0m [1;30mLevel 5[0m set package 'multisense_ros' build argument 'cmake_clean_first' from command line to 'False'
[0.775s] [34mcolcon.colcon_core.verb[0m [1;30mLevel 5[0m set package 'multisense_ros' build argument 'cmake_force_configure' from command line to 'False'
[0.775s] [34mcolcon.colcon_core.verb[0m [1;30mLevel 5[0m set package 'multisense_ros' build argument 'ament_cmake_args' from command line to 'None'
[0.775s] [34mcolcon.colcon_core.verb[0m [1;30mLevel 5[0m set package 'multisense_ros' build argument 'catkin_cmake_args' from command line to 'None'
[0.775s] [34mcolcon.colcon_core.verb[0m [1;30mLevel 5[0m set package 'multisense_ros' build argument 'catkin_skip_building_tests' from command line to 'False'
[0.775s] [34mcolcon.colcon_core.verb[0m [1;30mDEBUG[0m [32mBuilding package 'multisense_ros' with the following arguments: {'ament_cmake_args': None, 'build_base': '/home/jetson/Senior_Design_Project/camera_ros_node/build/multisense_ros', 'catkin_cmake_args': None, 'catkin_skip_building_tests': False, 'cmake_args': None, 'cmake_clean_cache': False, 'cmake_clean_first': False, 'cmake_force_configure': False, 'cmake_target': None, 'cmake_target_skip_unavailable': False, 'install_base': '/home/jetson/Senior_Design_Project/camera_ros_node/install/multisense_ros', 'merge_install': False, 'path': '/home/jetson/Senior_Design_Project/camera_ros_node/src/multisense_ros2/multisense_ros', 'symlink_install': False, 'test_result_base': None}[0m
[0.775s] [34mcolcon.colcon_core.executor[0m [1;30mINFO[0m Executing jobs using 'parallel' executor
[0.778s] [34mcolcon.colcon_parallel_executor.executor.parallel[0m [1;30mDEBUG[0m [32mrun_until_complete[0m
[0.778s] [34mcolcon.colcon_ros.task.ament_cmake.build[0m [1;30mINFO[0m Building ROS package in '/home/jetson/Senior_Design_Project/camera_ros_node/src/multisense_ros2/multisense_lib' with build type 'ament_cmake'
[0.779s] [34mcolcon.colcon_cmake.task.cmake.build[0m [1;30mINFO[0m Building CMake package in '/home/jetson/Senior_Design_Project/camera_ros_node/src/multisense_ros2/multisense_lib'
[0.782s] [34mcolcon.colcon_core.plugin_system[0m [1;30mINFO[0m Skipping extension 'colcon_core.shell.bat': Not used on non-Windows systems
[0.783s] [34mcolcon.colcon_core.shell[0m [1;30mINFO[0m Skip shell extension 'powershell' for command environment: Not usable outside of PowerShell
[0.783s] [34mcolcon.colcon_core.shell[0m [1;30mDEBUG[0m [32mSkip shell extension 'dsv' for command environment[0m
[0.789s] [34mcolcon.colcon_ros.task.ament_cmake.build[0m [1;30mINFO[0m Building ROS package in '/home/jetson/Senior_Design_Project/camera_ros_node/src/multisense_ros2/multisense_msgs' with build type 'ament_cmake'
[0.790s] [34mcolcon.colcon_cmake.task.cmake.build[0m [1;30mINFO[0m Building CMake package in '/home/jetson/Senior_Design_Project/camera_ros_node/src/multisense_ros2/multisense_msgs'
[0.790s] [34mcolcon.colcon_core.shell[0m [1;30mINFO[0m Skip shell extension 'powershell' for command environment: Not usable outside of PowerShell
[0.791s] [34mcolcon.colcon_core.shell[0m [1;30mDEBUG[0m [32mSkip shell extension 'dsv' for command environment[0m
[0.796s] [34mcolcon.colcon_ros.task.ament_python.build[0m [1;30mINFO[0m Building ROS package in '/home/jetson/Senior_Design_Project/camera_ros_node/src/sd_proj' with build type 'ament_python'
[0.796s] [34mcolcon.colcon_core.shell[0m [1;30mLevel 1[0m create_environment_hook('sd_proj', 'ament_prefix_path')
[0.797s] [34mcolcon.colcon_core.shell[0m [1;30mINFO[0m Creating environment hook '/home/jetson/Senior_Design_Project/camera_ros_node/install/sd_proj/share/sd_proj/hook/ament_prefix_path.ps1'
[0.798s] [34mcolcon.colcon_core.shell[0m [1;30mINFO[0m Creating environment descriptor '/home/jetson/Senior_Design_Project/camera_ros_node/install/sd_proj/share/sd_proj/hook/ament_prefix_path.dsv'
[0.799s] [34mcolcon.colcon_core.shell[0m [1;30mINFO[0m Creating environment hook '/home/jetson/Senior_Design_Project/camera_ros_node/install/sd_proj/share/sd_proj/hook/ament_prefix_path.sh'
[0.801s] [34mcolcon.colcon_core.shell[0m [1;30mINFO[0m Skip shell extension 'powershell' for command environment: Not usable outside of PowerShell
[0.801s] [34mcolcon.colcon_core.shell[0m [1;30mDEBUG[0m [32mSkip shell extension 'dsv' for command environment[0m
[0.813s] [34mcolcon.colcon_core.event_handler.log_command[0m [1;30mDEBUG[0m [32mInvoking command in '/home/jetson/Senior_Design_Project/camera_ros_node/build/multisense_lib': CMAKE_PREFIX_PATH=/opt/ros/humble /usr/bin/cmake /home/jetson/Senior_Design_Project/camera_ros_node/src/multisense_ros2/multisense_lib -DCMAKE_INSTALL_PREFIX=/home/jetson/Senior_Design_Project/camera_ros_node/install/multisense_lib[0m
[0.823s] [34mcolcon.colcon_core.event_handler.log_command[0m [1;30mDEBUG[0m [32mInvoking command in '/home/jetson/Senior_Design_Project/camera_ros_node/build/multisense_msgs': CMAKE_PREFIX_PATH=/opt/ros/humble /usr/bin/cmake --build /home/jetson/Senior_Design_Project/camera_ros_node/build/multisense_msgs -- -j6 -l6[0m
[1.394s] [34mcolcon.colcon_core.task.python.build[0m [1;30mINFO[0m Building Python package in '/home/jetson/Senior_Design_Project/camera_ros_node/src/sd_proj'
[1.395s] [34mcolcon.colcon_core.shell[0m [1;30mINFO[0m Skip shell extension 'powershell' for command environment: Not usable outside of PowerShell
[1.396s] [34mcolcon.colcon_core.shell[0m [1;30mDEBUG[0m [32mSkip shell extension 'dsv' for command environment[0m
[1.637s] [34mcolcon.colcon_core.event_handler.log_command[0m [1;30mDEBUG[0m [32mInvoked command in '/home/jetson/Senior_Design_Project/camera_ros_node/build/multisense_msgs' returned '0': CMAKE_PREFIX_PATH=/opt/ros/humble /usr/bin/cmake --build /home/jetson/Senior_Design_Project/camera_ros_node/build/multisense_msgs -- -j6 -l6[0m
[1.845s] [34mcolcon.colcon_core.event_handler.log_command[0m [1;30mDEBUG[0m [32mInvoked command in '/home/jetson/Senior_Design_Project/camera_ros_node/build/multisense_lib' returned '0': CMAKE_PREFIX_PATH=/opt/ros/humble /usr/bin/cmake /home/jetson/Senior_Design_Project/camera_ros_node/src/multisense_ros2/multisense_lib -DCMAKE_INSTALL_PREFIX=/home/jetson/Senior_Design_Project/camera_ros_node/install/multisense_lib[0m
[1.847s] [34mcolcon.colcon_core.event_handler.log_command[0m [1;30mDEBUG[0m [32mInvoking command in '/home/jetson/Senior_Design_Project/camera_ros_node/build/multisense_lib': CMAKE_PREFIX_PATH=/opt/ros/humble /usr/bin/cmake --build /home/jetson/Senior_Design_Project/camera_ros_node/build/multisense_lib -- -j6 -l6[0m
[2.182s] [34mcolcon.colcon_core.event_handler.log_command[0m [1;30mDEBUG[0m [32mInvoking command in '/home/jetson/Senior_Design_Project/camera_ros_node/src/sd_proj': PYTHONPATH=/home/jetson/Senior_Design_Project/camera_ros_node/build/sd_proj/prefix_override:/usr/lib/python3/dist-packages/colcon_core/task/python/colcon_distutils_commands:/home/jetson/Senior_Design_Project/camera_ros_node/install/sd_proj/lib/python3.10/site-packages:${PYTHONPATH} /usr/bin/python3 -W ignore:setup.py install is deprecated setup.py egg_info --egg-base ../../build/sd_proj build --build-base /home/jetson/Senior_Design_Project/camera_ros_node/build/sd_proj/build install --record /home/jetson/Senior_Design_Project/camera_ros_node/build/sd_proj/install.log --single-version-externally-managed install_data[0m
[2.881s] [34mcolcon.colcon_core.event_handler.log_command[0m [1;30mDEBUG[0m [32mInvoking command in '/home/jetson/Senior_Design_Project/camera_ros_node/build/multisense_msgs': CMAKE_PREFIX_PATH=/opt/ros/humble /usr/bin/cmake --install /home/jetson/Senior_Design_Project/camera_ros_node/build/multisense_msgs[0m
[3.270s] [34mcolcon.colcon_core.environment[0m [1;30mLevel 1[0m create_environment_scripts_only(multisense_msgs)
[3.272s] [34mcolcon.colcon_core.event_handler.log_command[0m [1;30mDEBUG[0m [32mInvoked command in '/home/jetson/Senior_Design_Project/camera_ros_node/build/multisense_msgs' returned '0': CMAKE_PREFIX_PATH=/opt/ros/humble /usr/bin/cmake --install /home/jetson/Senior_Design_Project/camera_ros_node/build/multisense_msgs[0m
[3.277s] [34mcolcon.colcon_core.environment[0m [1;30mLevel 1[0m checking '/home/jetson/Senior_Design_Project/camera_ros_node/install/multisense_msgs' for CMake module files
[3.279s] [34mcolcon.colcon_core.environment[0m [1;30mLevel 1[0m checking '/home/jetson/Senior_Design_Project/camera_ros_node/install/multisense_msgs' for CMake config files
[3.281s] [34mcolcon.colcon_core.shell[0m [1;30mLevel 1[0m create_environment_hook('multisense_msgs', 'cmake_prefix_path')
[3.281s] [34mcolcon.colcon_core.shell[0m [1;30mINFO[0m Creating environment hook '/home/jetson/Senior_Design_Project/camera_ros_node/install/multisense_msgs/share/multisense_msgs/hook/cmake_prefix_path.ps1'
[3.283s] [34mcolcon.colcon_core.shell[0m [1;30mINFO[0m Creating environment descriptor '/home/jetson/Senior_Design_Project/camera_ros_node/install/multisense_msgs/share/multisense_msgs/hook/cmake_prefix_path.dsv'
[3.290s] [34mcolcon.colcon_core.shell[0m [1;30mINFO[0m Creating environment hook '/home/jetson/Senior_Design_Project/camera_ros_node/install/multisense_msgs/share/multisense_msgs/hook/cmake_prefix_path.sh'
[3.293s] [34mcolcon.colcon_core.environment[0m [1;30mLevel 1[0m checking '/home/jetson/Senior_Design_Project/camera_ros_node/install/multisense_msgs/lib'
[3.293s] [34mcolcon.colcon_core.shell[0m [1;30mLevel 1[0m create_environment_hook('multisense_msgs', 'ld_library_path_lib')
[3.294s] [34mcolcon.colcon_core.shell[0m [1;30mINFO[0m Creating environment hook '/home/jetson/Senior_Design_Project/camera_ros_node/install/multisense_msgs/share/multisense_msgs/hook/ld_library_path_lib.ps1'
[3.295s] [34mcolcon.colcon_core.shell[0m [1;30mINFO[0m Creating environment descriptor '/home/jetson/Senior_Design_Project/camera_ros_node/install/multisense_msgs/share/multisense_msgs/hook/ld_library_path_lib.dsv'
[3.296s] [34mcolcon.colcon_core.shell[0m [1;30mINFO[0m Creating environment hook '/home/jetson/Senior_Design_Project/camera_ros_node/install/multisense_msgs/share/multisense_msgs/hook/ld_library_path_lib.sh'
[3.297s] [34mcolcon.colcon_core.environment[0m [1;30mLevel 1[0m checking '/home/jetson/Senior_Design_Project/camera_ros_node/install/multisense_msgs/bin'
[3.297s] [34mcolcon.colcon_core.environment[0m [1;30mLevel 1[0m checking '/home/jetson/Senior_Design_Project/camera_ros_node/install/multisense_msgs/lib/pkgconfig/multisense_msgs.pc'
[3.298s] [34mcolcon.colcon_core.environment[0m [1;30mLevel 1[0m checking '/home/jetson/Senior_Design_Project/camera_ros_node/install/multisense_msgs/lib/python3.10/site-packages'
[3.298s] [34mcolcon.colcon_core.environment[0m [1;30mLevel 1[0m checking '/home/jetson/Senior_Design_Project/camera_ros_node/install/multisense_msgs/bin'
[3.299s] [34mcolcon.colcon_core.shell[0m [1;30mINFO[0m Creating package script '/home/jetson/Senior_Design_Project/camera_ros_node/install/multisense_msgs/share/multisense_msgs/package.ps1'
[3.315s] [34mcolcon.colcon_core.shell[0m [1;30mINFO[0m Creating package descriptor '/home/jetson/Senior_Design_Project/camera_ros_node/install/multisense_msgs/share/multisense_msgs/package.dsv'
[3.319s] [34mcolcon.colcon_core.shell[0m [1;30mINFO[0m Creating package script '/home/jetson/Senior_Design_Project/camera_ros_node/install/multisense_msgs/share/multisense_msgs/package.sh'
[3.328s] [34mcolcon.colcon_core.shell[0m [1;30mINFO[0m Creating package script '/home/jetson/Senior_Design_Project/camera_ros_node/install/multisense_msgs/share/multisense_msgs/package.bash'
[3.330s] [34mcolcon.colcon_core.shell[0m [1;30mINFO[0m Creating package script '/home/jetson/Senior_Design_Project/camera_ros_node/install/multisense_msgs/share/multisense_msgs/package.zsh'
[3.332s] [34mcolcon.colcon_core.environment[0m [1;30mLevel 1[0m create_file_with_runtime_dependencies(/home/jetson/Senior_Design_Project/camera_ros_node/install/multisense_msgs/share/colcon-core/packages/multisense_msgs)
[3.366s] [34mcolcon.colcon_core.environment[0m [1;30mLevel 1[0m checking '/home/jetson/Senior_Design_Project/camera_ros_node/install/sd_proj' for CMake module files
[3.367s] [34mcolcon.colcon_core.environment[0m [1;30mLevel 1[0m checking '/home/jetson/Senior_Design_Project/camera_ros_node/install/sd_proj' for CMake config files
[3.369s] [34mcolcon.colcon_core.environment[0m [1;30mLevel 1[0m checking '/home/jetson/Senior_Design_Project/camera_ros_node/install/sd_proj/lib'
[3.369s] [34mcolcon.colcon_core.environment[0m [1;30mLevel 1[0m checking '/home/jetson/Senior_Design_Project/camera_ros_node/install/sd_proj/bin'
[3.369s] [34mcolcon.colcon_core.environment[0m [1;30mLevel 1[0m checking '/home/jetson/Senior_Design_Project/camera_ros_node/install/sd_proj/lib/pkgconfig/sd_proj.pc'
[3.370s] [34mcolcon.colcon_core.environment[0m [1;30mLevel 1[0m checking '/home/jetson/Senior_Design_Project/camera_ros_node/install/sd_proj/lib/python3.10/site-packages'
[3.370s] [34mcolcon.colcon_core.shell[0m [1;30mLevel 1[0m create_environment_hook('sd_proj', 'pythonpath')
[3.370s] [34mcolcon.colcon_core.shell[0m [1;30mINFO[0m Creating environment hook '/home/jetson/Senior_Design_Project/camera_ros_node/install/sd_proj/share/sd_proj/hook/pythonpath.ps1'
[3.372s] [34mcolcon.colcon_core.event_handler.log_command[0m [1;30mDEBUG[0m [32mInvoked command in '/home/jetson/Senior_Design_Project/camera_ros_node/src/sd_proj' returned '0': PYTHONPATH=/home/jetson/Senior_Design_Project/camera_ros_node/build/sd_proj/prefix_override:/usr/lib/python3/dist-packages/colcon_core/task/python/colcon_distutils_commands:/home/jetson/Senior_Design_Project/camera_ros_node/install/sd_proj/lib/python3.10/site-packages:${PYTHONPATH} /usr/bin/python3 -W ignore:setup.py install is deprecated setup.py egg_info --egg-base ../../build/sd_proj build --build-base /home/jetson/Senior_Design_Project/camera_ros_node/build/sd_proj/build install --record /home/jetson/Senior_Design_Project/camera_ros_node/build/sd_proj/install.log --single-version-externally-managed install_data[0m
[3.373s] [34mcolcon.colcon_core.shell[0m [1;30mINFO[0m Creating environment descriptor '/home/jetson/Senior_Design_Project/camera_ros_node/install/sd_proj/share/sd_proj/hook/pythonpath.dsv'
[3.374s] [34mcolcon.colcon_core.shell[0m [1;30mINFO[0m Creating environment hook '/home/jetson/Senior_Design_Project/camera_ros_node/install/sd_proj/share/sd_proj/hook/pythonpath.sh'
[3.375s] [34mcolcon.colcon_core.environment[0m [1;30mLevel 1[0m checking '/home/jetson/Senior_Design_Project/camera_ros_node/install/sd_proj/bin'
[3.375s] [34mcolcon.colcon_core.environment[0m [1;30mLevel 1[0m create_environment_scripts_only(sd_proj)
[3.376s] [34mcolcon.colcon_core.shell[0m [1;30mINFO[0m Creating package script '/home/jetson/Senior_Design_Project/camera_ros_node/install/sd_proj/share/sd_proj/package.ps1'
[3.377s] [34mcolcon.colcon_core.shell[0m [1;30mINFO[0m Creating package descriptor '/home/jetson/Senior_Design_Project/camera_ros_node/install/sd_proj/share/sd_proj/package.dsv'
[3.378s] [34mcolcon.colcon_core.shell[0m [1;30mINFO[0m Creating package script '/home/jetson/Senior_Design_Project/camera_ros_node/install/sd_proj/share/sd_proj/package.sh'
[3.379s] [34mcolcon.colcon_core.shell[0m [1;30mINFO[0m Creating package script '/home/jetson/Senior_Design_Project/camera_ros_node/install/sd_proj/share/sd_proj/package.bash'
[3.380s] [34mcolcon.colcon_core.shell[0m [1;30mINFO[0m Creating package script '/home/jetson/Senior_Design_Project/camera_ros_node/install/sd_proj/share/sd_proj/package.zsh'
[3.381s] [34mcolcon.colcon_core.environment[0m [1;30mLevel 1[0m create_file_with_runtime_dependencies(/home/jetson/Senior_Design_Project/camera_ros_node/install/sd_proj/share/colcon-core/packages/sd_proj)
[3.809s] [34mcolcon.colcon_core.environment[0m [1;30mLevel 1[0m create_environment_scripts_only(multisense_msgs)
[3.810s] [34mcolcon.colcon_core.environment[0m [1;30mLevel 1[0m checking '/home/jetson/Senior_Design_Project/camera_ros_node/install/multisense_msgs' for CMake module files
[3.811s] [34mcolcon.colcon_core.environment[0m [1;30mLevel 1[0m checking '/home/jetson/Senior_Design_Project/camera_ros_node/install/multisense_msgs' for CMake config files
[3.813s] [34mcolcon.colcon_core.shell[0m [1;30mLevel 1[0m create_environment_hook('multisense_msgs', 'cmake_prefix_path')
[3.813s] [34mcolcon.colcon_core.shell[0m [1;30mINFO[0m Creating environment hook '/home/jetson/Senior_Design_Project/camera_ros_node/install/multisense_msgs/share/multisense_msgs/hook/cmake_prefix_path.ps1'
[3.815s] [34mcolcon.colcon_core.shell[0m [1;30mINFO[0m Creating environment descriptor '/home/jetson/Senior_Design_Project/camera_ros_node/install/multisense_msgs/share/multisense_msgs/hook/cmake_prefix_path.dsv'
[3.816s] [34mcolcon.colcon_core.shell[0m [1;30mINFO[0m Creating environment hook '/home/jetson/Senior_Design_Project/camera_ros_node/install/multisense_msgs/share/multisense_msgs/hook/cmake_prefix_path.sh'
[3.818s] [34mcolcon.colcon_core.environment[0m [1;30mLevel 1[0m checking '/home/jetson/Senior_Design_Project/camera_ros_node/install/multisense_msgs/lib'
[3.818s] [34mcolcon.colcon_core.shell[0m [1;30mLevel 1[0m create_environment_hook('multisense_msgs', 'ld_library_path_lib')
[3.818s] [34mcolcon.colcon_core.shell[0m [1;30mINFO[0m Creating environment hook '/home/jetson/Senior_Design_Project/camera_ros_node/install/multisense_msgs/share/multisense_msgs/hook/ld_library_path_lib.ps1'
[3.819s] [34mcolcon.colcon_core.shell[0m [1;30mINFO[0m Creating environment descriptor '/home/jetson/Senior_Design_Project/camera_ros_node/install/multisense_msgs/share/multisense_msgs/hook/ld_library_path_lib.dsv'
[3.820s] [34mcolcon.colcon_core.shell[0m [1;30mINFO[0m Creating environment hook '/home/jetson/Senior_Design_Project/camera_ros_node/install/multisense_msgs/share/multisense_msgs/hook/ld_library_path_lib.sh'
[3.821s] [34mcolcon.colcon_core.environment[0m [1;30mLevel 1[0m checking '/home/jetson/Senior_Design_Project/camera_ros_node/install/multisense_msgs/bin'
[3.822s] [34mcolcon.colcon_core.environment[0m [1;30mLevel 1[0m checking '/home/jetson/Senior_Design_Project/camera_ros_node/install/multisense_msgs/lib/pkgconfig/multisense_msgs.pc'
[3.822s] [34mcolcon.colcon_core.environment[0m [1;30mLevel 1[0m checking '/home/jetson/Senior_Design_Project/camera_ros_node/install/multisense_msgs/lib/python3.10/site-packages'
[3.823s] [34mcolcon.colcon_core.environment[0m [1;30mLevel 1[0m checking '/home/jetson/Senior_Design_Project/camera_ros_node/install/multisense_msgs/bin'
[3.824s] [34mcolcon.colcon_core.shell[0m [1;30mINFO[0m Creating package script '/home/jetson/Senior_Design_Project/camera_ros_node/install/multisense_msgs/share/multisense_msgs/package.ps1'
[3.825s] [34mcolcon.colcon_core.shell[0m [1;30mINFO[0m Creating package descriptor '/home/jetson/Senior_Design_Project/camera_ros_node/install/multisense_msgs/share/multisense_msgs/package.dsv'
[3.827s] [34mcolcon.colcon_core.shell[0m [1;30mINFO[0m Creating package script '/home/jetson/Senior_Design_Project/camera_ros_node/install/multisense_msgs/share/multisense_msgs/package.sh'
[3.829s] [34mcolcon.colcon_core.shell[0m [1;30mINFO[0m Creating package script '/home/jetson/Senior_Design_Project/camera_ros_node/install/multisense_msgs/share/multisense_msgs/package.bash'
[3.830s] [34mcolcon.colcon_core.shell[0m [1;30mINFO[0m Creating package script '/home/jetson/Senior_Design_Project/camera_ros_node/install/multisense_msgs/share/multisense_msgs/package.zsh'
[3.832s] [34mcolcon.colcon_core.environment[0m [1;30mLevel 1[0m create_file_with_runtime_dependencies(/home/jetson/Senior_Design_Project/camera_ros_node/install/multisense_msgs/share/colcon-core/packages/multisense_msgs)
[21.516s] [34mcolcon.colcon_core.event_handler.log_command[0m [1;30mDEBUG[0m [32mInvoked command in '/home/jetson/Senior_Design_Project/camera_ros_node/build/multisense_lib' returned '0': CMAKE_PREFIX_PATH=/opt/ros/humble /usr/bin/cmake --build /home/jetson/Senior_Design_Project/camera_ros_node/build/multisense_lib -- -j6 -l6[0m
[21.586s] [34mcolcon.colcon_core.event_handler.log_command[0m [1;30mDEBUG[0m [32mInvoking command in '/home/jetson/Senior_Design_Project/camera_ros_node/build/multisense_lib': CMAKE_PREFIX_PATH=/opt/ros/humble /usr/bin/cmake --install /home/jetson/Senior_Design_Project/camera_ros_node/build/multisense_lib[0m
[21.638s] [34mcolcon.colcon_core.environment[0m [1;30mLevel 1[0m create_environment_scripts_only(multisense_lib)
[21.639s] [34mcolcon.colcon_core.environment[0m [1;30mLevel 1[0m checking '/home/jetson/Senior_Design_Project/camera_ros_node/install/multisense_lib' for CMake module files
[21.641s] [34mcolcon.colcon_core.event_handler.log_command[0m [1;30mDEBUG[0m [32mInvoked command in '/home/jetson/Senior_Design_Project/camera_ros_node/build/multisense_lib' returned '0': CMAKE_PREFIX_PATH=/opt/ros/humble /usr/bin/cmake --install /home/jetson/Senior_Design_Project/camera_ros_node/build/multisense_lib[0m
[21.642s] [34mcolcon.colcon_core.environment[0m [1;30mLevel 1[0m checking '/home/jetson/Senior_Design_Project/camera_ros_node/install/multisense_lib' for CMake config files
[21.643s] [34mcolcon.colcon_core.shell[0m [1;30mLevel 1[0m create_environment_hook('multisense_lib', 'cmake_prefix_path')
[21.644s] [34mcolcon.colcon_core.shell[0m [1;30mINFO[0m Creating environment hook '/home/jetson/Senior_Design_Project/camera_ros_node/install/multisense_lib/share/multisense_lib/hook/cmake_prefix_path.ps1'
[21.645s] [34mcolcon.colcon_core.shell[0m [1;30mINFO[0m Creating environment descriptor '/home/jetson/Senior_Design_Project/camera_ros_node/install/multisense_lib/share/multisense_lib/hook/cmake_prefix_path.dsv'
[21.647s] [34mcolcon.colcon_core.shell[0m [1;30mINFO[0m Creating environment hook '/home/jetson/Senior_Design_Project/camera_ros_node/install/multisense_lib/share/multisense_lib/hook/cmake_prefix_path.sh'
[21.649s] [34mcolcon.colcon_core.environment[0m [1;30mLevel 1[0m checking '/home/jetson/Senior_Design_Project/camera_ros_node/install/multisense_lib/lib'
[21.649s] [34mcolcon.colcon_core.shell[0m [1;30mLevel 1[0m create_environment_hook('multisense_lib', 'ld_library_path_lib')
[21.650s] [34mcolcon.colcon_core.shell[0m [1;30mINFO[0m Creating environment hook '/home/jetson/Senior_Design_Project/camera_ros_node/install/multisense_lib/share/multisense_lib/hook/ld_library_path_lib.ps1'
[21.651s] [34mcolcon.colcon_core.shell[0m [1;30mINFO[0m Creating environment descriptor '/home/jetson/Senior_Design_Project/camera_ros_node/install/multisense_lib/share/multisense_lib/hook/ld_library_path_lib.dsv'
[21.652s] [34mcolcon.colcon_core.shell[0m [1;30mINFO[0m Creating environment hook '/home/jetson/Senior_Design_Project/camera_ros_node/install/multisense_lib/share/multisense_lib/hook/ld_library_path_lib.sh'
[21.654s] [34mcolcon.colcon_core.environment[0m [1;30mLevel 1[0m checking '/home/jetson/Senior_Design_Project/camera_ros_node/install/multisense_lib/bin'
[21.654s] [34mcolcon.colcon_core.shell[0m [1;30mLevel 1[0m create_environment_hook('multisense_lib', 'path')
[21.655s] [34mcolcon.colcon_core.shell[0m [1;30mINFO[0m Creating environment hook '/home/jetson/Senior_Design_Project/camera_ros_node/install/multisense_lib/share/multisense_lib/hook/path.ps1'
[21.656s] [34mcolcon.colcon_core.shell[0m [1;30mINFO[0m Creating environment descriptor '/home/jetson/Senior_Design_Project/camera_ros_node/install/multisense_lib/share/multisense_lib/hook/path.dsv'
[21.657s] [34mcolcon.colcon_core.shell[0m [1;30mINFO[0m Creating environment hook '/home/jetson/Senior_Design_Project/camera_ros_node/install/multisense_lib/share/multisense_lib/hook/path.sh'
[21.658s] [34mcolcon.colcon_core.environment[0m [1;30mLevel 1[0m checking '/home/jetson/Senior_Design_Project/camera_ros_node/install/multisense_lib/lib/pkgconfig/multisense_lib.pc'
[21.659s] [34mcolcon.colcon_core.environment[0m [1;30mLevel 1[0m checking '/home/jetson/Senior_Design_Project/camera_ros_node/install/multisense_lib/lib/python3.10/site-packages'
[21.660s] [34mcolcon.colcon_core.environment[0m [1;30mLevel 1[0m checking '/home/jetson/Senior_Design_Project/camera_ros_node/install/multisense_lib/bin'
[21.661s] [34mcolcon.colcon_core.shell[0m [1;30mLevel 1[0m create_environment_hook('multisense_lib', 'pythonscriptspath')
[21.661s] [34mcolcon.colcon_core.shell[0m [1;30mINFO[0m Creating environment hook '/home/jetson/Senior_Design_Project/camera_ros_node/install/multisense_lib/share/multisense_lib/hook/pythonscriptspath.ps1'
[21.663s] [34mcolcon.colcon_core.shell[0m [1;30mINFO[0m Creating environment descriptor '/home/jetson/Senior_Design_Project/camera_ros_node/install/multisense_lib/share/multisense_lib/hook/pythonscriptspath.dsv'
[21.664s] [34mcolcon.colcon_core.shell[0m [1;30mINFO[0m Creating environment hook '/home/jetson/Senior_Design_Project/camera_ros_node/install/multisense_lib/share/multisense_lib/hook/pythonscriptspath.sh'
[21.666s] [34mcolcon.colcon_core.shell[0m [1;30mINFO[0m Creating package script '/home/jetson/Senior_Design_Project/camera_ros_node/install/multisense_lib/share/multisense_lib/package.ps1'
[21.669s] [34mcolcon.colcon_core.shell[0m [1;30mINFO[0m Creating package descriptor '/home/jetson/Senior_Design_Project/camera_ros_node/install/multisense_lib/share/multisense_lib/package.dsv'
[21.671s] [34mcolcon.colcon_core.shell[0m [1;30mINFO[0m Creating package script '/home/jetson/Senior_Design_Project/camera_ros_node/install/multisense_lib/share/multisense_lib/package.sh'
[21.673s] [34mcolcon.colcon_core.shell[0m [1;30mINFO[0m Creating package script '/home/jetson/Senior_Design_Project/camera_ros_node/install/multisense_lib/share/multisense_lib/package.bash'
[21.674s] [34mcolcon.colcon_core.shell[0m [1;30mINFO[0m Creating package script '/home/jetson/Senior_Design_Project/camera_ros_node/install/multisense_lib/share/multisense_lib/package.zsh'
[21.676s] [34mcolcon.colcon_core.environment[0m [1;30mLevel 1[0m create_file_with_runtime_dependencies(/home/jetson/Senior_Design_Project/camera_ros_node/install/multisense_lib/share/colcon-core/packages/multisense_lib)
[21.748s] [34mcolcon.colcon_core.environment[0m [1;30mLevel 1[0m create_environment_scripts_only(multisense_lib)
[21.749s] [34mcolcon.colcon_core.environment[0m [1;30mLevel 1[0m checking '/home/jetson/Senior_Design_Project/camera_ros_node/install/multisense_lib' for CMake module files
[21.751s] [34mcolcon.colcon_core.environment[0m [1;30mLevel 1[0m checking '/home/jetson/Senior_Design_Project/camera_ros_node/install/multisense_lib' for CMake config files
[21.751s] [34mcolcon.colcon_core.shell[0m [1;30mLevel 1[0m create_environment_hook('multisense_lib', 'cmake_prefix_path')
[21.752s] [34mcolcon.colcon_core.shell[0m [1;30mINFO[0m Creating environment hook '/home/jetson/Senior_Design_Project/camera_ros_node/install/multisense_lib/share/multisense_lib/hook/cmake_prefix_path.ps1'
[21.754s] [34mcolcon.colcon_core.shell[0m [1;30mINFO[0m Creating environment descriptor '/home/jetson/Senior_Design_Project/camera_ros_node/install/multisense_lib/share/multisense_lib/hook/cmake_prefix_path.dsv'
[21.755s] [34mcolcon.colcon_core.shell[0m [1;30mINFO[0m Creating environment hook '/home/jetson/Senior_Design_Project/camera_ros_node/install/multisense_lib/share/multisense_lib/hook/cmake_prefix_path.sh'
[21.757s] [34mcolcon.colcon_core.environment[0m [1;30mLevel 1[0m checking '/home/jetson/Senior_Design_Project/camera_ros_node/install/multisense_lib/lib'
[21.758s] [34mcolcon.colcon_core.shell[0m [1;30mLevel 1[0m create_environment_hook('multisense_lib', 'ld_library_path_lib')
[21.758s] [34mcolcon.colcon_core.shell[0m [1;30mINFO[0m Creating environment hook '/home/jetson/Senior_Design_Project/camera_ros_node/install/multisense_lib/share/multisense_lib/hook/ld_library_path_lib.ps1'
[21.760s] [34mcolcon.colcon_core.shell[0m [1;30mINFO[0m Creating environment descriptor '/home/jetson/Senior_Design_Project/camera_ros_node/install/multisense_lib/share/multisense_lib/hook/ld_library_path_lib.dsv'
[21.761s] [34mcolcon.colcon_core.shell[0m [1;30mINFO[0m Creating environment hook '/home/jetson/Senior_Design_Project/camera_ros_node/install/multisense_lib/share/multisense_lib/hook/ld_library_path_lib.sh'
[21.763s] [34mcolcon.colcon_core.environment[0m [1;30mLevel 1[0m checking '/home/jetson/Senior_Design_Project/camera_ros_node/install/multisense_lib/bin'
[21.763s] [34mcolcon.colcon_core.shell[0m [1;30mLevel 1[0m create_environment_hook('multisense_lib', 'path')
[21.764s] [34mcolcon.colcon_core.shell[0m [1;30mINFO[0m Creating environment hook '/home/jetson/Senior_Design_Project/camera_ros_node/install/multisense_lib/share/multisense_lib/hook/path.ps1'
[21.765s] [34mcolcon.colcon_core.shell[0m [1;30mINFO[0m Creating environment descriptor '/home/jetson/Senior_Design_Project/camera_ros_node/install/multisense_lib/share/multisense_lib/hook/path.dsv'
[21.767s] [34mcolcon.colcon_core.shell[0m [1;30mINFO[0m Creating environment hook '/home/jetson/Senior_Design_Project/camera_ros_node/install/multisense_lib/share/multisense_lib/hook/path.sh'
[21.768s] [34mcolcon.colcon_core.environment[0m [1;30mLevel 1[0m checking '/home/jetson/Senior_Design_Project/camera_ros_node/install/multisense_lib/lib/pkgconfig/multisense_lib.pc'
[21.769s] [34mcolcon.colcon_core.environment[0m [1;30mLevel 1[0m checking '/home/jetson/Senior_Design_Project/camera_ros_node/install/multisense_lib/lib/python3.10/site-packages'
[21.770s] [34mcolcon.colcon_core.environment[0m [1;30mLevel 1[0m checking '/home/jetson/Senior_Design_Project/camera_ros_node/install/multisense_lib/bin'
[21.770s] [34mcolcon.colcon_core.shell[0m [1;30mLevel 1[0m create_environment_hook('multisense_lib', 'pythonscriptspath')
[21.771s] [34mcolcon.colcon_core.shell[0m [1;30mINFO[0m Creating environment hook '/home/jetson/Senior_Design_Project/camera_ros_node/install/multisense_lib/share/multisense_lib/hook/pythonscriptspath.ps1'
[21.772s] [34mcolcon.colcon_core.shell[0m [1;30mINFO[0m Creating environment descriptor '/home/jetson/Senior_Design_Project/camera_ros_node/install/multisense_lib/share/multisense_lib/hook/pythonscriptspath.dsv'
[21.775s] [34mcolcon.colcon_core.shell[0m [1;30mINFO[0m Creating environment hook '/home/jetson/Senior_Design_Project/camera_ros_node/install/multisense_lib/share/multisense_lib/hook/pythonscriptspath.sh'
[21.778s] [34mcolcon.colcon_core.shell[0m [1;30mINFO[0m Creating package script '/home/jetson/Senior_Design_Project/camera_ros_node/install/multisense_lib/share/multisense_lib/package.ps1'
[21.780s] [34mcolcon.colcon_core.shell[0m [1;30mINFO[0m Creating package descriptor '/home/jetson/Senior_Design_Project/camera_ros_node/install/multisense_lib/share/multisense_lib/package.dsv'
[21.782s] [34mcolcon.colcon_core.shell[0m [1;30mINFO[0m Creating package script '/home/jetson/Senior_Design_Project/camera_ros_node/install/multisense_lib/share/multisense_lib/package.sh'
[21.784s] [34mcolcon.colcon_core.shell[0m [1;30mINFO[0m Creating package script '/home/jetson/Senior_Design_Project/camera_ros_node/install/multisense_lib/share/multisense_lib/package.bash'
[21.786s] [34mcolcon.colcon_core.shell[0m [1;30mINFO[0m Creating package script '/home/jetson/Senior_Design_Project/camera_ros_node/install/multisense_lib/share/multisense_lib/package.zsh'
[21.787s] [34mcolcon.colcon_core.environment[0m [1;30mLevel 1[0m create_file_with_runtime_dependencies(/home/jetson/Senior_Design_Project/camera_ros_node/install/multisense_lib/share/colcon-core/packages/multisense_lib)
[21.788s] [34mcolcon.colcon_ros.task.ament_cmake.build[0m [1;30mINFO[0m Building ROS package in '/home/jetson/Senior_Design_Project/camera_ros_node/src/multisense_ros2/multisense_ros' with build type 'ament_cmake'
[21.789s] [34mcolcon.colcon_cmake.task.cmake.build[0m [1;30mINFO[0m Building CMake package in '/home/jetson/Senior_Design_Project/camera_ros_node/src/multisense_ros2/multisense_ros'
[21.790s] [34mcolcon.colcon_core.shell[0m [1;30mINFO[0m Skip shell extension 'powershell' for command environment: Not usable outside of PowerShell
[21.790s] [34mcolcon.colcon_core.shell[0m [1;30mDEBUG[0m [32mSkip shell extension 'dsv' for command environment[0m
[21.825s] [34mcolcon.colcon_core.event_handler.log_command[0m [1;30mDEBUG[0m [32mInvoking command in '/home/jetson/Senior_Design_Project/camera_ros_node/build/multisense_ros': AMENT_PREFIX_PATH=/home/jetson/Senior_Design_Project/camera_ros_node/install/multisense_msgs:/home/jetson/Senior_Design_Project/camera_ros_node/install/multisense_lib:${AMENT_PREFIX_PATH} CMAKE_PREFIX_PATH=/home/jetson/Senior_Design_Project/camera_ros_node/install/multisense_msgs:/home/jetson/Senior_Design_Project/camera_ros_node/install/multisense_lib:/opt/ros/humble LD_LIBRARY_PATH=/home/jetson/Senior_Design_Project/camera_ros_node/install/multisense_msgs/lib:/home/jetson/Senior_Design_Project/camera_ros_node/install/multisense_lib/lib:${LD_LIBRARY_PATH} PATH=/home/jetson/Senior_Design_Project/camera_ros_node/install/multisense_lib/bin:${PATH} PYTHONPATH=/home/jetson/Senior_Design_Project/camera_ros_node/install/multisense_msgs/local/lib/python3.10/dist-packages:${PYTHONPATH} /usr/bin/cmake /home/jetson/Senior_Design_Project/camera_ros_node/src/multisense_ros2/multisense_ros -DCMAKE_INSTALL_PREFIX=/home/jetson/Senior_Design_Project/camera_ros_node/install/multisense_ros[0m
[24.847s] [34mcolcon.colcon_core.event_handler.log_command[0m [1;30mDEBUG[0m [32mInvoked command in '/home/jetson/Senior_Design_Project/camera_ros_node/build/multisense_ros' returned '0': AMENT_PREFIX_PATH=/home/jetson/Senior_Design_Project/camera_ros_node/install/multisense_msgs:/home/jetson/Senior_Design_Project/camera_ros_node/install/multisense_lib:${AMENT_PREFIX_PATH} CMAKE_PREFIX_PATH=/home/jetson/Senior_Design_Project/camera_ros_node/install/multisense_msgs:/home/jetson/Senior_Design_Project/camera_ros_node/install/multisense_lib:/opt/ros/humble LD_LIBRARY_PATH=/home/jetson/Senior_Design_Project/camera_ros_node/install/multisense_msgs/lib:/home/jetson/Senior_Design_Project/camera_ros_node/install/multisense_lib/lib:${LD_LIBRARY_PATH} PATH=/home/jetson/Senior_Design_Project/camera_ros_node/install/multisense_lib/bin:${PATH} PYTHONPATH=/home/jetson/Senior_Design_Project/camera_ros_node/install/multisense_msgs/local/lib/python3.10/dist-packages:${PYTHONPATH} /usr/bin/cmake /home/jetson/Senior_Design_Project/camera_ros_node/src/multisense_ros2/multisense_ros -DCMAKE_INSTALL_PREFIX=/home/jetson/Senior_Design_Project/camera_ros_node/install/multisense_ros[0m
[24.852s] [34mcolcon.colcon_core.event_handler.log_command[0m [1;30mDEBUG[0m [32mInvoking command in '/home/jetson/Senior_Design_Project/camera_ros_node/build/multisense_ros': AMENT_PREFIX_PATH=/home/jetson/Senior_Design_Project/camera_ros_node/install/multisense_msgs:/home/jetson/Senior_Design_Project/camera_ros_node/install/multisense_lib:${AMENT_PREFIX_PATH} CMAKE_PREFIX_PATH=/home/jetson/Senior_Design_Project/camera_ros_node/install/multisense_msgs:/home/jetson/Senior_Design_Project/camera_ros_node/install/multisense_lib:/opt/ros/humble LD_LIBRARY_PATH=/home/jetson/Senior_Design_Project/camera_ros_node/install/multisense_msgs/lib:/home/jetson/Senior_Design_Project/camera_ros_node/install/multisense_lib/lib:${LD_LIBRARY_PATH} PATH=/home/jetson/Senior_Design_Project/camera_ros_node/install/multisense_lib/bin:${PATH} PYTHONPATH=/home/jetson/Senior_Design_Project/camera_ros_node/install/multisense_msgs/local/lib/python3.10/dist-packages:${PYTHONPATH} /usr/bin/cmake --build /home/jetson/Senior_Design_Project/camera_ros_node/build/multisense_ros -- -j6 -l6[0m
[94.507s] [34mcolcon.colcon_core.event_handler.log_command[0m [1;30mDEBUG[0m [32mInvoked command in '/home/jetson/Senior_Design_Project/camera_ros_node/build/multisense_ros' returned '0': AMENT_PREFIX_PATH=/home/jetson/Senior_Design_Project/camera_ros_node/install/multisense_msgs:/home/jetson/Senior_Design_Project/camera_ros_node/install/multisense_lib:${AMENT_PREFIX_PATH} CMAKE_PREFIX_PATH=/home/jetson/Senior_Design_Project/camera_ros_node/install/multisense_msgs:/home/jetson/Senior_Design_Project/camera_ros_node/install/multisense_lib:/opt/ros/humble LD_LIBRARY_PATH=/home/jetson/Senior_Design_Project/camera_ros_node/install/multisense_msgs/lib:/home/jetson/Senior_Design_Project/camera_ros_node/install/multisense_lib/lib:${LD_LIBRARY_PATH} PATH=/home/jetson/Senior_Design_Project/camera_ros_node/install/multisense_lib/bin:${PATH} PYTHONPATH=/home/jetson/Senior_Design_Project/camera_ros_node/install/multisense_msgs/local/lib/python3.10/dist-packages:${PYTHONPATH} /usr/bin/cmake --build /home/jetson/Senior_Design_Project/camera_ros_node/build/multisense_ros -- -j6 -l6[0m
[94.596s] [34mcolcon.colcon_core.event_handler.log_command[0m [1;30mDEBUG[0m [32mInvoking command in '/home/jetson/Senior_Design_Project/camera_ros_node/build/multisense_ros': AMENT_PREFIX_PATH=/home/jetson/Senior_Design_Project/camera_ros_node/install/multisense_msgs:/home/jetson/Senior_Design_Project/camera_ros_node/install/multisense_lib:${AMENT_PREFIX_PATH} CMAKE_PREFIX_PATH=/home/jetson/Senior_Design_Project/camera_ros_node/install/multisense_msgs:/home/jetson/Senior_Design_Project/camera_ros_node/install/multisense_lib:/opt/ros/humble LD_LIBRARY_PATH=/home/jetson/Senior_Design_Project/camera_ros_node/install/multisense_msgs/lib:/home/jetson/Senior_Design_Project/camera_ros_node/install/multisense_lib/lib:${LD_LIBRARY_PATH} PATH=/home/jetson/Senior_Design_Project/camera_ros_node/install/multisense_lib/bin:${PATH} PYTHONPATH=/home/jetson/Senior_Design_Project/camera_ros_node/install/multisense_msgs/local/lib/python3.10/dist-packages:${PYTHONPATH} /usr/bin/cmake --install /home/jetson/Senior_Design_Project/camera_ros_node/build/multisense_ros[0m
[94.672s] [34mcolcon.colcon_core.environment[0m [1;30mLevel 1[0m create_environment_scripts_only(multisense_ros)
[94.673s] [34mcolcon.colcon_core.environment[0m [1;30mLevel 1[0m checking '/home/jetson/Senior_Design_Project/camera_ros_node/install/multisense_ros' for CMake module files
[94.675s] [34mcolcon.colcon_core.event_handler.log_command[0m [1;30mDEBUG[0m [32mInvoked command in '/home/jetson/Senior_Design_Project/camera_ros_node/build/multisense_ros' returned '0': AMENT_PREFIX_PATH=/home/jetson/Senior_Design_Project/camera_ros_node/install/multisense_msgs:/home/jetson/Senior_Design_Project/camera_ros_node/install/multisense_lib:${AMENT_PREFIX_PATH} CMAKE_PREFIX_PATH=/home/jetson/Senior_Design_Project/camera_ros_node/install/multisense_msgs:/home/jetson/Senior_Design_Project/camera_ros_node/install/multisense_lib:/opt/ros/humble LD_LIBRARY_PATH=/home/jetson/Senior_Design_Project/camera_ros_node/install/multisense_msgs/lib:/home/jetson/Senior_Design_Project/camera_ros_node/install/multisense_lib/lib:${LD_LIBRARY_PATH} PATH=/home/jetson/Senior_Design_Project/camera_ros_node/install/multisense_lib/bin:${PATH} PYTHONPATH=/home/jetson/Senior_Design_Project/camera_ros_node/install/multisense_msgs/local/lib/python3.10/dist-packages:${PYTHONPATH} /usr/bin/cmake --install /home/jetson/Senior_Design_Project/camera_ros_node/build/multisense_ros[0m
[94.676s] [34mcolcon.colcon_core.environment[0m [1;30mLevel 1[0m checking '/home/jetson/Senior_Design_Project/camera_ros_node/install/multisense_ros' for CMake config files
[94.678s] [34mcolcon.colcon_core.shell[0m [1;30mLevel 1[0m create_environment_hook('multisense_ros', 'cmake_prefix_path')
[94.678s] [34mcolcon.colcon_core.shell[0m [1;30mINFO[0m Creating environment hook '/home/jetson/Senior_Design_Project/camera_ros_node/install/multisense_ros/share/multisense_ros/hook/cmake_prefix_path.ps1'
[94.680s] [34mcolcon.colcon_core.shell[0m [1;30mINFO[0m Creating environment descriptor '/home/jetson/Senior_Design_Project/camera_ros_node/install/multisense_ros/share/multisense_ros/hook/cmake_prefix_path.dsv'
[94.681s] [34mcolcon.colcon_core.shell[0m [1;30mINFO[0m Creating environment hook '/home/jetson/Senior_Design_Project/camera_ros_node/install/multisense_ros/share/multisense_ros/hook/cmake_prefix_path.sh'
[94.683s] [34mcolcon.colcon_core.environment[0m [1;30mLevel 1[0m checking '/home/jetson/Senior_Design_Project/camera_ros_node/install/multisense_ros/lib'
[94.684s] [34mcolcon.colcon_core.environment[0m [1;30mLevel 1[0m checking '/home/jetson/Senior_Design_Project/camera_ros_node/install/multisense_ros/bin'
[94.684s] [34mcolcon.colcon_core.environment[0m [1;30mLevel 1[0m checking '/home/jetson/Senior_Design_Project/camera_ros_node/install/multisense_ros/lib/pkgconfig/multisense_ros.pc'
[94.685s] [34mcolcon.colcon_core.environment[0m [1;30mLevel 1[0m checking '/home/jetson/Senior_Design_Project/camera_ros_node/install/multisense_ros/lib/python3.10/site-packages'
[94.686s] [34mcolcon.colcon_core.environment[0m [1;30mLevel 1[0m checking '/home/jetson/Senior_Design_Project/camera_ros_node/install/multisense_ros/bin'
[94.687s] [34mcolcon.colcon_core.shell[0m [1;30mINFO[0m Creating package script '/home/jetson/Senior_Design_Project/camera_ros_node/install/multisense_ros/share/multisense_ros/package.ps1'
[94.688s] [34mcolcon.colcon_core.shell[0m [1;30mINFO[0m Creating package descriptor '/home/jetson/Senior_Design_Project/camera_ros_node/install/multisense_ros/share/multisense_ros/package.dsv'
[94.690s] [34mcolcon.colcon_core.shell[0m [1;30mINFO[0m Creating package script '/home/jetson/Senior_Design_Project/camera_ros_node/install/multisense_ros/share/multisense_ros/package.sh'
[94.691s] [34mcolcon.colcon_core.shell[0m [1;30mINFO[0m Creating package script '/home/jetson/Senior_Design_Project/camera_ros_node/install/multisense_ros/share/multisense_ros/package.bash'
[94.693s] [34mcolcon.colcon_core.shell[0m [1;30mINFO[0m Creating package script '/home/jetson/Senior_Design_Project/camera_ros_node/install/multisense_ros/share/multisense_ros/package.zsh'
[94.694s] [34mcolcon.colcon_core.environment[0m [1;30mLevel 1[0m create_file_with_runtime_dependencies(/home/jetson/Senior_Design_Project/camera_ros_node/install/multisense_ros/share/colcon-core/packages/multisense_ros)
[94.772s] [34mcolcon.colcon_core.environment[0m [1;30mLevel 1[0m create_environment_scripts_only(multisense_ros)
[94.773s] [34mcolcon.colcon_core.environment[0m [1;30mLevel 1[0m checking '/home/jetson/Senior_Design_Project/camera_ros_node/install/multisense_ros' for CMake module files
[94.774s] [34mcolcon.colcon_core.environment[0m [1;30mLevel 1[0m checking '/home/jetson/Senior_Design_Project/camera_ros_node/install/multisense_ros' for CMake config files
[94.775s] [34mcolcon.colcon_core.shell[0m [1;30mLevel 1[0m create_environment_hook('multisense_ros', 'cmake_prefix_path')
[94.775s] [34mcolcon.colcon_core.shell[0m [1;30mINFO[0m Creating environment hook '/home/jetson/Senior_Design_Project/camera_ros_node/install/multisense_ros/share/multisense_ros/hook/cmake_prefix_path.ps1'
[94.777s] [34mcolcon.colcon_core.shell[0m [1;30mINFO[0m Creating environment descriptor '/home/jetson/Senior_Design_Project/camera_ros_node/install/multisense_ros/share/multisense_ros/hook/cmake_prefix_path.dsv'
[94.778s] [34mcolcon.colcon_core.shell[0m [1;30mINFO[0m Creating environment hook '/home/jetson/Senior_Design_Project/camera_ros_node/install/multisense_ros/share/multisense_ros/hook/cmake_prefix_path.sh'
[94.781s] [34mcolcon.colcon_core.environment[0m [1;30mLevel 1[0m checking '/home/jetson/Senior_Design_Project/camera_ros_node/install/multisense_ros/lib'
[94.781s] [34mcolcon.colcon_core.environment[0m [1;30mLevel 1[0m checking '/home/jetson/Senior_Design_Project/camera_ros_node/install/multisense_ros/bin'
[94.781s] [34mcolcon.colcon_core.environment[0m [1;30mLevel 1[0m checking '/home/jetson/Senior_Design_Project/camera_ros_node/install/multisense_ros/lib/pkgconfig/multisense_ros.pc'
[94.782s] [34mcolcon.colcon_core.environment[0m [1;30mLevel 1[0m checking '/home/jetson/Senior_Design_Project/camera_ros_node/install/multisense_ros/lib/python3.10/site-packages'
[94.783s] [34mcolcon.colcon_core.environment[0m [1;30mLevel 1[0m checking '/home/jetson/Senior_Design_Project/camera_ros_node/install/multisense_ros/bin'
[94.784s] [34mcolcon.colcon_core.shell[0m [1;30mINFO[0m Creating package script '/home/jetson/Senior_Design_Project/camera_ros_node/install/multisense_ros/share/multisense_ros/package.ps1'
[94.786s] [34mcolcon.colcon_core.shell[0m [1;30mINFO[0m Creating package descriptor '/home/jetson/Senior_Design_Project/camera_ros_node/install/multisense_ros/share/multisense_ros/package.dsv'
[94.788s] [34mcolcon.colcon_core.shell[0m [1;30mINFO[0m Creating package script '/home/jetson/Senior_Design_Project/camera_ros_node/install/multisense_ros/share/multisense_ros/package.sh'
[94.789s] [34mcolcon.colcon_core.shell[0m [1;30mINFO[0m Creating package script '/home/jetson/Senior_Design_Project/camera_ros_node/install/multisense_ros/share/multisense_ros/package.bash'
[94.791s] [34mcolcon.colcon_core.shell[0m [1;30mINFO[0m Creating package script '/home/jetson/Senior_Design_Project/camera_ros_node/install/multisense_ros/share/multisense_ros/package.zsh'
[94.793s] [34mcolcon.colcon_core.environment[0m [1;30mLevel 1[0m create_file_with_runtime_dependencies(/home/jetson/Senior_Design_Project/camera_ros_node/install/multisense_ros/share/colcon-core/packages/multisense_ros)
[94.794s] [34mcolcon.colcon_parallel_executor.executor.parallel[0m [1;30mDEBUG[0m [32mclosing loop[0m
[94.795s] [34mcolcon.colcon_parallel_executor.executor.parallel[0m [1;30mDEBUG[0m [32mloop closed[0m
[94.795s] [34mcolcon.colcon_parallel_executor.executor.parallel[0m [1;30mDEBUG[0m [32mrun_until_complete finished with '0'[0m
[94.796s] [34mcolcon.colcon_core.event_reactor[0m [1;30mDEBUG[0m [32mjoining thread[0m
[94.815s] [34mcolcon.colcon_core.plugin_system[0m [1;30mINFO[0m Skipping extension 'colcon_notification.desktop_notification.terminal_notifier': Not used on non-Darwin systems
[94.815s] [34mcolcon.colcon_core.plugin_system[0m [1;30mINFO[0m Skipping extension 'colcon_notification.desktop_notification.win32': Not used on non-Windows systems
[94.816s] [34mcolcon.colcon_notification.desktop_notification[0m [1;30mINFO[0m Sending desktop notification using 'notify2'
[94.861s] [34mcolcon.colcon_core.event_reactor[0m [1;30mDEBUG[0m [32mjoined thread[0m
[94.863s] [34mcolcon.colcon_core.shell[0m [1;30mINFO[0m Creating prefix script '/home/jetson/Senior_Design_Project/camera_ros_node/install/local_setup.ps1'
[94.866s] [34mcolcon.colcon_core.shell[0m [1;30mINFO[0m Creating prefix util module '/home/jetson/Senior_Design_Project/camera_ros_node/install/_local_setup_util_ps1.py'
[94.871s] [34mcolcon.colcon_core.shell[0m [1;30mINFO[0m Creating prefix chain script '/home/jetson/Senior_Design_Project/camera_ros_node/install/setup.ps1'
[94.875s] [34mcolcon.colcon_core.shell[0m [1;30mINFO[0m Creating prefix script '/home/jetson/Senior_Design_Project/camera_ros_node/install/local_setup.sh'
[94.877s] [34mcolcon.colcon_core.shell[0m [1;30mINFO[0m Creating prefix util module '/home/jetson/Senior_Design_Project/camera_ros_node/install/_local_setup_util_sh.py'
[94.879s] [34mcolcon.colcon_core.shell[0m [1;30mINFO[0m Creating prefix chain script '/home/jetson/Senior_Design_Project/camera_ros_node/install/setup.sh'
[94.883s] [34mcolcon.colcon_core.shell[0m [1;30mINFO[0m Creating prefix script '/home/jetson/Senior_Design_Project/camera_ros_node/install/local_setup.bash'
[94.885s] [34mcolcon.colcon_core.shell[0m [1;30mINFO[0m Creating prefix chain script '/home/jetson/Senior_Design_Project/camera_ros_node/install/setup.bash'
[94.888s] [34mcolcon.colcon_core.shell[0m [1;30mINFO[0m Creating prefix script '/home/jetson/Senior_Design_Project/camera_ros_node/install/local_setup.zsh'
[94.889s] [34mcolcon.colcon_core.shell[0m [1;30mINFO[0m Creating prefix chain script '/home/jetson/Senior_Design_Project/camera_ros_node/install/setup.zsh'
