[1.473s] Invoking command in '/home/jetson/Senior_Design_Project/camera_ros_node/src/sd_proj': PYTHONPATH=/home/jetson/Senior_Design_Project/camera_ros_node/build/sd_proj/prefix_override:/usr/lib/python3/dist-packages/colcon_core/task/python/colcon_distutils_commands:/home/jetson/Senior_Design_Project/camera_ros_node/install/sd_proj/lib/python3.10/site-packages:${PYTHONPATH} /usr/bin/python3 -W ignore:setup.py install is deprecated setup.py egg_info --egg-base ../../build/sd_proj build --build-base /home/jetson/Senior_Design_Project/camera_ros_node/build/sd_proj/build install --record /home/jetson/Senior_Design_Project/camera_ros_node/build/sd_proj/install.log --single-version-externally-managed install_data
[1.983s] running egg_info
[1.985s] writing ../../build/sd_proj/sd_proj.egg-info/PKG-INFO
[1.985s] writing dependency_links to ../../build/sd_proj/sd_proj.egg-info/dependency_links.txt
[1.986s] writing entry points to ../../build/sd_proj/sd_proj.egg-info/entry_points.txt
[1.987s] writing requirements to ../../build/sd_proj/sd_proj.egg-info/requires.txt
[1.988s] writing top-level names to ../../build/sd_proj/sd_proj.egg-info/top_level.txt
[1.991s] reading manifest file '../../build/sd_proj/sd_proj.egg-info/SOURCES.txt'
[1.993s] writing manifest file '../../build/sd_proj/sd_proj.egg-info/SOURCES.txt'
[1.996s] running build
[1.997s] running build_py
[1.999s] running install
[1.999s] running install_lib
[2.000s] running install_data
[2.000s] running install_egg_info
[2.003s] removing '/home/jetson/Senior_Design_Project/camera_ros_node/install/sd_proj/lib/python3.10/site-packages/sd_proj-0.0.0-py3.10.egg-info' (and everything under it)
[2.004s] Copying ../../build/sd_proj/sd_proj.egg-info to /home/jetson/Senior_Design_Project/camera_ros_node/install/sd_proj/lib/python3.10/site-packages/sd_proj-0.0.0-py3.10.egg-info
[2.006s] running install_scripts
[2.052s] writing list of installed files to '/home/jetson/Senior_Design_Project/camera_ros_node/build/sd_proj/install.log'
[2.132s] Invoked command in '/home/jetson/Senior_Design_Project/camera_ros_node/src/sd_proj' returned '0': PYTHONPATH=/home/jetson/Senior_Design_Project/camera_ros_node/build/sd_proj/prefix_override:/usr/lib/python3/dist-packages/colcon_core/task/python/colcon_distutils_commands:/home/jetson/Senior_Design_Project/camera_ros_node/install/sd_proj/lib/python3.10/site-packages:${PYTHONPATH} /usr/bin/python3 -W ignore:setup.py install is deprecated setup.py egg_info --egg-base ../../build/sd_proj build --build-base /home/jetson/Senior_Design_Project/camera_ros_node/build/sd_proj/build install --record /home/jetson/Senior_Design_Project/camera_ros_node/build/sd_proj/install.log --single-version-externally-managed install_data
